[0.020s] Invoking command in '/home/kartik/robot_arm/src/build/robot_msgs': CMAKE_PREFIX_PATH=${CMAKE_PREFIX_PATH}:/opt/ros/jazzy DEBUGINFOD_URLS=https://debuginfod.ubuntu.com /usr/bin/cmake /home/kartik/robot_arm/src/robot_msgs -DCMAKE_INSTALL_PREFIX=/home/kartik/robot_arm/src/install/robot_msgs
[0.086s] -- The C compiler identification is GNU 13.3.0
[0.170s] -- The CXX compiler identification is GNU 13.3.0
[0.187s] -- Detecting C compiler ABI info
[0.289s] -- Detecting C compiler ABI info - done
[0.306s] -- Check for working C compiler: /usr/bin/cc - skipped
[0.307s] -- Detecting C compile features
[0.307s] -- Detecting C compile features - done
[0.319s] -- Detecting CXX compiler ABI info
[0.452s] -- Detecting CXX compiler ABI info - done
[0.473s] -- Check for working CXX compiler: /usr/bin/c++ - skipped
[0.474s] -- Detecting CXX compile features
[0.474s] -- Detecting CXX compile features - done
[0.482s] -- Found ament_cmake: 2.5.4 (/opt/ros/jazzy/share/ament_cmake/cmake)
[0.669s] -- Found Python3: /usr/bin/python3 (found version "3.12.3") found components: Interpreter 
[0.819s] -- Found std_msgs: 5.3.6 (/opt/ros/jazzy/share/std_msgs/cmake)
[0.869s] -- Found rosidl_generator_c: 4.6.6 (/opt/ros/jazzy/share/rosidl_generator_c/cmake)
[0.887s] -- Found rosidl_generator_cpp: 4.6.6 (/opt/ros/jazzy/share/rosidl_generator_cpp/cmake)
[0.908s] -- Using all available rosidl_typesupport_c: rosidl_typesupport_fastrtps_c;rosidl_typesupport_introspection_c
[0.931s] -- Using all available rosidl_typesupport_cpp: rosidl_typesupport_fastrtps_cpp;rosidl_typesupport_introspection_cpp
[1.006s] -- Found rosidl_default_generators: 1.6.0 (/opt/ros/jazzy/share/rosidl_default_generators/cmake)
[1.033s] -- Found rosidl_adapter: 4.6.6 (/opt/ros/jazzy/share/rosidl_adapter/cmake)
[1.586s] -- Found ament_cmake_ros: 0.12.0 (/opt/ros/jazzy/share/ament_cmake_ros/cmake)
[2.211s] -- Using all available rosidl_typesupport_c: rosidl_typesupport_fastrtps_c;rosidl_typesupport_introspection_c
[2.450s] -- Using all available rosidl_typesupport_cpp: rosidl_typesupport_fastrtps_cpp;rosidl_typesupport_introspection_cpp
[2.453s] -- Found python_cmake_module: 0.11.1 (/opt/ros/jazzy/share/python_cmake_module/cmake)
[2.568s] -- Found PythonExtra: /usr/bin/python3  
[2.925s] -- Found Python3: /usr/bin/python3 (found version "3.12.3") found components: Interpreter Development NumPy Development.Module Development.Embed 
[2.958s] -- Found ament_lint_auto: 0.17.3 (/opt/ros/jazzy/share/ament_lint_auto/cmake)
[2.987s] -- Added test 'lint_cmake' to check CMake code style
[2.988s] -- Added test 'xmllint' to check XML markup files
[2.991s] -- Configuring done (3.0s)
[3.023s] -- Generating done (0.0s)
[3.033s] -- Build files have been written to: /home/kartik/robot_arm/src/build/robot_msgs
[3.041s] Invoked command in '/home/kartik/robot_arm/src/build/robot_msgs' returned '0': CMAKE_PREFIX_PATH=${CMAKE_PREFIX_PATH}:/opt/ros/jazzy DEBUGINFOD_URLS=https://debuginfod.ubuntu.com /usr/bin/cmake /home/kartik/robot_arm/src/robot_msgs -DCMAKE_INSTALL_PREFIX=/home/kartik/robot_arm/src/install/robot_msgs
[3.042s] Invoking command in '/home/kartik/robot_arm/src/build/robot_msgs': CMAKE_PREFIX_PATH=${CMAKE_PREFIX_PATH}:/opt/ros/jazzy DEBUGINFOD_URLS=https://debuginfod.ubuntu.com /usr/bin/cmake --build /home/kartik/robot_arm/src/build/robot_msgs -- -j8 -l8
[3.089s] [  2%] [34m[1mGenerating type hashes for ROS interfaces[0m
[3.097s] [  2%] Built target ament_cmake_python_copy_robot_msgs
[3.310s] running egg_info
[3.311s] creating robot_msgs.egg-info
[3.312s] [  2%] Built target robot_msgs__rosidl_generator_type_description
[3.322s] [  4%] [34m[1mGenerating C code for ROS interfaces[0m
[3.332s] [  6%] [34m[1mGenerating C++ code for ROS interfaces[0m
[3.333s] writing robot_msgs.egg-info/PKG-INFO
[3.333s] writing dependency_links to robot_msgs.egg-info/dependency_links.txt
[3.334s] writing top-level names to robot_msgs.egg-info/top_level.txt
[3.334s] writing manifest file 'robot_msgs.egg-info/SOURCES.txt'
[3.398s] reading manifest file 'robot_msgs.egg-info/SOURCES.txt'
[3.398s] writing manifest file 'robot_msgs.egg-info/SOURCES.txt'
[3.426s] [  6%] Built target ament_cmake_python_build_robot_msgs_egg
[3.672s] [  6%] Built target robot_msgs__cpp
[3.713s] [  9%] [32mBuilding C object CMakeFiles/robot_msgs__rosidl_generator_c.dir/rosidl_generator_c/robot_msgs/srv/detail/euler_to_quaternion__description.c.o[0m
[3.714s] [ 11%] [32mBuilding C object CMakeFiles/robot_msgs__rosidl_generator_c.dir/rosidl_generator_c/robot_msgs/srv/detail/quaternion_to_euler__type_support.c.o[0m
[3.716s] [ 15%] [32mBuilding C object CMakeFiles/robot_msgs__rosidl_generator_c.dir/rosidl_generator_c/robot_msgs/srv/detail/euler_to_quaternion__type_support.c.o[0m
[3.716s] [ 15%] [32mBuilding C object CMakeFiles/robot_msgs__rosidl_generator_c.dir/rosidl_generator_c/robot_msgs/srv/detail/euler_to_quaternion__functions.c.o[0m
[3.716s] [ 18%] [32mBuilding C object CMakeFiles/robot_msgs__rosidl_generator_c.dir/rosidl_generator_c/robot_msgs/srv/detail/quaternion_to_euler__description.c.o[0m
[3.717s] [ 20%] [32mBuilding C object CMakeFiles/robot_msgs__rosidl_generator_c.dir/rosidl_generator_c/robot_msgs/srv/detail/quaternion_to_euler__functions.c.o[0m
[3.798s] [ 22%] [32m[1mLinking C shared library librobot_msgs__rosidl_generator_c.so[0m
[3.832s] [ 22%] Built target robot_msgs__rosidl_generator_c
[3.843s] [ 27%] [34m[1mGenerating C++ type support for eProsima Fast-RTPS[0m
[3.843s] [ 27%] [34m[1mGenerating C++ type support dispatch for ROS interfaces[0m
[3.845s] [ 31%] [34m[1mGenerating C type support for eProsima Fast-RTPS[0m
[3.846s] [ 31%] [34m[1mGenerating C introspection for ROS interfaces[0m
[3.846s] [ 34%] [34m[1mGenerating C type support dispatch for ROS interfaces[0m
[3.846s] [ 36%] [34m[1mGenerating C++ introspection for ROS interfaces[0m
[4.125s] [ 40%] [32mBuilding CXX object CMakeFiles/robot_msgs__rosidl_typesupport_cpp.dir/rosidl_typesupport_cpp/robot_msgs/srv/euler_to_quaternion__type_support.cpp.o[0m
[4.125s] [ 40%] [32mBuilding CXX object CMakeFiles/robot_msgs__rosidl_typesupport_cpp.dir/rosidl_typesupport_cpp/robot_msgs/srv/quaternion_to_euler__type_support.cpp.o[0m
[4.183s] [ 43%] [32mBuilding C object CMakeFiles/robot_msgs__rosidl_typesupport_introspection_c.dir/rosidl_typesupport_introspection_c/robot_msgs/srv/detail/quaternion_to_euler__type_support.c.o[0m
[4.183s] [ 45%] [32mBuilding C object CMakeFiles/robot_msgs__rosidl_typesupport_introspection_c.dir/rosidl_typesupport_introspection_c/robot_msgs/srv/detail/euler_to_quaternion__type_support.c.o[0m
[4.257s] [ 47%] [32m[1mLinking C shared library librobot_msgs__rosidl_typesupport_introspection_c.so[0m
[4.297s] [ 47%] Built target robot_msgs__rosidl_typesupport_introspection_c
[4.305s] [ 50%] [32mBuilding CXX object CMakeFiles/robot_msgs__rosidl_typesupport_c.dir/rosidl_typesupport_c/robot_msgs/srv/quaternion_to_euler__type_support.cpp.o[0m
[4.306s] [ 52%] [32mBuilding CXX object CMakeFiles/robot_msgs__rosidl_typesupport_c.dir/rosidl_typesupport_c/robot_msgs/srv/euler_to_quaternion__type_support.cpp.o[0m
[4.371s] [ 54%] [32m[1mLinking CXX shared library librobot_msgs__rosidl_typesupport_c.so[0m
[4.375s] [ 56%] [32mBuilding CXX object CMakeFiles/robot_msgs__rosidl_typesupport_introspection_cpp.dir/rosidl_typesupport_introspection_cpp/robot_msgs/srv/detail/euler_to_quaternion__type_support.cpp.o[0m
[4.376s] [ 59%] [32mBuilding CXX object CMakeFiles/robot_msgs__rosidl_typesupport_introspection_cpp.dir/rosidl_typesupport_introspection_cpp/robot_msgs/srv/detail/quaternion_to_euler__type_support.cpp.o[0m
[4.431s] [ 59%] Built target robot_msgs__rosidl_typesupport_c
[4.514s] [ 61%] [32mBuilding CXX object CMakeFiles/robot_msgs__rosidl_typesupport_fastrtps_cpp.dir/rosidl_typesupport_fastrtps_cpp/robot_msgs/srv/detail/dds_fastrtps/euler_to_quaternion__type_support.cpp.o[0m
[4.514s] [ 63%] [32mBuilding CXX object CMakeFiles/robot_msgs__rosidl_typesupport_fastrtps_cpp.dir/rosidl_typesupport_fastrtps_cpp/robot_msgs/srv/detail/dds_fastrtps/quaternion_to_euler__type_support.cpp.o[0m
[4.566s] [ 68%] [32mBuilding CXX object CMakeFiles/robot_msgs__rosidl_typesupport_fastrtps_c.dir/rosidl_typesupport_fastrtps_c/robot_msgs/srv/detail/quaternion_to_euler__type_support_c.cpp.o[0m
[4.567s] [ 68%] [32mBuilding CXX object CMakeFiles/robot_msgs__rosidl_typesupport_fastrtps_c.dir/rosidl_typesupport_fastrtps_c/robot_msgs/srv/detail/euler_to_quaternion__type_support_c.cpp.o[0m
[4.680s] [ 70%] [32m[1mLinking CXX shared library librobot_msgs__rosidl_typesupport_cpp.so[0m
[4.752s] [ 70%] Built target robot_msgs__rosidl_typesupport_cpp
[4.922s] [ 72%] [32m[1mLinking CXX shared library librobot_msgs__rosidl_typesupport_introspection_cpp.so[0m
[5.031s] [ 72%] Built target robot_msgs__rosidl_typesupport_introspection_cpp
[5.145s] [ 75%] [32m[1mLinking CXX shared library librobot_msgs__rosidl_typesupport_fastrtps_c.so[0m
[5.192s] [ 75%] Built target robot_msgs__rosidl_typesupport_fastrtps_c
[5.208s] [ 77%] [32m[1mLinking CXX shared library librobot_msgs__rosidl_typesupport_fastrtps_cpp.so[0m
[5.278s] [ 77%] Built target robot_msgs__rosidl_typesupport_fastrtps_cpp
[5.298s] [ 77%] Built target robot_msgs
[5.319s] [ 79%] [34m[1mGenerating Python code for ROS interfaces[0m
[5.797s] [ 79%] Built target robot_msgs__py
[5.817s] [ 84%] [32mBuilding C object CMakeFiles/robot_msgs__rosidl_generator_py.dir/rosidl_generator_py/robot_msgs/srv/_quaternion_to_euler_s.c.o[0m
[5.818s] [ 84%] [32mBuilding C object CMakeFiles/robot_msgs__rosidl_generator_py.dir/rosidl_generator_py/robot_msgs/srv/_euler_to_quaternion_s.c.o[0m
[5.953s] [ 86%] [32m[1mLinking C shared library librobot_msgs__rosidl_generator_py.so[0m
[5.993s] [ 86%] Built target robot_msgs__rosidl_generator_py
[6.014s] [ 93%] [32mBuilding C object CMakeFiles/robot_msgs_s__rosidl_typesupport_c.dir/rosidl_generator_py/robot_msgs/_robot_msgs_s.ep.rosidl_typesupport_c.c.o[0m
[6.015s] [ 93%] [32mBuilding C object CMakeFiles/robot_msgs_s__rosidl_typesupport_introspection_c.dir/rosidl_generator_py/robot_msgs/_robot_msgs_s.ep.rosidl_typesupport_introspection_c.c.o[0m
[6.015s] [ 93%] [32mBuilding C object CMakeFiles/robot_msgs_s__rosidl_typesupport_fastrtps_c.dir/rosidl_generator_py/robot_msgs/_robot_msgs_s.ep.rosidl_typesupport_fastrtps_c.c.o[0m
[6.125s] [ 97%] [32m[1mLinking C shared module rosidl_generator_py/robot_msgs/robot_msgs_s__rosidl_typesupport_c.so[0m
[6.125s] [ 97%] [32m[1mLinking C shared module rosidl_generator_py/robot_msgs/robot_msgs_s__rosidl_typesupport_introspection_c.so[0m
[6.129s] [100%] [32m[1mLinking C shared module rosidl_generator_py/robot_msgs/robot_msgs_s__rosidl_typesupport_fastrtps_c.so[0m
[6.155s] [100%] Built target robot_msgs_s__rosidl_typesupport_introspection_c
[6.155s] [100%] Built target robot_msgs_s__rosidl_typesupport_c
[6.160s] [100%] Built target robot_msgs_s__rosidl_typesupport_fastrtps_c
[6.172s] Invoked command in '/home/kartik/robot_arm/src/build/robot_msgs' returned '0': CMAKE_PREFIX_PATH=${CMAKE_PREFIX_PATH}:/opt/ros/jazzy DEBUGINFOD_URLS=https://debuginfod.ubuntu.com /usr/bin/cmake --build /home/kartik/robot_arm/src/build/robot_msgs -- -j8 -l8
[6.173s] Invoking command in '/home/kartik/robot_arm/src/build/robot_msgs': CMAKE_PREFIX_PATH=${CMAKE_PREFIX_PATH}:/opt/ros/jazzy DEBUGINFOD_URLS=https://debuginfod.ubuntu.com /usr/bin/cmake --install /home/kartik/robot_arm/src/build/robot_msgs
[6.182s] -- Install configuration: ""
[6.182s] -- Installing: /home/kartik/robot_arm/src/install/robot_msgs/share/ament_index/resource_index/rosidl_interfaces/robot_msgs
[6.182s] -- Installing: /home/kartik/robot_arm/src/install/robot_msgs/share/robot_msgs/srv/EulerToQuaternion.json
[6.183s] -- Installing: /home/kartik/robot_arm/src/install/robot_msgs/share/robot_msgs/srv/QuaternionToEuler.json
[6.183s] -- Installing: /home/kartik/robot_arm/src/install/robot_msgs/include/robot_msgs/robot_msgs
[6.183s] -- Installing: /home/kartik/robot_arm/src/install/robot_msgs/include/robot_msgs/robot_msgs/msg
[6.183s] -- Installing: /home/kartik/robot_arm/src/install/robot_msgs/include/robot_msgs/robot_msgs/msg/rosidl_generator_c__visibility_control.h
[6.183s] -- Installing: /home/kartik/robot_arm/src/install/robot_msgs/include/robot_msgs/robot_msgs/srv
[6.183s] -- Installing: /home/kartik/robot_arm/src/install/robot_msgs/include/robot_msgs/robot_msgs/srv/detail
[6.184s] -- Installing: /home/kartik/robot_arm/src/install/robot_msgs/include/robot_msgs/robot_msgs/srv/detail/euler_to_quaternion__functions.h
[6.184s] -- Installing: /home/kartik/robot_arm/src/install/robot_msgs/include/robot_msgs/robot_msgs/srv/detail/euler_to_quaternion__struct.h
[6.184s] -- Installing: /home/kartik/robot_arm/src/install/robot_msgs/include/robot_msgs/robot_msgs/srv/detail/euler_to_quaternion__type_support.h
[6.184s] -- Installing: /home/kartik/robot_arm/src/install/robot_msgs/include/robot_msgs/robot_msgs/srv/detail/euler_to_quaternion__description.c
[6.184s] -- Installing: /home/kartik/robot_arm/src/install/robot_msgs/include/robot_msgs/robot_msgs/srv/detail/quaternion_to_euler__struct.h
[6.184s] -- Installing: /home/kartik/robot_arm/src/install/robot_msgs/include/robot_msgs/robot_msgs/srv/detail/quaternion_to_euler__description.c
[6.184s] -- Installing: /home/kartik/robot_arm/src/install/robot_msgs/include/robot_msgs/robot_msgs/srv/detail/quaternion_to_euler__type_support.h
[6.184s] -- Installing: /home/kartik/robot_arm/src/install/robot_msgs/include/robot_msgs/robot_msgs/srv/detail/euler_to_quaternion__functions.c
[6.185s] -- Installing: /home/kartik/robot_arm/src/install/robot_msgs/include/robot_msgs/robot_msgs/srv/detail/quaternion_to_euler__functions.c
[6.185s] -- Installing: /home/kartik/robot_arm/src/install/robot_msgs/include/robot_msgs/robot_msgs/srv/detail/quaternion_to_euler__functions.h
[6.185s] -- Installing: /home/kartik/robot_arm/src/install/robot_msgs/include/robot_msgs/robot_msgs/srv/detail/quaternion_to_euler__type_support.c
[6.185s] -- Installing: /home/kartik/robot_arm/src/install/robot_msgs/include/robot_msgs/robot_msgs/srv/detail/euler_to_quaternion__type_support.c
[6.185s] -- Installing: /home/kartik/robot_arm/src/install/robot_msgs/include/robot_msgs/robot_msgs/srv/euler_to_quaternion.h
[6.185s] -- Installing: /home/kartik/robot_arm/src/install/robot_msgs/include/robot_msgs/robot_msgs/srv/quaternion_to_euler.h
[6.185s] -- Installing: /home/kartik/robot_arm/src/install/robot_msgs/share/robot_msgs/environment/library_path.sh
[6.185s] -- Installing: /home/kartik/robot_arm/src/install/robot_msgs/share/robot_msgs/environment/library_path.dsv
[6.185s] -- Installing: /home/kartik/robot_arm/src/install/robot_msgs/lib/librobot_msgs__rosidl_generator_c.so
[6.186s] -- Set non-toolchain portion of runtime path of "/home/kartik/robot_arm/src/install/robot_msgs/lib/librobot_msgs__rosidl_generator_c.so" to ""
[6.186s] -- Up-to-date: /home/kartik/robot_arm/src/install/robot_msgs/include/robot_msgs/robot_msgs
[6.186s] -- Up-to-date: /home/kartik/robot_arm/src/install/robot_msgs/include/robot_msgs/robot_msgs/msg
[6.186s] -- Installing: /home/kartik/robot_arm/src/install/robot_msgs/include/robot_msgs/robot_msgs/msg/rosidl_typesupport_fastrtps_c__visibility_control.h
[6.186s] -- Up-to-date: /home/kartik/robot_arm/src/install/robot_msgs/include/robot_msgs/robot_msgs/srv
[6.186s] -- Up-to-date: /home/kartik/robot_arm/src/install/robot_msgs/include/robot_msgs/robot_msgs/srv/detail
[6.186s] -- Installing: /home/kartik/robot_arm/src/install/robot_msgs/include/robot_msgs/robot_msgs/srv/detail/quaternion_to_euler__rosidl_typesupport_fastrtps_c.h
[6.186s] -- Installing: /home/kartik/robot_arm/src/install/robot_msgs/include/robot_msgs/robot_msgs/srv/detail/euler_to_quaternion__rosidl_typesupport_fastrtps_c.h
[6.186s] -- Installing: /home/kartik/robot_arm/src/install/robot_msgs/lib/librobot_msgs__rosidl_typesupport_fastrtps_c.so
[6.187s] -- Set non-toolchain portion of runtime path of "/home/kartik/robot_arm/src/install/robot_msgs/lib/librobot_msgs__rosidl_typesupport_fastrtps_c.so" to ""
[6.187s] -- Up-to-date: /home/kartik/robot_arm/src/install/robot_msgs/include/robot_msgs/robot_msgs
[6.187s] -- Up-to-date: /home/kartik/robot_arm/src/install/robot_msgs/include/robot_msgs/robot_msgs/msg
[6.187s] -- Installing: /home/kartik/robot_arm/src/install/robot_msgs/include/robot_msgs/robot_msgs/msg/rosidl_generator_cpp__visibility_control.hpp
[6.187s] -- Up-to-date: /home/kartik/robot_arm/src/install/robot_msgs/include/robot_msgs/robot_msgs/srv
[6.187s] -- Installing: /home/kartik/robot_arm/src/install/robot_msgs/include/robot_msgs/robot_msgs/srv/quaternion_to_euler.hpp
[6.188s] -- Up-to-date: /home/kartik/robot_arm/src/install/robot_msgs/include/robot_msgs/robot_msgs/srv/detail
[6.188s] -- Installing: /home/kartik/robot_arm/src/install/robot_msgs/include/robot_msgs/robot_msgs/srv/detail/quaternion_to_euler__type_support.hpp
[6.188s] -- Installing: /home/kartik/robot_arm/src/install/robot_msgs/include/robot_msgs/robot_msgs/srv/detail/euler_to_quaternion__builder.hpp
[6.188s] -- Installing: /home/kartik/robot_arm/src/install/robot_msgs/include/robot_msgs/robot_msgs/srv/detail/euler_to_quaternion__struct.hpp
[6.188s] -- Installing: /home/kartik/robot_arm/src/install/robot_msgs/include/robot_msgs/robot_msgs/srv/detail/quaternion_to_euler__traits.hpp
[6.188s] -- Installing: /home/kartik/robot_arm/src/install/robot_msgs/include/robot_msgs/robot_msgs/srv/detail/euler_to_quaternion__traits.hpp
[6.188s] -- Installing: /home/kartik/robot_arm/src/install/robot_msgs/include/robot_msgs/robot_msgs/srv/detail/quaternion_to_euler__builder.hpp
[6.188s] -- Installing: /home/kartik/robot_arm/src/install/robot_msgs/include/robot_msgs/robot_msgs/srv/detail/euler_to_quaternion__type_support.hpp
[6.189s] -- Installing: /home/kartik/robot_arm/src/install/robot_msgs/include/robot_msgs/robot_msgs/srv/detail/quaternion_to_euler__struct.hpp
[6.189s] -- Installing: /home/kartik/robot_arm/src/install/robot_msgs/include/robot_msgs/robot_msgs/srv/euler_to_quaternion.hpp
[6.189s] -- Up-to-date: /home/kartik/robot_arm/src/install/robot_msgs/include/robot_msgs/robot_msgs
[6.189s] -- Up-to-date: /home/kartik/robot_arm/src/install/robot_msgs/include/robot_msgs/robot_msgs/msg
[6.189s] -- Installing: /home/kartik/robot_arm/src/install/robot_msgs/include/robot_msgs/robot_msgs/msg/rosidl_typesupport_fastrtps_cpp__visibility_control.h
[6.189s] -- Up-to-date: /home/kartik/robot_arm/src/install/robot_msgs/include/robot_msgs/robot_msgs/srv
[6.189s] -- Up-to-date: /home/kartik/robot_arm/src/install/robot_msgs/include/robot_msgs/robot_msgs/srv/detail
[6.189s] -- Installing: /home/kartik/robot_arm/src/install/robot_msgs/include/robot_msgs/robot_msgs/srv/detail/dds_fastrtps
[6.189s] -- Installing: /home/kartik/robot_arm/src/install/robot_msgs/include/robot_msgs/robot_msgs/srv/detail/quaternion_to_euler__rosidl_typesupport_fastrtps_cpp.hpp
[6.189s] -- Installing: /home/kartik/robot_arm/src/install/robot_msgs/include/robot_msgs/robot_msgs/srv/detail/euler_to_quaternion__rosidl_typesupport_fastrtps_cpp.hpp
[6.189s] -- Installing: /home/kartik/robot_arm/src/install/robot_msgs/lib/librobot_msgs__rosidl_typesupport_fastrtps_cpp.so
[6.190s] -- Set non-toolchain portion of runtime path of "/home/kartik/robot_arm/src/install/robot_msgs/lib/librobot_msgs__rosidl_typesupport_fastrtps_cpp.so" to ""
[6.190s] -- Up-to-date: /home/kartik/robot_arm/src/install/robot_msgs/include/robot_msgs/robot_msgs
[6.190s] -- Up-to-date: /home/kartik/robot_arm/src/install/robot_msgs/include/robot_msgs/robot_msgs/msg
[6.190s] -- Installing: /home/kartik/robot_arm/src/install/robot_msgs/include/robot_msgs/robot_msgs/msg/rosidl_typesupport_introspection_c__visibility_control.h
[6.190s] -- Up-to-date: /home/kartik/robot_arm/src/install/robot_msgs/include/robot_msgs/robot_msgs/srv
[6.190s] -- Up-to-date: /home/kartik/robot_arm/src/install/robot_msgs/include/robot_msgs/robot_msgs/srv/detail
[6.191s] -- Installing: /home/kartik/robot_arm/src/install/robot_msgs/include/robot_msgs/robot_msgs/srv/detail/quaternion_to_euler__rosidl_typesupport_introspection_c.h
[6.191s] -- Installing: /home/kartik/robot_arm/src/install/robot_msgs/include/robot_msgs/robot_msgs/srv/detail/euler_to_quaternion__rosidl_typesupport_introspection_c.h
[6.191s] -- Up-to-date: /home/kartik/robot_arm/src/install/robot_msgs/include/robot_msgs/robot_msgs/srv/detail/quaternion_to_euler__type_support.c
[6.191s] -- Up-to-date: /home/kartik/robot_arm/src/install/robot_msgs/include/robot_msgs/robot_msgs/srv/detail/euler_to_quaternion__type_support.c
[6.191s] -- Installing: /home/kartik/robot_arm/src/install/robot_msgs/lib/librobot_msgs__rosidl_typesupport_introspection_c.so
[6.191s] -- Set non-toolchain portion of runtime path of "/home/kartik/robot_arm/src/install/robot_msgs/lib/librobot_msgs__rosidl_typesupport_introspection_c.so" to ""
[6.191s] -- Installing: /home/kartik/robot_arm/src/install/robot_msgs/lib/librobot_msgs__rosidl_typesupport_c.so
[6.191s] -- Set non-toolchain portion of runtime path of "/home/kartik/robot_arm/src/install/robot_msgs/lib/librobot_msgs__rosidl_typesupport_c.so" to ""
[6.191s] -- Up-to-date: /home/kartik/robot_arm/src/install/robot_msgs/include/robot_msgs/robot_msgs
[6.192s] -- Up-to-date: /home/kartik/robot_arm/src/install/robot_msgs/include/robot_msgs/robot_msgs/srv
[6.192s] -- Up-to-date: /home/kartik/robot_arm/src/install/robot_msgs/include/robot_msgs/robot_msgs/srv/detail
[6.192s] -- Installing: /home/kartik/robot_arm/src/install/robot_msgs/include/robot_msgs/robot_msgs/srv/detail/quaternion_to_euler__rosidl_typesupport_introspection_cpp.hpp
[6.192s] -- Installing: /home/kartik/robot_arm/src/install/robot_msgs/include/robot_msgs/robot_msgs/srv/detail/euler_to_quaternion__type_support.cpp
[6.192s] -- Installing: /home/kartik/robot_arm/src/install/robot_msgs/include/robot_msgs/robot_msgs/srv/detail/euler_to_quaternion__rosidl_typesupport_introspection_cpp.hpp
[6.192s] -- Installing: /home/kartik/robot_arm/src/install/robot_msgs/include/robot_msgs/robot_msgs/srv/detail/quaternion_to_euler__type_support.cpp
[6.192s] -- Installing: /home/kartik/robot_arm/src/install/robot_msgs/lib/librobot_msgs__rosidl_typesupport_introspection_cpp.so
[6.193s] -- Set non-toolchain portion of runtime path of "/home/kartik/robot_arm/src/install/robot_msgs/lib/librobot_msgs__rosidl_typesupport_introspection_cpp.so" to ""
[6.193s] -- Installing: /home/kartik/robot_arm/src/install/robot_msgs/lib/librobot_msgs__rosidl_typesupport_cpp.so
[6.193s] -- Set non-toolchain portion of runtime path of "/home/kartik/robot_arm/src/install/robot_msgs/lib/librobot_msgs__rosidl_typesupport_cpp.so" to ""
[6.194s] -- Installing: /home/kartik/robot_arm/src/install/robot_msgs/share/robot_msgs/environment/pythonpath.sh
[6.194s] -- Installing: /home/kartik/robot_arm/src/install/robot_msgs/share/robot_msgs/environment/pythonpath.dsv
[6.194s] -- Installing: /home/kartik/robot_arm/src/install/robot_msgs/lib/python3.12/site-packages/robot_msgs-0.0.0-py3.12.egg-info
[6.194s] -- Installing: /home/kartik/robot_arm/src/install/robot_msgs/lib/python3.12/site-packages/robot_msgs-0.0.0-py3.12.egg-info/dependency_links.txt
[6.194s] -- Installing: /home/kartik/robot_arm/src/install/robot_msgs/lib/python3.12/site-packages/robot_msgs-0.0.0-py3.12.egg-info/PKG-INFO
[6.194s] -- Installing: /home/kartik/robot_arm/src/install/robot_msgs/lib/python3.12/site-packages/robot_msgs-0.0.0-py3.12.egg-info/top_level.txt
[6.194s] -- Installing: /home/kartik/robot_arm/src/install/robot_msgs/lib/python3.12/site-packages/robot_msgs-0.0.0-py3.12.egg-info/SOURCES.txt
[6.195s] -- Installing: /home/kartik/robot_arm/src/install/robot_msgs/lib/python3.12/site-packages/robot_msgs
[6.195s] -- Installing: /home/kartik/robot_arm/src/install/robot_msgs/lib/python3.12/site-packages/robot_msgs/__init__.py
[6.195s] -- Installing: /home/kartik/robot_arm/src/install/robot_msgs/lib/python3.12/site-packages/robot_msgs/robot_msgs_s__rosidl_typesupport_introspection_c.so
[6.195s] -- Installing: /home/kartik/robot_arm/src/install/robot_msgs/lib/python3.12/site-packages/robot_msgs/robot_msgs_s__rosidl_typesupport_c.so
[6.195s] -- Installing: /home/kartik/robot_arm/src/install/robot_msgs/lib/python3.12/site-packages/robot_msgs/srv
[6.195s] -- Installing: /home/kartik/robot_arm/src/install/robot_msgs/lib/python3.12/site-packages/robot_msgs/srv/__init__.py
[6.195s] -- Installing: /home/kartik/robot_arm/src/install/robot_msgs/lib/python3.12/site-packages/robot_msgs/srv/_quaternion_to_euler.py
[6.195s] -- Installing: /home/kartik/robot_arm/src/install/robot_msgs/lib/python3.12/site-packages/robot_msgs/srv/_euler_to_quaternion.py
[6.196s] -- Installing: /home/kartik/robot_arm/src/install/robot_msgs/lib/python3.12/site-packages/robot_msgs/srv/_quaternion_to_euler_s.c
[6.196s] -- Installing: /home/kartik/robot_arm/src/install/robot_msgs/lib/python3.12/site-packages/robot_msgs/srv/_euler_to_quaternion_s.c
[6.196s] -- Installing: /home/kartik/robot_arm/src/install/robot_msgs/lib/python3.12/site-packages/robot_msgs/_robot_msgs_s.ep.rosidl_typesupport_introspection_c.c
[6.196s] -- Installing: /home/kartik/robot_arm/src/install/robot_msgs/lib/python3.12/site-packages/robot_msgs/_robot_msgs_s.ep.rosidl_typesupport_fastrtps_c.c
[6.196s] -- Installing: /home/kartik/robot_arm/src/install/robot_msgs/lib/python3.12/site-packages/robot_msgs/_robot_msgs_s.ep.rosidl_typesupport_c.c
[6.196s] -- Installing: /home/kartik/robot_arm/src/install/robot_msgs/lib/python3.12/site-packages/robot_msgs/robot_msgs_s__rosidl_typesupport_fastrtps_c.so
[6.234s] Listing '/home/kartik/robot_arm/src/install/robot_msgs/lib/python3.12/site-packages/robot_msgs'...
[6.234s] Compiling '/home/kartik/robot_arm/src/install/robot_msgs/lib/python3.12/site-packages/robot_msgs/__init__.py'...
[6.234s] Listing '/home/kartik/robot_arm/src/install/robot_msgs/lib/python3.12/site-packages/robot_msgs/srv'...
[6.234s] Compiling '/home/kartik/robot_arm/src/install/robot_msgs/lib/python3.12/site-packages/robot_msgs/srv/__init__.py'...
[6.235s] Compiling '/home/kartik/robot_arm/src/install/robot_msgs/lib/python3.12/site-packages/robot_msgs/srv/_euler_to_quaternion.py'...
[6.235s] Compiling '/home/kartik/robot_arm/src/install/robot_msgs/lib/python3.12/site-packages/robot_msgs/srv/_quaternion_to_euler.py'...
[6.239s] -- Installing: /home/kartik/robot_arm/src/install/robot_msgs/lib/python3.12/site-packages/robot_msgs/robot_msgs_s__rosidl_typesupport_fastrtps_c.so
[6.240s] -- Set non-toolchain portion of runtime path of "/home/kartik/robot_arm/src/install/robot_msgs/lib/python3.12/site-packages/robot_msgs/robot_msgs_s__rosidl_typesupport_fastrtps_c.so" to ""
[6.240s] -- Installing: /home/kartik/robot_arm/src/install/robot_msgs/lib/python3.12/site-packages/robot_msgs/robot_msgs_s__rosidl_typesupport_introspection_c.so
[6.240s] -- Set non-toolchain portion of runtime path of "/home/kartik/robot_arm/src/install/robot_msgs/lib/python3.12/site-packages/robot_msgs/robot_msgs_s__rosidl_typesupport_introspection_c.so" to ""
[6.240s] -- Installing: /home/kartik/robot_arm/src/install/robot_msgs/lib/python3.12/site-packages/robot_msgs/robot_msgs_s__rosidl_typesupport_c.so
[6.241s] -- Set non-toolchain portion of runtime path of "/home/kartik/robot_arm/src/install/robot_msgs/lib/python3.12/site-packages/robot_msgs/robot_msgs_s__rosidl_typesupport_c.so" to ""
[6.241s] -- Installing: /home/kartik/robot_arm/src/install/robot_msgs/lib/librobot_msgs__rosidl_generator_py.so
[6.241s] -- Set non-toolchain portion of runtime path of "/home/kartik/robot_arm/src/install/robot_msgs/lib/librobot_msgs__rosidl_generator_py.so" to ""
[6.242s] -- Installing: /home/kartik/robot_arm/src/install/robot_msgs/share/robot_msgs/srv/EulerToQuaternion.idl
[6.242s] -- Installing: /home/kartik/robot_arm/src/install/robot_msgs/share/robot_msgs/srv/QuaternionToEuler.idl
[6.242s] -- Installing: /home/kartik/robot_arm/src/install/robot_msgs/share/robot_msgs/srv/EulerToQuaternion.srv
[6.242s] -- Installing: /home/kartik/robot_arm/src/install/robot_msgs/share/robot_msgs/srv/QuaternionToEuler.srv
[6.242s] -- Installing: /home/kartik/robot_arm/src/install/robot_msgs/share/ament_index/resource_index/package_run_dependencies/robot_msgs
[6.242s] -- Installing: /home/kartik/robot_arm/src/install/robot_msgs/share/ament_index/resource_index/parent_prefix_path/robot_msgs
[6.243s] -- Installing: /home/kartik/robot_arm/src/install/robot_msgs/share/robot_msgs/environment/ament_prefix_path.sh
[6.243s] -- Installing: /home/kartik/robot_arm/src/install/robot_msgs/share/robot_msgs/environment/ament_prefix_path.dsv
[6.243s] -- Installing: /home/kartik/robot_arm/src/install/robot_msgs/share/robot_msgs/environment/path.sh
[6.243s] -- Installing: /home/kartik/robot_arm/src/install/robot_msgs/share/robot_msgs/environment/path.dsv
[6.243s] -- Installing: /home/kartik/robot_arm/src/install/robot_msgs/share/robot_msgs/local_setup.bash
[6.243s] -- Installing: /home/kartik/robot_arm/src/install/robot_msgs/share/robot_msgs/local_setup.sh
[6.243s] -- Installing: /home/kartik/robot_arm/src/install/robot_msgs/share/robot_msgs/local_setup.zsh
[6.244s] -- Installing: /home/kartik/robot_arm/src/install/robot_msgs/share/robot_msgs/local_setup.dsv
[6.244s] -- Installing: /home/kartik/robot_arm/src/install/robot_msgs/share/robot_msgs/package.dsv
[6.244s] -- Installing: /home/kartik/robot_arm/src/install/robot_msgs/share/ament_index/resource_index/packages/robot_msgs
[6.244s] -- Installing: /home/kartik/robot_arm/src/install/robot_msgs/share/robot_msgs/cmake/export_robot_msgs__rosidl_generator_cExport.cmake
[6.244s] -- Installing: /home/kartik/robot_arm/src/install/robot_msgs/share/robot_msgs/cmake/export_robot_msgs__rosidl_generator_cExport-noconfig.cmake
[6.245s] -- Installing: /home/kartik/robot_arm/src/install/robot_msgs/share/robot_msgs/cmake/export_robot_msgs__rosidl_typesupport_fastrtps_cExport.cmake
[6.245s] -- Installing: /home/kartik/robot_arm/src/install/robot_msgs/share/robot_msgs/cmake/export_robot_msgs__rosidl_typesupport_fastrtps_cExport-noconfig.cmake
[6.245s] -- Installing: /home/kartik/robot_arm/src/install/robot_msgs/share/robot_msgs/cmake/export_robot_msgs__rosidl_generator_cppExport.cmake
[6.245s] -- Installing: /home/kartik/robot_arm/src/install/robot_msgs/share/robot_msgs/cmake/export_robot_msgs__rosidl_typesupport_fastrtps_cppExport.cmake
[6.245s] -- Installing: /home/kartik/robot_arm/src/install/robot_msgs/share/robot_msgs/cmake/export_robot_msgs__rosidl_typesupport_fastrtps_cppExport-noconfig.cmake
[6.245s] -- Installing: /home/kartik/robot_arm/src/install/robot_msgs/share/robot_msgs/cmake/robot_msgs__rosidl_typesupport_introspection_cExport.cmake
[6.246s] -- Installing: /home/kartik/robot_arm/src/install/robot_msgs/share/robot_msgs/cmake/robot_msgs__rosidl_typesupport_introspection_cExport-noconfig.cmake
[6.246s] -- Installing: /home/kartik/robot_arm/src/install/robot_msgs/share/robot_msgs/cmake/robot_msgs__rosidl_typesupport_cExport.cmake
[6.246s] -- Installing: /home/kartik/robot_arm/src/install/robot_msgs/share/robot_msgs/cmake/robot_msgs__rosidl_typesupport_cExport-noconfig.cmake
[6.246s] -- Installing: /home/kartik/robot_arm/src/install/robot_msgs/share/robot_msgs/cmake/robot_msgs__rosidl_typesupport_introspection_cppExport.cmake
[6.246s] -- Installing: /home/kartik/robot_arm/src/install/robot_msgs/share/robot_msgs/cmake/robot_msgs__rosidl_typesupport_introspection_cppExport-noconfig.cmake
[6.246s] -- Installing: /home/kartik/robot_arm/src/install/robot_msgs/share/robot_msgs/cmake/robot_msgs__rosidl_typesupport_cppExport.cmake
[6.246s] -- Installing: /home/kartik/robot_arm/src/install/robot_msgs/share/robot_msgs/cmake/robot_msgs__rosidl_typesupport_cppExport-noconfig.cmake
[6.247s] -- Installing: /home/kartik/robot_arm/src/install/robot_msgs/share/robot_msgs/cmake/export_robot_msgs__rosidl_generator_pyExport.cmake
[6.247s] -- Installing: /home/kartik/robot_arm/src/install/robot_msgs/share/robot_msgs/cmake/export_robot_msgs__rosidl_generator_pyExport-noconfig.cmake
[6.247s] -- Installing: /home/kartik/robot_arm/src/install/robot_msgs/share/robot_msgs/cmake/rosidl_cmake-extras.cmake
[6.247s] -- Installing: /home/kartik/robot_arm/src/install/robot_msgs/share/robot_msgs/cmake/ament_cmake_export_dependencies-extras.cmake
[6.247s] -- Installing: /home/kartik/robot_arm/src/install/robot_msgs/share/robot_msgs/cmake/ament_cmake_export_include_directories-extras.cmake
[6.247s] -- Installing: /home/kartik/robot_arm/src/install/robot_msgs/share/robot_msgs/cmake/ament_cmake_export_libraries-extras.cmake
[6.247s] -- Installing: /home/kartik/robot_arm/src/install/robot_msgs/share/robot_msgs/cmake/ament_cmake_export_targets-extras.cmake
[6.248s] -- Installing: /home/kartik/robot_arm/src/install/robot_msgs/share/robot_msgs/cmake/rosidl_cmake_export_typesupport_targets-extras.cmake
[6.248s] -- Installing: /home/kartik/robot_arm/src/install/robot_msgs/share/robot_msgs/cmake/rosidl_cmake_export_typesupport_libraries-extras.cmake
[6.248s] -- Installing: /home/kartik/robot_arm/src/install/robot_msgs/share/robot_msgs/cmake/robot_msgsConfig.cmake
[6.248s] -- Installing: /home/kartik/robot_arm/src/install/robot_msgs/share/robot_msgs/cmake/robot_msgsConfig-version.cmake
[6.248s] -- Installing: /home/kartik/robot_arm/src/install/robot_msgs/share/robot_msgs/package.xml
[6.251s] Invoked command in '/home/kartik/robot_arm/src/build/robot_msgs' returned '0': CMAKE_PREFIX_PATH=${CMAKE_PREFIX_PATH}:/opt/ros/jazzy DEBUGINFOD_URLS=https://debuginfod.ubuntu.com /usr/bin/cmake --install /home/kartik/robot_arm/src/build/robot_msgs
