[0.011s] Invoking command in '/home/kartik/robot_arm/build/robot_controller': CMAKE_PREFIX_PATH=${CMAKE_PREFIX_PATH}:/opt/ros/jazzy DEBUGINFOD_URLS=https://debuginfod.ubuntu.com /usr/bin/cmake /home/kartik/robot_arm/src/robot_controller -DCMAKE_INSTALL_PREFIX=/home/kartik/robot_arm/install/robot_controller
[0.055s] -- The C compiler identification is GNU 13.3.0
[0.090s] -- The CXX compiler identification is GNU 13.3.0
[0.098s] -- Detecting C compiler ABI info
[0.145s] -- Detecting C compiler ABI info - done
[0.150s] -- Check for working C compiler: /usr/bin/cc - skipped
[0.150s] -- Detecting C compile features
[0.150s] -- Detecting C compile features - done
[0.154s] -- Detecting CXX compiler ABI info
[0.205s] -- Detecting CXX compiler ABI info - done
[0.206s] -- Check for working CXX compiler: /usr/bin/c++ - skipped
[0.206s] -- Detecting CXX compile features
[0.207s] -- Detecting CXX compile features - done
[0.209s] -- Found ament_cmake: 2.5.4 (/opt/ros/jazzy/share/ament_cmake/cmake)
[0.282s] -- Found Python3: /usr/bin/python3 (found version "3.12.3") found components: Interpreter 
[0.342s] -- Found ament_lint_auto: 0.17.2 (/opt/ros/jazzy/share/ament_lint_auto/cmake)
[0.399s] -- Added test 'flake8' to check Python code syntax and style conventions
[0.399s] -- Configured 'flake8' exclude dirs and/or files: 
[0.400s] -- Added test 'lint_cmake' to check CMake code style
[0.400s] -- Added test 'pep257' to check Python code against some of the docstring style conventions in PEP 257
[0.401s] -- Added test 'xmllint' to check XML markup files
[0.401s] -- Configuring done (0.4s)
[0.404s] -- Generating done (0.0s)
[0.404s] -- Build files have been written to: /home/kartik/robot_arm/build/robot_controller
[0.407s] Invoked command in '/home/kartik/robot_arm/build/robot_controller' returned '0': CMAKE_PREFIX_PATH=${CMAKE_PREFIX_PATH}:/opt/ros/jazzy DEBUGINFOD_URLS=https://debuginfod.ubuntu.com /usr/bin/cmake /home/kartik/robot_arm/src/robot_controller -DCMAKE_INSTALL_PREFIX=/home/kartik/robot_arm/install/robot_controller
[0.408s] Invoking command in '/home/kartik/robot_arm/build/robot_controller': CMAKE_PREFIX_PATH=${CMAKE_PREFIX_PATH}:/opt/ros/jazzy DEBUGINFOD_URLS=https://debuginfod.ubuntu.com /usr/bin/cmake --build /home/kartik/robot_arm/build/robot_controller -- -j5 -l5
[0.431s] Invoked command in '/home/kartik/robot_arm/build/robot_controller' returned '0': CMAKE_PREFIX_PATH=${CMAKE_PREFIX_PATH}:/opt/ros/jazzy DEBUGINFOD_URLS=https://debuginfod.ubuntu.com /usr/bin/cmake --build /home/kartik/robot_arm/build/robot_controller -- -j5 -l5
[0.431s] Invoking command in '/home/kartik/robot_arm/build/robot_controller': CMAKE_PREFIX_PATH=${CMAKE_PREFIX_PATH}:/opt/ros/jazzy DEBUGINFOD_URLS=https://debuginfod.ubuntu.com /usr/bin/cmake --install /home/kartik/robot_arm/build/robot_controller
[0.436s] -- Install configuration: ""
[0.436s] -- Installing: /home/kartik/robot_arm/install/robot_controller/share/robot_controller/config
[0.437s] -- Installing: /home/kartik/robot_arm/install/robot_controller/share/robot_controller/config/ur5_controllers.yaml
[0.437s] -- Installing: /home/kartik/robot_arm/install/robot_controller/share/robot_controller/launch
[0.437s] -- Installing: /home/kartik/robot_arm/install/robot_controller/share/robot_controller/launch/controller.launch.py
[0.437s] -- Installing: /home/kartik/robot_arm/install/robot_controller/share/ament_index/resource_index/package_run_dependencies/robot_controller
[0.437s] -- Installing: /home/kartik/robot_arm/install/robot_controller/share/ament_index/resource_index/parent_prefix_path/robot_controller
[0.437s] -- Installing: /home/kartik/robot_arm/install/robot_controller/share/robot_controller/environment/ament_prefix_path.sh
[0.437s] -- Installing: /home/kartik/robot_arm/install/robot_controller/share/robot_controller/environment/ament_prefix_path.dsv
[0.437s] -- Installing: /home/kartik/robot_arm/install/robot_controller/share/robot_controller/environment/path.sh
[0.437s] -- Installing: /home/kartik/robot_arm/install/robot_controller/share/robot_controller/environment/path.dsv
[0.437s] -- Installing: /home/kartik/robot_arm/install/robot_controller/share/robot_controller/local_setup.bash
[0.437s] -- Installing: /home/kartik/robot_arm/install/robot_controller/share/robot_controller/local_setup.sh
[0.438s] -- Installing: /home/kartik/robot_arm/install/robot_controller/share/robot_controller/local_setup.zsh
[0.438s] -- Installing: /home/kartik/robot_arm/install/robot_controller/share/robot_controller/local_setup.dsv
[0.438s] -- Installing: /home/kartik/robot_arm/install/robot_controller/share/robot_controller/package.dsv
[0.438s] -- Installing: /home/kartik/robot_arm/install/robot_controller/share/ament_index/resource_index/packages/robot_controller
[0.438s] -- Installing: /home/kartik/robot_arm/install/robot_controller/share/robot_controller/cmake/robot_controllerConfig.cmake
[0.438s] -- Installing: /home/kartik/robot_arm/install/robot_controller/share/robot_controller/cmake/robot_controllerConfig-version.cmake
[0.438s] -- Installing: /home/kartik/robot_arm/install/robot_controller/share/robot_controller/package.xml
[0.446s] Invoked command in '/home/kartik/robot_arm/build/robot_controller' returned '0': CMAKE_PREFIX_PATH=${CMAKE_PREFIX_PATH}:/opt/ros/jazzy DEBUGINFOD_URLS=https://debuginfod.ubuntu.com /usr/bin/cmake --install /home/kartik/robot_arm/build/robot_controller
