[0.021s] Invoking command in '/home/kartik/robot_arm/build/robot_msgs': CMAKE_PREFIX_PATH=${CMAKE_PREFIX_PATH}:/opt/ros/jazzy DEBUGINFOD_URLS=https://debuginfod.ubuntu.com /usr/bin/cmake --build /home/kartik/robot_arm/build/robot_msgs -- -j8 -l8
[0.082s] [  2%] Built target robot_msgs__rosidl_generator_type_description
[0.119s] [  2%] Built target ament_cmake_python_copy_robot_msgs
[0.121s] [  4%] Built target robot_msgs__cpp
[0.121s] [ 22%] Built target robot_msgs__rosidl_generator_c
[0.164s] [ 40%] Built target robot_msgs__rosidl_typesupport_c
[0.164s] [ 40%] Built target robot_msgs__rosidl_typesupport_fastrtps_cpp
[0.167s] [ 50%] Built target robot_msgs__rosidl_typesupport_introspection_c
[0.169s] [ 59%] Built target robot_msgs__rosidl_typesupport_cpp
[0.170s] [ 68%] Built target robot_msgs__rosidl_typesupport_fastrtps_c
[0.176s] [ 77%] Built target robot_msgs__rosidl_typesupport_introspection_cpp
[0.198s] [ 77%] Built target robot_msgs
[0.220s] [ 79%] Built target robot_msgs__py
[0.252s] [ 86%] Built target robot_msgs__rosidl_generator_py
[0.283s] [100%] Built target robot_msgs_s__rosidl_typesupport_c
[0.283s] [100%] Built target robot_msgs_s__rosidl_typesupport_introspection_c
[0.283s] [100%] Built target robot_msgs_s__rosidl_typesupport_fastrtps_c
[0.424s] running egg_info
[0.458s] writing robot_msgs.egg-info/PKG-INFO
[0.458s] writing dependency_links to robot_msgs.egg-info/dependency_links.txt
[0.458s] writing top-level names to robot_msgs.egg-info/top_level.txt
[0.531s] reading manifest file 'robot_msgs.egg-info/SOURCES.txt'
[0.531s] writing manifest file 'robot_msgs.egg-info/SOURCES.txt'
[0.559s] [100%] Built target ament_cmake_python_build_robot_msgs_egg
[0.570s] Invoked command in '/home/kartik/robot_arm/build/robot_msgs' returned '0': CMAKE_PREFIX_PATH=${CMAKE_PREFIX_PATH}:/opt/ros/jazzy DEBUGINFOD_URLS=https://debuginfod.ubuntu.com /usr/bin/cmake --build /home/kartik/robot_arm/build/robot_msgs -- -j8 -l8
[0.572s] Invoking command in '/home/kartik/robot_arm/build/robot_msgs': CMAKE_PREFIX_PATH=${CMAKE_PREFIX_PATH}:/opt/ros/jazzy DEBUGINFOD_URLS=https://debuginfod.ubuntu.com /usr/bin/cmake --install /home/kartik/robot_arm/build/robot_msgs
[0.580s] -- Install configuration: ""
[0.580s] -- Up-to-date: /home/kartik/robot_arm/install/robot_msgs/share/ament_index/resource_index/rosidl_interfaces/robot_msgs
[0.580s] -- Up-to-date: /home/kartik/robot_arm/install/robot_msgs/share/robot_msgs/srv/EulerToQuaternion.json
[0.580s] -- Up-to-date: /home/kartik/robot_arm/install/robot_msgs/share/robot_msgs/srv/QuaternionToEuler.json
[0.581s] -- Up-to-date: /home/kartik/robot_arm/install/robot_msgs/include/robot_msgs/robot_msgs
[0.581s] -- Up-to-date: /home/kartik/robot_arm/install/robot_msgs/include/robot_msgs/robot_msgs/msg
[0.581s] -- Up-to-date: /home/kartik/robot_arm/install/robot_msgs/include/robot_msgs/robot_msgs/msg/rosidl_generator_c__visibility_control.h
[0.581s] -- Up-to-date: /home/kartik/robot_arm/install/robot_msgs/include/robot_msgs/robot_msgs/srv
[0.581s] -- Up-to-date: /home/kartik/robot_arm/install/robot_msgs/include/robot_msgs/robot_msgs/srv/detail
[0.581s] -- Up-to-date: /home/kartik/robot_arm/install/robot_msgs/include/robot_msgs/robot_msgs/srv/detail/euler_to_quaternion__functions.h
[0.582s] -- Up-to-date: /home/kartik/robot_arm/install/robot_msgs/include/robot_msgs/robot_msgs/srv/detail/euler_to_quaternion__struct.h
[0.582s] -- Up-to-date: /home/kartik/robot_arm/install/robot_msgs/include/robot_msgs/robot_msgs/srv/detail/euler_to_quaternion__type_support.h
[0.582s] -- Up-to-date: /home/kartik/robot_arm/install/robot_msgs/include/robot_msgs/robot_msgs/srv/detail/euler_to_quaternion__description.c
[0.582s] -- Up-to-date: /home/kartik/robot_arm/install/robot_msgs/include/robot_msgs/robot_msgs/srv/detail/quaternion_to_euler__struct.h
[0.582s] -- Up-to-date: /home/kartik/robot_arm/install/robot_msgs/include/robot_msgs/robot_msgs/srv/detail/quaternion_to_euler__description.c
[0.582s] -- Up-to-date: /home/kartik/robot_arm/install/robot_msgs/include/robot_msgs/robot_msgs/srv/detail/quaternion_to_euler__type_support.h
[0.582s] -- Up-to-date: /home/kartik/robot_arm/install/robot_msgs/include/robot_msgs/robot_msgs/srv/detail/euler_to_quaternion__functions.c
[0.583s] -- Up-to-date: /home/kartik/robot_arm/install/robot_msgs/include/robot_msgs/robot_msgs/srv/detail/quaternion_to_euler__functions.c
[0.583s] -- Up-to-date: /home/kartik/robot_arm/install/robot_msgs/include/robot_msgs/robot_msgs/srv/detail/quaternion_to_euler__functions.h
[0.583s] -- Up-to-date: /home/kartik/robot_arm/install/robot_msgs/include/robot_msgs/robot_msgs/srv/detail/quaternion_to_euler__type_support.c
[0.583s] -- Up-to-date: /home/kartik/robot_arm/install/robot_msgs/include/robot_msgs/robot_msgs/srv/detail/euler_to_quaternion__type_support.c
[0.583s] -- Up-to-date: /home/kartik/robot_arm/install/robot_msgs/include/robot_msgs/robot_msgs/srv/euler_to_quaternion.h
[0.583s] -- Up-to-date: /home/kartik/robot_arm/install/robot_msgs/include/robot_msgs/robot_msgs/srv/quaternion_to_euler.h
[0.583s] -- Up-to-date: /home/kartik/robot_arm/install/robot_msgs/share/robot_msgs/environment/library_path.sh
[0.584s] -- Up-to-date: /home/kartik/robot_arm/install/robot_msgs/share/robot_msgs/environment/library_path.dsv
[0.584s] -- Up-to-date: /home/kartik/robot_arm/install/robot_msgs/lib/librobot_msgs__rosidl_generator_c.so
[0.584s] -- Up-to-date: /home/kartik/robot_arm/install/robot_msgs/include/robot_msgs/robot_msgs
[0.584s] -- Up-to-date: /home/kartik/robot_arm/install/robot_msgs/include/robot_msgs/robot_msgs/msg
[0.584s] -- Up-to-date: /home/kartik/robot_arm/install/robot_msgs/include/robot_msgs/robot_msgs/msg/rosidl_typesupport_fastrtps_c__visibility_control.h
[0.584s] -- Up-to-date: /home/kartik/robot_arm/install/robot_msgs/include/robot_msgs/robot_msgs/srv
[0.585s] -- Up-to-date: /home/kartik/robot_arm/install/robot_msgs/include/robot_msgs/robot_msgs/srv/detail
[0.585s] -- Up-to-date: /home/kartik/robot_arm/install/robot_msgs/include/robot_msgs/robot_msgs/srv/detail/quaternion_to_euler__rosidl_typesupport_fastrtps_c.h
[0.585s] -- Up-to-date: /home/kartik/robot_arm/install/robot_msgs/include/robot_msgs/robot_msgs/srv/detail/euler_to_quaternion__rosidl_typesupport_fastrtps_c.h
[0.585s] -- Up-to-date: /home/kartik/robot_arm/install/robot_msgs/lib/librobot_msgs__rosidl_typesupport_fastrtps_c.so
[0.585s] -- Up-to-date: /home/kartik/robot_arm/install/robot_msgs/include/robot_msgs/robot_msgs
[0.585s] -- Up-to-date: /home/kartik/robot_arm/install/robot_msgs/include/robot_msgs/robot_msgs/msg
[0.585s] -- Up-to-date: /home/kartik/robot_arm/install/robot_msgs/include/robot_msgs/robot_msgs/msg/rosidl_generator_cpp__visibility_control.hpp
[0.585s] -- Up-to-date: /home/kartik/robot_arm/install/robot_msgs/include/robot_msgs/robot_msgs/srv
[0.585s] -- Up-to-date: /home/kartik/robot_arm/install/robot_msgs/include/robot_msgs/robot_msgs/srv/quaternion_to_euler.hpp
[0.586s] -- Up-to-date: /home/kartik/robot_arm/install/robot_msgs/include/robot_msgs/robot_msgs/srv/detail
[0.586s] -- Up-to-date: /home/kartik/robot_arm/install/robot_msgs/include/robot_msgs/robot_msgs/srv/detail/quaternion_to_euler__type_support.hpp
[0.586s] -- Up-to-date: /home/kartik/robot_arm/install/robot_msgs/include/robot_msgs/robot_msgs/srv/detail/euler_to_quaternion__builder.hpp
[0.586s] -- Up-to-date: /home/kartik/robot_arm/install/robot_msgs/include/robot_msgs/robot_msgs/srv/detail/euler_to_quaternion__struct.hpp
[0.586s] -- Up-to-date: /home/kartik/robot_arm/install/robot_msgs/include/robot_msgs/robot_msgs/srv/detail/quaternion_to_euler__traits.hpp
[0.586s] -- Up-to-date: /home/kartik/robot_arm/install/robot_msgs/include/robot_msgs/robot_msgs/srv/detail/euler_to_quaternion__traits.hpp
[0.586s] -- Up-to-date: /home/kartik/robot_arm/install/robot_msgs/include/robot_msgs/robot_msgs/srv/detail/quaternion_to_euler__builder.hpp
[0.586s] -- Up-to-date: /home/kartik/robot_arm/install/robot_msgs/include/robot_msgs/robot_msgs/srv/detail/euler_to_quaternion__type_support.hpp
[0.586s] -- Up-to-date: /home/kartik/robot_arm/install/robot_msgs/include/robot_msgs/robot_msgs/srv/detail/quaternion_to_euler__struct.hpp
[0.586s] -- Up-to-date: /home/kartik/robot_arm/install/robot_msgs/include/robot_msgs/robot_msgs/srv/euler_to_quaternion.hpp
[0.587s] -- Up-to-date: /home/kartik/robot_arm/install/robot_msgs/include/robot_msgs/robot_msgs
[0.587s] -- Up-to-date: /home/kartik/robot_arm/install/robot_msgs/include/robot_msgs/robot_msgs/msg
[0.587s] -- Up-to-date: /home/kartik/robot_arm/install/robot_msgs/include/robot_msgs/robot_msgs/msg/rosidl_typesupport_fastrtps_cpp__visibility_control.h
[0.587s] -- Up-to-date: /home/kartik/robot_arm/install/robot_msgs/include/robot_msgs/robot_msgs/srv
[0.587s] -- Up-to-date: /home/kartik/robot_arm/install/robot_msgs/include/robot_msgs/robot_msgs/srv/detail
[0.587s] -- Up-to-date: /home/kartik/robot_arm/install/robot_msgs/include/robot_msgs/robot_msgs/srv/detail/dds_fastrtps
[0.587s] -- Up-to-date: /home/kartik/robot_arm/install/robot_msgs/include/robot_msgs/robot_msgs/srv/detail/quaternion_to_euler__rosidl_typesupport_fastrtps_cpp.hpp
[0.587s] -- Up-to-date: /home/kartik/robot_arm/install/robot_msgs/include/robot_msgs/robot_msgs/srv/detail/euler_to_quaternion__rosidl_typesupport_fastrtps_cpp.hpp
[0.587s] -- Up-to-date: /home/kartik/robot_arm/install/robot_msgs/lib/librobot_msgs__rosidl_typesupport_fastrtps_cpp.so
[0.588s] -- Up-to-date: /home/kartik/robot_arm/install/robot_msgs/include/robot_msgs/robot_msgs
[0.588s] -- Up-to-date: /home/kartik/robot_arm/install/robot_msgs/include/robot_msgs/robot_msgs/msg
[0.588s] -- Up-to-date: /home/kartik/robot_arm/install/robot_msgs/include/robot_msgs/robot_msgs/msg/rosidl_typesupport_introspection_c__visibility_control.h
[0.588s] -- Up-to-date: /home/kartik/robot_arm/install/robot_msgs/include/robot_msgs/robot_msgs/srv
[0.588s] -- Up-to-date: /home/kartik/robot_arm/install/robot_msgs/include/robot_msgs/robot_msgs/srv/detail
[0.588s] -- Up-to-date: /home/kartik/robot_arm/install/robot_msgs/include/robot_msgs/robot_msgs/srv/detail/quaternion_to_euler__rosidl_typesupport_introspection_c.h
[0.588s] -- Up-to-date: /home/kartik/robot_arm/install/robot_msgs/include/robot_msgs/robot_msgs/srv/detail/euler_to_quaternion__rosidl_typesupport_introspection_c.h
[0.588s] -- Up-to-date: /home/kartik/robot_arm/install/robot_msgs/include/robot_msgs/robot_msgs/srv/detail/quaternion_to_euler__type_support.c
[0.588s] -- Up-to-date: /home/kartik/robot_arm/install/robot_msgs/include/robot_msgs/robot_msgs/srv/detail/euler_to_quaternion__type_support.c
[0.589s] -- Up-to-date: /home/kartik/robot_arm/install/robot_msgs/lib/librobot_msgs__rosidl_typesupport_introspection_c.so
[0.589s] -- Up-to-date: /home/kartik/robot_arm/install/robot_msgs/lib/librobot_msgs__rosidl_typesupport_c.so
[0.589s] -- Up-to-date: /home/kartik/robot_arm/install/robot_msgs/include/robot_msgs/robot_msgs
[0.589s] -- Up-to-date: /home/kartik/robot_arm/install/robot_msgs/include/robot_msgs/robot_msgs/srv
[0.589s] -- Up-to-date: /home/kartik/robot_arm/install/robot_msgs/include/robot_msgs/robot_msgs/srv/detail
[0.589s] -- Up-to-date: /home/kartik/robot_arm/install/robot_msgs/include/robot_msgs/robot_msgs/srv/detail/quaternion_to_euler__rosidl_typesupport_introspection_cpp.hpp
[0.589s] -- Up-to-date: /home/kartik/robot_arm/install/robot_msgs/include/robot_msgs/robot_msgs/srv/detail/euler_to_quaternion__type_support.cpp
[0.589s] -- Up-to-date: /home/kartik/robot_arm/install/robot_msgs/include/robot_msgs/robot_msgs/srv/detail/euler_to_quaternion__rosidl_typesupport_introspection_cpp.hpp
[0.589s] -- Up-to-date: /home/kartik/robot_arm/install/robot_msgs/include/robot_msgs/robot_msgs/srv/detail/quaternion_to_euler__type_support.cpp
[0.589s] -- Up-to-date: /home/kartik/robot_arm/install/robot_msgs/lib/librobot_msgs__rosidl_typesupport_introspection_cpp.so
[0.590s] -- Up-to-date: /home/kartik/robot_arm/install/robot_msgs/lib/librobot_msgs__rosidl_typesupport_cpp.so
[0.590s] -- Up-to-date: /home/kartik/robot_arm/install/robot_msgs/share/robot_msgs/environment/pythonpath.sh
[0.590s] -- Up-to-date: /home/kartik/robot_arm/install/robot_msgs/share/robot_msgs/environment/pythonpath.dsv
[0.590s] -- Up-to-date: /home/kartik/robot_arm/install/robot_msgs/lib/python3.12/site-packages/robot_msgs-0.0.0-py3.12.egg-info
[0.590s] -- Installing: /home/kartik/robot_arm/install/robot_msgs/lib/python3.12/site-packages/robot_msgs-0.0.0-py3.12.egg-info/dependency_links.txt
[0.590s] -- Installing: /home/kartik/robot_arm/install/robot_msgs/lib/python3.12/site-packages/robot_msgs-0.0.0-py3.12.egg-info/PKG-INFO
[0.590s] -- Installing: /home/kartik/robot_arm/install/robot_msgs/lib/python3.12/site-packages/robot_msgs-0.0.0-py3.12.egg-info/top_level.txt
[0.590s] -- Installing: /home/kartik/robot_arm/install/robot_msgs/lib/python3.12/site-packages/robot_msgs-0.0.0-py3.12.egg-info/SOURCES.txt
[0.590s] -- Up-to-date: /home/kartik/robot_arm/install/robot_msgs/lib/python3.12/site-packages/robot_msgs
[0.590s] -- Up-to-date: /home/kartik/robot_arm/install/robot_msgs/lib/python3.12/site-packages/robot_msgs/__init__.py
[0.590s] -- Up-to-date: /home/kartik/robot_arm/install/robot_msgs/lib/python3.12/site-packages/robot_msgs/robot_msgs_s__rosidl_typesupport_introspection_c.so
[0.590s] -- Up-to-date: /home/kartik/robot_arm/install/robot_msgs/lib/python3.12/site-packages/robot_msgs/robot_msgs_s__rosidl_typesupport_c.so
[0.590s] -- Up-to-date: /home/kartik/robot_arm/install/robot_msgs/lib/python3.12/site-packages/robot_msgs/srv
[0.590s] -- Up-to-date: /home/kartik/robot_arm/install/robot_msgs/lib/python3.12/site-packages/robot_msgs/srv/__init__.py
[0.591s] -- Up-to-date: /home/kartik/robot_arm/install/robot_msgs/lib/python3.12/site-packages/robot_msgs/srv/_quaternion_to_euler.py
[0.591s] -- Up-to-date: /home/kartik/robot_arm/install/robot_msgs/lib/python3.12/site-packages/robot_msgs/srv/_euler_to_quaternion.py
[0.591s] -- Up-to-date: /home/kartik/robot_arm/install/robot_msgs/lib/python3.12/site-packages/robot_msgs/srv/_quaternion_to_euler_s.c
[0.591s] -- Up-to-date: /home/kartik/robot_arm/install/robot_msgs/lib/python3.12/site-packages/robot_msgs/srv/_euler_to_quaternion_s.c
[0.591s] -- Up-to-date: /home/kartik/robot_arm/install/robot_msgs/lib/python3.12/site-packages/robot_msgs/_robot_msgs_s.ep.rosidl_typesupport_introspection_c.c
[0.591s] -- Up-to-date: /home/kartik/robot_arm/install/robot_msgs/lib/python3.12/site-packages/robot_msgs/_robot_msgs_s.ep.rosidl_typesupport_fastrtps_c.c
[0.591s] -- Up-to-date: /home/kartik/robot_arm/install/robot_msgs/lib/python3.12/site-packages/robot_msgs/_robot_msgs_s.ep.rosidl_typesupport_c.c
[0.591s] -- Up-to-date: /home/kartik/robot_arm/install/robot_msgs/lib/python3.12/site-packages/robot_msgs/robot_msgs_s__rosidl_typesupport_fastrtps_c.so
[0.615s] Listing '/home/kartik/robot_arm/install/robot_msgs/lib/python3.12/site-packages/robot_msgs'...
[0.616s] Listing '/home/kartik/robot_arm/install/robot_msgs/lib/python3.12/site-packages/robot_msgs/srv'...
[0.620s] -- Up-to-date: /home/kartik/robot_arm/install/robot_msgs/lib/python3.12/site-packages/robot_msgs/robot_msgs_s__rosidl_typesupport_fastrtps_c.so
[0.621s] -- Up-to-date: /home/kartik/robot_arm/install/robot_msgs/lib/python3.12/site-packages/robot_msgs/robot_msgs_s__rosidl_typesupport_introspection_c.so
[0.621s] -- Up-to-date: /home/kartik/robot_arm/install/robot_msgs/lib/python3.12/site-packages/robot_msgs/robot_msgs_s__rosidl_typesupport_c.so
[0.621s] -- Up-to-date: /home/kartik/robot_arm/install/robot_msgs/lib/librobot_msgs__rosidl_generator_py.so
[0.622s] -- Up-to-date: /home/kartik/robot_arm/install/robot_msgs/share/robot_msgs/srv/EulerToQuaternion.idl
[0.622s] -- Up-to-date: /home/kartik/robot_arm/install/robot_msgs/share/robot_msgs/srv/QuaternionToEuler.idl
[0.622s] -- Up-to-date: /home/kartik/robot_arm/install/robot_msgs/share/robot_msgs/srv/EulerToQuaternion.srv
[0.622s] -- Up-to-date: /home/kartik/robot_arm/install/robot_msgs/share/robot_msgs/srv/QuaternionToEuler.srv
[0.622s] -- Up-to-date: /home/kartik/robot_arm/install/robot_msgs/share/ament_index/resource_index/package_run_dependencies/robot_msgs
[0.622s] -- Up-to-date: /home/kartik/robot_arm/install/robot_msgs/share/ament_index/resource_index/parent_prefix_path/robot_msgs
[0.623s] -- Up-to-date: /home/kartik/robot_arm/install/robot_msgs/share/robot_msgs/environment/ament_prefix_path.sh
[0.623s] -- Up-to-date: /home/kartik/robot_arm/install/robot_msgs/share/robot_msgs/environment/ament_prefix_path.dsv
[0.623s] -- Up-to-date: /home/kartik/robot_arm/install/robot_msgs/share/robot_msgs/environment/path.sh
[0.623s] -- Up-to-date: /home/kartik/robot_arm/install/robot_msgs/share/robot_msgs/environment/path.dsv
[0.623s] -- Up-to-date: /home/kartik/robot_arm/install/robot_msgs/share/robot_msgs/local_setup.bash
[0.624s] -- Up-to-date: /home/kartik/robot_arm/install/robot_msgs/share/robot_msgs/local_setup.sh
[0.624s] -- Up-to-date: /home/kartik/robot_arm/install/robot_msgs/share/robot_msgs/local_setup.zsh
[0.624s] -- Up-to-date: /home/kartik/robot_arm/install/robot_msgs/share/robot_msgs/local_setup.dsv
[0.624s] -- Installing: /home/kartik/robot_arm/install/robot_msgs/share/robot_msgs/package.dsv
[0.624s] -- Up-to-date: /home/kartik/robot_arm/install/robot_msgs/share/ament_index/resource_index/packages/robot_msgs
[0.625s] -- Up-to-date: /home/kartik/robot_arm/install/robot_msgs/share/robot_msgs/cmake/export_robot_msgs__rosidl_generator_cExport.cmake
[0.625s] -- Up-to-date: /home/kartik/robot_arm/install/robot_msgs/share/robot_msgs/cmake/export_robot_msgs__rosidl_generator_cExport-noconfig.cmake
[0.625s] -- Up-to-date: /home/kartik/robot_arm/install/robot_msgs/share/robot_msgs/cmake/export_robot_msgs__rosidl_typesupport_fastrtps_cExport.cmake
[0.625s] -- Up-to-date: /home/kartik/robot_arm/install/robot_msgs/share/robot_msgs/cmake/export_robot_msgs__rosidl_typesupport_fastrtps_cExport-noconfig.cmake
[0.625s] -- Up-to-date: /home/kartik/robot_arm/install/robot_msgs/share/robot_msgs/cmake/export_robot_msgs__rosidl_generator_cppExport.cmake
[0.625s] -- Up-to-date: /home/kartik/robot_arm/install/robot_msgs/share/robot_msgs/cmake/export_robot_msgs__rosidl_typesupport_fastrtps_cppExport.cmake
[0.625s] -- Up-to-date: /home/kartik/robot_arm/install/robot_msgs/share/robot_msgs/cmake/export_robot_msgs__rosidl_typesupport_fastrtps_cppExport-noconfig.cmake
[0.626s] -- Up-to-date: /home/kartik/robot_arm/install/robot_msgs/share/robot_msgs/cmake/robot_msgs__rosidl_typesupport_introspection_cExport.cmake
[0.626s] -- Up-to-date: /home/kartik/robot_arm/install/robot_msgs/share/robot_msgs/cmake/robot_msgs__rosidl_typesupport_introspection_cExport-noconfig.cmake
[0.626s] -- Up-to-date: /home/kartik/robot_arm/install/robot_msgs/share/robot_msgs/cmake/robot_msgs__rosidl_typesupport_cExport.cmake
[0.626s] -- Up-to-date: /home/kartik/robot_arm/install/robot_msgs/share/robot_msgs/cmake/robot_msgs__rosidl_typesupport_cExport-noconfig.cmake
[0.626s] -- Up-to-date: /home/kartik/robot_arm/install/robot_msgs/share/robot_msgs/cmake/robot_msgs__rosidl_typesupport_introspection_cppExport.cmake
[0.626s] -- Up-to-date: /home/kartik/robot_arm/install/robot_msgs/share/robot_msgs/cmake/robot_msgs__rosidl_typesupport_introspection_cppExport-noconfig.cmake
[0.626s] -- Up-to-date: /home/kartik/robot_arm/install/robot_msgs/share/robot_msgs/cmake/robot_msgs__rosidl_typesupport_cppExport.cmake
[0.627s] -- Up-to-date: /home/kartik/robot_arm/install/robot_msgs/share/robot_msgs/cmake/robot_msgs__rosidl_typesupport_cppExport-noconfig.cmake
[0.627s] -- Up-to-date: /home/kartik/robot_arm/install/robot_msgs/share/robot_msgs/cmake/export_robot_msgs__rosidl_generator_pyExport.cmake
[0.627s] -- Up-to-date: /home/kartik/robot_arm/install/robot_msgs/share/robot_msgs/cmake/export_robot_msgs__rosidl_generator_pyExport-noconfig.cmake
[0.628s] -- Up-to-date: /home/kartik/robot_arm/install/robot_msgs/share/robot_msgs/cmake/rosidl_cmake-extras.cmake
[0.628s] -- Up-to-date: /home/kartik/robot_arm/install/robot_msgs/share/robot_msgs/cmake/ament_cmake_export_dependencies-extras.cmake
[0.628s] -- Up-to-date: /home/kartik/robot_arm/install/robot_msgs/share/robot_msgs/cmake/ament_cmake_export_include_directories-extras.cmake
[0.629s] -- Up-to-date: /home/kartik/robot_arm/install/robot_msgs/share/robot_msgs/cmake/ament_cmake_export_libraries-extras.cmake
[0.629s] -- Up-to-date: /home/kartik/robot_arm/install/robot_msgs/share/robot_msgs/cmake/ament_cmake_export_targets-extras.cmake
[0.629s] -- Up-to-date: /home/kartik/robot_arm/install/robot_msgs/share/robot_msgs/cmake/rosidl_cmake_export_typesupport_targets-extras.cmake
[0.629s] -- Up-to-date: /home/kartik/robot_arm/install/robot_msgs/share/robot_msgs/cmake/rosidl_cmake_export_typesupport_libraries-extras.cmake
[0.629s] -- Up-to-date: /home/kartik/robot_arm/install/robot_msgs/share/robot_msgs/cmake/robot_msgsConfig.cmake
[0.630s] -- Up-to-date: /home/kartik/robot_arm/install/robot_msgs/share/robot_msgs/cmake/robot_msgsConfig-version.cmake
[0.630s] -- Up-to-date: /home/kartik/robot_arm/install/robot_msgs/share/robot_msgs/package.xml
[0.630s] Invoked command in '/home/kartik/robot_arm/build/robot_msgs' returned '0': CMAKE_PREFIX_PATH=${CMAKE_PREFIX_PATH}:/opt/ros/jazzy DEBUGINFOD_URLS=https://debuginfod.ubuntu.com /usr/bin/cmake --install /home/kartik/robot_arm/build/robot_msgs
