[0.014s] Invoking command in '/home/kartik/robot_arm/build/robot_utils': CMAKE_PREFIX_PATH=${CMAKE_PREFIX_PATH}:/opt/ros/jazzy DEBUGINFOD_URLS=https://debuginfod.ubuntu.com /usr/bin/cmake --build /home/kartik/robot_arm/build/robot_utils -- -j5 -l5
[0.041s] Invoked command in '/home/kartik/robot_arm/build/robot_utils' returned '0': CMAKE_PREFIX_PATH=${CMAKE_PREFIX_PATH}:/opt/ros/jazzy DEBUGINFOD_URLS=https://debuginfod.ubuntu.com /usr/bin/cmake --build /home/kartik/robot_arm/build/robot_utils -- -j5 -l5
[0.041s] Invoking command in '/home/kartik/robot_arm/build/robot_utils': CMAKE_PREFIX_PATH=${CMAKE_PREFIX_PATH}:/opt/ros/jazzy DEBUGINFOD_URLS=https://debuginfod.ubuntu.com /usr/bin/cmake --install /home/kartik/robot_arm/build/robot_utils
[0.047s] -- Install configuration: ""
[0.047s] -- Up-to-date: /home/kartik/robot_arm/install/robot_utils/share/ament_index/resource_index/package_run_dependencies/robot_utils
[0.047s] -- Up-to-date: /home/kartik/robot_arm/install/robot_utils/share/ament_index/resource_index/parent_prefix_path/robot_utils
[0.047s] -- Up-to-date: /home/kartik/robot_arm/install/robot_utils/share/robot_utils/environment/ament_prefix_path.sh
[0.047s] -- Up-to-date: /home/kartik/robot_arm/install/robot_utils/share/robot_utils/environment/ament_prefix_path.dsv
[0.047s] -- Up-to-date: /home/kartik/robot_arm/install/robot_utils/share/robot_utils/environment/path.sh
[0.047s] -- Up-to-date: /home/kartik/robot_arm/install/robot_utils/share/robot_utils/environment/path.dsv
[0.047s] -- Up-to-date: /home/kartik/robot_arm/install/robot_utils/share/robot_utils/local_setup.bash
[0.047s] -- Up-to-date: /home/kartik/robot_arm/install/robot_utils/share/robot_utils/local_setup.sh
[0.047s] -- Up-to-date: /home/kartik/robot_arm/install/robot_utils/share/robot_utils/local_setup.zsh
[0.047s] -- Up-to-date: /home/kartik/robot_arm/install/robot_utils/share/robot_utils/local_setup.dsv
[0.047s] -- Up-to-date: /home/kartik/robot_arm/install/robot_utils/share/robot_utils/package.dsv
[0.047s] -- Up-to-date: /home/kartik/robot_arm/install/robot_utils/share/ament_index/resource_index/packages/robot_utils
[0.047s] -- Up-to-date: /home/kartik/robot_arm/install/robot_utils/share/robot_utils/cmake/robot_utilsConfig.cmake
[0.047s] -- Up-to-date: /home/kartik/robot_arm/install/robot_utils/share/robot_utils/cmake/robot_utilsConfig-version.cmake
[0.047s] -- Up-to-date: /home/kartik/robot_arm/install/robot_utils/share/robot_utils/package.xml
[0.057s] Invoked command in '/home/kartik/robot_arm/build/robot_utils' returned '0': CMAKE_PREFIX_PATH=${CMAKE_PREFIX_PATH}:/opt/ros/jazzy DEBUGINFOD_URLS=https://debuginfod.ubuntu.com /usr/bin/cmake --install /home/kartik/robot_arm/build/robot_utils
