[0.014s] Invoking command in '/home/kartik/robot_arm/build/robot_controller': CMAKE_PREFIX_PATH=${CMAKE_PREFIX_PATH}:/opt/ros/jazzy DEBUGINFOD_URLS=https://debuginfod.ubuntu.com /usr/bin/cmake /home/kartik/robot_arm/src/robot_controller -DCMAKE_INSTALL_PREFIX=/home/kartik/robot_arm/install/robot_controller
[0.173s] -- The C compiler identification is GNU 13.3.0
[0.291s] -- The CXX compiler identification is GNU 13.3.0
[0.312s] -- Detecting C compiler ABI info
[0.409s] -- Detecting C compiler ABI info - done
[0.427s] -- Check for working C compiler: /usr/bin/cc - skipped
[0.427s] -- Detecting C compile features
[0.428s] -- Detecting C compile features - done
[0.438s] -- Detecting CXX compiler ABI info
[0.535s] -- Detecting CXX compiler ABI info - done
[0.550s] -- Check for working CXX compiler: /usr/bin/c++ - skipped
[0.551s] -- Detecting CXX compile features
[0.551s] -- Detecting CXX compile features - done
[0.560s] -- Found ament_cmake: 2.5.4 (/opt/ros/jazzy/share/ament_cmake/cmake)
[0.707s] -- Found Python3: /usr/bin/python3 (found version "3.12.3") found components: Interpreter 
[0.847s] -- Found ament_lint_auto: 0.17.3 (/opt/ros/jazzy/share/ament_lint_auto/cmake)
[0.974s] -- Added test 'flake8' to check Python code syntax and style conventions
[0.975s] -- Configured 'flake8' exclude dirs and/or files: 
[0.975s] -- Added test 'lint_cmake' to check CMake code style
[0.976s] -- Added test 'pep257' to check Python code against some of the docstring style conventions in PEP 257
[0.978s] -- Added test 'xmllint' to check XML markup files
[0.980s] -- Configuring done (0.9s)
[0.985s] -- Generating done (0.0s)
[0.988s] -- Build files have been written to: /home/kartik/robot_arm/build/robot_controller
[0.994s] Invoked command in '/home/kartik/robot_arm/build/robot_controller' returned '0': CMAKE_PREFIX_PATH=${CMAKE_PREFIX_PATH}:/opt/ros/jazzy DEBUGINFOD_URLS=https://debuginfod.ubuntu.com /usr/bin/cmake /home/kartik/robot_arm/src/robot_controller -DCMAKE_INSTALL_PREFIX=/home/kartik/robot_arm/install/robot_controller
[0.996s] Invoking command in '/home/kartik/robot_arm/build/robot_controller': CMAKE_PREFIX_PATH=${CMAKE_PREFIX_PATH}:/opt/ros/jazzy DEBUGINFOD_URLS=https://debuginfod.ubuntu.com /usr/bin/cmake --build /home/kartik/robot_arm/build/robot_controller -- -j8 -l8
[1.046s] Invoked command in '/home/kartik/robot_arm/build/robot_controller' returned '0': CMAKE_PREFIX_PATH=${CMAKE_PREFIX_PATH}:/opt/ros/jazzy DEBUGINFOD_URLS=https://debuginfod.ubuntu.com /usr/bin/cmake --build /home/kartik/robot_arm/build/robot_controller -- -j8 -l8
[1.047s] Invoking command in '/home/kartik/robot_arm/build/robot_controller': CMAKE_PREFIX_PATH=${CMAKE_PREFIX_PATH}:/opt/ros/jazzy DEBUGINFOD_URLS=https://debuginfod.ubuntu.com /usr/bin/cmake --install /home/kartik/robot_arm/build/robot_controller
[1.054s] -- Install configuration: ""
[1.055s] -- Installing: /home/kartik/robot_arm/install/robot_controller/share/robot_controller/config
[1.055s] -- Installing: /home/kartik/robot_arm/install/robot_controller/share/robot_controller/config/so101_controllers.yaml
[1.055s] -- Installing: /home/kartik/robot_arm/install/robot_controller/share/robot_controller/config/ur5_controllers.yaml
[1.055s] -- Installing: /home/kartik/robot_arm/install/robot_controller/share/robot_controller/launch
[1.055s] -- Installing: /home/kartik/robot_arm/install/robot_controller/share/robot_controller/launch/controller.launch.py
[1.056s] -- Installing: /home/kartik/robot_arm/install/robot_controller/share/ament_index/resource_index/package_run_dependencies/robot_controller
[1.056s] -- Installing: /home/kartik/robot_arm/install/robot_controller/share/ament_index/resource_index/parent_prefix_path/robot_controller
[1.056s] -- Installing: /home/kartik/robot_arm/install/robot_controller/share/robot_controller/environment/ament_prefix_path.sh
[1.057s] -- Installing: /home/kartik/robot_arm/install/robot_controller/share/robot_controller/environment/ament_prefix_path.dsv
[1.057s] -- Installing: /home/kartik/robot_arm/install/robot_controller/share/robot_controller/environment/path.sh
[1.057s] -- Installing: /home/kartik/robot_arm/install/robot_controller/share/robot_controller/environment/path.dsv
[1.057s] -- Installing: /home/kartik/robot_arm/install/robot_controller/share/robot_controller/local_setup.bash
[1.057s] -- Installing: /home/kartik/robot_arm/install/robot_controller/share/robot_controller/local_setup.sh
[1.057s] -- Installing: /home/kartik/robot_arm/install/robot_controller/share/robot_controller/local_setup.zsh
[1.057s] -- Installing: /home/kartik/robot_arm/install/robot_controller/share/robot_controller/local_setup.dsv
[1.058s] -- Installing: /home/kartik/robot_arm/install/robot_controller/share/robot_controller/package.dsv
[1.058s] -- Installing: /home/kartik/robot_arm/install/robot_controller/share/ament_index/resource_index/packages/robot_controller
[1.058s] -- Installing: /home/kartik/robot_arm/install/robot_controller/share/robot_controller/cmake/robot_controllerConfig.cmake
[1.058s] -- Installing: /home/kartik/robot_arm/install/robot_controller/share/robot_controller/cmake/robot_controllerConfig-version.cmake
[1.058s] -- Installing: /home/kartik/robot_arm/install/robot_controller/share/robot_controller/package.xml
[1.080s] Invoked command in '/home/kartik/robot_arm/build/robot_controller' returned '0': CMAKE_PREFIX_PATH=${CMAKE_PREFIX_PATH}:/opt/ros/jazzy DEBUGINFOD_URLS=https://debuginfod.ubuntu.com /usr/bin/cmake --install /home/kartik/robot_arm/build/robot_controller
