[0.015s] Invoking command in '/home/kartik/robot_arm/build/robot_moveit': CMAKE_PREFIX_PATH=${CMAKE_PREFIX_PATH}:/opt/ros/jazzy DEBUGINFOD_URLS=https://debuginfod.ubuntu.com /usr/bin/cmake --build /home/kartik/robot_arm/build/robot_moveit -- -j5 -l5
[0.062s] Invoked command in '/home/kartik/robot_arm/build/robot_moveit' returned '0': CMAKE_PREFIX_PATH=${CMAKE_PREFIX_PATH}:/opt/ros/jazzy DEBUGINFOD_URLS=https://debuginfod.ubuntu.com /usr/bin/cmake --build /home/kartik/robot_arm/build/robot_moveit -- -j5 -l5
[0.067s] Invoking command in '/home/kartik/robot_arm/build/robot_moveit': CMAKE_PREFIX_PATH=${CMAKE_PREFIX_PATH}:/opt/ros/jazzy DEBUGINFOD_URLS=https://debuginfod.ubuntu.com /usr/bin/cmake --install /home/kartik/robot_arm/build/robot_moveit
[0.071s] -- Install configuration: ""
[0.072s] -- Up-to-date: /home/kartik/robot_arm/install/robot_moveit/share/robot_moveit/launch
[0.073s] -- Up-to-date: /home/kartik/robot_arm/install/robot_moveit/share/robot_moveit/launch/moveit.launch.py
[0.073s] -- Up-to-date: /home/kartik/robot_arm/install/robot_moveit/share/robot_moveit/config
[0.074s] -- Up-to-date: /home/kartik/robot_arm/install/robot_moveit/share/robot_moveit/config/moveit_controllers.yaml
[0.074s] -- Up-to-date: /home/kartik/robot_arm/install/robot_moveit/share/robot_moveit/config/initial_positions.yaml
[0.074s] -- Up-to-date: /home/kartik/robot_arm/install/robot_moveit/share/robot_moveit/config/ur5.srdf
[0.074s] -- Up-to-date: /home/kartik/robot_arm/install/robot_moveit/share/robot_moveit/config/kinematics.yaml
[0.074s] -- Up-to-date: /home/kartik/robot_arm/install/robot_moveit/share/robot_moveit/config/joint_limits.yaml
[0.074s] -- Up-to-date: /home/kartik/robot_arm/install/robot_moveit/share/robot_moveit/config/pilz_cartesian_limits.yaml
[0.074s] -- Up-to-date: /home/kartik/robot_arm/install/robot_moveit/share/ament_index/resource_index/package_run_dependencies/robot_moveit
[0.075s] -- Up-to-date: /home/kartik/robot_arm/install/robot_moveit/share/ament_index/resource_index/parent_prefix_path/robot_moveit
[0.075s] -- Up-to-date: /home/kartik/robot_arm/install/robot_moveit/share/robot_moveit/environment/ament_prefix_path.sh
[0.075s] -- Up-to-date: /home/kartik/robot_arm/install/robot_moveit/share/robot_moveit/environment/ament_prefix_path.dsv
[0.075s] -- Up-to-date: /home/kartik/robot_arm/install/robot_moveit/share/robot_moveit/environment/path.sh
[0.075s] -- Up-to-date: /home/kartik/robot_arm/install/robot_moveit/share/robot_moveit/environment/path.dsv
[0.075s] -- Up-to-date: /home/kartik/robot_arm/install/robot_moveit/share/robot_moveit/local_setup.bash
[0.077s] -- Up-to-date: /home/kartik/robot_arm/install/robot_moveit/share/robot_moveit/local_setup.sh
[0.077s] -- Up-to-date: /home/kartik/robot_arm/install/robot_moveit/share/robot_moveit/local_setup.zsh
[0.077s] -- Up-to-date: /home/kartik/robot_arm/install/robot_moveit/share/robot_moveit/local_setup.dsv
[0.077s] -- Installing: /home/kartik/robot_arm/install/robot_moveit/share/robot_moveit/package.dsv
[0.077s] -- Up-to-date: /home/kartik/robot_arm/install/robot_moveit/share/ament_index/resource_index/packages/robot_moveit
[0.077s] -- Up-to-date: /home/kartik/robot_arm/install/robot_moveit/share/robot_moveit/cmake/robot_moveitConfig.cmake
[0.077s] -- Up-to-date: /home/kartik/robot_arm/install/robot_moveit/share/robot_moveit/cmake/robot_moveitConfig-version.cmake
[0.078s] -- Up-to-date: /home/kartik/robot_arm/install/robot_moveit/share/robot_moveit/package.xml
[0.082s] Invoked command in '/home/kartik/robot_arm/build/robot_moveit' returned '0': CMAKE_PREFIX_PATH=${CMAKE_PREFIX_PATH}:/opt/ros/jazzy DEBUGINFOD_URLS=https://debuginfod.ubuntu.com /usr/bin/cmake --install /home/kartik/robot_arm/build/robot_moveit
