[0.096s] DEBUG:colcon:Command line arguments: ['/usr/bin/colcon', 'build']
[0.096s] DEBUG:colcon:Parsed command line arguments: Namespace(log_base=None, log_level=None, verb_name='build', build_base='build', install_base='install', merge_install=False, symlink_install=False, test_result_base=None, continue_on_error=False, executor='parallel', parallel_workers=8, event_handlers=None, ignore_user_meta=False, metas=['./colcon.meta'], base_paths=['.'], packages_ignore=None, packages_ignore_regex=None, paths=None, packages_up_to=None, packages_up_to_regex=None, packages_above=None, packages_above_and_dependencies=None, packages_above_depth=None, packages_select_by_dep=None, packages_skip_by_dep=None, packages_skip_up_to=None, packages_select_build_failed=False, packages_skip_build_finished=False, packages_select_test_failures=False, packages_skip_test_passed=False, packages_select=None, packages_skip=None, packages_select_regex=None, packages_skip_regex=None, packages_start=None, packages_end=None, allow_overriding=[], cmake_args=None, cmake_target=None, cmake_target_skip_unavailable=False, cmake_clean_cache=False, cmake_clean_first=False, cmake_force_configure=False, ament_cmake_args=None, catkin_cmake_args=None, catkin_skip_building_tests=False, mixin_files=None, mixin=None, verb_parser=<colcon_mixin.mixin.mixin_argument.MixinArgumentDecorator object at 0x71d323f6fe60>, verb_extension=<colcon_core.verb.build.BuildVerb object at 0x71d323f6fad0>, main=<bound method BuildVerb.main of <colcon_core.verb.build.BuildVerb object at 0x71d323f6fad0>>, mixin_verb=('build',))
[0.130s] Level 1:colcon.colcon_core.package_discovery:discover_packages(colcon_meta) check parameters
[0.130s] Level 1:colcon.colcon_core.package_discovery:discover_packages(recursive) check parameters
[0.130s] Level 1:colcon.colcon_core.package_discovery:discover_packages(ignore) check parameters
[0.130s] Level 1:colcon.colcon_core.package_discovery:discover_packages(path) check parameters
[0.130s] Level 1:colcon.colcon_core.package_discovery:discover_packages(colcon_meta) discover
[0.131s] Level 1:colcon.colcon_core.package_discovery:discover_packages(recursive) discover
[0.131s] INFO:colcon.colcon_core.package_discovery:Crawling recursively for packages in '/home/kartik/robot_arm'
[0.131s] Level 1:colcon.colcon_core.package_identification:_identify(.) by extensions ['ignore', 'ignore_ament_install']
[0.131s] Level 1:colcon.colcon_core.package_identification:_identify(.) by extension 'ignore'
[0.131s] Level 1:colcon.colcon_core.package_identification:_identify(.) by extension 'ignore_ament_install'
[0.131s] Level 1:colcon.colcon_core.package_identification:_identify(.) by extensions ['colcon_pkg']
[0.131s] Level 1:colcon.colcon_core.package_identification:_identify(.) by extension 'colcon_pkg'
[0.131s] Level 1:colcon.colcon_core.package_identification:_identify(.) by extensions ['colcon_meta']
[0.131s] Level 1:colcon.colcon_core.package_identification:_identify(.) by extension 'colcon_meta'
[0.131s] Level 1:colcon.colcon_core.package_identification:_identify(.) by extensions ['ros']
[0.131s] Level 1:colcon.colcon_core.package_identification:_identify(.) by extension 'ros'
[0.154s] Level 1:colcon.colcon_core.package_identification:_identify(.) by extensions ['cmake', 'python']
[0.154s] Level 1:colcon.colcon_core.package_identification:_identify(.) by extension 'cmake'
[0.154s] Level 1:colcon.colcon_core.package_identification:_identify(.) by extension 'python'
[0.154s] Level 1:colcon.colcon_core.package_identification:_identify(.) by extensions ['python_setup_py']
[0.154s] Level 1:colcon.colcon_core.package_identification:_identify(.) by extension 'python_setup_py'
[0.154s] Level 1:colcon.colcon_core.package_identification:_identify(build) by extensions ['ignore', 'ignore_ament_install']
[0.154s] Level 1:colcon.colcon_core.package_identification:_identify(build) by extension 'ignore'
[0.154s] Level 1:colcon.colcon_core.package_identification:_identify(build) ignored
[0.154s] Level 1:colcon.colcon_core.package_identification:_identify(install) by extensions ['ignore', 'ignore_ament_install']
[0.155s] Level 1:colcon.colcon_core.package_identification:_identify(install) by extension 'ignore'
[0.155s] Level 1:colcon.colcon_core.package_identification:_identify(install) ignored
[0.155s] Level 1:colcon.colcon_core.package_identification:_identify(log) by extensions ['ignore', 'ignore_ament_install']
[0.155s] Level 1:colcon.colcon_core.package_identification:_identify(log) by extension 'ignore'
[0.155s] Level 1:colcon.colcon_core.package_identification:_identify(log) ignored
[0.155s] Level 1:colcon.colcon_core.package_identification:_identify(src) by extensions ['ignore', 'ignore_ament_install']
[0.155s] Level 1:colcon.colcon_core.package_identification:_identify(src) by extension 'ignore'
[0.155s] Level 1:colcon.colcon_core.package_identification:_identify(src) by extension 'ignore_ament_install'
[0.155s] Level 1:colcon.colcon_core.package_identification:_identify(src) by extensions ['colcon_pkg']
[0.155s] Level 1:colcon.colcon_core.package_identification:_identify(src) by extension 'colcon_pkg'
[0.155s] Level 1:colcon.colcon_core.package_identification:_identify(src) by extensions ['colcon_meta']
[0.155s] Level 1:colcon.colcon_core.package_identification:_identify(src) by extension 'colcon_meta'
[0.155s] Level 1:colcon.colcon_core.package_identification:_identify(src) by extensions ['ros']
[0.155s] Level 1:colcon.colcon_core.package_identification:_identify(src) by extension 'ros'
[0.155s] Level 1:colcon.colcon_core.package_identification:_identify(src) by extensions ['cmake', 'python']
[0.155s] Level 1:colcon.colcon_core.package_identification:_identify(src) by extension 'cmake'
[0.155s] Level 1:colcon.colcon_core.package_identification:_identify(src) by extension 'python'
[0.155s] Level 1:colcon.colcon_core.package_identification:_identify(src) by extensions ['python_setup_py']
[0.155s] Level 1:colcon.colcon_core.package_identification:_identify(src) by extension 'python_setup_py'
[0.156s] Level 1:colcon.colcon_core.package_identification:_identify(src/build) by extensions ['ignore', 'ignore_ament_install']
[0.156s] Level 1:colcon.colcon_core.package_identification:_identify(src/build) by extension 'ignore'
[0.156s] Level 1:colcon.colcon_core.package_identification:_identify(src/build) ignored
[0.156s] Level 1:colcon.colcon_core.package_identification:_identify(src/install) by extensions ['ignore', 'ignore_ament_install']
[0.156s] Level 1:colcon.colcon_core.package_identification:_identify(src/install) by extension 'ignore'
[0.156s] Level 1:colcon.colcon_core.package_identification:_identify(src/install) ignored
[0.156s] Level 1:colcon.colcon_core.package_identification:_identify(src/log) by extensions ['ignore', 'ignore_ament_install']
[0.156s] Level 1:colcon.colcon_core.package_identification:_identify(src/log) by extension 'ignore'
[0.156s] Level 1:colcon.colcon_core.package_identification:_identify(src/log) ignored
[0.156s] Level 1:colcon.colcon_core.package_identification:_identify(src/robot_controller) by extensions ['ignore', 'ignore_ament_install']
[0.156s] Level 1:colcon.colcon_core.package_identification:_identify(src/robot_controller) by extension 'ignore'
[0.156s] Level 1:colcon.colcon_core.package_identification:_identify(src/robot_controller) by extension 'ignore_ament_install'
[0.156s] Level 1:colcon.colcon_core.package_identification:_identify(src/robot_controller) by extensions ['colcon_pkg']
[0.156s] Level 1:colcon.colcon_core.package_identification:_identify(src/robot_controller) by extension 'colcon_pkg'
[0.156s] Level 1:colcon.colcon_core.package_identification:_identify(src/robot_controller) by extensions ['colcon_meta']
[0.156s] Level 1:colcon.colcon_core.package_identification:_identify(src/robot_controller) by extension 'colcon_meta'
[0.156s] Level 1:colcon.colcon_core.package_identification:_identify(src/robot_controller) by extensions ['ros']
[0.156s] Level 1:colcon.colcon_core.package_identification:_identify(src/robot_controller) by extension 'ros'
[0.158s] DEBUG:colcon.colcon_core.package_identification:Package 'src/robot_controller' with type 'ros.ament_cmake' and name 'robot_controller'
[0.159s] Level 1:colcon.colcon_core.package_identification:_identify(src/robot_description) by extensions ['ignore', 'ignore_ament_install']
[0.159s] Level 1:colcon.colcon_core.package_identification:_identify(src/robot_description) by extension 'ignore'
[0.159s] Level 1:colcon.colcon_core.package_identification:_identify(src/robot_description) by extension 'ignore_ament_install'
[0.159s] Level 1:colcon.colcon_core.package_identification:_identify(src/robot_description) by extensions ['colcon_pkg']
[0.159s] Level 1:colcon.colcon_core.package_identification:_identify(src/robot_description) by extension 'colcon_pkg'
[0.159s] Level 1:colcon.colcon_core.package_identification:_identify(src/robot_description) by extensions ['colcon_meta']
[0.159s] Level 1:colcon.colcon_core.package_identification:_identify(src/robot_description) by extension 'colcon_meta'
[0.159s] Level 1:colcon.colcon_core.package_identification:_identify(src/robot_description) by extensions ['ros']
[0.159s] Level 1:colcon.colcon_core.package_identification:_identify(src/robot_description) by extension 'ros'
[0.159s] DEBUG:colcon.colcon_core.package_identification:Package 'src/robot_description' with type 'ros.ament_cmake' and name 'robot_description'
[0.159s] Level 1:colcon.colcon_core.package_identification:_identify(src/robot_moveit) by extensions ['ignore', 'ignore_ament_install']
[0.160s] Level 1:colcon.colcon_core.package_identification:_identify(src/robot_moveit) by extension 'ignore'
[0.160s] Level 1:colcon.colcon_core.package_identification:_identify(src/robot_moveit) by extension 'ignore_ament_install'
[0.160s] Level 1:colcon.colcon_core.package_identification:_identify(src/robot_moveit) by extensions ['colcon_pkg']
[0.160s] Level 1:colcon.colcon_core.package_identification:_identify(src/robot_moveit) by extension 'colcon_pkg'
[0.160s] Level 1:colcon.colcon_core.package_identification:_identify(src/robot_moveit) by extensions ['colcon_meta']
[0.160s] Level 1:colcon.colcon_core.package_identification:_identify(src/robot_moveit) by extension 'colcon_meta'
[0.160s] Level 1:colcon.colcon_core.package_identification:_identify(src/robot_moveit) by extensions ['ros']
[0.160s] Level 1:colcon.colcon_core.package_identification:_identify(src/robot_moveit) by extension 'ros'
[0.160s] DEBUG:colcon.colcon_core.package_identification:Package 'src/robot_moveit' with type 'ros.ament_cmake' and name 'robot_moveit'
[0.160s] Level 1:colcon.colcon_core.package_identification:_identify(src/robot_msgs) by extensions ['ignore', 'ignore_ament_install']
[0.160s] Level 1:colcon.colcon_core.package_identification:_identify(src/robot_msgs) by extension 'ignore'
[0.160s] Level 1:colcon.colcon_core.package_identification:_identify(src/robot_msgs) by extension 'ignore_ament_install'
[0.160s] Level 1:colcon.colcon_core.package_identification:_identify(src/robot_msgs) by extensions ['colcon_pkg']
[0.160s] Level 1:colcon.colcon_core.package_identification:_identify(src/robot_msgs) by extension 'colcon_pkg'
[0.160s] Level 1:colcon.colcon_core.package_identification:_identify(src/robot_msgs) by extensions ['colcon_meta']
[0.160s] Level 1:colcon.colcon_core.package_identification:_identify(src/robot_msgs) by extension 'colcon_meta'
[0.161s] Level 1:colcon.colcon_core.package_identification:_identify(src/robot_msgs) by extensions ['ros']
[0.161s] Level 1:colcon.colcon_core.package_identification:_identify(src/robot_msgs) by extension 'ros'
[0.161s] DEBUG:colcon.colcon_core.package_identification:Package 'src/robot_msgs' with type 'ros.ament_cmake' and name 'robot_msgs'
[0.161s] Level 1:colcon.colcon_core.package_identification:_identify(src/robot_utils) by extensions ['ignore', 'ignore_ament_install']
[0.161s] Level 1:colcon.colcon_core.package_identification:_identify(src/robot_utils) by extension 'ignore'
[0.161s] Level 1:colcon.colcon_core.package_identification:_identify(src/robot_utils) by extension 'ignore_ament_install'
[0.162s] Level 1:colcon.colcon_core.package_identification:_identify(src/robot_utils) by extensions ['colcon_pkg']
[0.162s] Level 1:colcon.colcon_core.package_identification:_identify(src/robot_utils) by extension 'colcon_pkg'
[0.162s] Level 1:colcon.colcon_core.package_identification:_identify(src/robot_utils) by extensions ['colcon_meta']
[0.162s] Level 1:colcon.colcon_core.package_identification:_identify(src/robot_utils) by extension 'colcon_meta'
[0.162s] Level 1:colcon.colcon_core.package_identification:_identify(src/robot_utils) by extensions ['ros']
[0.162s] Level 1:colcon.colcon_core.package_identification:_identify(src/robot_utils) by extension 'ros'
[0.162s] DEBUG:colcon.colcon_core.package_identification:Package 'src/robot_utils' with type 'ros.ament_cmake' and name 'robot_utils'
[0.162s] Level 1:colcon.colcon_core.package_identification:_identify(src/so_arm_100_hardware) by extensions ['ignore', 'ignore_ament_install']
[0.162s] Level 1:colcon.colcon_core.package_identification:_identify(src/so_arm_100_hardware) by extension 'ignore'
[0.162s] Level 1:colcon.colcon_core.package_identification:_identify(src/so_arm_100_hardware) by extension 'ignore_ament_install'
[0.162s] Level 1:colcon.colcon_core.package_identification:_identify(src/so_arm_100_hardware) by extensions ['colcon_pkg']
[0.162s] Level 1:colcon.colcon_core.package_identification:_identify(src/so_arm_100_hardware) by extension 'colcon_pkg'
[0.162s] Level 1:colcon.colcon_core.package_identification:_identify(src/so_arm_100_hardware) by extensions ['colcon_meta']
[0.162s] Level 1:colcon.colcon_core.package_identification:_identify(src/so_arm_100_hardware) by extension 'colcon_meta'
[0.163s] Level 1:colcon.colcon_core.package_identification:_identify(src/so_arm_100_hardware) by extensions ['ros']
[0.163s] Level 1:colcon.colcon_core.package_identification:_identify(src/so_arm_100_hardware) by extension 'ros'
[0.163s] DEBUG:colcon.colcon_core.package_identification:Package 'src/so_arm_100_hardware' with type 'ros.ament_cmake' and name 'so_arm_100_hardware'
[0.163s] Level 1:colcon.colcon_core.package_discovery:discover_packages(recursive) using defaults
[0.163s] Level 1:colcon.colcon_core.package_discovery:discover_packages(ignore) discover
[0.163s] Level 1:colcon.colcon_core.package_discovery:discover_packages(ignore) using defaults
[0.163s] Level 1:colcon.colcon_core.package_discovery:discover_packages(path) discover
[0.163s] Level 1:colcon.colcon_core.package_discovery:discover_packages(path) using defaults
[0.179s] Level 1:colcon.colcon_core.package_discovery:discover_packages(prefix_path) check parameters
[0.179s] Level 1:colcon.colcon_core.package_discovery:discover_packages(prefix_path) discover
[0.181s] DEBUG:colcon.colcon_installed_package_information.package_discovery:Found 7 installed packages in /home/kartik/robot_arm/install
[0.183s] DEBUG:colcon.colcon_installed_package_information.package_discovery:Found 378 installed packages in /opt/ros/jazzy
[0.184s] Level 1:colcon.colcon_core.package_discovery:discover_packages(prefix_path) using defaults
[0.234s] Level 5:colcon.colcon_core.verb:set package 'robot_controller' build argument 'cmake_args' from command line to 'None'
[0.234s] Level 5:colcon.colcon_core.verb:set package 'robot_controller' build argument 'cmake_target' from command line to 'None'
[0.234s] Level 5:colcon.colcon_core.verb:set package 'robot_controller' build argument 'cmake_target_skip_unavailable' from command line to 'False'
[0.234s] Level 5:colcon.colcon_core.verb:set package 'robot_controller' build argument 'cmake_clean_cache' from command line to 'False'
[0.234s] Level 5:colcon.colcon_core.verb:set package 'robot_controller' build argument 'cmake_clean_first' from command line to 'False'
[0.234s] Level 5:colcon.colcon_core.verb:set package 'robot_controller' build argument 'cmake_force_configure' from command line to 'False'
[0.234s] Level 5:colcon.colcon_core.verb:set package 'robot_controller' build argument 'ament_cmake_args' from command line to 'None'
[0.234s] Level 5:colcon.colcon_core.verb:set package 'robot_controller' build argument 'catkin_cmake_args' from command line to 'None'
[0.234s] Level 5:colcon.colcon_core.verb:set package 'robot_controller' build argument 'catkin_skip_building_tests' from command line to 'False'
[0.234s] DEBUG:colcon.colcon_core.verb:Building package 'robot_controller' with the following arguments: {'ament_cmake_args': None, 'build_base': '/home/kartik/robot_arm/build/robot_controller', 'catkin_cmake_args': None, 'catkin_skip_building_tests': False, 'cmake_args': None, 'cmake_clean_cache': False, 'cmake_clean_first': False, 'cmake_force_configure': False, 'cmake_target': None, 'cmake_target_skip_unavailable': False, 'install_base': '/home/kartik/robot_arm/install/robot_controller', 'merge_install': False, 'path': '/home/kartik/robot_arm/src/robot_controller', 'symlink_install': False, 'test_result_base': None}
[0.235s] Level 5:colcon.colcon_core.verb:set package 'robot_description' build argument 'cmake_args' from command line to 'None'
[0.235s] Level 5:colcon.colcon_core.verb:set package 'robot_description' build argument 'cmake_target' from command line to 'None'
[0.235s] Level 5:colcon.colcon_core.verb:set package 'robot_description' build argument 'cmake_target_skip_unavailable' from command line to 'False'
[0.235s] Level 5:colcon.colcon_core.verb:set package 'robot_description' build argument 'cmake_clean_cache' from command line to 'False'
[0.235s] Level 5:colcon.colcon_core.verb:set package 'robot_description' build argument 'cmake_clean_first' from command line to 'False'
[0.235s] Level 5:colcon.colcon_core.verb:set package 'robot_description' build argument 'cmake_force_configure' from command line to 'False'
[0.235s] Level 5:colcon.colcon_core.verb:set package 'robot_description' build argument 'ament_cmake_args' from command line to 'None'
[0.235s] Level 5:colcon.colcon_core.verb:set package 'robot_description' build argument 'catkin_cmake_args' from command line to 'None'
[0.235s] Level 5:colcon.colcon_core.verb:set package 'robot_description' build argument 'catkin_skip_building_tests' from command line to 'False'
[0.235s] DEBUG:colcon.colcon_core.verb:Building package 'robot_description' with the following arguments: {'ament_cmake_args': None, 'build_base': '/home/kartik/robot_arm/build/robot_description', 'catkin_cmake_args': None, 'catkin_skip_building_tests': False, 'cmake_args': None, 'cmake_clean_cache': False, 'cmake_clean_first': False, 'cmake_force_configure': False, 'cmake_target': None, 'cmake_target_skip_unavailable': False, 'install_base': '/home/kartik/robot_arm/install/robot_description', 'merge_install': False, 'path': '/home/kartik/robot_arm/src/robot_description', 'symlink_install': False, 'test_result_base': None}
[0.235s] Level 5:colcon.colcon_core.verb:set package 'robot_moveit' build argument 'cmake_args' from command line to 'None'
[0.235s] Level 5:colcon.colcon_core.verb:set package 'robot_moveit' build argument 'cmake_target' from command line to 'None'
[0.235s] Level 5:colcon.colcon_core.verb:set package 'robot_moveit' build argument 'cmake_target_skip_unavailable' from command line to 'False'
[0.235s] Level 5:colcon.colcon_core.verb:set package 'robot_moveit' build argument 'cmake_clean_cache' from command line to 'False'
[0.235s] Level 5:colcon.colcon_core.verb:set package 'robot_moveit' build argument 'cmake_clean_first' from command line to 'False'
[0.235s] Level 5:colcon.colcon_core.verb:set package 'robot_moveit' build argument 'cmake_force_configure' from command line to 'False'
[0.235s] Level 5:colcon.colcon_core.verb:set package 'robot_moveit' build argument 'ament_cmake_args' from command line to 'None'
[0.235s] Level 5:colcon.colcon_core.verb:set package 'robot_moveit' build argument 'catkin_cmake_args' from command line to 'None'
[0.235s] Level 5:colcon.colcon_core.verb:set package 'robot_moveit' build argument 'catkin_skip_building_tests' from command line to 'False'
[0.235s] DEBUG:colcon.colcon_core.verb:Building package 'robot_moveit' with the following arguments: {'ament_cmake_args': None, 'build_base': '/home/kartik/robot_arm/build/robot_moveit', 'catkin_cmake_args': None, 'catkin_skip_building_tests': False, 'cmake_args': None, 'cmake_clean_cache': False, 'cmake_clean_first': False, 'cmake_force_configure': False, 'cmake_target': None, 'cmake_target_skip_unavailable': False, 'install_base': '/home/kartik/robot_arm/install/robot_moveit', 'merge_install': False, 'path': '/home/kartik/robot_arm/src/robot_moveit', 'symlink_install': False, 'test_result_base': None}
[0.235s] Level 5:colcon.colcon_core.verb:set package 'robot_msgs' build argument 'cmake_args' from command line to 'None'
[0.235s] Level 5:colcon.colcon_core.verb:set package 'robot_msgs' build argument 'cmake_target' from command line to 'None'
[0.235s] Level 5:colcon.colcon_core.verb:set package 'robot_msgs' build argument 'cmake_target_skip_unavailable' from command line to 'False'
[0.235s] Level 5:colcon.colcon_core.verb:set package 'robot_msgs' build argument 'cmake_clean_cache' from command line to 'False'
[0.235s] Level 5:colcon.colcon_core.verb:set package 'robot_msgs' build argument 'cmake_clean_first' from command line to 'False'
[0.236s] Level 5:colcon.colcon_core.verb:set package 'robot_msgs' build argument 'cmake_force_configure' from command line to 'False'
[0.236s] Level 5:colcon.colcon_core.verb:set package 'robot_msgs' build argument 'ament_cmake_args' from command line to 'None'
[0.236s] Level 5:colcon.colcon_core.verb:set package 'robot_msgs' build argument 'catkin_cmake_args' from command line to 'None'
[0.236s] Level 5:colcon.colcon_core.verb:set package 'robot_msgs' build argument 'catkin_skip_building_tests' from command line to 'False'
[0.236s] DEBUG:colcon.colcon_core.verb:Building package 'robot_msgs' with the following arguments: {'ament_cmake_args': None, 'build_base': '/home/kartik/robot_arm/build/robot_msgs', 'catkin_cmake_args': None, 'catkin_skip_building_tests': False, 'cmake_args': None, 'cmake_clean_cache': False, 'cmake_clean_first': False, 'cmake_force_configure': False, 'cmake_target': None, 'cmake_target_skip_unavailable': False, 'install_base': '/home/kartik/robot_arm/install/robot_msgs', 'merge_install': False, 'path': '/home/kartik/robot_arm/src/robot_msgs', 'symlink_install': False, 'test_result_base': None}
[0.236s] Level 5:colcon.colcon_core.verb:set package 'so_arm_100_hardware' build argument 'cmake_args' from command line to 'None'
[0.236s] Level 5:colcon.colcon_core.verb:set package 'so_arm_100_hardware' build argument 'cmake_target' from command line to 'None'
[0.236s] Level 5:colcon.colcon_core.verb:set package 'so_arm_100_hardware' build argument 'cmake_target_skip_unavailable' from command line to 'False'
[0.236s] Level 5:colcon.colcon_core.verb:set package 'so_arm_100_hardware' build argument 'cmake_clean_cache' from command line to 'False'
[0.236s] Level 5:colcon.colcon_core.verb:set package 'so_arm_100_hardware' build argument 'cmake_clean_first' from command line to 'False'
[0.236s] Level 5:colcon.colcon_core.verb:set package 'so_arm_100_hardware' build argument 'cmake_force_configure' from command line to 'False'
[0.236s] Level 5:colcon.colcon_core.verb:set package 'so_arm_100_hardware' build argument 'ament_cmake_args' from command line to 'None'
[0.236s] Level 5:colcon.colcon_core.verb:set package 'so_arm_100_hardware' build argument 'catkin_cmake_args' from command line to 'None'
[0.236s] Level 5:colcon.colcon_core.verb:set package 'so_arm_100_hardware' build argument 'catkin_skip_building_tests' from command line to 'False'
[0.236s] DEBUG:colcon.colcon_core.verb:Building package 'so_arm_100_hardware' with the following arguments: {'ament_cmake_args': None, 'build_base': '/home/kartik/robot_arm/build/so_arm_100_hardware', 'catkin_cmake_args': None, 'catkin_skip_building_tests': False, 'cmake_args': None, 'cmake_clean_cache': False, 'cmake_clean_first': False, 'cmake_force_configure': False, 'cmake_target': None, 'cmake_target_skip_unavailable': False, 'install_base': '/home/kartik/robot_arm/install/so_arm_100_hardware', 'merge_install': False, 'path': '/home/kartik/robot_arm/src/so_arm_100_hardware', 'symlink_install': False, 'test_result_base': None}
[0.236s] Level 5:colcon.colcon_core.verb:set package 'robot_utils' build argument 'cmake_args' from command line to 'None'
[0.236s] Level 5:colcon.colcon_core.verb:set package 'robot_utils' build argument 'cmake_target' from command line to 'None'
[0.236s] Level 5:colcon.colcon_core.verb:set package 'robot_utils' build argument 'cmake_target_skip_unavailable' from command line to 'False'
[0.236s] Level 5:colcon.colcon_core.verb:set package 'robot_utils' build argument 'cmake_clean_cache' from command line to 'False'
[0.236s] Level 5:colcon.colcon_core.verb:set package 'robot_utils' build argument 'cmake_clean_first' from command line to 'False'
[0.236s] Level 5:colcon.colcon_core.verb:set package 'robot_utils' build argument 'cmake_force_configure' from command line to 'False'
[0.236s] Level 5:colcon.colcon_core.verb:set package 'robot_utils' build argument 'ament_cmake_args' from command line to 'None'
[0.236s] Level 5:colcon.colcon_core.verb:set package 'robot_utils' build argument 'catkin_cmake_args' from command line to 'None'
[0.236s] Level 5:colcon.colcon_core.verb:set package 'robot_utils' build argument 'catkin_skip_building_tests' from command line to 'False'
[0.236s] DEBUG:colcon.colcon_core.verb:Building package 'robot_utils' with the following arguments: {'ament_cmake_args': None, 'build_base': '/home/kartik/robot_arm/build/robot_utils', 'catkin_cmake_args': None, 'catkin_skip_building_tests': False, 'cmake_args': None, 'cmake_clean_cache': False, 'cmake_clean_first': False, 'cmake_force_configure': False, 'cmake_target': None, 'cmake_target_skip_unavailable': False, 'install_base': '/home/kartik/robot_arm/install/robot_utils', 'merge_install': False, 'path': '/home/kartik/robot_arm/src/robot_utils', 'symlink_install': False, 'test_result_base': None}
[0.236s] INFO:colcon.colcon_core.executor:Executing jobs using 'parallel' executor
[0.237s] DEBUG:colcon.colcon_parallel_executor.executor.parallel:run_until_complete
[0.237s] INFO:colcon.colcon_ros.task.ament_cmake.build:Building ROS package in '/home/kartik/robot_arm/src/robot_msgs' with build type 'ament_cmake'
[0.237s] INFO:colcon.colcon_cmake.task.cmake.build:Building CMake package in '/home/kartik/robot_arm/src/robot_msgs'
[0.239s] INFO:colcon.colcon_core.plugin_system:Skipping extension 'colcon_core.shell.bat': Not used on non-Windows systems
[0.239s] INFO:colcon.colcon_core.shell:Skip shell extension 'powershell' for command environment: Not usable outside of PowerShell
[0.239s] DEBUG:colcon.colcon_core.shell:Skip shell extension 'dsv' for command environment
[0.243s] INFO:colcon.colcon_ros.task.ament_cmake.build:Building ROS package in '/home/kartik/robot_arm/src/robot_controller' with build type 'ament_cmake'
[0.243s] INFO:colcon.colcon_cmake.task.cmake.build:Building CMake package in '/home/kartik/robot_arm/src/robot_controller'
[0.243s] INFO:colcon.colcon_core.shell:Skip shell extension 'powershell' for command environment: Not usable outside of PowerShell
[0.243s] DEBUG:colcon.colcon_core.shell:Skip shell extension 'dsv' for command environment
[0.247s] INFO:colcon.colcon_ros.task.ament_cmake.build:Building ROS package in '/home/kartik/robot_arm/src/robot_description' with build type 'ament_cmake'
[0.247s] INFO:colcon.colcon_cmake.task.cmake.build:Building CMake package in '/home/kartik/robot_arm/src/robot_description'
[0.247s] INFO:colcon.colcon_core.shell:Skip shell extension 'powershell' for command environment: Not usable outside of PowerShell
[0.247s] DEBUG:colcon.colcon_core.shell:Skip shell extension 'dsv' for command environment
[0.252s] INFO:colcon.colcon_ros.task.ament_cmake.build:Building ROS package in '/home/kartik/robot_arm/src/robot_moveit' with build type 'ament_cmake'
[0.252s] INFO:colcon.colcon_cmake.task.cmake.build:Building CMake package in '/home/kartik/robot_arm/src/robot_moveit'
[0.252s] INFO:colcon.colcon_core.shell:Skip shell extension 'powershell' for command environment: Not usable outside of PowerShell
[0.252s] DEBUG:colcon.colcon_core.shell:Skip shell extension 'dsv' for command environment
[0.256s] INFO:colcon.colcon_ros.task.ament_cmake.build:Building ROS package in '/home/kartik/robot_arm/src/so_arm_100_hardware' with build type 'ament_cmake'
[0.256s] INFO:colcon.colcon_cmake.task.cmake.build:Building CMake package in '/home/kartik/robot_arm/src/so_arm_100_hardware'
[0.256s] INFO:colcon.colcon_core.shell:Skip shell extension 'powershell' for command environment: Not usable outside of PowerShell
[0.256s] DEBUG:colcon.colcon_core.shell:Skip shell extension 'dsv' for command environment
[0.264s] DEBUG:colcon.colcon_core.event_handler.log_command:Invoking command in '/home/kartik/robot_arm/build/robot_msgs': CMAKE_PREFIX_PATH=${CMAKE_PREFIX_PATH}:/opt/ros/jazzy DEBUGINFOD_URLS=https://debuginfod.ubuntu.com /usr/bin/cmake --build /home/kartik/robot_arm/build/robot_msgs -- -j8 -l8
[0.267s] DEBUG:colcon.colcon_core.event_handler.log_command:Invoking command in '/home/kartik/robot_arm/build/robot_controller': CMAKE_PREFIX_PATH=${CMAKE_PREFIX_PATH}:/opt/ros/jazzy DEBUGINFOD_URLS=https://debuginfod.ubuntu.com /usr/bin/cmake --build /home/kartik/robot_arm/build/robot_controller -- -j8 -l8
[0.269s] DEBUG:colcon.colcon_core.event_handler.log_command:Invoking command in '/home/kartik/robot_arm/build/robot_description': CMAKE_PREFIX_PATH=${CMAKE_PREFIX_PATH}:/opt/ros/jazzy DEBUGINFOD_URLS=https://debuginfod.ubuntu.com /usr/bin/cmake --build /home/kartik/robot_arm/build/robot_description -- -j8 -l8
[0.272s] DEBUG:colcon.colcon_core.event_handler.log_command:Invoking command in '/home/kartik/robot_arm/build/robot_moveit': CMAKE_PREFIX_PATH=${CMAKE_PREFIX_PATH}:/opt/ros/jazzy DEBUGINFOD_URLS=https://debuginfod.ubuntu.com /usr/bin/cmake --build /home/kartik/robot_arm/build/robot_moveit -- -j8 -l8
[0.278s] DEBUG:colcon.colcon_core.event_handler.log_command:Invoking command in '/home/kartik/robot_arm/build/so_arm_100_hardware': CMAKE_PREFIX_PATH=${CMAKE_PREFIX_PATH}:/opt/ros/jazzy DEBUGINFOD_URLS=https://debuginfod.ubuntu.com /usr/bin/cmake /home/kartik/robot_arm/src/so_arm_100_hardware -DCMAKE_INSTALL_PREFIX=/home/kartik/robot_arm/install/so_arm_100_hardware
[0.307s] DEBUG:colcon.colcon_core.event_handler.log_command:Invoked command in '/home/kartik/robot_arm/build/robot_description' returned '0': CMAKE_PREFIX_PATH=${CMAKE_PREFIX_PATH}:/opt/ros/jazzy DEBUGINFOD_URLS=https://debuginfod.ubuntu.com /usr/bin/cmake --build /home/kartik/robot_arm/build/robot_description -- -j8 -l8
[0.318s] DEBUG:colcon.colcon_core.event_handler.log_command:Invoking command in '/home/kartik/robot_arm/build/robot_description': CMAKE_PREFIX_PATH=${CMAKE_PREFIX_PATH}:/opt/ros/jazzy DEBUGINFOD_URLS=https://debuginfod.ubuntu.com /usr/bin/cmake --install /home/kartik/robot_arm/build/robot_description
[0.319s] DEBUG:colcon.colcon_core.event_handler.log_command:Invoked command in '/home/kartik/robot_arm/build/robot_controller' returned '0': CMAKE_PREFIX_PATH=${CMAKE_PREFIX_PATH}:/opt/ros/jazzy DEBUGINFOD_URLS=https://debuginfod.ubuntu.com /usr/bin/cmake --build /home/kartik/robot_arm/build/robot_controller -- -j8 -l8
[0.321s] DEBUG:colcon.colcon_core.event_handler.log_command:Invoking command in '/home/kartik/robot_arm/build/robot_controller': CMAKE_PREFIX_PATH=${CMAKE_PREFIX_PATH}:/opt/ros/jazzy DEBUGINFOD_URLS=https://debuginfod.ubuntu.com /usr/bin/cmake --install /home/kartik/robot_arm/build/robot_controller
[0.322s] DEBUG:colcon.colcon_core.event_handler.log_command:Invoked command in '/home/kartik/robot_arm/build/robot_moveit' returned '0': CMAKE_PREFIX_PATH=${CMAKE_PREFIX_PATH}:/opt/ros/jazzy DEBUGINFOD_URLS=https://debuginfod.ubuntu.com /usr/bin/cmake --build /home/kartik/robot_arm/build/robot_moveit -- -j8 -l8
[0.326s] DEBUG:colcon.colcon_core.event_handler.log_command:Invoking command in '/home/kartik/robot_arm/build/robot_moveit': CMAKE_PREFIX_PATH=${CMAKE_PREFIX_PATH}:/opt/ros/jazzy DEBUGINFOD_URLS=https://debuginfod.ubuntu.com /usr/bin/cmake --install /home/kartik/robot_arm/build/robot_moveit
[0.337s] Level 1:colcon.colcon_core.environment:create_environment_scripts_only(robot_controller)
[0.351s] Level 1:colcon.colcon_core.environment:checking '/home/kartik/robot_arm/install/robot_controller' for CMake module files
[0.352s] Level 1:colcon.colcon_core.environment:checking '/home/kartik/robot_arm/install/robot_controller' for CMake config files
[0.353s] DEBUG:colcon.colcon_core.event_handler.log_command:Invoked command in '/home/kartik/robot_arm/build/robot_controller' returned '0': CMAKE_PREFIX_PATH=${CMAKE_PREFIX_PATH}:/opt/ros/jazzy DEBUGINFOD_URLS=https://debuginfod.ubuntu.com /usr/bin/cmake --install /home/kartik/robot_arm/build/robot_controller
[0.353s] Level 1:colcon.colcon_core.shell:create_environment_hook('robot_controller', 'cmake_prefix_path')
[0.354s] INFO:colcon.colcon_core.shell:Creating environment hook '/home/kartik/robot_arm/install/robot_controller/share/robot_controller/hook/cmake_prefix_path.ps1'
[0.354s] INFO:colcon.colcon_core.shell:Creating environment descriptor '/home/kartik/robot_arm/install/robot_controller/share/robot_controller/hook/cmake_prefix_path.dsv'
[0.355s] INFO:colcon.colcon_core.shell:Creating environment hook '/home/kartik/robot_arm/install/robot_controller/share/robot_controller/hook/cmake_prefix_path.sh'
[0.357s] Level 1:colcon.colcon_core.environment:checking '/home/kartik/robot_arm/install/robot_controller/bin'
[0.357s] Level 1:colcon.colcon_core.environment:checking '/home/kartik/robot_arm/install/robot_controller/lib/pkgconfig/robot_controller.pc'
[0.357s] Level 1:colcon.colcon_core.environment:checking '/home/kartik/robot_arm/install/robot_controller/lib/python3.12/site-packages'
[0.358s] Level 1:colcon.colcon_core.environment:checking '/home/kartik/robot_arm/install/robot_controller/bin'
[0.358s] INFO:colcon.colcon_core.shell:Creating package script '/home/kartik/robot_arm/install/robot_controller/share/robot_controller/package.ps1'
[0.359s] INFO:colcon.colcon_core.shell:Creating package descriptor '/home/kartik/robot_arm/install/robot_controller/share/robot_controller/package.dsv'
[0.360s] INFO:colcon.colcon_core.shell:Creating package script '/home/kartik/robot_arm/install/robot_controller/share/robot_controller/package.sh'
[0.361s] INFO:colcon.colcon_core.shell:Creating package script '/home/kartik/robot_arm/install/robot_controller/share/robot_controller/package.bash'
[0.362s] INFO:colcon.colcon_core.shell:Creating package script '/home/kartik/robot_arm/install/robot_controller/share/robot_controller/package.zsh'
[0.363s] Level 1:colcon.colcon_core.environment:create_file_with_runtime_dependencies(/home/kartik/robot_arm/install/robot_controller/share/colcon-core/packages/robot_controller)
[0.364s] Level 1:colcon.colcon_core.environment:create_environment_scripts_only(robot_controller)
[0.365s] Level 1:colcon.colcon_core.environment:checking '/home/kartik/robot_arm/install/robot_controller' for CMake module files
[0.366s] Level 1:colcon.colcon_core.environment:checking '/home/kartik/robot_arm/install/robot_controller' for CMake config files
[0.366s] Level 1:colcon.colcon_core.shell:create_environment_hook('robot_controller', 'cmake_prefix_path')
[0.366s] INFO:colcon.colcon_core.shell:Creating environment hook '/home/kartik/robot_arm/install/robot_controller/share/robot_controller/hook/cmake_prefix_path.ps1'
[0.367s] INFO:colcon.colcon_core.shell:Creating environment descriptor '/home/kartik/robot_arm/install/robot_controller/share/robot_controller/hook/cmake_prefix_path.dsv'
[0.368s] INFO:colcon.colcon_core.shell:Creating environment hook '/home/kartik/robot_arm/install/robot_controller/share/robot_controller/hook/cmake_prefix_path.sh'
[0.369s] Level 1:colcon.colcon_core.environment:checking '/home/kartik/robot_arm/install/robot_controller/bin'
[0.369s] Level 1:colcon.colcon_core.environment:checking '/home/kartik/robot_arm/install/robot_controller/lib/pkgconfig/robot_controller.pc'
[0.369s] Level 1:colcon.colcon_core.environment:checking '/home/kartik/robot_arm/install/robot_controller/lib/python3.12/site-packages'
[0.370s] Level 1:colcon.colcon_core.environment:checking '/home/kartik/robot_arm/install/robot_controller/bin'
[0.371s] INFO:colcon.colcon_core.shell:Creating package script '/home/kartik/robot_arm/install/robot_controller/share/robot_controller/package.ps1'
[0.373s] INFO:colcon.colcon_core.shell:Creating package descriptor '/home/kartik/robot_arm/install/robot_controller/share/robot_controller/package.dsv'
[0.374s] INFO:colcon.colcon_core.shell:Creating package script '/home/kartik/robot_arm/install/robot_controller/share/robot_controller/package.sh'
[0.374s] INFO:colcon.colcon_core.shell:Creating package script '/home/kartik/robot_arm/install/robot_controller/share/robot_controller/package.bash'
[0.375s] INFO:colcon.colcon_core.shell:Creating package script '/home/kartik/robot_arm/install/robot_controller/share/robot_controller/package.zsh'
[0.376s] Level 1:colcon.colcon_core.environment:create_file_with_runtime_dependencies(/home/kartik/robot_arm/install/robot_controller/share/colcon-core/packages/robot_controller)
[0.376s] Level 1:colcon.colcon_core.environment:create_environment_scripts_only(robot_description)
[0.377s] Level 1:colcon.colcon_core.environment:checking '/home/kartik/robot_arm/install/robot_description' for CMake module files
[0.378s] DEBUG:colcon.colcon_core.event_handler.log_command:Invoked command in '/home/kartik/robot_arm/build/robot_description' returned '0': CMAKE_PREFIX_PATH=${CMAKE_PREFIX_PATH}:/opt/ros/jazzy DEBUGINFOD_URLS=https://debuginfod.ubuntu.com /usr/bin/cmake --install /home/kartik/robot_arm/build/robot_description
[0.379s] Level 1:colcon.colcon_core.environment:checking '/home/kartik/robot_arm/install/robot_description' for CMake config files
[0.379s] Level 1:colcon.colcon_core.shell:create_environment_hook('robot_description', 'cmake_prefix_path')
[0.380s] INFO:colcon.colcon_core.shell:Creating environment hook '/home/kartik/robot_arm/install/robot_description/share/robot_description/hook/cmake_prefix_path.ps1'
[0.380s] INFO:colcon.colcon_core.shell:Creating environment descriptor '/home/kartik/robot_arm/install/robot_description/share/robot_description/hook/cmake_prefix_path.dsv'
[0.381s] INFO:colcon.colcon_core.shell:Creating environment hook '/home/kartik/robot_arm/install/robot_description/share/robot_description/hook/cmake_prefix_path.sh'
[0.382s] Level 1:colcon.colcon_core.environment:checking '/home/kartik/robot_arm/install/robot_description/bin'
[0.382s] Level 1:colcon.colcon_core.environment:checking '/home/kartik/robot_arm/install/robot_description/lib/pkgconfig/robot_description.pc'
[0.382s] Level 1:colcon.colcon_core.environment:checking '/home/kartik/robot_arm/install/robot_description/lib/python3.12/site-packages'
[0.383s] Level 1:colcon.colcon_core.environment:checking '/home/kartik/robot_arm/install/robot_description/bin'
[0.383s] INFO:colcon.colcon_core.shell:Creating package script '/home/kartik/robot_arm/install/robot_description/share/robot_description/package.ps1'
[0.384s] INFO:colcon.colcon_core.shell:Creating package descriptor '/home/kartik/robot_arm/install/robot_description/share/robot_description/package.dsv'
[0.387s] INFO:colcon.colcon_core.shell:Creating package script '/home/kartik/robot_arm/install/robot_description/share/robot_description/package.sh'
[0.388s] INFO:colcon.colcon_core.shell:Creating package script '/home/kartik/robot_arm/install/robot_description/share/robot_description/package.bash'
[0.388s] INFO:colcon.colcon_core.shell:Creating package script '/home/kartik/robot_arm/install/robot_description/share/robot_description/package.zsh'
[0.389s] Level 1:colcon.colcon_core.environment:create_file_with_runtime_dependencies(/home/kartik/robot_arm/install/robot_description/share/colcon-core/packages/robot_description)
[0.389s] Level 1:colcon.colcon_core.environment:create_environment_scripts_only(robot_description)
[0.390s] Level 1:colcon.colcon_core.environment:checking '/home/kartik/robot_arm/install/robot_description' for CMake module files
[0.390s] Level 1:colcon.colcon_core.environment:checking '/home/kartik/robot_arm/install/robot_description' for CMake config files
[0.391s] Level 1:colcon.colcon_core.shell:create_environment_hook('robot_description', 'cmake_prefix_path')
[0.391s] INFO:colcon.colcon_core.shell:Creating environment hook '/home/kartik/robot_arm/install/robot_description/share/robot_description/hook/cmake_prefix_path.ps1'
[0.392s] INFO:colcon.colcon_core.shell:Creating environment descriptor '/home/kartik/robot_arm/install/robot_description/share/robot_description/hook/cmake_prefix_path.dsv'
[0.393s] INFO:colcon.colcon_core.shell:Creating environment hook '/home/kartik/robot_arm/install/robot_description/share/robot_description/hook/cmake_prefix_path.sh'
[0.394s] Level 1:colcon.colcon_core.environment:checking '/home/kartik/robot_arm/install/robot_description/bin'
[0.394s] Level 1:colcon.colcon_core.environment:checking '/home/kartik/robot_arm/install/robot_description/lib/pkgconfig/robot_description.pc'
[0.394s] Level 1:colcon.colcon_core.environment:checking '/home/kartik/robot_arm/install/robot_description/lib/python3.12/site-packages'
[0.395s] Level 1:colcon.colcon_core.environment:checking '/home/kartik/robot_arm/install/robot_description/bin'
[0.395s] INFO:colcon.colcon_core.shell:Creating package script '/home/kartik/robot_arm/install/robot_description/share/robot_description/package.ps1'
[0.396s] INFO:colcon.colcon_core.shell:Creating package descriptor '/home/kartik/robot_arm/install/robot_description/share/robot_description/package.dsv'
[0.397s] INFO:colcon.colcon_core.shell:Creating package script '/home/kartik/robot_arm/install/robot_description/share/robot_description/package.sh'
[0.398s] INFO:colcon.colcon_core.shell:Creating package script '/home/kartik/robot_arm/install/robot_description/share/robot_description/package.bash'
[0.399s] INFO:colcon.colcon_core.shell:Creating package script '/home/kartik/robot_arm/install/robot_description/share/robot_description/package.zsh'
[0.399s] Level 1:colcon.colcon_core.environment:create_file_with_runtime_dependencies(/home/kartik/robot_arm/install/robot_description/share/colcon-core/packages/robot_description)
[0.400s] Level 1:colcon.colcon_core.environment:create_environment_scripts_only(robot_moveit)
[0.401s] Level 1:colcon.colcon_core.environment:checking '/home/kartik/robot_arm/install/robot_moveit' for CMake module files
[0.402s] DEBUG:colcon.colcon_core.event_handler.log_command:Invoked command in '/home/kartik/robot_arm/build/robot_moveit' returned '0': CMAKE_PREFIX_PATH=${CMAKE_PREFIX_PATH}:/opt/ros/jazzy DEBUGINFOD_URLS=https://debuginfod.ubuntu.com /usr/bin/cmake --install /home/kartik/robot_arm/build/robot_moveit
[0.402s] Level 1:colcon.colcon_core.environment:checking '/home/kartik/robot_arm/install/robot_moveit' for CMake config files
[0.402s] Level 1:colcon.colcon_core.shell:create_environment_hook('robot_moveit', 'cmake_prefix_path')
[0.403s] INFO:colcon.colcon_core.shell:Creating environment hook '/home/kartik/robot_arm/install/robot_moveit/share/robot_moveit/hook/cmake_prefix_path.ps1'
[0.403s] INFO:colcon.colcon_core.shell:Creating environment descriptor '/home/kartik/robot_arm/install/robot_moveit/share/robot_moveit/hook/cmake_prefix_path.dsv'
[0.404s] INFO:colcon.colcon_core.shell:Creating environment hook '/home/kartik/robot_arm/install/robot_moveit/share/robot_moveit/hook/cmake_prefix_path.sh'
[0.405s] Level 1:colcon.colcon_core.environment:checking '/home/kartik/robot_arm/install/robot_moveit/bin'
[0.405s] Level 1:colcon.colcon_core.environment:checking '/home/kartik/robot_arm/install/robot_moveit/lib/pkgconfig/robot_moveit.pc'
[0.405s] Level 1:colcon.colcon_core.environment:checking '/home/kartik/robot_arm/install/robot_moveit/lib/python3.12/site-packages'
[0.406s] Level 1:colcon.colcon_core.environment:checking '/home/kartik/robot_arm/install/robot_moveit/bin'
[0.406s] INFO:colcon.colcon_core.shell:Creating package script '/home/kartik/robot_arm/install/robot_moveit/share/robot_moveit/package.ps1'
[0.407s] INFO:colcon.colcon_core.shell:Creating package descriptor '/home/kartik/robot_arm/install/robot_moveit/share/robot_moveit/package.dsv'
[0.407s] INFO:colcon.colcon_core.shell:Creating package script '/home/kartik/robot_arm/install/robot_moveit/share/robot_moveit/package.sh'
[0.408s] INFO:colcon.colcon_core.shell:Creating package script '/home/kartik/robot_arm/install/robot_moveit/share/robot_moveit/package.bash'
[0.408s] INFO:colcon.colcon_core.shell:Creating package script '/home/kartik/robot_arm/install/robot_moveit/share/robot_moveit/package.zsh'
[0.408s] Level 1:colcon.colcon_core.environment:create_file_with_runtime_dependencies(/home/kartik/robot_arm/install/robot_moveit/share/colcon-core/packages/robot_moveit)
[0.409s] Level 1:colcon.colcon_core.environment:create_environment_scripts_only(robot_moveit)
[0.409s] Level 1:colcon.colcon_core.environment:checking '/home/kartik/robot_arm/install/robot_moveit' for CMake module files
[0.410s] Level 1:colcon.colcon_core.environment:checking '/home/kartik/robot_arm/install/robot_moveit' for CMake config files
[0.410s] Level 1:colcon.colcon_core.shell:create_environment_hook('robot_moveit', 'cmake_prefix_path')
[0.410s] INFO:colcon.colcon_core.shell:Creating environment hook '/home/kartik/robot_arm/install/robot_moveit/share/robot_moveit/hook/cmake_prefix_path.ps1'
[0.410s] INFO:colcon.colcon_core.shell:Creating environment descriptor '/home/kartik/robot_arm/install/robot_moveit/share/robot_moveit/hook/cmake_prefix_path.dsv'
[0.411s] INFO:colcon.colcon_core.shell:Creating environment hook '/home/kartik/robot_arm/install/robot_moveit/share/robot_moveit/hook/cmake_prefix_path.sh'
[0.411s] Level 1:colcon.colcon_core.environment:checking '/home/kartik/robot_arm/install/robot_moveit/bin'
[0.411s] Level 1:colcon.colcon_core.environment:checking '/home/kartik/robot_arm/install/robot_moveit/lib/pkgconfig/robot_moveit.pc'
[0.412s] Level 1:colcon.colcon_core.environment:checking '/home/kartik/robot_arm/install/robot_moveit/lib/python3.12/site-packages'
[0.412s] Level 1:colcon.colcon_core.environment:checking '/home/kartik/robot_arm/install/robot_moveit/bin'
[0.413s] INFO:colcon.colcon_core.shell:Creating package script '/home/kartik/robot_arm/install/robot_moveit/share/robot_moveit/package.ps1'
[0.413s] INFO:colcon.colcon_core.shell:Creating package descriptor '/home/kartik/robot_arm/install/robot_moveit/share/robot_moveit/package.dsv'
[0.414s] INFO:colcon.colcon_core.shell:Creating package script '/home/kartik/robot_arm/install/robot_moveit/share/robot_moveit/package.sh'
[0.414s] INFO:colcon.colcon_core.shell:Creating package script '/home/kartik/robot_arm/install/robot_moveit/share/robot_moveit/package.bash'
[0.415s] INFO:colcon.colcon_core.shell:Creating package script '/home/kartik/robot_arm/install/robot_moveit/share/robot_moveit/package.zsh'
[0.415s] Level 1:colcon.colcon_core.environment:create_file_with_runtime_dependencies(/home/kartik/robot_arm/install/robot_moveit/share/colcon-core/packages/robot_moveit)
[0.750s] DEBUG:colcon.colcon_core.event_handler.log_command:Invoked command in '/home/kartik/robot_arm/build/robot_msgs' returned '0': CMAKE_PREFIX_PATH=${CMAKE_PREFIX_PATH}:/opt/ros/jazzy DEBUGINFOD_URLS=https://debuginfod.ubuntu.com /usr/bin/cmake --build /home/kartik/robot_arm/build/robot_msgs -- -j8 -l8
[0.751s] DEBUG:colcon.colcon_core.event_handler.log_command:Invoking command in '/home/kartik/robot_arm/build/robot_msgs': CMAKE_PREFIX_PATH=${CMAKE_PREFIX_PATH}:/opt/ros/jazzy DEBUGINFOD_URLS=https://debuginfod.ubuntu.com /usr/bin/cmake --install /home/kartik/robot_arm/build/robot_msgs
[0.814s] Level 1:colcon.colcon_core.environment:create_environment_scripts_only(robot_msgs)
[0.815s] Level 1:colcon.colcon_core.environment:checking '/home/kartik/robot_arm/install/robot_msgs' for CMake module files
[0.816s] Level 1:colcon.colcon_core.environment:checking '/home/kartik/robot_arm/install/robot_msgs' for CMake config files
[0.818s] DEBUG:colcon.colcon_core.event_handler.log_command:Invoked command in '/home/kartik/robot_arm/build/robot_msgs' returned '0': CMAKE_PREFIX_PATH=${CMAKE_PREFIX_PATH}:/opt/ros/jazzy DEBUGINFOD_URLS=https://debuginfod.ubuntu.com /usr/bin/cmake --install /home/kartik/robot_arm/build/robot_msgs
[0.818s] Level 1:colcon.colcon_core.shell:create_environment_hook('robot_msgs', 'cmake_prefix_path')
[0.818s] INFO:colcon.colcon_core.shell:Creating environment hook '/home/kartik/robot_arm/install/robot_msgs/share/robot_msgs/hook/cmake_prefix_path.ps1'
[0.819s] INFO:colcon.colcon_core.shell:Creating environment descriptor '/home/kartik/robot_arm/install/robot_msgs/share/robot_msgs/hook/cmake_prefix_path.dsv'
[0.819s] INFO:colcon.colcon_core.shell:Creating environment hook '/home/kartik/robot_arm/install/robot_msgs/share/robot_msgs/hook/cmake_prefix_path.sh'
[0.820s] Level 1:colcon.colcon_core.environment:checking '/home/kartik/robot_arm/install/robot_msgs/lib'
[0.820s] Level 1:colcon.colcon_core.shell:create_environment_hook('robot_msgs', 'ld_library_path_lib')
[0.820s] INFO:colcon.colcon_core.shell:Creating environment hook '/home/kartik/robot_arm/install/robot_msgs/share/robot_msgs/hook/ld_library_path_lib.ps1'
[0.821s] INFO:colcon.colcon_core.shell:Creating environment descriptor '/home/kartik/robot_arm/install/robot_msgs/share/robot_msgs/hook/ld_library_path_lib.dsv'
[0.821s] INFO:colcon.colcon_core.shell:Creating environment hook '/home/kartik/robot_arm/install/robot_msgs/share/robot_msgs/hook/ld_library_path_lib.sh'
[0.821s] Level 1:colcon.colcon_core.environment:checking '/home/kartik/robot_arm/install/robot_msgs/bin'
[0.821s] Level 1:colcon.colcon_core.environment:checking '/home/kartik/robot_arm/install/robot_msgs/lib/pkgconfig/robot_msgs.pc'
[0.822s] Level 1:colcon.colcon_core.environment:checking '/home/kartik/robot_arm/install/robot_msgs/lib/python3.12/site-packages'
[0.822s] Level 1:colcon.colcon_core.shell:create_environment_hook('robot_msgs', 'pythonpath')
[0.822s] INFO:colcon.colcon_core.shell:Creating environment hook '/home/kartik/robot_arm/install/robot_msgs/share/robot_msgs/hook/pythonpath.ps1'
[0.823s] INFO:colcon.colcon_core.shell:Creating environment descriptor '/home/kartik/robot_arm/install/robot_msgs/share/robot_msgs/hook/pythonpath.dsv'
[0.823s] INFO:colcon.colcon_core.shell:Creating environment hook '/home/kartik/robot_arm/install/robot_msgs/share/robot_msgs/hook/pythonpath.sh'
[0.824s] Level 1:colcon.colcon_core.environment:checking '/home/kartik/robot_arm/install/robot_msgs/bin'
[0.824s] INFO:colcon.colcon_core.shell:Creating package script '/home/kartik/robot_arm/install/robot_msgs/share/robot_msgs/package.ps1'
[0.824s] INFO:colcon.colcon_core.shell:Creating package descriptor '/home/kartik/robot_arm/install/robot_msgs/share/robot_msgs/package.dsv'
[0.825s] INFO:colcon.colcon_core.shell:Creating package script '/home/kartik/robot_arm/install/robot_msgs/share/robot_msgs/package.sh'
[0.825s] INFO:colcon.colcon_core.shell:Creating package script '/home/kartik/robot_arm/install/robot_msgs/share/robot_msgs/package.bash'
[0.825s] INFO:colcon.colcon_core.shell:Creating package script '/home/kartik/robot_arm/install/robot_msgs/share/robot_msgs/package.zsh'
[0.826s] Level 1:colcon.colcon_core.environment:create_file_with_runtime_dependencies(/home/kartik/robot_arm/install/robot_msgs/share/colcon-core/packages/robot_msgs)
[0.826s] Level 1:colcon.colcon_core.environment:create_environment_scripts_only(robot_msgs)
[0.826s] Level 1:colcon.colcon_core.environment:checking '/home/kartik/robot_arm/install/robot_msgs' for CMake module files
[0.827s] Level 1:colcon.colcon_core.environment:checking '/home/kartik/robot_arm/install/robot_msgs' for CMake config files
[0.827s] Level 1:colcon.colcon_core.shell:create_environment_hook('robot_msgs', 'cmake_prefix_path')
[0.828s] INFO:colcon.colcon_core.shell:Creating environment hook '/home/kartik/robot_arm/install/robot_msgs/share/robot_msgs/hook/cmake_prefix_path.ps1'
[0.828s] INFO:colcon.colcon_core.shell:Creating environment descriptor '/home/kartik/robot_arm/install/robot_msgs/share/robot_msgs/hook/cmake_prefix_path.dsv'
[0.828s] INFO:colcon.colcon_core.shell:Creating environment hook '/home/kartik/robot_arm/install/robot_msgs/share/robot_msgs/hook/cmake_prefix_path.sh'
[0.829s] Level 1:colcon.colcon_core.environment:checking '/home/kartik/robot_arm/install/robot_msgs/lib'
[0.829s] Level 1:colcon.colcon_core.shell:create_environment_hook('robot_msgs', 'ld_library_path_lib')
[0.829s] INFO:colcon.colcon_core.shell:Creating environment hook '/home/kartik/robot_arm/install/robot_msgs/share/robot_msgs/hook/ld_library_path_lib.ps1'
[0.830s] INFO:colcon.colcon_core.shell:Creating environment descriptor '/home/kartik/robot_arm/install/robot_msgs/share/robot_msgs/hook/ld_library_path_lib.dsv'
[0.830s] INFO:colcon.colcon_core.shell:Creating environment hook '/home/kartik/robot_arm/install/robot_msgs/share/robot_msgs/hook/ld_library_path_lib.sh'
[0.831s] Level 1:colcon.colcon_core.environment:checking '/home/kartik/robot_arm/install/robot_msgs/bin'
[0.831s] Level 1:colcon.colcon_core.environment:checking '/home/kartik/robot_arm/install/robot_msgs/lib/pkgconfig/robot_msgs.pc'
[0.831s] Level 1:colcon.colcon_core.environment:checking '/home/kartik/robot_arm/install/robot_msgs/lib/python3.12/site-packages'
[0.831s] Level 1:colcon.colcon_core.shell:create_environment_hook('robot_msgs', 'pythonpath')
[0.831s] INFO:colcon.colcon_core.shell:Creating environment hook '/home/kartik/robot_arm/install/robot_msgs/share/robot_msgs/hook/pythonpath.ps1'
[0.832s] INFO:colcon.colcon_core.shell:Creating environment descriptor '/home/kartik/robot_arm/install/robot_msgs/share/robot_msgs/hook/pythonpath.dsv'
[0.832s] INFO:colcon.colcon_core.shell:Creating environment hook '/home/kartik/robot_arm/install/robot_msgs/share/robot_msgs/hook/pythonpath.sh'
[0.833s] Level 1:colcon.colcon_core.environment:checking '/home/kartik/robot_arm/install/robot_msgs/bin'
[0.833s] INFO:colcon.colcon_core.shell:Creating package script '/home/kartik/robot_arm/install/robot_msgs/share/robot_msgs/package.ps1'
[0.833s] INFO:colcon.colcon_core.shell:Creating package descriptor '/home/kartik/robot_arm/install/robot_msgs/share/robot_msgs/package.dsv'
[0.834s] INFO:colcon.colcon_core.shell:Creating package script '/home/kartik/robot_arm/install/robot_msgs/share/robot_msgs/package.sh'
[0.834s] INFO:colcon.colcon_core.shell:Creating package script '/home/kartik/robot_arm/install/robot_msgs/share/robot_msgs/package.bash'
[0.835s] INFO:colcon.colcon_core.shell:Creating package script '/home/kartik/robot_arm/install/robot_msgs/share/robot_msgs/package.zsh'
[0.835s] Level 1:colcon.colcon_core.environment:create_file_with_runtime_dependencies(/home/kartik/robot_arm/install/robot_msgs/share/colcon-core/packages/robot_msgs)
[0.835s] INFO:colcon.colcon_ros.task.ament_cmake.build:Building ROS package in '/home/kartik/robot_arm/src/robot_utils' with build type 'ament_cmake'
[0.836s] INFO:colcon.colcon_cmake.task.cmake.build:Building CMake package in '/home/kartik/robot_arm/src/robot_utils'
[0.836s] INFO:colcon.colcon_core.shell:Skip shell extension 'powershell' for command environment: Not usable outside of PowerShell
[0.836s] DEBUG:colcon.colcon_core.shell:Skip shell extension 'dsv' for command environment
[0.848s] DEBUG:colcon.colcon_core.event_handler.log_command:Invoking command in '/home/kartik/robot_arm/build/robot_utils': CMAKE_PREFIX_PATH=/home/kartik/robot_arm/install/robot_msgs:/home/kartik/robot_arm/install/so_arm_100_hardware:/home/kartik/robot_arm/install/so101_firmware:/home/kartik/robot_arm/install/robot_utils:/home/kartik/robot_arm/install/robot_moveit:/home/kartik/robot_arm/install/robot_description:/home/kartik/robot_arm/install/robot_controller:/opt/ros/jazzy/opt/gz_sim_vendor:/opt/ros/jazzy/opt/gz_sensors_vendor:/opt/ros/jazzy/opt/gz_physics_vendor:/opt/ros/jazzy/opt/sdformat_vendor:/opt/ros/jazzy/opt/gz_gui_vendor:/opt/ros/jazzy/opt/gz_transport_vendor:/opt/ros/jazzy/opt/gz_rendering_vendor:/opt/ros/jazzy/opt/gz_plugin_vendor:/opt/ros/jazzy/opt/gz_fuel_tools_vendor:/opt/ros/jazzy/opt/gz_msgs_vendor:/opt/ros/jazzy/opt/gz_common_vendor:/opt/ros/jazzy/opt/gz_math_vendor:/opt/ros/jazzy/opt/gz_utils_vendor:/opt/ros/jazzy/opt/gz_tools_vendor:/opt/ros/jazzy/opt/gz_ogre_next_vendor:/opt/ros/jazzy/opt/gz_dartsim_vendor:/opt/ros/jazzy/opt/gz_cmake_vendor:/opt/ros/jazzy DEBUGINFOD_URLS=https://debuginfod.ubuntu.com LD_LIBRARY_PATH=/home/kartik/robot_arm/install/robot_msgs/lib:/home/kartik/robot_arm/install/so_arm_100_hardware/lib:/opt/ros/jazzy/opt/gz_sim_vendor/lib:/opt/ros/jazzy/opt/gz_sensors_vendor/lib:/opt/ros/jazzy/opt/gz_physics_vendor/lib:/opt/ros/jazzy/opt/sdformat_vendor/lib:/opt/ros/jazzy/opt/rviz_ogre_vendor/lib:/opt/ros/jazzy/lib/x86_64-linux-gnu:/opt/ros/jazzy/opt/gz_gui_vendor/lib:/opt/ros/jazzy/opt/gz_transport_vendor/lib:/opt/ros/jazzy/opt/gz_rendering_vendor/lib:/opt/ros/jazzy/opt/gz_plugin_vendor/lib:/opt/ros/jazzy/opt/gz_fuel_tools_vendor/lib:/opt/ros/jazzy/opt/gz_msgs_vendor/lib:/opt/ros/jazzy/opt/gz_common_vendor/lib:/opt/ros/jazzy/opt/gz_math_vendor/lib:/opt/ros/jazzy/opt/gz_utils_vendor/lib:/opt/ros/jazzy/opt/gz_tools_vendor/lib:/opt/ros/jazzy/opt/gz_ogre_next_vendor/lib:/opt/ros/jazzy/opt/gz_dartsim_vendor/lib:/opt/ros/jazzy/opt/gz_cmake_vendor/lib:/opt/ros/jazzy/lib PYTHONPATH=/home/kartik/robot_arm/install/robot_msgs/lib/python3.12/site-packages:/home/kartik/robot_arm/install/robot_utils/lib/python3.12/site-packages:/opt/ros/jazzy/lib/python3.12/site-packages /usr/bin/cmake --build /home/kartik/robot_arm/build/robot_utils -- -j8 -l8
[1.263s] DEBUG:colcon.colcon_core.event_handler.log_command:Invoked command in '/home/kartik/robot_arm/build/robot_utils' returned '0': CMAKE_PREFIX_PATH=/home/kartik/robot_arm/install/robot_msgs:/home/kartik/robot_arm/install/so_arm_100_hardware:/home/kartik/robot_arm/install/so101_firmware:/home/kartik/robot_arm/install/robot_utils:/home/kartik/robot_arm/install/robot_moveit:/home/kartik/robot_arm/install/robot_description:/home/kartik/robot_arm/install/robot_controller:/opt/ros/jazzy/opt/gz_sim_vendor:/opt/ros/jazzy/opt/gz_sensors_vendor:/opt/ros/jazzy/opt/gz_physics_vendor:/opt/ros/jazzy/opt/sdformat_vendor:/opt/ros/jazzy/opt/gz_gui_vendor:/opt/ros/jazzy/opt/gz_transport_vendor:/opt/ros/jazzy/opt/gz_rendering_vendor:/opt/ros/jazzy/opt/gz_plugin_vendor:/opt/ros/jazzy/opt/gz_fuel_tools_vendor:/opt/ros/jazzy/opt/gz_msgs_vendor:/opt/ros/jazzy/opt/gz_common_vendor:/opt/ros/jazzy/opt/gz_math_vendor:/opt/ros/jazzy/opt/gz_utils_vendor:/opt/ros/jazzy/opt/gz_tools_vendor:/opt/ros/jazzy/opt/gz_ogre_next_vendor:/opt/ros/jazzy/opt/gz_dartsim_vendor:/opt/ros/jazzy/opt/gz_cmake_vendor:/opt/ros/jazzy DEBUGINFOD_URLS=https://debuginfod.ubuntu.com LD_LIBRARY_PATH=/home/kartik/robot_arm/install/robot_msgs/lib:/home/kartik/robot_arm/install/so_arm_100_hardware/lib:/opt/ros/jazzy/opt/gz_sim_vendor/lib:/opt/ros/jazzy/opt/gz_sensors_vendor/lib:/opt/ros/jazzy/opt/gz_physics_vendor/lib:/opt/ros/jazzy/opt/sdformat_vendor/lib:/opt/ros/jazzy/opt/rviz_ogre_vendor/lib:/opt/ros/jazzy/lib/x86_64-linux-gnu:/opt/ros/jazzy/opt/gz_gui_vendor/lib:/opt/ros/jazzy/opt/gz_transport_vendor/lib:/opt/ros/jazzy/opt/gz_rendering_vendor/lib:/opt/ros/jazzy/opt/gz_plugin_vendor/lib:/opt/ros/jazzy/opt/gz_fuel_tools_vendor/lib:/opt/ros/jazzy/opt/gz_msgs_vendor/lib:/opt/ros/jazzy/opt/gz_common_vendor/lib:/opt/ros/jazzy/opt/gz_math_vendor/lib:/opt/ros/jazzy/opt/gz_utils_vendor/lib:/opt/ros/jazzy/opt/gz_tools_vendor/lib:/opt/ros/jazzy/opt/gz_ogre_next_vendor/lib:/opt/ros/jazzy/opt/gz_dartsim_vendor/lib:/opt/ros/jazzy/opt/gz_cmake_vendor/lib:/opt/ros/jazzy/lib PYTHONPATH=/home/kartik/robot_arm/install/robot_msgs/lib/python3.12/site-packages:/home/kartik/robot_arm/install/robot_utils/lib/python3.12/site-packages:/opt/ros/jazzy/lib/python3.12/site-packages /usr/bin/cmake --build /home/kartik/robot_arm/build/robot_utils -- -j8 -l8
[1.265s] DEBUG:colcon.colcon_core.event_handler.log_command:Invoking command in '/home/kartik/robot_arm/build/robot_utils': CMAKE_PREFIX_PATH=/home/kartik/robot_arm/install/robot_msgs:/home/kartik/robot_arm/install/so_arm_100_hardware:/home/kartik/robot_arm/install/so101_firmware:/home/kartik/robot_arm/install/robot_utils:/home/kartik/robot_arm/install/robot_moveit:/home/kartik/robot_arm/install/robot_description:/home/kartik/robot_arm/install/robot_controller:/opt/ros/jazzy/opt/gz_sim_vendor:/opt/ros/jazzy/opt/gz_sensors_vendor:/opt/ros/jazzy/opt/gz_physics_vendor:/opt/ros/jazzy/opt/sdformat_vendor:/opt/ros/jazzy/opt/gz_gui_vendor:/opt/ros/jazzy/opt/gz_transport_vendor:/opt/ros/jazzy/opt/gz_rendering_vendor:/opt/ros/jazzy/opt/gz_plugin_vendor:/opt/ros/jazzy/opt/gz_fuel_tools_vendor:/opt/ros/jazzy/opt/gz_msgs_vendor:/opt/ros/jazzy/opt/gz_common_vendor:/opt/ros/jazzy/opt/gz_math_vendor:/opt/ros/jazzy/opt/gz_utils_vendor:/opt/ros/jazzy/opt/gz_tools_vendor:/opt/ros/jazzy/opt/gz_ogre_next_vendor:/opt/ros/jazzy/opt/gz_dartsim_vendor:/opt/ros/jazzy/opt/gz_cmake_vendor:/opt/ros/jazzy DEBUGINFOD_URLS=https://debuginfod.ubuntu.com LD_LIBRARY_PATH=/home/kartik/robot_arm/install/robot_msgs/lib:/home/kartik/robot_arm/install/so_arm_100_hardware/lib:/opt/ros/jazzy/opt/gz_sim_vendor/lib:/opt/ros/jazzy/opt/gz_sensors_vendor/lib:/opt/ros/jazzy/opt/gz_physics_vendor/lib:/opt/ros/jazzy/opt/sdformat_vendor/lib:/opt/ros/jazzy/opt/rviz_ogre_vendor/lib:/opt/ros/jazzy/lib/x86_64-linux-gnu:/opt/ros/jazzy/opt/gz_gui_vendor/lib:/opt/ros/jazzy/opt/gz_transport_vendor/lib:/opt/ros/jazzy/opt/gz_rendering_vendor/lib:/opt/ros/jazzy/opt/gz_plugin_vendor/lib:/opt/ros/jazzy/opt/gz_fuel_tools_vendor/lib:/opt/ros/jazzy/opt/gz_msgs_vendor/lib:/opt/ros/jazzy/opt/gz_common_vendor/lib:/opt/ros/jazzy/opt/gz_math_vendor/lib:/opt/ros/jazzy/opt/gz_utils_vendor/lib:/opt/ros/jazzy/opt/gz_tools_vendor/lib:/opt/ros/jazzy/opt/gz_ogre_next_vendor/lib:/opt/ros/jazzy/opt/gz_dartsim_vendor/lib:/opt/ros/jazzy/opt/gz_cmake_vendor/lib:/opt/ros/jazzy/lib PYTHONPATH=/home/kartik/robot_arm/install/robot_msgs/lib/python3.12/site-packages:/home/kartik/robot_arm/install/robot_utils/lib/python3.12/site-packages:/opt/ros/jazzy/lib/python3.12/site-packages /usr/bin/cmake --install /home/kartik/robot_arm/build/robot_utils
[1.287s] DEBUG:colcon.colcon_core.event_handler.log_command:Invoked command in '/home/kartik/robot_arm/build/so_arm_100_hardware' returned '0': CMAKE_PREFIX_PATH=${CMAKE_PREFIX_PATH}:/opt/ros/jazzy DEBUGINFOD_URLS=https://debuginfod.ubuntu.com /usr/bin/cmake /home/kartik/robot_arm/src/so_arm_100_hardware -DCMAKE_INSTALL_PREFIX=/home/kartik/robot_arm/install/so_arm_100_hardware
[1.288s] DEBUG:colcon.colcon_core.event_handler.log_command:Invoking command in '/home/kartik/robot_arm/build/so_arm_100_hardware': CMAKE_PREFIX_PATH=${CMAKE_PREFIX_PATH}:/opt/ros/jazzy DEBUGINFOD_URLS=https://debuginfod.ubuntu.com /usr/bin/cmake --build /home/kartik/robot_arm/build/so_arm_100_hardware -- -j8 -l8
[1.317s] Level 1:colcon.colcon_core.environment:create_environment_scripts_only(robot_utils)
[1.318s] Level 1:colcon.colcon_core.environment:checking '/home/kartik/robot_arm/install/robot_utils' for CMake module files
[1.318s] DEBUG:colcon.colcon_core.event_handler.log_command:Invoked command in '/home/kartik/robot_arm/build/robot_utils' returned '0': CMAKE_PREFIX_PATH=/home/kartik/robot_arm/install/robot_msgs:/home/kartik/robot_arm/install/so_arm_100_hardware:/home/kartik/robot_arm/install/so101_firmware:/home/kartik/robot_arm/install/robot_utils:/home/kartik/robot_arm/install/robot_moveit:/home/kartik/robot_arm/install/robot_description:/home/kartik/robot_arm/install/robot_controller:/opt/ros/jazzy/opt/gz_sim_vendor:/opt/ros/jazzy/opt/gz_sensors_vendor:/opt/ros/jazzy/opt/gz_physics_vendor:/opt/ros/jazzy/opt/sdformat_vendor:/opt/ros/jazzy/opt/gz_gui_vendor:/opt/ros/jazzy/opt/gz_transport_vendor:/opt/ros/jazzy/opt/gz_rendering_vendor:/opt/ros/jazzy/opt/gz_plugin_vendor:/opt/ros/jazzy/opt/gz_fuel_tools_vendor:/opt/ros/jazzy/opt/gz_msgs_vendor:/opt/ros/jazzy/opt/gz_common_vendor:/opt/ros/jazzy/opt/gz_math_vendor:/opt/ros/jazzy/opt/gz_utils_vendor:/opt/ros/jazzy/opt/gz_tools_vendor:/opt/ros/jazzy/opt/gz_ogre_next_vendor:/opt/ros/jazzy/opt/gz_dartsim_vendor:/opt/ros/jazzy/opt/gz_cmake_vendor:/opt/ros/jazzy DEBUGINFOD_URLS=https://debuginfod.ubuntu.com LD_LIBRARY_PATH=/home/kartik/robot_arm/install/robot_msgs/lib:/home/kartik/robot_arm/install/so_arm_100_hardware/lib:/opt/ros/jazzy/opt/gz_sim_vendor/lib:/opt/ros/jazzy/opt/gz_sensors_vendor/lib:/opt/ros/jazzy/opt/gz_physics_vendor/lib:/opt/ros/jazzy/opt/sdformat_vendor/lib:/opt/ros/jazzy/opt/rviz_ogre_vendor/lib:/opt/ros/jazzy/lib/x86_64-linux-gnu:/opt/ros/jazzy/opt/gz_gui_vendor/lib:/opt/ros/jazzy/opt/gz_transport_vendor/lib:/opt/ros/jazzy/opt/gz_rendering_vendor/lib:/opt/ros/jazzy/opt/gz_plugin_vendor/lib:/opt/ros/jazzy/opt/gz_fuel_tools_vendor/lib:/opt/ros/jazzy/opt/gz_msgs_vendor/lib:/opt/ros/jazzy/opt/gz_common_vendor/lib:/opt/ros/jazzy/opt/gz_math_vendor/lib:/opt/ros/jazzy/opt/gz_utils_vendor/lib:/opt/ros/jazzy/opt/gz_tools_vendor/lib:/opt/ros/jazzy/opt/gz_ogre_next_vendor/lib:/opt/ros/jazzy/opt/gz_dartsim_vendor/lib:/opt/ros/jazzy/opt/gz_cmake_vendor/lib:/opt/ros/jazzy/lib PYTHONPATH=/home/kartik/robot_arm/install/robot_msgs/lib/python3.12/site-packages:/home/kartik/robot_arm/install/robot_utils/lib/python3.12/site-packages:/opt/ros/jazzy/lib/python3.12/site-packages /usr/bin/cmake --install /home/kartik/robot_arm/build/robot_utils
[1.319s] Level 1:colcon.colcon_core.environment:checking '/home/kartik/robot_arm/install/robot_utils' for CMake config files
[1.319s] Level 1:colcon.colcon_core.shell:create_environment_hook('robot_utils', 'cmake_prefix_path')
[1.319s] INFO:colcon.colcon_core.shell:Creating environment hook '/home/kartik/robot_arm/install/robot_utils/share/robot_utils/hook/cmake_prefix_path.ps1'
[1.320s] INFO:colcon.colcon_core.shell:Creating environment descriptor '/home/kartik/robot_arm/install/robot_utils/share/robot_utils/hook/cmake_prefix_path.dsv'
[1.320s] INFO:colcon.colcon_core.shell:Creating environment hook '/home/kartik/robot_arm/install/robot_utils/share/robot_utils/hook/cmake_prefix_path.sh'
[1.321s] Level 1:colcon.colcon_core.environment:checking '/home/kartik/robot_arm/install/robot_utils/lib'
[1.321s] Level 1:colcon.colcon_core.environment:checking '/home/kartik/robot_arm/install/robot_utils/bin'
[1.321s] Level 1:colcon.colcon_core.environment:checking '/home/kartik/robot_arm/install/robot_utils/lib/pkgconfig/robot_utils.pc'
[1.321s] Level 1:colcon.colcon_core.environment:checking '/home/kartik/robot_arm/install/robot_utils/lib/python3.12/site-packages'
[1.321s] Level 1:colcon.colcon_core.shell:create_environment_hook('robot_utils', 'pythonpath')
[1.321s] INFO:colcon.colcon_core.shell:Creating environment hook '/home/kartik/robot_arm/install/robot_utils/share/robot_utils/hook/pythonpath.ps1'
[1.322s] INFO:colcon.colcon_core.shell:Creating environment descriptor '/home/kartik/robot_arm/install/robot_utils/share/robot_utils/hook/pythonpath.dsv'
[1.322s] INFO:colcon.colcon_core.shell:Creating environment hook '/home/kartik/robot_arm/install/robot_utils/share/robot_utils/hook/pythonpath.sh'
[1.323s] Level 1:colcon.colcon_core.environment:checking '/home/kartik/robot_arm/install/robot_utils/bin'
[1.323s] INFO:colcon.colcon_core.shell:Creating package script '/home/kartik/robot_arm/install/robot_utils/share/robot_utils/package.ps1'
[1.324s] INFO:colcon.colcon_core.shell:Creating package descriptor '/home/kartik/robot_arm/install/robot_utils/share/robot_utils/package.dsv'
[1.324s] INFO:colcon.colcon_core.shell:Creating package script '/home/kartik/robot_arm/install/robot_utils/share/robot_utils/package.sh'
[1.325s] INFO:colcon.colcon_core.shell:Creating package script '/home/kartik/robot_arm/install/robot_utils/share/robot_utils/package.bash'
[1.325s] INFO:colcon.colcon_core.shell:Creating package script '/home/kartik/robot_arm/install/robot_utils/share/robot_utils/package.zsh'
[1.325s] Level 1:colcon.colcon_core.environment:create_file_with_runtime_dependencies(/home/kartik/robot_arm/install/robot_utils/share/colcon-core/packages/robot_utils)
[1.326s] Level 1:colcon.colcon_core.environment:create_environment_scripts_only(robot_utils)
[1.326s] Level 1:colcon.colcon_core.environment:checking '/home/kartik/robot_arm/install/robot_utils' for CMake module files
[1.327s] Level 1:colcon.colcon_core.environment:checking '/home/kartik/robot_arm/install/robot_utils' for CMake config files
[1.327s] Level 1:colcon.colcon_core.shell:create_environment_hook('robot_utils', 'cmake_prefix_path')
[1.327s] INFO:colcon.colcon_core.shell:Creating environment hook '/home/kartik/robot_arm/install/robot_utils/share/robot_utils/hook/cmake_prefix_path.ps1'
[1.327s] INFO:colcon.colcon_core.shell:Creating environment descriptor '/home/kartik/robot_arm/install/robot_utils/share/robot_utils/hook/cmake_prefix_path.dsv'
[1.328s] INFO:colcon.colcon_core.shell:Creating environment hook '/home/kartik/robot_arm/install/robot_utils/share/robot_utils/hook/cmake_prefix_path.sh'
[1.328s] Level 1:colcon.colcon_core.environment:checking '/home/kartik/robot_arm/install/robot_utils/lib'
[1.328s] Level 1:colcon.colcon_core.environment:checking '/home/kartik/robot_arm/install/robot_utils/bin'
[1.328s] Level 1:colcon.colcon_core.environment:checking '/home/kartik/robot_arm/install/robot_utils/lib/pkgconfig/robot_utils.pc'
[1.329s] Level 1:colcon.colcon_core.environment:checking '/home/kartik/robot_arm/install/robot_utils/lib/python3.12/site-packages'
[1.329s] Level 1:colcon.colcon_core.shell:create_environment_hook('robot_utils', 'pythonpath')
[1.329s] INFO:colcon.colcon_core.shell:Creating environment hook '/home/kartik/robot_arm/install/robot_utils/share/robot_utils/hook/pythonpath.ps1'
[1.329s] INFO:colcon.colcon_core.shell:Creating environment descriptor '/home/kartik/robot_arm/install/robot_utils/share/robot_utils/hook/pythonpath.dsv'
[1.330s] INFO:colcon.colcon_core.shell:Creating environment hook '/home/kartik/robot_arm/install/robot_utils/share/robot_utils/hook/pythonpath.sh'
[1.330s] Level 1:colcon.colcon_core.environment:checking '/home/kartik/robot_arm/install/robot_utils/bin'
[1.330s] INFO:colcon.colcon_core.shell:Creating package script '/home/kartik/robot_arm/install/robot_utils/share/robot_utils/package.ps1'
[1.331s] INFO:colcon.colcon_core.shell:Creating package descriptor '/home/kartik/robot_arm/install/robot_utils/share/robot_utils/package.dsv'
[1.331s] INFO:colcon.colcon_core.shell:Creating package script '/home/kartik/robot_arm/install/robot_utils/share/robot_utils/package.sh'
[1.332s] INFO:colcon.colcon_core.shell:Creating package script '/home/kartik/robot_arm/install/robot_utils/share/robot_utils/package.bash'
[1.332s] INFO:colcon.colcon_core.shell:Creating package script '/home/kartik/robot_arm/install/robot_utils/share/robot_utils/package.zsh'
[1.332s] Level 1:colcon.colcon_core.environment:create_file_with_runtime_dependencies(/home/kartik/robot_arm/install/robot_utils/share/colcon-core/packages/robot_utils)
[1.736s] DEBUG:colcon.colcon_core.event_handler.log_command:Invoked command in '/home/kartik/robot_arm/build/so_arm_100_hardware' returned '0': CMAKE_PREFIX_PATH=${CMAKE_PREFIX_PATH}:/opt/ros/jazzy DEBUGINFOD_URLS=https://debuginfod.ubuntu.com /usr/bin/cmake --build /home/kartik/robot_arm/build/so_arm_100_hardware -- -j8 -l8
[1.737s] DEBUG:colcon.colcon_core.event_handler.log_command:Invoking command in '/home/kartik/robot_arm/build/so_arm_100_hardware': CMAKE_PREFIX_PATH=${CMAKE_PREFIX_PATH}:/opt/ros/jazzy DEBUGINFOD_URLS=https://debuginfod.ubuntu.com /usr/bin/cmake --install /home/kartik/robot_arm/build/so_arm_100_hardware
[1.766s] Level 1:colcon.colcon_core.environment:create_environment_scripts_only(so_arm_100_hardware)
[1.766s] Level 1:colcon.colcon_core.environment:checking '/home/kartik/robot_arm/install/so_arm_100_hardware' for CMake module files
[1.767s] DEBUG:colcon.colcon_core.event_handler.log_command:Invoked command in '/home/kartik/robot_arm/build/so_arm_100_hardware' returned '0': CMAKE_PREFIX_PATH=${CMAKE_PREFIX_PATH}:/opt/ros/jazzy DEBUGINFOD_URLS=https://debuginfod.ubuntu.com /usr/bin/cmake --install /home/kartik/robot_arm/build/so_arm_100_hardware
[1.767s] Level 1:colcon.colcon_core.environment:checking '/home/kartik/robot_arm/install/so_arm_100_hardware' for CMake config files
[1.767s] Level 1:colcon.colcon_core.shell:create_environment_hook('so_arm_100_hardware', 'cmake_prefix_path')
[1.768s] INFO:colcon.colcon_core.shell:Creating environment hook '/home/kartik/robot_arm/install/so_arm_100_hardware/share/so_arm_100_hardware/hook/cmake_prefix_path.ps1'
[1.768s] INFO:colcon.colcon_core.shell:Creating environment descriptor '/home/kartik/robot_arm/install/so_arm_100_hardware/share/so_arm_100_hardware/hook/cmake_prefix_path.dsv'
[1.768s] INFO:colcon.colcon_core.shell:Creating environment hook '/home/kartik/robot_arm/install/so_arm_100_hardware/share/so_arm_100_hardware/hook/cmake_prefix_path.sh'
[1.769s] Level 1:colcon.colcon_core.environment:checking '/home/kartik/robot_arm/install/so_arm_100_hardware/lib'
[1.769s] Level 1:colcon.colcon_core.environment:checking '/home/kartik/robot_arm/install/so_arm_100_hardware/bin'
[1.769s] Level 1:colcon.colcon_core.environment:checking '/home/kartik/robot_arm/install/so_arm_100_hardware/lib/pkgconfig/so_arm_100_hardware.pc'
[1.769s] Level 1:colcon.colcon_core.environment:checking '/home/kartik/robot_arm/install/so_arm_100_hardware/lib/python3.12/site-packages'
[1.770s] Level 1:colcon.colcon_core.environment:checking '/home/kartik/robot_arm/install/so_arm_100_hardware/bin'
[1.770s] INFO:colcon.colcon_core.shell:Creating package script '/home/kartik/robot_arm/install/so_arm_100_hardware/share/so_arm_100_hardware/package.ps1'
[1.770s] INFO:colcon.colcon_core.shell:Creating package descriptor '/home/kartik/robot_arm/install/so_arm_100_hardware/share/so_arm_100_hardware/package.dsv'
[1.771s] INFO:colcon.colcon_core.shell:Creating package script '/home/kartik/robot_arm/install/so_arm_100_hardware/share/so_arm_100_hardware/package.sh'
[1.771s] INFO:colcon.colcon_core.shell:Creating package script '/home/kartik/robot_arm/install/so_arm_100_hardware/share/so_arm_100_hardware/package.bash'
[1.772s] INFO:colcon.colcon_core.shell:Creating package script '/home/kartik/robot_arm/install/so_arm_100_hardware/share/so_arm_100_hardware/package.zsh'
[1.772s] Level 1:colcon.colcon_core.environment:create_file_with_runtime_dependencies(/home/kartik/robot_arm/install/so_arm_100_hardware/share/colcon-core/packages/so_arm_100_hardware)
[1.772s] Level 1:colcon.colcon_core.environment:create_environment_scripts_only(so_arm_100_hardware)
[1.773s] Level 1:colcon.colcon_core.environment:checking '/home/kartik/robot_arm/install/so_arm_100_hardware' for CMake module files
[1.773s] Level 1:colcon.colcon_core.environment:checking '/home/kartik/robot_arm/install/so_arm_100_hardware' for CMake config files
[1.773s] Level 1:colcon.colcon_core.shell:create_environment_hook('so_arm_100_hardware', 'cmake_prefix_path')
[1.773s] INFO:colcon.colcon_core.shell:Creating environment hook '/home/kartik/robot_arm/install/so_arm_100_hardware/share/so_arm_100_hardware/hook/cmake_prefix_path.ps1'
[1.774s] INFO:colcon.colcon_core.shell:Creating environment descriptor '/home/kartik/robot_arm/install/so_arm_100_hardware/share/so_arm_100_hardware/hook/cmake_prefix_path.dsv'
[1.774s] INFO:colcon.colcon_core.shell:Creating environment hook '/home/kartik/robot_arm/install/so_arm_100_hardware/share/so_arm_100_hardware/hook/cmake_prefix_path.sh'
[1.775s] Level 1:colcon.colcon_core.environment:checking '/home/kartik/robot_arm/install/so_arm_100_hardware/lib'
[1.775s] Level 1:colcon.colcon_core.environment:checking '/home/kartik/robot_arm/install/so_arm_100_hardware/bin'
[1.775s] Level 1:colcon.colcon_core.environment:checking '/home/kartik/robot_arm/install/so_arm_100_hardware/lib/pkgconfig/so_arm_100_hardware.pc'
[1.775s] Level 1:colcon.colcon_core.environment:checking '/home/kartik/robot_arm/install/so_arm_100_hardware/lib/python3.12/site-packages'
[1.776s] Level 1:colcon.colcon_core.environment:checking '/home/kartik/robot_arm/install/so_arm_100_hardware/bin'
[1.776s] INFO:colcon.colcon_core.shell:Creating package script '/home/kartik/robot_arm/install/so_arm_100_hardware/share/so_arm_100_hardware/package.ps1'
[1.776s] INFO:colcon.colcon_core.shell:Creating package descriptor '/home/kartik/robot_arm/install/so_arm_100_hardware/share/so_arm_100_hardware/package.dsv'
[1.777s] INFO:colcon.colcon_core.shell:Creating package script '/home/kartik/robot_arm/install/so_arm_100_hardware/share/so_arm_100_hardware/package.sh'
[1.777s] INFO:colcon.colcon_core.shell:Creating package script '/home/kartik/robot_arm/install/so_arm_100_hardware/share/so_arm_100_hardware/package.bash'
[1.778s] INFO:colcon.colcon_core.shell:Creating package script '/home/kartik/robot_arm/install/so_arm_100_hardware/share/so_arm_100_hardware/package.zsh'
[1.778s] Level 1:colcon.colcon_core.environment:create_file_with_runtime_dependencies(/home/kartik/robot_arm/install/so_arm_100_hardware/share/colcon-core/packages/so_arm_100_hardware)
[1.778s] DEBUG:colcon.colcon_parallel_executor.executor.parallel:closing loop
[1.779s] DEBUG:colcon.colcon_parallel_executor.executor.parallel:loop closed
[1.779s] DEBUG:colcon.colcon_parallel_executor.executor.parallel:run_until_complete finished with '0'
[1.779s] DEBUG:colcon.colcon_core.event_reactor:joining thread
[1.784s] INFO:colcon.colcon_core.plugin_system:Skipping extension 'colcon_notification.desktop_notification.terminal_notifier': Not used on non-Darwin systems
[1.784s] INFO:colcon.colcon_core.plugin_system:Skipping extension 'colcon_notification.desktop_notification.win32': Not used on non-Windows systems
[1.784s] INFO:colcon.colcon_notification.desktop_notification:Sending desktop notification using 'notify2'
[1.796s] DEBUG:colcon.colcon_core.event_reactor:joined thread
[1.796s] INFO:colcon.colcon_core.shell:Creating prefix script '/home/kartik/robot_arm/install/local_setup.ps1'
[1.797s] INFO:colcon.colcon_core.shell:Creating prefix util module '/home/kartik/robot_arm/install/_local_setup_util_ps1.py'
[1.799s] INFO:colcon.colcon_core.shell:Creating prefix chain script '/home/kartik/robot_arm/install/setup.ps1'
[1.801s] INFO:colcon.colcon_core.shell:Creating prefix script '/home/kartik/robot_arm/install/local_setup.sh'
[1.802s] INFO:colcon.colcon_core.shell:Creating prefix util module '/home/kartik/robot_arm/install/_local_setup_util_sh.py'
[1.802s] INFO:colcon.colcon_core.shell:Creating prefix chain script '/home/kartik/robot_arm/install/setup.sh'
[1.804s] INFO:colcon.colcon_core.shell:Creating prefix script '/home/kartik/robot_arm/install/local_setup.bash'
[1.805s] INFO:colcon.colcon_core.shell:Creating prefix chain script '/home/kartik/robot_arm/install/setup.bash'
[1.806s] INFO:colcon.colcon_core.shell:Creating prefix script '/home/kartik/robot_arm/install/local_setup.zsh'
[1.806s] INFO:colcon.colcon_core.shell:Creating prefix chain script '/home/kartik/robot_arm/install/setup.zsh'
