[0.093s] DEBUG:colcon:Command line arguments: ['/usr/bin/colcon', 'build']
[0.093s] DEBUG:colcon:Parsed command line arguments: Namespace(log_base=None, log_level=None, verb_name='build', build_base='build', install_base='install', merge_install=False, symlink_install=False, test_result_base=None, continue_on_error=False, executor='parallel', parallel_workers=8, event_handlers=None, ignore_user_meta=False, metas=['./colcon.meta'], base_paths=['.'], packages_ignore=None, packages_ignore_regex=None, paths=None, packages_up_to=None, packages_up_to_regex=None, packages_above=None, packages_above_and_dependencies=None, packages_above_depth=None, packages_select_by_dep=None, packages_skip_by_dep=None, packages_skip_up_to=None, packages_select_build_failed=False, packages_skip_build_finished=False, packages_select_test_failures=False, packages_skip_test_passed=False, packages_select=None, packages_skip=None, packages_select_regex=None, packages_skip_regex=None, packages_start=None, packages_end=None, allow_overriding=[], cmake_args=None, cmake_target=None, cmake_target_skip_unavailable=False, cmake_clean_cache=False, cmake_clean_first=False, cmake_force_configure=False, ament_cmake_args=None, catkin_cmake_args=None, catkin_skip_building_tests=False, mixin_files=None, mixin=None, verb_parser=<colcon_mixin.mixin.mixin_argument.MixinArgumentDecorator object at 0x70c17fa83b30>, verb_extension=<colcon_core.verb.build.BuildVerb object at 0x70c17fa83740>, main=<bound method BuildVerb.main of <colcon_core.verb.build.BuildVerb object at 0x70c17fa83740>>, mixin_verb=('build',))
[0.126s] Level 1:colcon.colcon_core.package_discovery:discover_packages(colcon_meta) check parameters
[0.126s] Level 1:colcon.colcon_core.package_discovery:discover_packages(recursive) check parameters
[0.126s] Level 1:colcon.colcon_core.package_discovery:discover_packages(ignore) check parameters
[0.126s] Level 1:colcon.colcon_core.package_discovery:discover_packages(path) check parameters
[0.126s] Level 1:colcon.colcon_core.package_discovery:discover_packages(colcon_meta) discover
[0.127s] Level 1:colcon.colcon_core.package_discovery:discover_packages(recursive) discover
[0.127s] INFO:colcon.colcon_core.package_discovery:Crawling recursively for packages in '/home/kartik/robot_arm/src'
[0.127s] Level 1:colcon.colcon_core.package_identification:_identify(.) by extensions ['ignore', 'ignore_ament_install']
[0.127s] Level 1:colcon.colcon_core.package_identification:_identify(.) by extension 'ignore'
[0.127s] Level 1:colcon.colcon_core.package_identification:_identify(.) by extension 'ignore_ament_install'
[0.127s] Level 1:colcon.colcon_core.package_identification:_identify(.) by extensions ['colcon_pkg']
[0.127s] Level 1:colcon.colcon_core.package_identification:_identify(.) by extension 'colcon_pkg'
[0.127s] Level 1:colcon.colcon_core.package_identification:_identify(.) by extensions ['colcon_meta']
[0.127s] Level 1:colcon.colcon_core.package_identification:_identify(.) by extension 'colcon_meta'
[0.127s] Level 1:colcon.colcon_core.package_identification:_identify(.) by extensions ['ros']
[0.127s] Level 1:colcon.colcon_core.package_identification:_identify(.) by extension 'ros'
[0.147s] Level 1:colcon.colcon_core.package_identification:_identify(.) by extensions ['cmake', 'python']
[0.147s] Level 1:colcon.colcon_core.package_identification:_identify(.) by extension 'cmake'
[0.147s] Level 1:colcon.colcon_core.package_identification:_identify(.) by extension 'python'
[0.147s] Level 1:colcon.colcon_core.package_identification:_identify(.) by extensions ['python_setup_py']
[0.147s] Level 1:colcon.colcon_core.package_identification:_identify(.) by extension 'python_setup_py'
[0.148s] Level 1:colcon.colcon_core.package_identification:_identify(build) by extensions ['ignore', 'ignore_ament_install']
[0.148s] Level 1:colcon.colcon_core.package_identification:_identify(build) by extension 'ignore'
[0.148s] Level 1:colcon.colcon_core.package_identification:_identify(build) ignored
[0.148s] Level 1:colcon.colcon_core.package_identification:_identify(install) by extensions ['ignore', 'ignore_ament_install']
[0.148s] Level 1:colcon.colcon_core.package_identification:_identify(install) by extension 'ignore'
[0.148s] Level 1:colcon.colcon_core.package_identification:_identify(install) ignored
[0.148s] Level 1:colcon.colcon_core.package_identification:_identify(log) by extensions ['ignore', 'ignore_ament_install']
[0.148s] Level 1:colcon.colcon_core.package_identification:_identify(log) by extension 'ignore'
[0.148s] Level 1:colcon.colcon_core.package_identification:_identify(log) ignored
[0.148s] Level 1:colcon.colcon_core.package_identification:_identify(robot_controller) by extensions ['ignore', 'ignore_ament_install']
[0.148s] Level 1:colcon.colcon_core.package_identification:_identify(robot_controller) by extension 'ignore'
[0.148s] Level 1:colcon.colcon_core.package_identification:_identify(robot_controller) by extension 'ignore_ament_install'
[0.148s] Level 1:colcon.colcon_core.package_identification:_identify(robot_controller) by extensions ['colcon_pkg']
[0.148s] Level 1:colcon.colcon_core.package_identification:_identify(robot_controller) by extension 'colcon_pkg'
[0.148s] Level 1:colcon.colcon_core.package_identification:_identify(robot_controller) by extensions ['colcon_meta']
[0.148s] Level 1:colcon.colcon_core.package_identification:_identify(robot_controller) by extension 'colcon_meta'
[0.148s] Level 1:colcon.colcon_core.package_identification:_identify(robot_controller) by extensions ['ros']
[0.148s] Level 1:colcon.colcon_core.package_identification:_identify(robot_controller) by extension 'ros'
[0.150s] DEBUG:colcon.colcon_core.package_identification:Package 'robot_controller' with type 'ros.ament_cmake' and name 'robot_controller'
[0.150s] Level 1:colcon.colcon_core.package_identification:_identify(robot_description) by extensions ['ignore', 'ignore_ament_install']
[0.150s] Level 1:colcon.colcon_core.package_identification:_identify(robot_description) by extension 'ignore'
[0.150s] Level 1:colcon.colcon_core.package_identification:_identify(robot_description) by extension 'ignore_ament_install'
[0.150s] Level 1:colcon.colcon_core.package_identification:_identify(robot_description) by extensions ['colcon_pkg']
[0.150s] Level 1:colcon.colcon_core.package_identification:_identify(robot_description) by extension 'colcon_pkg'
[0.150s] Level 1:colcon.colcon_core.package_identification:_identify(robot_description) by extensions ['colcon_meta']
[0.150s] Level 1:colcon.colcon_core.package_identification:_identify(robot_description) by extension 'colcon_meta'
[0.150s] Level 1:colcon.colcon_core.package_identification:_identify(robot_description) by extensions ['ros']
[0.150s] Level 1:colcon.colcon_core.package_identification:_identify(robot_description) by extension 'ros'
[0.151s] DEBUG:colcon.colcon_core.package_identification:Package 'robot_description' with type 'ros.ament_cmake' and name 'robot_description'
[0.151s] Level 1:colcon.colcon_core.package_identification:_identify(robot_moveit) by extensions ['ignore', 'ignore_ament_install']
[0.151s] Level 1:colcon.colcon_core.package_identification:_identify(robot_moveit) by extension 'ignore'
[0.151s] Level 1:colcon.colcon_core.package_identification:_identify(robot_moveit) by extension 'ignore_ament_install'
[0.151s] Level 1:colcon.colcon_core.package_identification:_identify(robot_moveit) by extensions ['colcon_pkg']
[0.151s] Level 1:colcon.colcon_core.package_identification:_identify(robot_moveit) by extension 'colcon_pkg'
[0.151s] Level 1:colcon.colcon_core.package_identification:_identify(robot_moveit) by extensions ['colcon_meta']
[0.151s] Level 1:colcon.colcon_core.package_identification:_identify(robot_moveit) by extension 'colcon_meta'
[0.151s] Level 1:colcon.colcon_core.package_identification:_identify(robot_moveit) by extensions ['ros']
[0.151s] Level 1:colcon.colcon_core.package_identification:_identify(robot_moveit) by extension 'ros'
[0.152s] DEBUG:colcon.colcon_core.package_identification:Package 'robot_moveit' with type 'ros.ament_cmake' and name 'robot_moveit'
[0.152s] Level 1:colcon.colcon_core.package_identification:_identify(robot_msgs) by extensions ['ignore', 'ignore_ament_install']
[0.152s] Level 1:colcon.colcon_core.package_identification:_identify(robot_msgs) by extension 'ignore'
[0.152s] Level 1:colcon.colcon_core.package_identification:_identify(robot_msgs) by extension 'ignore_ament_install'
[0.152s] Level 1:colcon.colcon_core.package_identification:_identify(robot_msgs) by extensions ['colcon_pkg']
[0.152s] Level 1:colcon.colcon_core.package_identification:_identify(robot_msgs) by extension 'colcon_pkg'
[0.152s] Level 1:colcon.colcon_core.package_identification:_identify(robot_msgs) by extensions ['colcon_meta']
[0.152s] Level 1:colcon.colcon_core.package_identification:_identify(robot_msgs) by extension 'colcon_meta'
[0.152s] Level 1:colcon.colcon_core.package_identification:_identify(robot_msgs) by extensions ['ros']
[0.152s] Level 1:colcon.colcon_core.package_identification:_identify(robot_msgs) by extension 'ros'
[0.152s] DEBUG:colcon.colcon_core.package_identification:Package 'robot_msgs' with type 'ros.ament_cmake' and name 'robot_msgs'
[0.152s] Level 1:colcon.colcon_core.package_identification:_identify(robot_utils) by extensions ['ignore', 'ignore_ament_install']
[0.153s] Level 1:colcon.colcon_core.package_identification:_identify(robot_utils) by extension 'ignore'
[0.153s] Level 1:colcon.colcon_core.package_identification:_identify(robot_utils) by extension 'ignore_ament_install'
[0.153s] Level 1:colcon.colcon_core.package_identification:_identify(robot_utils) by extensions ['colcon_pkg']
[0.153s] Level 1:colcon.colcon_core.package_identification:_identify(robot_utils) by extension 'colcon_pkg'
[0.153s] Level 1:colcon.colcon_core.package_identification:_identify(robot_utils) by extensions ['colcon_meta']
[0.153s] Level 1:colcon.colcon_core.package_identification:_identify(robot_utils) by extension 'colcon_meta'
[0.153s] Level 1:colcon.colcon_core.package_identification:_identify(robot_utils) by extensions ['ros']
[0.153s] Level 1:colcon.colcon_core.package_identification:_identify(robot_utils) by extension 'ros'
[0.153s] DEBUG:colcon.colcon_core.package_identification:Package 'robot_utils' with type 'ros.ament_cmake' and name 'robot_utils'
[0.153s] Level 1:colcon.colcon_core.package_identification:_identify(so101_firmware) by extensions ['ignore', 'ignore_ament_install']
[0.153s] Level 1:colcon.colcon_core.package_identification:_identify(so101_firmware) by extension 'ignore'
[0.153s] Level 1:colcon.colcon_core.package_identification:_identify(so101_firmware) by extension 'ignore_ament_install'
[0.153s] Level 1:colcon.colcon_core.package_identification:_identify(so101_firmware) by extensions ['colcon_pkg']
[0.153s] Level 1:colcon.colcon_core.package_identification:_identify(so101_firmware) by extension 'colcon_pkg'
[0.153s] Level 1:colcon.colcon_core.package_identification:_identify(so101_firmware) by extensions ['colcon_meta']
[0.153s] Level 1:colcon.colcon_core.package_identification:_identify(so101_firmware) by extension 'colcon_meta'
[0.153s] Level 1:colcon.colcon_core.package_identification:_identify(so101_firmware) by extensions ['ros']
[0.153s] Level 1:colcon.colcon_core.package_identification:_identify(so101_firmware) by extension 'ros'
[0.154s] DEBUG:colcon.colcon_core.package_identification:Package 'so101_firmware' with type 'ros.ament_cmake' and name 'so101_firmware'
[0.154s] Level 1:colcon.colcon_core.package_discovery:discover_packages(recursive) using defaults
[0.154s] Level 1:colcon.colcon_core.package_discovery:discover_packages(ignore) discover
[0.154s] Level 1:colcon.colcon_core.package_discovery:discover_packages(ignore) using defaults
[0.154s] Level 1:colcon.colcon_core.package_discovery:discover_packages(path) discover
[0.154s] Level 1:colcon.colcon_core.package_discovery:discover_packages(path) using defaults
[0.168s] Level 1:colcon.colcon_core.package_discovery:discover_packages(prefix_path) check parameters
[0.168s] Level 1:colcon.colcon_core.package_discovery:discover_packages(prefix_path) discover
[0.171s] DEBUG:colcon.colcon_installed_package_information.package_discovery:Found 377 installed packages in /opt/ros/jazzy
[0.172s] Level 1:colcon.colcon_core.package_discovery:discover_packages(prefix_path) using defaults
[0.220s] Level 5:colcon.colcon_core.verb:set package 'robot_controller' build argument 'cmake_args' from command line to 'None'
[0.220s] Level 5:colcon.colcon_core.verb:set package 'robot_controller' build argument 'cmake_target' from command line to 'None'
[0.220s] Level 5:colcon.colcon_core.verb:set package 'robot_controller' build argument 'cmake_target_skip_unavailable' from command line to 'False'
[0.220s] Level 5:colcon.colcon_core.verb:set package 'robot_controller' build argument 'cmake_clean_cache' from command line to 'False'
[0.220s] Level 5:colcon.colcon_core.verb:set package 'robot_controller' build argument 'cmake_clean_first' from command line to 'False'
[0.220s] Level 5:colcon.colcon_core.verb:set package 'robot_controller' build argument 'cmake_force_configure' from command line to 'False'
[0.220s] Level 5:colcon.colcon_core.verb:set package 'robot_controller' build argument 'ament_cmake_args' from command line to 'None'
[0.220s] Level 5:colcon.colcon_core.verb:set package 'robot_controller' build argument 'catkin_cmake_args' from command line to 'None'
[0.220s] Level 5:colcon.colcon_core.verb:set package 'robot_controller' build argument 'catkin_skip_building_tests' from command line to 'False'
[0.220s] DEBUG:colcon.colcon_core.verb:Building package 'robot_controller' with the following arguments: {'ament_cmake_args': None, 'build_base': '/home/kartik/robot_arm/src/build/robot_controller', 'catkin_cmake_args': None, 'catkin_skip_building_tests': False, 'cmake_args': None, 'cmake_clean_cache': False, 'cmake_clean_first': False, 'cmake_force_configure': False, 'cmake_target': None, 'cmake_target_skip_unavailable': False, 'install_base': '/home/kartik/robot_arm/src/install/robot_controller', 'merge_install': False, 'path': '/home/kartik/robot_arm/src/robot_controller', 'symlink_install': False, 'test_result_base': None}
[0.220s] Level 5:colcon.colcon_core.verb:set package 'robot_description' build argument 'cmake_args' from command line to 'None'
[0.220s] Level 5:colcon.colcon_core.verb:set package 'robot_description' build argument 'cmake_target' from command line to 'None'
[0.220s] Level 5:colcon.colcon_core.verb:set package 'robot_description' build argument 'cmake_target_skip_unavailable' from command line to 'False'
[0.220s] Level 5:colcon.colcon_core.verb:set package 'robot_description' build argument 'cmake_clean_cache' from command line to 'False'
[0.220s] Level 5:colcon.colcon_core.verb:set package 'robot_description' build argument 'cmake_clean_first' from command line to 'False'
[0.220s] Level 5:colcon.colcon_core.verb:set package 'robot_description' build argument 'cmake_force_configure' from command line to 'False'
[0.220s] Level 5:colcon.colcon_core.verb:set package 'robot_description' build argument 'ament_cmake_args' from command line to 'None'
[0.220s] Level 5:colcon.colcon_core.verb:set package 'robot_description' build argument 'catkin_cmake_args' from command line to 'None'
[0.220s] Level 5:colcon.colcon_core.verb:set package 'robot_description' build argument 'catkin_skip_building_tests' from command line to 'False'
[0.220s] DEBUG:colcon.colcon_core.verb:Building package 'robot_description' with the following arguments: {'ament_cmake_args': None, 'build_base': '/home/kartik/robot_arm/src/build/robot_description', 'catkin_cmake_args': None, 'catkin_skip_building_tests': False, 'cmake_args': None, 'cmake_clean_cache': False, 'cmake_clean_first': False, 'cmake_force_configure': False, 'cmake_target': None, 'cmake_target_skip_unavailable': False, 'install_base': '/home/kartik/robot_arm/src/install/robot_description', 'merge_install': False, 'path': '/home/kartik/robot_arm/src/robot_description', 'symlink_install': False, 'test_result_base': None}
[0.221s] Level 5:colcon.colcon_core.verb:set package 'robot_moveit' build argument 'cmake_args' from command line to 'None'
[0.221s] Level 5:colcon.colcon_core.verb:set package 'robot_moveit' build argument 'cmake_target' from command line to 'None'
[0.221s] Level 5:colcon.colcon_core.verb:set package 'robot_moveit' build argument 'cmake_target_skip_unavailable' from command line to 'False'
[0.221s] Level 5:colcon.colcon_core.verb:set package 'robot_moveit' build argument 'cmake_clean_cache' from command line to 'False'
[0.221s] Level 5:colcon.colcon_core.verb:set package 'robot_moveit' build argument 'cmake_clean_first' from command line to 'False'
[0.221s] Level 5:colcon.colcon_core.verb:set package 'robot_moveit' build argument 'cmake_force_configure' from command line to 'False'
[0.221s] Level 5:colcon.colcon_core.verb:set package 'robot_moveit' build argument 'ament_cmake_args' from command line to 'None'
[0.221s] Level 5:colcon.colcon_core.verb:set package 'robot_moveit' build argument 'catkin_cmake_args' from command line to 'None'
[0.221s] Level 5:colcon.colcon_core.verb:set package 'robot_moveit' build argument 'catkin_skip_building_tests' from command line to 'False'
[0.221s] DEBUG:colcon.colcon_core.verb:Building package 'robot_moveit' with the following arguments: {'ament_cmake_args': None, 'build_base': '/home/kartik/robot_arm/src/build/robot_moveit', 'catkin_cmake_args': None, 'catkin_skip_building_tests': False, 'cmake_args': None, 'cmake_clean_cache': False, 'cmake_clean_first': False, 'cmake_force_configure': False, 'cmake_target': None, 'cmake_target_skip_unavailable': False, 'install_base': '/home/kartik/robot_arm/src/install/robot_moveit', 'merge_install': False, 'path': '/home/kartik/robot_arm/src/robot_moveit', 'symlink_install': False, 'test_result_base': None}
[0.221s] Level 5:colcon.colcon_core.verb:set package 'robot_msgs' build argument 'cmake_args' from command line to 'None'
[0.221s] Level 5:colcon.colcon_core.verb:set package 'robot_msgs' build argument 'cmake_target' from command line to 'None'
[0.221s] Level 5:colcon.colcon_core.verb:set package 'robot_msgs' build argument 'cmake_target_skip_unavailable' from command line to 'False'
[0.221s] Level 5:colcon.colcon_core.verb:set package 'robot_msgs' build argument 'cmake_clean_cache' from command line to 'False'
[0.221s] Level 5:colcon.colcon_core.verb:set package 'robot_msgs' build argument 'cmake_clean_first' from command line to 'False'
[0.221s] Level 5:colcon.colcon_core.verb:set package 'robot_msgs' build argument 'cmake_force_configure' from command line to 'False'
[0.221s] Level 5:colcon.colcon_core.verb:set package 'robot_msgs' build argument 'ament_cmake_args' from command line to 'None'
[0.221s] Level 5:colcon.colcon_core.verb:set package 'robot_msgs' build argument 'catkin_cmake_args' from command line to 'None'
[0.221s] Level 5:colcon.colcon_core.verb:set package 'robot_msgs' build argument 'catkin_skip_building_tests' from command line to 'False'
[0.221s] DEBUG:colcon.colcon_core.verb:Building package 'robot_msgs' with the following arguments: {'ament_cmake_args': None, 'build_base': '/home/kartik/robot_arm/src/build/robot_msgs', 'catkin_cmake_args': None, 'catkin_skip_building_tests': False, 'cmake_args': None, 'cmake_clean_cache': False, 'cmake_clean_first': False, 'cmake_force_configure': False, 'cmake_target': None, 'cmake_target_skip_unavailable': False, 'install_base': '/home/kartik/robot_arm/src/install/robot_msgs', 'merge_install': False, 'path': '/home/kartik/robot_arm/src/robot_msgs', 'symlink_install': False, 'test_result_base': None}
[0.221s] Level 5:colcon.colcon_core.verb:set package 'so101_firmware' build argument 'cmake_args' from command line to 'None'
[0.221s] Level 5:colcon.colcon_core.verb:set package 'so101_firmware' build argument 'cmake_target' from command line to 'None'
[0.221s] Level 5:colcon.colcon_core.verb:set package 'so101_firmware' build argument 'cmake_target_skip_unavailable' from command line to 'False'
[0.221s] Level 5:colcon.colcon_core.verb:set package 'so101_firmware' build argument 'cmake_clean_cache' from command line to 'False'
[0.221s] Level 5:colcon.colcon_core.verb:set package 'so101_firmware' build argument 'cmake_clean_first' from command line to 'False'
[0.222s] Level 5:colcon.colcon_core.verb:set package 'so101_firmware' build argument 'cmake_force_configure' from command line to 'False'
[0.222s] Level 5:colcon.colcon_core.verb:set package 'so101_firmware' build argument 'ament_cmake_args' from command line to 'None'
[0.222s] Level 5:colcon.colcon_core.verb:set package 'so101_firmware' build argument 'catkin_cmake_args' from command line to 'None'
[0.222s] Level 5:colcon.colcon_core.verb:set package 'so101_firmware' build argument 'catkin_skip_building_tests' from command line to 'False'
[0.222s] DEBUG:colcon.colcon_core.verb:Building package 'so101_firmware' with the following arguments: {'ament_cmake_args': None, 'build_base': '/home/kartik/robot_arm/src/build/so101_firmware', 'catkin_cmake_args': None, 'catkin_skip_building_tests': False, 'cmake_args': None, 'cmake_clean_cache': False, 'cmake_clean_first': False, 'cmake_force_configure': False, 'cmake_target': None, 'cmake_target_skip_unavailable': False, 'install_base': '/home/kartik/robot_arm/src/install/so101_firmware', 'merge_install': False, 'path': '/home/kartik/robot_arm/src/so101_firmware', 'symlink_install': False, 'test_result_base': None}
[0.222s] Level 5:colcon.colcon_core.verb:set package 'robot_utils' build argument 'cmake_args' from command line to 'None'
[0.222s] Level 5:colcon.colcon_core.verb:set package 'robot_utils' build argument 'cmake_target' from command line to 'None'
[0.222s] Level 5:colcon.colcon_core.verb:set package 'robot_utils' build argument 'cmake_target_skip_unavailable' from command line to 'False'
[0.222s] Level 5:colcon.colcon_core.verb:set package 'robot_utils' build argument 'cmake_clean_cache' from command line to 'False'
[0.222s] Level 5:colcon.colcon_core.verb:set package 'robot_utils' build argument 'cmake_clean_first' from command line to 'False'
[0.222s] Level 5:colcon.colcon_core.verb:set package 'robot_utils' build argument 'cmake_force_configure' from command line to 'False'
[0.222s] Level 5:colcon.colcon_core.verb:set package 'robot_utils' build argument 'ament_cmake_args' from command line to 'None'
[0.222s] Level 5:colcon.colcon_core.verb:set package 'robot_utils' build argument 'catkin_cmake_args' from command line to 'None'
[0.222s] Level 5:colcon.colcon_core.verb:set package 'robot_utils' build argument 'catkin_skip_building_tests' from command line to 'False'
[0.222s] DEBUG:colcon.colcon_core.verb:Building package 'robot_utils' with the following arguments: {'ament_cmake_args': None, 'build_base': '/home/kartik/robot_arm/src/build/robot_utils', 'catkin_cmake_args': None, 'catkin_skip_building_tests': False, 'cmake_args': None, 'cmake_clean_cache': False, 'cmake_clean_first': False, 'cmake_force_configure': False, 'cmake_target': None, 'cmake_target_skip_unavailable': False, 'install_base': '/home/kartik/robot_arm/src/install/robot_utils', 'merge_install': False, 'path': '/home/kartik/robot_arm/src/robot_utils', 'symlink_install': False, 'test_result_base': None}
[0.222s] INFO:colcon.colcon_core.executor:Executing jobs using 'parallel' executor
[0.223s] DEBUG:colcon.colcon_parallel_executor.executor.parallel:run_until_complete
[0.223s] INFO:colcon.colcon_ros.task.ament_cmake.build:Building ROS package in '/home/kartik/robot_arm/src/robot_msgs' with build type 'ament_cmake'
[0.223s] INFO:colcon.colcon_cmake.task.cmake.build:Building CMake package in '/home/kartik/robot_arm/src/robot_msgs'
[0.225s] INFO:colcon.colcon_core.plugin_system:Skipping extension 'colcon_core.shell.bat': Not used on non-Windows systems
[0.225s] INFO:colcon.colcon_core.shell:Skip shell extension 'powershell' for command environment: Not usable outside of PowerShell
[0.225s] DEBUG:colcon.colcon_core.shell:Skip shell extension 'dsv' for command environment
[0.228s] INFO:colcon.colcon_ros.task.ament_cmake.build:Building ROS package in '/home/kartik/robot_arm/src/robot_controller' with build type 'ament_cmake'
[0.228s] INFO:colcon.colcon_cmake.task.cmake.build:Building CMake package in '/home/kartik/robot_arm/src/robot_controller'
[0.228s] INFO:colcon.colcon_core.shell:Skip shell extension 'powershell' for command environment: Not usable outside of PowerShell
[0.228s] DEBUG:colcon.colcon_core.shell:Skip shell extension 'dsv' for command environment
[0.231s] INFO:colcon.colcon_ros.task.ament_cmake.build:Building ROS package in '/home/kartik/robot_arm/src/robot_description' with build type 'ament_cmake'
[0.231s] INFO:colcon.colcon_cmake.task.cmake.build:Building CMake package in '/home/kartik/robot_arm/src/robot_description'
[0.231s] INFO:colcon.colcon_core.shell:Skip shell extension 'powershell' for command environment: Not usable outside of PowerShell
[0.231s] DEBUG:colcon.colcon_core.shell:Skip shell extension 'dsv' for command environment
[0.234s] INFO:colcon.colcon_ros.task.ament_cmake.build:Building ROS package in '/home/kartik/robot_arm/src/robot_moveit' with build type 'ament_cmake'
[0.234s] INFO:colcon.colcon_cmake.task.cmake.build:Building CMake package in '/home/kartik/robot_arm/src/robot_moveit'
[0.234s] INFO:colcon.colcon_core.shell:Skip shell extension 'powershell' for command environment: Not usable outside of PowerShell
[0.234s] DEBUG:colcon.colcon_core.shell:Skip shell extension 'dsv' for command environment
[0.237s] INFO:colcon.colcon_ros.task.ament_cmake.build:Building ROS package in '/home/kartik/robot_arm/src/so101_firmware' with build type 'ament_cmake'
[0.238s] INFO:colcon.colcon_cmake.task.cmake.build:Building CMake package in '/home/kartik/robot_arm/src/so101_firmware'
[0.238s] INFO:colcon.colcon_core.shell:Skip shell extension 'powershell' for command environment: Not usable outside of PowerShell
[0.238s] DEBUG:colcon.colcon_core.shell:Skip shell extension 'dsv' for command environment
[0.244s] DEBUG:colcon.colcon_core.event_handler.log_command:Invoking command in '/home/kartik/robot_arm/src/build/robot_msgs': CMAKE_PREFIX_PATH=${CMAKE_PREFIX_PATH}:/opt/ros/jazzy DEBUGINFOD_URLS=https://debuginfod.ubuntu.com /usr/bin/cmake /home/kartik/robot_arm/src/robot_msgs -DCMAKE_INSTALL_PREFIX=/home/kartik/robot_arm/src/install/robot_msgs
[0.245s] DEBUG:colcon.colcon_core.event_handler.log_command:Invoking command in '/home/kartik/robot_arm/src/build/robot_controller': CMAKE_PREFIX_PATH=${CMAKE_PREFIX_PATH}:/opt/ros/jazzy DEBUGINFOD_URLS=https://debuginfod.ubuntu.com /usr/bin/cmake /home/kartik/robot_arm/src/robot_controller -DCMAKE_INSTALL_PREFIX=/home/kartik/robot_arm/src/install/robot_controller
[0.248s] DEBUG:colcon.colcon_core.event_handler.log_command:Invoking command in '/home/kartik/robot_arm/src/build/robot_description': CMAKE_PREFIX_PATH=${CMAKE_PREFIX_PATH}:/opt/ros/jazzy DEBUGINFOD_URLS=https://debuginfod.ubuntu.com /usr/bin/cmake /home/kartik/robot_arm/src/robot_description -DCMAKE_INSTALL_PREFIX=/home/kartik/robot_arm/src/install/robot_description
[0.250s] DEBUG:colcon.colcon_core.event_handler.log_command:Invoking command in '/home/kartik/robot_arm/src/build/robot_moveit': CMAKE_PREFIX_PATH=${CMAKE_PREFIX_PATH}:/opt/ros/jazzy DEBUGINFOD_URLS=https://debuginfod.ubuntu.com /usr/bin/cmake /home/kartik/robot_arm/src/robot_moveit -DCMAKE_INSTALL_PREFIX=/home/kartik/robot_arm/src/install/robot_moveit
[0.257s] DEBUG:colcon.colcon_core.event_handler.log_command:Invoking command in '/home/kartik/robot_arm/src/build/so101_firmware': CMAKE_PREFIX_PATH=${CMAKE_PREFIX_PATH}:/opt/ros/jazzy DEBUGINFOD_URLS=https://debuginfod.ubuntu.com /usr/bin/cmake /home/kartik/robot_arm/src/so101_firmware -DCMAKE_INSTALL_PREFIX=/home/kartik/robot_arm/src/install/so101_firmware
[1.205s] DEBUG:colcon.colcon_core.event_handler.log_command:Invoked command in '/home/kartik/robot_arm/src/build/robot_description' returned '0': CMAKE_PREFIX_PATH=${CMAKE_PREFIX_PATH}:/opt/ros/jazzy DEBUGINFOD_URLS=https://debuginfod.ubuntu.com /usr/bin/cmake /home/kartik/robot_arm/src/robot_description -DCMAKE_INSTALL_PREFIX=/home/kartik/robot_arm/src/install/robot_description
[1.205s] DEBUG:colcon.colcon_core.event_handler.log_command:Invoking command in '/home/kartik/robot_arm/src/build/robot_description': CMAKE_PREFIX_PATH=${CMAKE_PREFIX_PATH}:/opt/ros/jazzy DEBUGINFOD_URLS=https://debuginfod.ubuntu.com /usr/bin/cmake --build /home/kartik/robot_arm/src/build/robot_description -- -j8 -l8
[1.214s] DEBUG:colcon.colcon_core.event_handler.log_command:Invoked command in '/home/kartik/robot_arm/src/build/so101_firmware' returned '0': CMAKE_PREFIX_PATH=${CMAKE_PREFIX_PATH}:/opt/ros/jazzy DEBUGINFOD_URLS=https://debuginfod.ubuntu.com /usr/bin/cmake /home/kartik/robot_arm/src/so101_firmware -DCMAKE_INSTALL_PREFIX=/home/kartik/robot_arm/src/install/so101_firmware
[1.215s] DEBUG:colcon.colcon_core.event_handler.log_command:Invoking command in '/home/kartik/robot_arm/src/build/so101_firmware': CMAKE_PREFIX_PATH=${CMAKE_PREFIX_PATH}:/opt/ros/jazzy DEBUGINFOD_URLS=https://debuginfod.ubuntu.com /usr/bin/cmake --build /home/kartik/robot_arm/src/build/so101_firmware -- -j8 -l8
[1.220s] DEBUG:colcon.colcon_core.event_handler.log_command:Invoked command in '/home/kartik/robot_arm/src/build/robot_moveit' returned '0': CMAKE_PREFIX_PATH=${CMAKE_PREFIX_PATH}:/opt/ros/jazzy DEBUGINFOD_URLS=https://debuginfod.ubuntu.com /usr/bin/cmake /home/kartik/robot_arm/src/robot_moveit -DCMAKE_INSTALL_PREFIX=/home/kartik/robot_arm/src/install/robot_moveit
[1.222s] DEBUG:colcon.colcon_core.event_handler.log_command:Invoking command in '/home/kartik/robot_arm/src/build/robot_moveit': CMAKE_PREFIX_PATH=${CMAKE_PREFIX_PATH}:/opt/ros/jazzy DEBUGINFOD_URLS=https://debuginfod.ubuntu.com /usr/bin/cmake --build /home/kartik/robot_arm/src/build/robot_moveit -- -j8 -l8
[1.251s] DEBUG:colcon.colcon_core.event_handler.log_command:Invoked command in '/home/kartik/robot_arm/src/build/robot_description' returned '0': CMAKE_PREFIX_PATH=${CMAKE_PREFIX_PATH}:/opt/ros/jazzy DEBUGINFOD_URLS=https://debuginfod.ubuntu.com /usr/bin/cmake --build /home/kartik/robot_arm/src/build/robot_description -- -j8 -l8
[1.262s] DEBUG:colcon.colcon_core.event_handler.log_command:Invoking command in '/home/kartik/robot_arm/src/build/robot_description': CMAKE_PREFIX_PATH=${CMAKE_PREFIX_PATH}:/opt/ros/jazzy DEBUGINFOD_URLS=https://debuginfod.ubuntu.com /usr/bin/cmake --install /home/kartik/robot_arm/src/build/robot_description
[1.263s] DEBUG:colcon.colcon_core.event_handler.log_command:Invoked command in '/home/kartik/robot_arm/src/build/robot_controller' returned '0': CMAKE_PREFIX_PATH=${CMAKE_PREFIX_PATH}:/opt/ros/jazzy DEBUGINFOD_URLS=https://debuginfod.ubuntu.com /usr/bin/cmake /home/kartik/robot_arm/src/robot_controller -DCMAKE_INSTALL_PREFIX=/home/kartik/robot_arm/src/install/robot_controller
[1.264s] DEBUG:colcon.colcon_core.event_handler.log_command:Invoking command in '/home/kartik/robot_arm/src/build/robot_controller': CMAKE_PREFIX_PATH=${CMAKE_PREFIX_PATH}:/opt/ros/jazzy DEBUGINFOD_URLS=https://debuginfod.ubuntu.com /usr/bin/cmake --build /home/kartik/robot_arm/src/build/robot_controller -- -j8 -l8
[1.265s] DEBUG:colcon.colcon_core.event_handler.log_command:Invoked command in '/home/kartik/robot_arm/src/build/so101_firmware' returned '0': CMAKE_PREFIX_PATH=${CMAKE_PREFIX_PATH}:/opt/ros/jazzy DEBUGINFOD_URLS=https://debuginfod.ubuntu.com /usr/bin/cmake --build /home/kartik/robot_arm/src/build/so101_firmware -- -j8 -l8
[1.267s] DEBUG:colcon.colcon_core.event_handler.log_command:Invoking command in '/home/kartik/robot_arm/src/build/so101_firmware': CMAKE_PREFIX_PATH=${CMAKE_PREFIX_PATH}:/opt/ros/jazzy DEBUGINFOD_URLS=https://debuginfod.ubuntu.com /usr/bin/cmake --install /home/kartik/robot_arm/src/build/so101_firmware
[1.268s] DEBUG:colcon.colcon_core.event_handler.log_command:Invoked command in '/home/kartik/robot_arm/src/build/robot_moveit' returned '0': CMAKE_PREFIX_PATH=${CMAKE_PREFIX_PATH}:/opt/ros/jazzy DEBUGINFOD_URLS=https://debuginfod.ubuntu.com /usr/bin/cmake --build /home/kartik/robot_arm/src/build/robot_moveit -- -j8 -l8
[1.269s] DEBUG:colcon.colcon_core.event_handler.log_command:Invoking command in '/home/kartik/robot_arm/src/build/robot_moveit': CMAKE_PREFIX_PATH=${CMAKE_PREFIX_PATH}:/opt/ros/jazzy DEBUGINFOD_URLS=https://debuginfod.ubuntu.com /usr/bin/cmake --install /home/kartik/robot_arm/src/build/robot_moveit
[1.282s] Level 1:colcon.colcon_core.environment:create_environment_scripts_only(so101_firmware)
[1.286s] DEBUG:colcon.colcon_core.event_handler.log_command:Invoked command in '/home/kartik/robot_arm/src/build/so101_firmware' returned '0': CMAKE_PREFIX_PATH=${CMAKE_PREFIX_PATH}:/opt/ros/jazzy DEBUGINFOD_URLS=https://debuginfod.ubuntu.com /usr/bin/cmake --install /home/kartik/robot_arm/src/build/so101_firmware
[1.292s] Level 1:colcon.colcon_core.environment:checking '/home/kartik/robot_arm/src/install/so101_firmware' for CMake module files
[1.294s] Level 1:colcon.colcon_core.environment:checking '/home/kartik/robot_arm/src/install/so101_firmware' for CMake config files
[1.294s] Level 1:colcon.colcon_core.shell:create_environment_hook('so101_firmware', 'cmake_prefix_path')
[1.294s] INFO:colcon.colcon_core.shell:Creating environment hook '/home/kartik/robot_arm/src/install/so101_firmware/share/so101_firmware/hook/cmake_prefix_path.ps1'
[1.296s] INFO:colcon.colcon_core.shell:Creating environment descriptor '/home/kartik/robot_arm/src/install/so101_firmware/share/so101_firmware/hook/cmake_prefix_path.dsv'
[1.298s] INFO:colcon.colcon_core.shell:Creating environment hook '/home/kartik/robot_arm/src/install/so101_firmware/share/so101_firmware/hook/cmake_prefix_path.sh'
[1.299s] Level 1:colcon.colcon_core.environment:checking '/home/kartik/robot_arm/src/install/so101_firmware/bin'
[1.299s] Level 1:colcon.colcon_core.environment:checking '/home/kartik/robot_arm/src/install/so101_firmware/lib/pkgconfig/so101_firmware.pc'
[1.300s] Level 1:colcon.colcon_core.environment:checking '/home/kartik/robot_arm/src/install/so101_firmware/lib/python3.12/site-packages'
[1.300s] Level 1:colcon.colcon_core.environment:checking '/home/kartik/robot_arm/src/install/so101_firmware/bin'
[1.301s] INFO:colcon.colcon_core.shell:Creating package script '/home/kartik/robot_arm/src/install/so101_firmware/share/so101_firmware/package.ps1'
[1.302s] INFO:colcon.colcon_core.shell:Creating package descriptor '/home/kartik/robot_arm/src/install/so101_firmware/share/so101_firmware/package.dsv'
[1.303s] INFO:colcon.colcon_core.shell:Creating package script '/home/kartik/robot_arm/src/install/so101_firmware/share/so101_firmware/package.sh'
[1.303s] INFO:colcon.colcon_core.shell:Creating package script '/home/kartik/robot_arm/src/install/so101_firmware/share/so101_firmware/package.bash'
[1.304s] INFO:colcon.colcon_core.shell:Creating package script '/home/kartik/robot_arm/src/install/so101_firmware/share/so101_firmware/package.zsh'
[1.304s] Level 1:colcon.colcon_core.environment:create_file_with_runtime_dependencies(/home/kartik/robot_arm/src/install/so101_firmware/share/colcon-core/packages/so101_firmware)
[1.304s] Level 1:colcon.colcon_core.environment:create_environment_scripts_only(so101_firmware)
[1.305s] Level 1:colcon.colcon_core.environment:checking '/home/kartik/robot_arm/src/install/so101_firmware' for CMake module files
[1.305s] Level 1:colcon.colcon_core.environment:checking '/home/kartik/robot_arm/src/install/so101_firmware' for CMake config files
[1.305s] Level 1:colcon.colcon_core.shell:create_environment_hook('so101_firmware', 'cmake_prefix_path')
[1.305s] INFO:colcon.colcon_core.shell:Creating environment hook '/home/kartik/robot_arm/src/install/so101_firmware/share/so101_firmware/hook/cmake_prefix_path.ps1'
[1.305s] INFO:colcon.colcon_core.shell:Creating environment descriptor '/home/kartik/robot_arm/src/install/so101_firmware/share/so101_firmware/hook/cmake_prefix_path.dsv'
[1.306s] INFO:colcon.colcon_core.shell:Creating environment hook '/home/kartik/robot_arm/src/install/so101_firmware/share/so101_firmware/hook/cmake_prefix_path.sh'
[1.306s] Level 1:colcon.colcon_core.environment:checking '/home/kartik/robot_arm/src/install/so101_firmware/bin'
[1.306s] Level 1:colcon.colcon_core.environment:checking '/home/kartik/robot_arm/src/install/so101_firmware/lib/pkgconfig/so101_firmware.pc'
[1.306s] Level 1:colcon.colcon_core.environment:checking '/home/kartik/robot_arm/src/install/so101_firmware/lib/python3.12/site-packages'
[1.307s] Level 1:colcon.colcon_core.environment:checking '/home/kartik/robot_arm/src/install/so101_firmware/bin'
[1.307s] INFO:colcon.colcon_core.shell:Creating package script '/home/kartik/robot_arm/src/install/so101_firmware/share/so101_firmware/package.ps1'
[1.307s] INFO:colcon.colcon_core.shell:Creating package descriptor '/home/kartik/robot_arm/src/install/so101_firmware/share/so101_firmware/package.dsv'
[1.308s] INFO:colcon.colcon_core.shell:Creating package script '/home/kartik/robot_arm/src/install/so101_firmware/share/so101_firmware/package.sh'
[1.308s] INFO:colcon.colcon_core.shell:Creating package script '/home/kartik/robot_arm/src/install/so101_firmware/share/so101_firmware/package.bash'
[1.308s] INFO:colcon.colcon_core.shell:Creating package script '/home/kartik/robot_arm/src/install/so101_firmware/share/so101_firmware/package.zsh'
[1.309s] Level 1:colcon.colcon_core.environment:create_file_with_runtime_dependencies(/home/kartik/robot_arm/src/install/so101_firmware/share/colcon-core/packages/so101_firmware)
[1.310s] Level 1:colcon.colcon_core.environment:create_environment_scripts_only(robot_moveit)
[1.310s] Level 1:colcon.colcon_core.environment:checking '/home/kartik/robot_arm/src/install/robot_moveit' for CMake module files
[1.311s] DEBUG:colcon.colcon_core.event_handler.log_command:Invoked command in '/home/kartik/robot_arm/src/build/robot_moveit' returned '0': CMAKE_PREFIX_PATH=${CMAKE_PREFIX_PATH}:/opt/ros/jazzy DEBUGINFOD_URLS=https://debuginfod.ubuntu.com /usr/bin/cmake --install /home/kartik/robot_arm/src/build/robot_moveit
[1.311s] Level 1:colcon.colcon_core.environment:checking '/home/kartik/robot_arm/src/install/robot_moveit' for CMake config files
[1.312s] Level 1:colcon.colcon_core.shell:create_environment_hook('robot_moveit', 'cmake_prefix_path')
[1.312s] INFO:colcon.colcon_core.shell:Creating environment hook '/home/kartik/robot_arm/src/install/robot_moveit/share/robot_moveit/hook/cmake_prefix_path.ps1'
[1.312s] INFO:colcon.colcon_core.shell:Creating environment descriptor '/home/kartik/robot_arm/src/install/robot_moveit/share/robot_moveit/hook/cmake_prefix_path.dsv'
[1.313s] INFO:colcon.colcon_core.shell:Creating environment hook '/home/kartik/robot_arm/src/install/robot_moveit/share/robot_moveit/hook/cmake_prefix_path.sh'
[1.313s] Level 1:colcon.colcon_core.environment:checking '/home/kartik/robot_arm/src/install/robot_moveit/bin'
[1.313s] Level 1:colcon.colcon_core.environment:checking '/home/kartik/robot_arm/src/install/robot_moveit/lib/pkgconfig/robot_moveit.pc'
[1.313s] Level 1:colcon.colcon_core.environment:checking '/home/kartik/robot_arm/src/install/robot_moveit/lib/python3.12/site-packages'
[1.314s] Level 1:colcon.colcon_core.environment:checking '/home/kartik/robot_arm/src/install/robot_moveit/bin'
[1.314s] INFO:colcon.colcon_core.shell:Creating package script '/home/kartik/robot_arm/src/install/robot_moveit/share/robot_moveit/package.ps1'
[1.314s] INFO:colcon.colcon_core.shell:Creating package descriptor '/home/kartik/robot_arm/src/install/robot_moveit/share/robot_moveit/package.dsv'
[1.314s] INFO:colcon.colcon_core.shell:Creating package script '/home/kartik/robot_arm/src/install/robot_moveit/share/robot_moveit/package.sh'
[1.315s] INFO:colcon.colcon_core.shell:Creating package script '/home/kartik/robot_arm/src/install/robot_moveit/share/robot_moveit/package.bash'
[1.315s] INFO:colcon.colcon_core.shell:Creating package script '/home/kartik/robot_arm/src/install/robot_moveit/share/robot_moveit/package.zsh'
[1.315s] Level 1:colcon.colcon_core.environment:create_file_with_runtime_dependencies(/home/kartik/robot_arm/src/install/robot_moveit/share/colcon-core/packages/robot_moveit)
[1.316s] Level 1:colcon.colcon_core.environment:create_environment_scripts_only(robot_moveit)
[1.316s] Level 1:colcon.colcon_core.environment:checking '/home/kartik/robot_arm/src/install/robot_moveit' for CMake module files
[1.316s] Level 1:colcon.colcon_core.environment:checking '/home/kartik/robot_arm/src/install/robot_moveit' for CMake config files
[1.317s] Level 1:colcon.colcon_core.shell:create_environment_hook('robot_moveit', 'cmake_prefix_path')
[1.317s] INFO:colcon.colcon_core.shell:Creating environment hook '/home/kartik/robot_arm/src/install/robot_moveit/share/robot_moveit/hook/cmake_prefix_path.ps1'
[1.317s] INFO:colcon.colcon_core.shell:Creating environment descriptor '/home/kartik/robot_arm/src/install/robot_moveit/share/robot_moveit/hook/cmake_prefix_path.dsv'
[1.317s] INFO:colcon.colcon_core.shell:Creating environment hook '/home/kartik/robot_arm/src/install/robot_moveit/share/robot_moveit/hook/cmake_prefix_path.sh'
[1.318s] Level 1:colcon.colcon_core.environment:checking '/home/kartik/robot_arm/src/install/robot_moveit/bin'
[1.318s] Level 1:colcon.colcon_core.environment:checking '/home/kartik/robot_arm/src/install/robot_moveit/lib/pkgconfig/robot_moveit.pc'
[1.318s] Level 1:colcon.colcon_core.environment:checking '/home/kartik/robot_arm/src/install/robot_moveit/lib/python3.12/site-packages'
[1.318s] Level 1:colcon.colcon_core.environment:checking '/home/kartik/robot_arm/src/install/robot_moveit/bin'
[1.319s] INFO:colcon.colcon_core.shell:Creating package script '/home/kartik/robot_arm/src/install/robot_moveit/share/robot_moveit/package.ps1'
[1.319s] INFO:colcon.colcon_core.shell:Creating package descriptor '/home/kartik/robot_arm/src/install/robot_moveit/share/robot_moveit/package.dsv'
[1.319s] INFO:colcon.colcon_core.shell:Creating package script '/home/kartik/robot_arm/src/install/robot_moveit/share/robot_moveit/package.sh'
[1.320s] INFO:colcon.colcon_core.shell:Creating package script '/home/kartik/robot_arm/src/install/robot_moveit/share/robot_moveit/package.bash'
[1.320s] INFO:colcon.colcon_core.shell:Creating package script '/home/kartik/robot_arm/src/install/robot_moveit/share/robot_moveit/package.zsh'
[1.320s] Level 1:colcon.colcon_core.environment:create_file_with_runtime_dependencies(/home/kartik/robot_arm/src/install/robot_moveit/share/colcon-core/packages/robot_moveit)
[1.321s] Level 1:colcon.colcon_core.environment:create_environment_scripts_only(robot_description)
[1.321s] Level 1:colcon.colcon_core.environment:checking '/home/kartik/robot_arm/src/install/robot_description' for CMake module files
[1.322s] Level 1:colcon.colcon_core.environment:checking '/home/kartik/robot_arm/src/install/robot_description' for CMake config files
[1.322s] DEBUG:colcon.colcon_core.event_handler.log_command:Invoked command in '/home/kartik/robot_arm/src/build/robot_description' returned '0': CMAKE_PREFIX_PATH=${CMAKE_PREFIX_PATH}:/opt/ros/jazzy DEBUGINFOD_URLS=https://debuginfod.ubuntu.com /usr/bin/cmake --install /home/kartik/robot_arm/src/build/robot_description
[1.322s] Level 1:colcon.colcon_core.shell:create_environment_hook('robot_description', 'cmake_prefix_path')
[1.323s] INFO:colcon.colcon_core.shell:Creating environment hook '/home/kartik/robot_arm/src/install/robot_description/share/robot_description/hook/cmake_prefix_path.ps1'
[1.323s] INFO:colcon.colcon_core.shell:Creating environment descriptor '/home/kartik/robot_arm/src/install/robot_description/share/robot_description/hook/cmake_prefix_path.dsv'
[1.323s] INFO:colcon.colcon_core.shell:Creating environment hook '/home/kartik/robot_arm/src/install/robot_description/share/robot_description/hook/cmake_prefix_path.sh'
[1.323s] Level 1:colcon.colcon_core.environment:checking '/home/kartik/robot_arm/src/install/robot_description/bin'
[1.324s] Level 1:colcon.colcon_core.environment:checking '/home/kartik/robot_arm/src/install/robot_description/lib/pkgconfig/robot_description.pc'
[1.324s] Level 1:colcon.colcon_core.environment:checking '/home/kartik/robot_arm/src/install/robot_description/lib/python3.12/site-packages'
[1.324s] Level 1:colcon.colcon_core.environment:checking '/home/kartik/robot_arm/src/install/robot_description/bin'
[1.324s] INFO:colcon.colcon_core.shell:Creating package script '/home/kartik/robot_arm/src/install/robot_description/share/robot_description/package.ps1'
[1.325s] INFO:colcon.colcon_core.shell:Creating package descriptor '/home/kartik/robot_arm/src/install/robot_description/share/robot_description/package.dsv'
[1.325s] INFO:colcon.colcon_core.shell:Creating package script '/home/kartik/robot_arm/src/install/robot_description/share/robot_description/package.sh'
[1.325s] INFO:colcon.colcon_core.shell:Creating package script '/home/kartik/robot_arm/src/install/robot_description/share/robot_description/package.bash'
[1.326s] INFO:colcon.colcon_core.shell:Creating package script '/home/kartik/robot_arm/src/install/robot_description/share/robot_description/package.zsh'
[1.326s] Level 1:colcon.colcon_core.environment:create_file_with_runtime_dependencies(/home/kartik/robot_arm/src/install/robot_description/share/colcon-core/packages/robot_description)
[1.326s] Level 1:colcon.colcon_core.environment:create_environment_scripts_only(robot_description)
[1.326s] Level 1:colcon.colcon_core.environment:checking '/home/kartik/robot_arm/src/install/robot_description' for CMake module files
[1.327s] Level 1:colcon.colcon_core.environment:checking '/home/kartik/robot_arm/src/install/robot_description' for CMake config files
[1.327s] Level 1:colcon.colcon_core.shell:create_environment_hook('robot_description', 'cmake_prefix_path')
[1.327s] INFO:colcon.colcon_core.shell:Creating environment hook '/home/kartik/robot_arm/src/install/robot_description/share/robot_description/hook/cmake_prefix_path.ps1'
[1.328s] INFO:colcon.colcon_core.shell:Creating environment descriptor '/home/kartik/robot_arm/src/install/robot_description/share/robot_description/hook/cmake_prefix_path.dsv'
[1.328s] INFO:colcon.colcon_core.shell:Creating environment hook '/home/kartik/robot_arm/src/install/robot_description/share/robot_description/hook/cmake_prefix_path.sh'
[1.329s] Level 1:colcon.colcon_core.environment:checking '/home/kartik/robot_arm/src/install/robot_description/bin'
[1.329s] Level 1:colcon.colcon_core.environment:checking '/home/kartik/robot_arm/src/install/robot_description/lib/pkgconfig/robot_description.pc'
[1.329s] Level 1:colcon.colcon_core.environment:checking '/home/kartik/robot_arm/src/install/robot_description/lib/python3.12/site-packages'
[1.329s] Level 1:colcon.colcon_core.environment:checking '/home/kartik/robot_arm/src/install/robot_description/bin'
[1.329s] INFO:colcon.colcon_core.shell:Creating package script '/home/kartik/robot_arm/src/install/robot_description/share/robot_description/package.ps1'
[1.330s] INFO:colcon.colcon_core.shell:Creating package descriptor '/home/kartik/robot_arm/src/install/robot_description/share/robot_description/package.dsv'
[1.330s] INFO:colcon.colcon_core.shell:Creating package script '/home/kartik/robot_arm/src/install/robot_description/share/robot_description/package.sh'
[1.330s] INFO:colcon.colcon_core.shell:Creating package script '/home/kartik/robot_arm/src/install/robot_description/share/robot_description/package.bash'
[1.331s] INFO:colcon.colcon_core.shell:Creating package script '/home/kartik/robot_arm/src/install/robot_description/share/robot_description/package.zsh'
[1.331s] Level 1:colcon.colcon_core.environment:create_file_with_runtime_dependencies(/home/kartik/robot_arm/src/install/robot_description/share/colcon-core/packages/robot_description)
[1.333s] DEBUG:colcon.colcon_core.event_handler.log_command:Invoked command in '/home/kartik/robot_arm/src/build/robot_controller' returned '0': CMAKE_PREFIX_PATH=${CMAKE_PREFIX_PATH}:/opt/ros/jazzy DEBUGINFOD_URLS=https://debuginfod.ubuntu.com /usr/bin/cmake --build /home/kartik/robot_arm/src/build/robot_controller -- -j8 -l8
[1.334s] DEBUG:colcon.colcon_core.event_handler.log_command:Invoking command in '/home/kartik/robot_arm/src/build/robot_controller': CMAKE_PREFIX_PATH=${CMAKE_PREFIX_PATH}:/opt/ros/jazzy DEBUGINFOD_URLS=https://debuginfod.ubuntu.com /usr/bin/cmake --install /home/kartik/robot_arm/src/build/robot_controller
[1.345s] Level 1:colcon.colcon_core.environment:create_environment_scripts_only(robot_controller)
[1.346s] Level 1:colcon.colcon_core.environment:checking '/home/kartik/robot_arm/src/install/robot_controller' for CMake module files
[1.346s] DEBUG:colcon.colcon_core.event_handler.log_command:Invoked command in '/home/kartik/robot_arm/src/build/robot_controller' returned '0': CMAKE_PREFIX_PATH=${CMAKE_PREFIX_PATH}:/opt/ros/jazzy DEBUGINFOD_URLS=https://debuginfod.ubuntu.com /usr/bin/cmake --install /home/kartik/robot_arm/src/build/robot_controller
[1.347s] Level 1:colcon.colcon_core.environment:checking '/home/kartik/robot_arm/src/install/robot_controller' for CMake config files
[1.347s] Level 1:colcon.colcon_core.shell:create_environment_hook('robot_controller', 'cmake_prefix_path')
[1.347s] INFO:colcon.colcon_core.shell:Creating environment hook '/home/kartik/robot_arm/src/install/robot_controller/share/robot_controller/hook/cmake_prefix_path.ps1'
[1.347s] INFO:colcon.colcon_core.shell:Creating environment descriptor '/home/kartik/robot_arm/src/install/robot_controller/share/robot_controller/hook/cmake_prefix_path.dsv'
[1.347s] INFO:colcon.colcon_core.shell:Creating environment hook '/home/kartik/robot_arm/src/install/robot_controller/share/robot_controller/hook/cmake_prefix_path.sh'
[1.348s] Level 1:colcon.colcon_core.environment:checking '/home/kartik/robot_arm/src/install/robot_controller/bin'
[1.348s] Level 1:colcon.colcon_core.environment:checking '/home/kartik/robot_arm/src/install/robot_controller/lib/pkgconfig/robot_controller.pc'
[1.348s] Level 1:colcon.colcon_core.environment:checking '/home/kartik/robot_arm/src/install/robot_controller/lib/python3.12/site-packages'
[1.348s] Level 1:colcon.colcon_core.environment:checking '/home/kartik/robot_arm/src/install/robot_controller/bin'
[1.349s] INFO:colcon.colcon_core.shell:Creating package script '/home/kartik/robot_arm/src/install/robot_controller/share/robot_controller/package.ps1'
[1.349s] INFO:colcon.colcon_core.shell:Creating package descriptor '/home/kartik/robot_arm/src/install/robot_controller/share/robot_controller/package.dsv'
[1.349s] INFO:colcon.colcon_core.shell:Creating package script '/home/kartik/robot_arm/src/install/robot_controller/share/robot_controller/package.sh'
[1.350s] INFO:colcon.colcon_core.shell:Creating package script '/home/kartik/robot_arm/src/install/robot_controller/share/robot_controller/package.bash'
[1.350s] INFO:colcon.colcon_core.shell:Creating package script '/home/kartik/robot_arm/src/install/robot_controller/share/robot_controller/package.zsh'
[1.350s] Level 1:colcon.colcon_core.environment:create_file_with_runtime_dependencies(/home/kartik/robot_arm/src/install/robot_controller/share/colcon-core/packages/robot_controller)
[1.350s] Level 1:colcon.colcon_core.environment:create_environment_scripts_only(robot_controller)
[1.351s] Level 1:colcon.colcon_core.environment:checking '/home/kartik/robot_arm/src/install/robot_controller' for CMake module files
[1.351s] Level 1:colcon.colcon_core.environment:checking '/home/kartik/robot_arm/src/install/robot_controller' for CMake config files
[1.351s] Level 1:colcon.colcon_core.shell:create_environment_hook('robot_controller', 'cmake_prefix_path')
[1.352s] INFO:colcon.colcon_core.shell:Creating environment hook '/home/kartik/robot_arm/src/install/robot_controller/share/robot_controller/hook/cmake_prefix_path.ps1'
[1.352s] INFO:colcon.colcon_core.shell:Creating environment descriptor '/home/kartik/robot_arm/src/install/robot_controller/share/robot_controller/hook/cmake_prefix_path.dsv'
[1.352s] INFO:colcon.colcon_core.shell:Creating environment hook '/home/kartik/robot_arm/src/install/robot_controller/share/robot_controller/hook/cmake_prefix_path.sh'
[1.353s] Level 1:colcon.colcon_core.environment:checking '/home/kartik/robot_arm/src/install/robot_controller/bin'
[1.353s] Level 1:colcon.colcon_core.environment:checking '/home/kartik/robot_arm/src/install/robot_controller/lib/pkgconfig/robot_controller.pc'
[1.353s] Level 1:colcon.colcon_core.environment:checking '/home/kartik/robot_arm/src/install/robot_controller/lib/python3.12/site-packages'
[1.353s] Level 1:colcon.colcon_core.environment:checking '/home/kartik/robot_arm/src/install/robot_controller/bin'
[1.353s] INFO:colcon.colcon_core.shell:Creating package script '/home/kartik/robot_arm/src/install/robot_controller/share/robot_controller/package.ps1'
[1.354s] INFO:colcon.colcon_core.shell:Creating package descriptor '/home/kartik/robot_arm/src/install/robot_controller/share/robot_controller/package.dsv'
[1.354s] INFO:colcon.colcon_core.shell:Creating package script '/home/kartik/robot_arm/src/install/robot_controller/share/robot_controller/package.sh'
[1.355s] INFO:colcon.colcon_core.shell:Creating package script '/home/kartik/robot_arm/src/install/robot_controller/share/robot_controller/package.bash'
[1.355s] INFO:colcon.colcon_core.shell:Creating package script '/home/kartik/robot_arm/src/install/robot_controller/share/robot_controller/package.zsh'
[1.355s] Level 1:colcon.colcon_core.environment:create_file_with_runtime_dependencies(/home/kartik/robot_arm/src/install/robot_controller/share/colcon-core/packages/robot_controller)
[3.264s] DEBUG:colcon.colcon_core.event_handler.log_command:Invoked command in '/home/kartik/robot_arm/src/build/robot_msgs' returned '0': CMAKE_PREFIX_PATH=${CMAKE_PREFIX_PATH}:/opt/ros/jazzy DEBUGINFOD_URLS=https://debuginfod.ubuntu.com /usr/bin/cmake /home/kartik/robot_arm/src/robot_msgs -DCMAKE_INSTALL_PREFIX=/home/kartik/robot_arm/src/install/robot_msgs
[3.265s] DEBUG:colcon.colcon_core.event_handler.log_command:Invoking command in '/home/kartik/robot_arm/src/build/robot_msgs': CMAKE_PREFIX_PATH=${CMAKE_PREFIX_PATH}:/opt/ros/jazzy DEBUGINFOD_URLS=https://debuginfod.ubuntu.com /usr/bin/cmake --build /home/kartik/robot_arm/src/build/robot_msgs -- -j8 -l8
[6.396s] DEBUG:colcon.colcon_core.event_handler.log_command:Invoked command in '/home/kartik/robot_arm/src/build/robot_msgs' returned '0': CMAKE_PREFIX_PATH=${CMAKE_PREFIX_PATH}:/opt/ros/jazzy DEBUGINFOD_URLS=https://debuginfod.ubuntu.com /usr/bin/cmake --build /home/kartik/robot_arm/src/build/robot_msgs -- -j8 -l8
[6.397s] DEBUG:colcon.colcon_core.event_handler.log_command:Invoking command in '/home/kartik/robot_arm/src/build/robot_msgs': CMAKE_PREFIX_PATH=${CMAKE_PREFIX_PATH}:/opt/ros/jazzy DEBUGINFOD_URLS=https://debuginfod.ubuntu.com /usr/bin/cmake --install /home/kartik/robot_arm/src/build/robot_msgs
[6.474s] Level 1:colcon.colcon_core.environment:create_environment_scripts_only(robot_msgs)
[6.474s] Level 1:colcon.colcon_core.environment:checking '/home/kartik/robot_arm/src/install/robot_msgs' for CMake module files
[6.474s] DEBUG:colcon.colcon_core.event_handler.log_command:Invoked command in '/home/kartik/robot_arm/src/build/robot_msgs' returned '0': CMAKE_PREFIX_PATH=${CMAKE_PREFIX_PATH}:/opt/ros/jazzy DEBUGINFOD_URLS=https://debuginfod.ubuntu.com /usr/bin/cmake --install /home/kartik/robot_arm/src/build/robot_msgs
[6.475s] Level 1:colcon.colcon_core.environment:checking '/home/kartik/robot_arm/src/install/robot_msgs' for CMake config files
[6.475s] Level 1:colcon.colcon_core.shell:create_environment_hook('robot_msgs', 'cmake_prefix_path')
[6.475s] INFO:colcon.colcon_core.shell:Creating environment hook '/home/kartik/robot_arm/src/install/robot_msgs/share/robot_msgs/hook/cmake_prefix_path.ps1'
[6.476s] INFO:colcon.colcon_core.shell:Creating environment descriptor '/home/kartik/robot_arm/src/install/robot_msgs/share/robot_msgs/hook/cmake_prefix_path.dsv'
[6.476s] INFO:colcon.colcon_core.shell:Creating environment hook '/home/kartik/robot_arm/src/install/robot_msgs/share/robot_msgs/hook/cmake_prefix_path.sh'
[6.476s] Level 1:colcon.colcon_core.environment:checking '/home/kartik/robot_arm/src/install/robot_msgs/lib'
[6.476s] Level 1:colcon.colcon_core.shell:create_environment_hook('robot_msgs', 'ld_library_path_lib')
[6.477s] INFO:colcon.colcon_core.shell:Creating environment hook '/home/kartik/robot_arm/src/install/robot_msgs/share/robot_msgs/hook/ld_library_path_lib.ps1'
[6.477s] INFO:colcon.colcon_core.shell:Creating environment descriptor '/home/kartik/robot_arm/src/install/robot_msgs/share/robot_msgs/hook/ld_library_path_lib.dsv'
[6.477s] INFO:colcon.colcon_core.shell:Creating environment hook '/home/kartik/robot_arm/src/install/robot_msgs/share/robot_msgs/hook/ld_library_path_lib.sh'
[6.477s] Level 1:colcon.colcon_core.environment:checking '/home/kartik/robot_arm/src/install/robot_msgs/bin'
[6.477s] Level 1:colcon.colcon_core.environment:checking '/home/kartik/robot_arm/src/install/robot_msgs/lib/pkgconfig/robot_msgs.pc'
[6.478s] Level 1:colcon.colcon_core.environment:checking '/home/kartik/robot_arm/src/install/robot_msgs/lib/python3.12/site-packages'
[6.478s] Level 1:colcon.colcon_core.shell:create_environment_hook('robot_msgs', 'pythonpath')
[6.478s] INFO:colcon.colcon_core.shell:Creating environment hook '/home/kartik/robot_arm/src/install/robot_msgs/share/robot_msgs/hook/pythonpath.ps1'
[6.478s] INFO:colcon.colcon_core.shell:Creating environment descriptor '/home/kartik/robot_arm/src/install/robot_msgs/share/robot_msgs/hook/pythonpath.dsv'
[6.478s] INFO:colcon.colcon_core.shell:Creating environment hook '/home/kartik/robot_arm/src/install/robot_msgs/share/robot_msgs/hook/pythonpath.sh'
[6.479s] Level 1:colcon.colcon_core.environment:checking '/home/kartik/robot_arm/src/install/robot_msgs/bin'
[6.479s] INFO:colcon.colcon_core.shell:Creating package script '/home/kartik/robot_arm/src/install/robot_msgs/share/robot_msgs/package.ps1'
[6.480s] INFO:colcon.colcon_core.shell:Creating package descriptor '/home/kartik/robot_arm/src/install/robot_msgs/share/robot_msgs/package.dsv'
[6.480s] INFO:colcon.colcon_core.shell:Creating package script '/home/kartik/robot_arm/src/install/robot_msgs/share/robot_msgs/package.sh'
[6.480s] INFO:colcon.colcon_core.shell:Creating package script '/home/kartik/robot_arm/src/install/robot_msgs/share/robot_msgs/package.bash'
[6.481s] INFO:colcon.colcon_core.shell:Creating package script '/home/kartik/robot_arm/src/install/robot_msgs/share/robot_msgs/package.zsh'
[6.481s] Level 1:colcon.colcon_core.environment:create_file_with_runtime_dependencies(/home/kartik/robot_arm/src/install/robot_msgs/share/colcon-core/packages/robot_msgs)
[6.481s] Level 1:colcon.colcon_core.environment:create_environment_scripts_only(robot_msgs)
[6.481s] Level 1:colcon.colcon_core.environment:checking '/home/kartik/robot_arm/src/install/robot_msgs' for CMake module files
[6.482s] Level 1:colcon.colcon_core.environment:checking '/home/kartik/robot_arm/src/install/robot_msgs' for CMake config files
[6.483s] Level 1:colcon.colcon_core.shell:create_environment_hook('robot_msgs', 'cmake_prefix_path')
[6.483s] INFO:colcon.colcon_core.shell:Creating environment hook '/home/kartik/robot_arm/src/install/robot_msgs/share/robot_msgs/hook/cmake_prefix_path.ps1'
[6.483s] INFO:colcon.colcon_core.shell:Creating environment descriptor '/home/kartik/robot_arm/src/install/robot_msgs/share/robot_msgs/hook/cmake_prefix_path.dsv'
[6.483s] INFO:colcon.colcon_core.shell:Creating environment hook '/home/kartik/robot_arm/src/install/robot_msgs/share/robot_msgs/hook/cmake_prefix_path.sh'
[6.484s] Level 1:colcon.colcon_core.environment:checking '/home/kartik/robot_arm/src/install/robot_msgs/lib'
[6.484s] Level 1:colcon.colcon_core.shell:create_environment_hook('robot_msgs', 'ld_library_path_lib')
[6.484s] INFO:colcon.colcon_core.shell:Creating environment hook '/home/kartik/robot_arm/src/install/robot_msgs/share/robot_msgs/hook/ld_library_path_lib.ps1'
[6.484s] INFO:colcon.colcon_core.shell:Creating environment descriptor '/home/kartik/robot_arm/src/install/robot_msgs/share/robot_msgs/hook/ld_library_path_lib.dsv'
[6.484s] INFO:colcon.colcon_core.shell:Creating environment hook '/home/kartik/robot_arm/src/install/robot_msgs/share/robot_msgs/hook/ld_library_path_lib.sh'
[6.485s] Level 1:colcon.colcon_core.environment:checking '/home/kartik/robot_arm/src/install/robot_msgs/bin'
[6.485s] Level 1:colcon.colcon_core.environment:checking '/home/kartik/robot_arm/src/install/robot_msgs/lib/pkgconfig/robot_msgs.pc'
[6.485s] Level 1:colcon.colcon_core.environment:checking '/home/kartik/robot_arm/src/install/robot_msgs/lib/python3.12/site-packages'
[6.485s] Level 1:colcon.colcon_core.shell:create_environment_hook('robot_msgs', 'pythonpath')
[6.485s] INFO:colcon.colcon_core.shell:Creating environment hook '/home/kartik/robot_arm/src/install/robot_msgs/share/robot_msgs/hook/pythonpath.ps1'
[6.485s] INFO:colcon.colcon_core.shell:Creating environment descriptor '/home/kartik/robot_arm/src/install/robot_msgs/share/robot_msgs/hook/pythonpath.dsv'
[6.486s] INFO:colcon.colcon_core.shell:Creating environment hook '/home/kartik/robot_arm/src/install/robot_msgs/share/robot_msgs/hook/pythonpath.sh'
[6.486s] Level 1:colcon.colcon_core.environment:checking '/home/kartik/robot_arm/src/install/robot_msgs/bin'
[6.486s] INFO:colcon.colcon_core.shell:Creating package script '/home/kartik/robot_arm/src/install/robot_msgs/share/robot_msgs/package.ps1'
[6.487s] INFO:colcon.colcon_core.shell:Creating package descriptor '/home/kartik/robot_arm/src/install/robot_msgs/share/robot_msgs/package.dsv'
[6.487s] INFO:colcon.colcon_core.shell:Creating package script '/home/kartik/robot_arm/src/install/robot_msgs/share/robot_msgs/package.sh'
[6.488s] INFO:colcon.colcon_core.shell:Creating package script '/home/kartik/robot_arm/src/install/robot_msgs/share/robot_msgs/package.bash'
[6.488s] INFO:colcon.colcon_core.shell:Creating package script '/home/kartik/robot_arm/src/install/robot_msgs/share/robot_msgs/package.zsh'
[6.488s] Level 1:colcon.colcon_core.environment:create_file_with_runtime_dependencies(/home/kartik/robot_arm/src/install/robot_msgs/share/colcon-core/packages/robot_msgs)
[6.488s] INFO:colcon.colcon_ros.task.ament_cmake.build:Building ROS package in '/home/kartik/robot_arm/src/robot_utils' with build type 'ament_cmake'
[6.489s] INFO:colcon.colcon_cmake.task.cmake.build:Building CMake package in '/home/kartik/robot_arm/src/robot_utils'
[6.489s] INFO:colcon.colcon_core.shell:Skip shell extension 'powershell' for command environment: Not usable outside of PowerShell
[6.489s] DEBUG:colcon.colcon_core.shell:Skip shell extension 'dsv' for command environment
[6.497s] DEBUG:colcon.colcon_core.event_handler.log_command:Invoking command in '/home/kartik/robot_arm/src/build/robot_utils': AMENT_PREFIX_PATH=/home/kartik/robot_arm/src/install/robot_msgs:${AMENT_PREFIX_PATH} CMAKE_PREFIX_PATH=/home/kartik/robot_arm/src/install/robot_msgs:/opt/ros/jazzy/opt/gz_sim_vendor:/opt/ros/jazzy/opt/gz_sensors_vendor:/opt/ros/jazzy/opt/gz_physics_vendor:/opt/ros/jazzy/opt/sdformat_vendor:/opt/ros/jazzy/opt/gz_gui_vendor:/opt/ros/jazzy/opt/gz_transport_vendor:/opt/ros/jazzy/opt/gz_rendering_vendor:/opt/ros/jazzy/opt/gz_plugin_vendor:/opt/ros/jazzy/opt/gz_fuel_tools_vendor:/opt/ros/jazzy/opt/gz_msgs_vendor:/opt/ros/jazzy/opt/gz_common_vendor:/opt/ros/jazzy/opt/gz_math_vendor:/opt/ros/jazzy/opt/gz_utils_vendor:/opt/ros/jazzy/opt/gz_tools_vendor:/opt/ros/jazzy/opt/gz_ogre_next_vendor:/opt/ros/jazzy/opt/gz_dartsim_vendor:/opt/ros/jazzy/opt/gz_cmake_vendor:/opt/ros/jazzy DEBUGINFOD_URLS=https://debuginfod.ubuntu.com LD_LIBRARY_PATH=/home/kartik/robot_arm/src/install/robot_msgs/lib:${LD_LIBRARY_PATH} PYTHONPATH=/home/kartik/robot_arm/src/install/robot_msgs/lib/python3.12/site-packages:${PYTHONPATH} /usr/bin/cmake /home/kartik/robot_arm/src/robot_utils -DCMAKE_INSTALL_PREFIX=/home/kartik/robot_arm/src/install/robot_utils
[7.436s] DEBUG:colcon.colcon_core.event_handler.log_command:Invoked command in '/home/kartik/robot_arm/src/build/robot_utils' returned '0': AMENT_PREFIX_PATH=/home/kartik/robot_arm/src/install/robot_msgs:${AMENT_PREFIX_PATH} CMAKE_PREFIX_PATH=/home/kartik/robot_arm/src/install/robot_msgs:/opt/ros/jazzy/opt/gz_sim_vendor:/opt/ros/jazzy/opt/gz_sensors_vendor:/opt/ros/jazzy/opt/gz_physics_vendor:/opt/ros/jazzy/opt/sdformat_vendor:/opt/ros/jazzy/opt/gz_gui_vendor:/opt/ros/jazzy/opt/gz_transport_vendor:/opt/ros/jazzy/opt/gz_rendering_vendor:/opt/ros/jazzy/opt/gz_plugin_vendor:/opt/ros/jazzy/opt/gz_fuel_tools_vendor:/opt/ros/jazzy/opt/gz_msgs_vendor:/opt/ros/jazzy/opt/gz_common_vendor:/opt/ros/jazzy/opt/gz_math_vendor:/opt/ros/jazzy/opt/gz_utils_vendor:/opt/ros/jazzy/opt/gz_tools_vendor:/opt/ros/jazzy/opt/gz_ogre_next_vendor:/opt/ros/jazzy/opt/gz_dartsim_vendor:/opt/ros/jazzy/opt/gz_cmake_vendor:/opt/ros/jazzy DEBUGINFOD_URLS=https://debuginfod.ubuntu.com LD_LIBRARY_PATH=/home/kartik/robot_arm/src/install/robot_msgs/lib:${LD_LIBRARY_PATH} PYTHONPATH=/home/kartik/robot_arm/src/install/robot_msgs/lib/python3.12/site-packages:${PYTHONPATH} /usr/bin/cmake /home/kartik/robot_arm/src/robot_utils -DCMAKE_INSTALL_PREFIX=/home/kartik/robot_arm/src/install/robot_utils
[7.436s] DEBUG:colcon.colcon_core.event_handler.log_command:Invoking command in '/home/kartik/robot_arm/src/build/robot_utils': AMENT_PREFIX_PATH=/home/kartik/robot_arm/src/install/robot_msgs:${AMENT_PREFIX_PATH} CMAKE_PREFIX_PATH=/home/kartik/robot_arm/src/install/robot_msgs:/opt/ros/jazzy/opt/gz_sim_vendor:/opt/ros/jazzy/opt/gz_sensors_vendor:/opt/ros/jazzy/opt/gz_physics_vendor:/opt/ros/jazzy/opt/sdformat_vendor:/opt/ros/jazzy/opt/gz_gui_vendor:/opt/ros/jazzy/opt/gz_transport_vendor:/opt/ros/jazzy/opt/gz_rendering_vendor:/opt/ros/jazzy/opt/gz_plugin_vendor:/opt/ros/jazzy/opt/gz_fuel_tools_vendor:/opt/ros/jazzy/opt/gz_msgs_vendor:/opt/ros/jazzy/opt/gz_common_vendor:/opt/ros/jazzy/opt/gz_math_vendor:/opt/ros/jazzy/opt/gz_utils_vendor:/opt/ros/jazzy/opt/gz_tools_vendor:/opt/ros/jazzy/opt/gz_ogre_next_vendor:/opt/ros/jazzy/opt/gz_dartsim_vendor:/opt/ros/jazzy/opt/gz_cmake_vendor:/opt/ros/jazzy DEBUGINFOD_URLS=https://debuginfod.ubuntu.com LD_LIBRARY_PATH=/home/kartik/robot_arm/src/install/robot_msgs/lib:${LD_LIBRARY_PATH} PYTHONPATH=/home/kartik/robot_arm/src/install/robot_msgs/lib/python3.12/site-packages:${PYTHONPATH} /usr/bin/cmake --build /home/kartik/robot_arm/src/build/robot_utils -- -j8 -l8
[7.792s] DEBUG:colcon.colcon_core.event_handler.log_command:Invoked command in '/home/kartik/robot_arm/src/build/robot_utils' returned '0': AMENT_PREFIX_PATH=/home/kartik/robot_arm/src/install/robot_msgs:${AMENT_PREFIX_PATH} CMAKE_PREFIX_PATH=/home/kartik/robot_arm/src/install/robot_msgs:/opt/ros/jazzy/opt/gz_sim_vendor:/opt/ros/jazzy/opt/gz_sensors_vendor:/opt/ros/jazzy/opt/gz_physics_vendor:/opt/ros/jazzy/opt/sdformat_vendor:/opt/ros/jazzy/opt/gz_gui_vendor:/opt/ros/jazzy/opt/gz_transport_vendor:/opt/ros/jazzy/opt/gz_rendering_vendor:/opt/ros/jazzy/opt/gz_plugin_vendor:/opt/ros/jazzy/opt/gz_fuel_tools_vendor:/opt/ros/jazzy/opt/gz_msgs_vendor:/opt/ros/jazzy/opt/gz_common_vendor:/opt/ros/jazzy/opt/gz_math_vendor:/opt/ros/jazzy/opt/gz_utils_vendor:/opt/ros/jazzy/opt/gz_tools_vendor:/opt/ros/jazzy/opt/gz_ogre_next_vendor:/opt/ros/jazzy/opt/gz_dartsim_vendor:/opt/ros/jazzy/opt/gz_cmake_vendor:/opt/ros/jazzy DEBUGINFOD_URLS=https://debuginfod.ubuntu.com LD_LIBRARY_PATH=/home/kartik/robot_arm/src/install/robot_msgs/lib:${LD_LIBRARY_PATH} PYTHONPATH=/home/kartik/robot_arm/src/install/robot_msgs/lib/python3.12/site-packages:${PYTHONPATH} /usr/bin/cmake --build /home/kartik/robot_arm/src/build/robot_utils -- -j8 -l8
[7.793s] DEBUG:colcon.colcon_core.event_handler.log_command:Invoking command in '/home/kartik/robot_arm/src/build/robot_utils': AMENT_PREFIX_PATH=/home/kartik/robot_arm/src/install/robot_msgs:${AMENT_PREFIX_PATH} CMAKE_PREFIX_PATH=/home/kartik/robot_arm/src/install/robot_msgs:/opt/ros/jazzy/opt/gz_sim_vendor:/opt/ros/jazzy/opt/gz_sensors_vendor:/opt/ros/jazzy/opt/gz_physics_vendor:/opt/ros/jazzy/opt/sdformat_vendor:/opt/ros/jazzy/opt/gz_gui_vendor:/opt/ros/jazzy/opt/gz_transport_vendor:/opt/ros/jazzy/opt/gz_rendering_vendor:/opt/ros/jazzy/opt/gz_plugin_vendor:/opt/ros/jazzy/opt/gz_fuel_tools_vendor:/opt/ros/jazzy/opt/gz_msgs_vendor:/opt/ros/jazzy/opt/gz_common_vendor:/opt/ros/jazzy/opt/gz_math_vendor:/opt/ros/jazzy/opt/gz_utils_vendor:/opt/ros/jazzy/opt/gz_tools_vendor:/opt/ros/jazzy/opt/gz_ogre_next_vendor:/opt/ros/jazzy/opt/gz_dartsim_vendor:/opt/ros/jazzy/opt/gz_cmake_vendor:/opt/ros/jazzy DEBUGINFOD_URLS=https://debuginfod.ubuntu.com LD_LIBRARY_PATH=/home/kartik/robot_arm/src/install/robot_msgs/lib:${LD_LIBRARY_PATH} PYTHONPATH=/home/kartik/robot_arm/src/install/robot_msgs/lib/python3.12/site-packages:${PYTHONPATH} /usr/bin/cmake --install /home/kartik/robot_arm/src/build/robot_utils
[7.842s] Level 1:colcon.colcon_core.environment:create_environment_scripts_only(robot_utils)
[7.842s] Level 1:colcon.colcon_core.environment:checking '/home/kartik/robot_arm/src/install/robot_utils' for CMake module files
[7.842s] DEBUG:colcon.colcon_core.event_handler.log_command:Invoked command in '/home/kartik/robot_arm/src/build/robot_utils' returned '0': AMENT_PREFIX_PATH=/home/kartik/robot_arm/src/install/robot_msgs:${AMENT_PREFIX_PATH} CMAKE_PREFIX_PATH=/home/kartik/robot_arm/src/install/robot_msgs:/opt/ros/jazzy/opt/gz_sim_vendor:/opt/ros/jazzy/opt/gz_sensors_vendor:/opt/ros/jazzy/opt/gz_physics_vendor:/opt/ros/jazzy/opt/sdformat_vendor:/opt/ros/jazzy/opt/gz_gui_vendor:/opt/ros/jazzy/opt/gz_transport_vendor:/opt/ros/jazzy/opt/gz_rendering_vendor:/opt/ros/jazzy/opt/gz_plugin_vendor:/opt/ros/jazzy/opt/gz_fuel_tools_vendor:/opt/ros/jazzy/opt/gz_msgs_vendor:/opt/ros/jazzy/opt/gz_common_vendor:/opt/ros/jazzy/opt/gz_math_vendor:/opt/ros/jazzy/opt/gz_utils_vendor:/opt/ros/jazzy/opt/gz_tools_vendor:/opt/ros/jazzy/opt/gz_ogre_next_vendor:/opt/ros/jazzy/opt/gz_dartsim_vendor:/opt/ros/jazzy/opt/gz_cmake_vendor:/opt/ros/jazzy DEBUGINFOD_URLS=https://debuginfod.ubuntu.com LD_LIBRARY_PATH=/home/kartik/robot_arm/src/install/robot_msgs/lib:${LD_LIBRARY_PATH} PYTHONPATH=/home/kartik/robot_arm/src/install/robot_msgs/lib/python3.12/site-packages:${PYTHONPATH} /usr/bin/cmake --install /home/kartik/robot_arm/src/build/robot_utils
[7.843s] Level 1:colcon.colcon_core.environment:checking '/home/kartik/robot_arm/src/install/robot_utils' for CMake config files
[7.843s] Level 1:colcon.colcon_core.shell:create_environment_hook('robot_utils', 'cmake_prefix_path')
[7.843s] INFO:colcon.colcon_core.shell:Creating environment hook '/home/kartik/robot_arm/src/install/robot_utils/share/robot_utils/hook/cmake_prefix_path.ps1'
[7.843s] INFO:colcon.colcon_core.shell:Creating environment descriptor '/home/kartik/robot_arm/src/install/robot_utils/share/robot_utils/hook/cmake_prefix_path.dsv'
[7.844s] INFO:colcon.colcon_core.shell:Creating environment hook '/home/kartik/robot_arm/src/install/robot_utils/share/robot_utils/hook/cmake_prefix_path.sh'
[7.844s] Level 1:colcon.colcon_core.environment:checking '/home/kartik/robot_arm/src/install/robot_utils/lib'
[7.844s] Level 1:colcon.colcon_core.environment:checking '/home/kartik/robot_arm/src/install/robot_utils/bin'
[7.844s] Level 1:colcon.colcon_core.environment:checking '/home/kartik/robot_arm/src/install/robot_utils/lib/pkgconfig/robot_utils.pc'
[7.845s] Level 1:colcon.colcon_core.environment:checking '/home/kartik/robot_arm/src/install/robot_utils/lib/python3.12/site-packages'
[7.845s] Level 1:colcon.colcon_core.shell:create_environment_hook('robot_utils', 'pythonpath')
[7.845s] INFO:colcon.colcon_core.shell:Creating environment hook '/home/kartik/robot_arm/src/install/robot_utils/share/robot_utils/hook/pythonpath.ps1'
[7.845s] INFO:colcon.colcon_core.shell:Creating environment descriptor '/home/kartik/robot_arm/src/install/robot_utils/share/robot_utils/hook/pythonpath.dsv'
[7.845s] INFO:colcon.colcon_core.shell:Creating environment hook '/home/kartik/robot_arm/src/install/robot_utils/share/robot_utils/hook/pythonpath.sh'
[7.846s] Level 1:colcon.colcon_core.environment:checking '/home/kartik/robot_arm/src/install/robot_utils/bin'
[7.846s] INFO:colcon.colcon_core.shell:Creating package script '/home/kartik/robot_arm/src/install/robot_utils/share/robot_utils/package.ps1'
[7.846s] INFO:colcon.colcon_core.shell:Creating package descriptor '/home/kartik/robot_arm/src/install/robot_utils/share/robot_utils/package.dsv'
[7.847s] INFO:colcon.colcon_core.shell:Creating package script '/home/kartik/robot_arm/src/install/robot_utils/share/robot_utils/package.sh'
[7.847s] INFO:colcon.colcon_core.shell:Creating package script '/home/kartik/robot_arm/src/install/robot_utils/share/robot_utils/package.bash'
[7.847s] INFO:colcon.colcon_core.shell:Creating package script '/home/kartik/robot_arm/src/install/robot_utils/share/robot_utils/package.zsh'
[7.848s] Level 1:colcon.colcon_core.environment:create_file_with_runtime_dependencies(/home/kartik/robot_arm/src/install/robot_utils/share/colcon-core/packages/robot_utils)
[7.848s] Level 1:colcon.colcon_core.environment:create_environment_scripts_only(robot_utils)
[7.848s] Level 1:colcon.colcon_core.environment:checking '/home/kartik/robot_arm/src/install/robot_utils' for CMake module files
[7.849s] Level 1:colcon.colcon_core.environment:checking '/home/kartik/robot_arm/src/install/robot_utils' for CMake config files
[7.849s] Level 1:colcon.colcon_core.shell:create_environment_hook('robot_utils', 'cmake_prefix_path')
[7.849s] INFO:colcon.colcon_core.shell:Creating environment hook '/home/kartik/robot_arm/src/install/robot_utils/share/robot_utils/hook/cmake_prefix_path.ps1'
[7.849s] INFO:colcon.colcon_core.shell:Creating environment descriptor '/home/kartik/robot_arm/src/install/robot_utils/share/robot_utils/hook/cmake_prefix_path.dsv'
[7.849s] INFO:colcon.colcon_core.shell:Creating environment hook '/home/kartik/robot_arm/src/install/robot_utils/share/robot_utils/hook/cmake_prefix_path.sh'
[7.850s] Level 1:colcon.colcon_core.environment:checking '/home/kartik/robot_arm/src/install/robot_utils/lib'
[7.850s] Level 1:colcon.colcon_core.environment:checking '/home/kartik/robot_arm/src/install/robot_utils/bin'
[7.850s] Level 1:colcon.colcon_core.environment:checking '/home/kartik/robot_arm/src/install/robot_utils/lib/pkgconfig/robot_utils.pc'
[7.850s] Level 1:colcon.colcon_core.environment:checking '/home/kartik/robot_arm/src/install/robot_utils/lib/python3.12/site-packages'
[7.850s] Level 1:colcon.colcon_core.shell:create_environment_hook('robot_utils', 'pythonpath')
[7.850s] INFO:colcon.colcon_core.shell:Creating environment hook '/home/kartik/robot_arm/src/install/robot_utils/share/robot_utils/hook/pythonpath.ps1'
[7.851s] INFO:colcon.colcon_core.shell:Creating environment descriptor '/home/kartik/robot_arm/src/install/robot_utils/share/robot_utils/hook/pythonpath.dsv'
[7.851s] INFO:colcon.colcon_core.shell:Creating environment hook '/home/kartik/robot_arm/src/install/robot_utils/share/robot_utils/hook/pythonpath.sh'
[7.852s] Level 1:colcon.colcon_core.environment:checking '/home/kartik/robot_arm/src/install/robot_utils/bin'
[7.852s] INFO:colcon.colcon_core.shell:Creating package script '/home/kartik/robot_arm/src/install/robot_utils/share/robot_utils/package.ps1'
[7.852s] INFO:colcon.colcon_core.shell:Creating package descriptor '/home/kartik/robot_arm/src/install/robot_utils/share/robot_utils/package.dsv'
[7.852s] INFO:colcon.colcon_core.shell:Creating package script '/home/kartik/robot_arm/src/install/robot_utils/share/robot_utils/package.sh'
[7.853s] INFO:colcon.colcon_core.shell:Creating package script '/home/kartik/robot_arm/src/install/robot_utils/share/robot_utils/package.bash'
[7.853s] INFO:colcon.colcon_core.shell:Creating package script '/home/kartik/robot_arm/src/install/robot_utils/share/robot_utils/package.zsh'
[7.853s] Level 1:colcon.colcon_core.environment:create_file_with_runtime_dependencies(/home/kartik/robot_arm/src/install/robot_utils/share/colcon-core/packages/robot_utils)
[7.854s] DEBUG:colcon.colcon_parallel_executor.executor.parallel:closing loop
[7.854s] DEBUG:colcon.colcon_parallel_executor.executor.parallel:loop closed
[7.854s] DEBUG:colcon.colcon_parallel_executor.executor.parallel:run_until_complete finished with '0'
[7.854s] DEBUG:colcon.colcon_core.event_reactor:joining thread
[7.859s] INFO:colcon.colcon_core.plugin_system:Skipping extension 'colcon_notification.desktop_notification.terminal_notifier': Not used on non-Darwin systems
[7.859s] INFO:colcon.colcon_core.plugin_system:Skipping extension 'colcon_notification.desktop_notification.win32': Not used on non-Windows systems
[7.859s] INFO:colcon.colcon_notification.desktop_notification:Sending desktop notification using 'notify2'
[7.870s] DEBUG:colcon.colcon_core.event_reactor:joined thread
[7.871s] INFO:colcon.colcon_core.shell:Creating prefix script '/home/kartik/robot_arm/src/install/local_setup.ps1'
[7.872s] INFO:colcon.colcon_core.shell:Creating prefix util module '/home/kartik/robot_arm/src/install/_local_setup_util_ps1.py'
[7.873s] INFO:colcon.colcon_core.shell:Creating prefix chain script '/home/kartik/robot_arm/src/install/setup.ps1'
[7.874s] INFO:colcon.colcon_core.shell:Creating prefix script '/home/kartik/robot_arm/src/install/local_setup.sh'
[7.874s] INFO:colcon.colcon_core.shell:Creating prefix util module '/home/kartik/robot_arm/src/install/_local_setup_util_sh.py'
[7.875s] INFO:colcon.colcon_core.shell:Creating prefix chain script '/home/kartik/robot_arm/src/install/setup.sh'
[7.876s] INFO:colcon.colcon_core.shell:Creating prefix script '/home/kartik/robot_arm/src/install/local_setup.bash'
[7.876s] INFO:colcon.colcon_core.shell:Creating prefix chain script '/home/kartik/robot_arm/src/install/setup.bash'
[7.877s] INFO:colcon.colcon_core.shell:Creating prefix script '/home/kartik/robot_arm/src/install/local_setup.zsh'
[7.877s] INFO:colcon.colcon_core.shell:Creating prefix chain script '/home/kartik/robot_arm/src/install/setup.zsh'
