[0.010s] Invoking command in '/home/kartik/robot_arm/build/robot_controller': CMAKE_PREFIX_PATH=${CMAKE_PREFIX_PATH}:/opt/ros/jazzy DEBUGINFOD_URLS=https://debuginfod.ubuntu.com /usr/bin/cmake --build /home/kartik/robot_arm/build/robot_controller -- -j5 -l5
[0.030s] -- Found ament_cmake: 2.5.4 (/opt/ros/jazzy/share/ament_cmake/cmake)
[0.136s] -- Found ament_lint_auto: 0.17.2 (/opt/ros/jazzy/share/ament_lint_auto/cmake)
[0.177s] -- Added test 'flake8' to check Python code syntax and style conventions
[0.177s] -- Configured 'flake8' exclude dirs and/or files: 
[0.177s] -- Added test 'lint_cmake' to check CMake code style
[0.178s] -- Added test 'pep257' to check Python code against some of the docstring style conventions in PEP 257
[0.178s] -- Added test 'xmllint' to check XML markup files
[0.179s] -- Configuring done (0.2s)
[0.181s] -- Generating done (0.0s)
[0.182s] -- Build files have been written to: /home/kartik/robot_arm/build/robot_controller
[0.192s] Invoked command in '/home/kartik/robot_arm/build/robot_controller' returned '0': CMAKE_PREFIX_PATH=${CMAKE_PREFIX_PATH}:/opt/ros/jazzy DEBUGINFOD_URLS=https://debuginfod.ubuntu.com /usr/bin/cmake --build /home/kartik/robot_arm/build/robot_controller -- -j5 -l5
[0.192s] Invoking command in '/home/kartik/robot_arm/build/robot_controller': CMAKE_PREFIX_PATH=${CMAKE_PREFIX_PATH}:/opt/ros/jazzy DEBUGINFOD_URLS=https://debuginfod.ubuntu.com /usr/bin/cmake --install /home/kartik/robot_arm/build/robot_controller
[0.196s] -- Install configuration: ""
[0.196s] -- Up-to-date: /home/kartik/robot_arm/install/robot_controller/share/robot_controller/config
[0.196s] -- Up-to-date: /home/kartik/robot_arm/install/robot_controller/share/robot_controller/config/ur5_controllers.yaml
[0.196s] -- Installing: /home/kartik/robot_arm/install/robot_controller/share/robot_controller/launch
[0.196s] -- Installing: /home/kartik/robot_arm/install/robot_controller/share/robot_controller/launch/controller.launch.py
[0.196s] -- Installing: /home/kartik/robot_arm/install/robot_controller/share/ament_index/resource_index/package_run_dependencies/robot_controller
[0.196s] -- Up-to-date: /home/kartik/robot_arm/install/robot_controller/share/ament_index/resource_index/parent_prefix_path/robot_controller
[0.196s] -- Up-to-date: /home/kartik/robot_arm/install/robot_controller/share/robot_controller/environment/ament_prefix_path.sh
[0.196s] -- Up-to-date: /home/kartik/robot_arm/install/robot_controller/share/robot_controller/environment/ament_prefix_path.dsv
[0.196s] -- Up-to-date: /home/kartik/robot_arm/install/robot_controller/share/robot_controller/environment/path.sh
[0.197s] -- Up-to-date: /home/kartik/robot_arm/install/robot_controller/share/robot_controller/environment/path.dsv
[0.197s] -- Up-to-date: /home/kartik/robot_arm/install/robot_controller/share/robot_controller/local_setup.bash
[0.197s] -- Up-to-date: /home/kartik/robot_arm/install/robot_controller/share/robot_controller/local_setup.sh
[0.197s] -- Up-to-date: /home/kartik/robot_arm/install/robot_controller/share/robot_controller/local_setup.zsh
[0.197s] -- Up-to-date: /home/kartik/robot_arm/install/robot_controller/share/robot_controller/local_setup.dsv
[0.197s] -- Installing: /home/kartik/robot_arm/install/robot_controller/share/robot_controller/package.dsv
[0.197s] -- Up-to-date: /home/kartik/robot_arm/install/robot_controller/share/ament_index/resource_index/packages/robot_controller
[0.197s] -- Up-to-date: /home/kartik/robot_arm/install/robot_controller/share/robot_controller/cmake/robot_controllerConfig.cmake
[0.197s] -- Up-to-date: /home/kartik/robot_arm/install/robot_controller/share/robot_controller/cmake/robot_controllerConfig-version.cmake
[0.197s] -- Installing: /home/kartik/robot_arm/install/robot_controller/share/robot_controller/package.xml
[0.197s] Invoked command in '/home/kartik/robot_arm/build/robot_controller' returned '0': CMAKE_PREFIX_PATH=${CMAKE_PREFIX_PATH}:/opt/ros/jazzy DEBUGINFOD_URLS=https://debuginfod.ubuntu.com /usr/bin/cmake --install /home/kartik/robot_arm/build/robot_controller
