[0.017s] Invoking command in '/home/kartik/robot_arm/build/robot_description': CMAKE_PREFIX_PATH=${CMAKE_PREFIX_PATH}:/opt/ros/jazzy DEBUGINFOD_URLS=https://debuginfod.ubuntu.com /usr/bin/cmake /home/kartik/robot_arm/src/robot_description -DCMAKE_INSTALL_PREFIX=/home/kartik/robot_arm/install/robot_description
[0.089s] -- The C compiler identification is GNU 13.3.0
[0.159s] -- The CXX compiler identification is GNU 13.3.0
[0.178s] -- Detecting C compiler ABI info
[0.270s] -- Detecting C compiler ABI info - done
[0.282s] -- Check for working C compiler: /usr/bin/cc - skipped
[0.283s] -- Detecting C compile features
[0.283s] -- Detecting C compile features - done
[0.293s] -- Detecting CXX compiler ABI info
[0.432s] -- Detecting CXX compiler ABI info - done
[0.450s] -- Check for working CXX compiler: /usr/bin/c++ - skipped
[0.450s] -- Detecting CXX compile features
[0.450s] -- Detecting CXX compile features - done
[0.462s] -- Found ament_cmake: 2.5.4 (/opt/ros/jazzy/share/ament_cmake/cmake)
[0.662s] -- Found Python3: /usr/bin/python3 (found version "3.12.3") found components: Interpreter 
[0.810s] -- Found xacro: 2.1.1 (/opt/ros/jazzy/share/xacro/cmake)
[0.816s] -- Found ament_lint_auto: 0.17.3 (/opt/ros/jazzy/share/ament_lint_auto/cmake)
[0.968s] -- Added test 'flake8' to check Python code syntax and style conventions
[0.969s] -- Configured 'flake8' exclude dirs and/or files: 
[0.970s] -- Added test 'lint_cmake' to check CMake code style
[0.972s] -- Added test 'pep257' to check Python code against some of the docstring style conventions in PEP 257
[0.977s] -- Added test 'xmllint' to check XML markup files
[0.981s] -- Configuring done (1.0s)
[0.986s] -- Generating done (0.0s)
[0.991s] -- Build files have been written to: /home/kartik/robot_arm/build/robot_description
[1.007s] Invoked command in '/home/kartik/robot_arm/build/robot_description' returned '0': CMAKE_PREFIX_PATH=${CMAKE_PREFIX_PATH}:/opt/ros/jazzy DEBUGINFOD_URLS=https://debuginfod.ubuntu.com /usr/bin/cmake /home/kartik/robot_arm/src/robot_description -DCMAKE_INSTALL_PREFIX=/home/kartik/robot_arm/install/robot_description
[1.009s] Invoking command in '/home/kartik/robot_arm/build/robot_description': CMAKE_PREFIX_PATH=${CMAKE_PREFIX_PATH}:/opt/ros/jazzy DEBUGINFOD_URLS=https://debuginfod.ubuntu.com /usr/bin/cmake --build /home/kartik/robot_arm/build/robot_description -- -j8 -l8
[1.050s] Invoked command in '/home/kartik/robot_arm/build/robot_description' returned '0': CMAKE_PREFIX_PATH=${CMAKE_PREFIX_PATH}:/opt/ros/jazzy DEBUGINFOD_URLS=https://debuginfod.ubuntu.com /usr/bin/cmake --build /home/kartik/robot_arm/build/robot_description -- -j8 -l8
[1.051s] Invoking command in '/home/kartik/robot_arm/build/robot_description': CMAKE_PREFIX_PATH=${CMAKE_PREFIX_PATH}:/opt/ros/jazzy DEBUGINFOD_URLS=https://debuginfod.ubuntu.com /usr/bin/cmake --install /home/kartik/robot_arm/build/robot_description
[1.059s] -- Install configuration: ""
[1.060s] -- Installing: /home/kartik/robot_arm/install/robot_description/share/robot_description/urdf
[1.060s] -- Installing: /home/kartik/robot_arm/install/robot_description/share/robot_description/urdf/ur5.urdf.xacro
[1.060s] -- Installing: /home/kartik/robot_arm/install/robot_description/share/robot_description/urdf/ur5.gazebo.xacro
[1.060s] -- Installing: /home/kartik/robot_arm/install/robot_description/share/robot_description/urdf/ur5_ros2_control.xacro
[1.060s] -- Installing: /home/kartik/robot_arm/install/robot_description/share/robot_description/urdf/ur5.transmission.xacro
[1.061s] -- Installing: /home/kartik/robot_arm/install/robot_description/share/robot_description/meshes
[1.061s] -- Installing: /home/kartik/robot_arm/install/robot_description/share/robot_description/meshes/ur5
[1.061s] -- Installing: /home/kartik/robot_arm/install/robot_description/share/robot_description/meshes/ur5/visual
[1.061s] -- Installing: /home/kartik/robot_arm/install/robot_description/share/robot_description/meshes/ur5/visual/Shoulder.dae
[1.061s] -- Installing: /home/kartik/robot_arm/install/robot_description/share/robot_description/meshes/ur5/visual/Wrist2.dae
[1.061s] -- Installing: /home/kartik/robot_arm/install/robot_description/share/robot_description/meshes/ur5/visual/UpperArm.dae
[1.063s] -- Installing: /home/kartik/robot_arm/install/robot_description/share/robot_description/meshes/ur5/visual/Wrist1.dae
[1.063s] -- Installing: /home/kartik/robot_arm/install/robot_description/share/robot_description/meshes/ur5/visual/Forearm.dae
[1.064s] -- Installing: /home/kartik/robot_arm/install/robot_description/share/robot_description/meshes/ur5/visual/Wrist3.dae
[1.065s] -- Installing: /home/kartik/robot_arm/install/robot_description/share/robot_description/meshes/ur5/visual/Base.dae
[1.065s] -- Installing: /home/kartik/robot_arm/install/robot_description/share/robot_description/meshes/ur5/collision
[1.065s] -- Installing: /home/kartik/robot_arm/install/robot_description/share/robot_description/meshes/ur5/collision/upper_arm.stl
[1.065s] -- Installing: /home/kartik/robot_arm/install/robot_description/share/robot_description/meshes/ur5/collision/forearm.stl
[1.066s] -- Installing: /home/kartik/robot_arm/install/robot_description/share/robot_description/meshes/ur5/collision/wrist_1.stl
[1.066s] -- Installing: /home/kartik/robot_arm/install/robot_description/share/robot_description/meshes/ur5/collision/shoulder.stl
[1.066s] -- Installing: /home/kartik/robot_arm/install/robot_description/share/robot_description/meshes/ur5/collision/base.stl
[1.066s] -- Installing: /home/kartik/robot_arm/install/robot_description/share/robot_description/meshes/ur5/collision/wrist_3.stl
[1.067s] -- Installing: /home/kartik/robot_arm/install/robot_description/share/robot_description/meshes/ur5/collision/wrist_2.stl
[1.068s] -- Installing: /home/kartik/robot_arm/install/robot_description/share/robot_description/launch
[1.068s] -- Installing: /home/kartik/robot_arm/install/robot_description/share/robot_description/launch/gazebo.launch.py
[1.068s] -- Installing: /home/kartik/robot_arm/install/robot_description/share/robot_description/launch/display.launch.py
[1.069s] -- Installing: /home/kartik/robot_arm/install/robot_description/share/robot_description/rviz
[1.069s] -- Installing: /home/kartik/robot_arm/install/robot_description/share/robot_description/rviz/display.rviz
[1.069s] -- Installing: /home/kartik/robot_arm/install/robot_description/share/robot_description/so-101
[1.069s] -- Installing: /home/kartik/robot_arm/install/robot_description/share/robot_description/so-101/so101.gazebo.xacro
[1.069s] -- Installing: /home/kartik/robot_arm/install/robot_description/share/robot_description/so-101/so101_ros2_control.xacro
[1.069s] -- Installing: /home/kartik/robot_arm/install/robot_description/share/robot_description/so-101/assets
[1.069s] -- Installing: /home/kartik/robot_arm/install/robot_description/share/robot_description/so-101/assets/upper_arm_so101_v1.part
[1.069s] -- Installing: /home/kartik/robot_arm/install/robot_description/share/robot_description/so-101/assets/motor_holder_so101_wrist_v1.stl
[1.070s] -- Installing: /home/kartik/robot_arm/install/robot_description/share/robot_description/so-101/assets/wrist_roll_pitch_so101_v2.part
[1.070s] -- Installing: /home/kartik/robot_arm/install/robot_description/share/robot_description/so-101/assets/motor_holder_so101_wrist_v1.part
[1.070s] -- Installing: /home/kartik/robot_arm/install/robot_description/share/robot_description/so-101/assets/sts3215_03a_no_horn_v1.part
[1.071s] -- Installing: /home/kartik/robot_arm/install/robot_description/share/robot_description/so-101/assets/upper_arm_so101_v1.stl
[1.071s] -- Installing: /home/kartik/robot_arm/install/robot_description/share/robot_description/so-101/assets/moving_jaw_so101_v1.stl
[1.071s] -- Installing: /home/kartik/robot_arm/install/robot_description/share/robot_description/so-101/assets/base_motor_holder_so101_v1.part
[1.071s] -- Installing: /home/kartik/robot_arm/install/robot_description/share/robot_description/so-101/assets/rotation_pitch_so101_v1.part
[1.071s] -- Installing: /home/kartik/robot_arm/install/robot_description/share/robot_description/so-101/assets/base_so101_v2.part
[1.072s] -- Installing: /home/kartik/robot_arm/install/robot_description/share/robot_description/so-101/assets/wrist_roll_follower_so101_v1.stl
[1.072s] -- Installing: /home/kartik/robot_arm/install/robot_description/share/robot_description/so-101/assets/motor_holder_so101_base_v1.stl
[1.073s] -- Installing: /home/kartik/robot_arm/install/robot_description/share/robot_description/so-101/assets/motor_holder_so101_base_v1.part
[1.074s] -- Installing: /home/kartik/robot_arm/install/robot_description/share/robot_description/so-101/assets/moving_jaw_so101_v1.part
[1.074s] -- Installing: /home/kartik/robot_arm/install/robot_description/share/robot_description/so-101/assets/sts3215_03a_v1.part
[1.074s] -- Installing: /home/kartik/robot_arm/install/robot_description/share/robot_description/so-101/assets/wrist_roll_follower_so101_v1.part
[1.074s] -- Installing: /home/kartik/robot_arm/install/robot_description/share/robot_description/so-101/assets/waveshare_mounting_plate_so101_v2.stl
[1.074s] -- Installing: /home/kartik/robot_arm/install/robot_description/share/robot_description/so-101/assets/waveshare_mounting_plate_so101_v2.part
[1.074s] -- Installing: /home/kartik/robot_arm/install/robot_description/share/robot_description/so-101/assets/base_so101_v2.stl
[1.074s] -- Installing: /home/kartik/robot_arm/install/robot_description/share/robot_description/so-101/assets/under_arm_so101_v1.stl
[1.076s] -- Installing: /home/kartik/robot_arm/install/robot_description/share/robot_description/so-101/assets/sts3215_03a_no_horn_v1.stl
[1.077s] -- Installing: /home/kartik/robot_arm/install/robot_description/share/robot_description/so-101/assets/wrist_roll_pitch_so101_v2.stl
[1.079s] -- Installing: /home/kartik/robot_arm/install/robot_description/share/robot_description/so-101/assets/rotation_pitch_so101_v1.stl
[1.081s] -- Installing: /home/kartik/robot_arm/install/robot_description/share/robot_description/so-101/assets/under_arm_so101_v1.part
[1.081s] -- Installing: /home/kartik/robot_arm/install/robot_description/share/robot_description/so-101/assets/base_motor_holder_so101_v1.stl
[1.082s] -- Installing: /home/kartik/robot_arm/install/robot_description/share/robot_description/so-101/assets/sts3215_03a_v1.stl
[1.082s] -- Installing: /home/kartik/robot_arm/install/robot_description/share/robot_description/so-101/so101.urdf.xacro
[1.082s] -- Installing: /home/kartik/robot_arm/install/robot_description/share/robot_description/so-101/so101.urdf
[1.082s] -- Installing: /home/kartik/robot_arm/install/robot_description/share/ament_index/resource_index/package_run_dependencies/robot_description
[1.082s] -- Installing: /home/kartik/robot_arm/install/robot_description/share/ament_index/resource_index/parent_prefix_path/robot_description
[1.083s] -- Installing: /home/kartik/robot_arm/install/robot_description/share/robot_description/environment/ament_prefix_path.sh
[1.083s] -- Installing: /home/kartik/robot_arm/install/robot_description/share/robot_description/environment/ament_prefix_path.dsv
[1.084s] -- Installing: /home/kartik/robot_arm/install/robot_description/share/robot_description/environment/path.sh
[1.084s] -- Installing: /home/kartik/robot_arm/install/robot_description/share/robot_description/environment/path.dsv
[1.084s] -- Installing: /home/kartik/robot_arm/install/robot_description/share/robot_description/local_setup.bash
[1.084s] -- Installing: /home/kartik/robot_arm/install/robot_description/share/robot_description/local_setup.sh
[1.085s] -- Installing: /home/kartik/robot_arm/install/robot_description/share/robot_description/local_setup.zsh
[1.085s] -- Installing: /home/kartik/robot_arm/install/robot_description/share/robot_description/local_setup.dsv
[1.085s] -- Installing: /home/kartik/robot_arm/install/robot_description/share/robot_description/package.dsv
[1.085s] -- Installing: /home/kartik/robot_arm/install/robot_description/share/ament_index/resource_index/packages/robot_description
[1.085s] -- Installing: /home/kartik/robot_arm/install/robot_description/share/robot_description/cmake/robot_descriptionConfig.cmake
[1.085s] -- Installing: /home/kartik/robot_arm/install/robot_description/share/robot_description/cmake/robot_descriptionConfig-version.cmake
[1.085s] -- Installing: /home/kartik/robot_arm/install/robot_description/share/robot_description/package.xml
[1.099s] Invoked command in '/home/kartik/robot_arm/build/robot_description' returned '0': CMAKE_PREFIX_PATH=${CMAKE_PREFIX_PATH}:/opt/ros/jazzy DEBUGINFOD_URLS=https://debuginfod.ubuntu.com /usr/bin/cmake --install /home/kartik/robot_arm/build/robot_description
