-- Found ament_cmake: 2.5.4 (/opt/ros/jazzy/share/ament_cmake/cmake)
-- Override CMake install command with custom implementation using symlinks instead of copying resources
-- Found rclcpp: 28.1.12 (/opt/ros/jazzy/share/rclcpp/cmake)
-- Found rosidl_generator_c: 4.6.6 (/opt/ros/jazzy/share/rosidl_generator_c/cmake)
-- Found rosidl_generator_cpp: 4.6.6 (/opt/ros/jazzy/share/rosidl_generator_cpp/cmake)
-- Using all available rosidl_typesupport_c: rosidl_typesupport_fastrtps_c;rosidl_typesupport_introspection_c
-- Using all available rosidl_typesupport_cpp: rosidl_typesupport_fastrtps_cpp;rosidl_typesupport_introspection_cpp
-- Found rmw_implementation_cmake: 7.3.2 (/opt/ros/jazzy/share/rmw_implementation_cmake/cmake)
-- Found rmw_fastrtps_cpp: 8.4.3 (/opt/ros/jazzy/share/rmw_fastrtps_cpp/cmake)
-- Using RMW implementation 'rmw_fastrtps_cpp' as default
-- Found hardware_interface: 4.38.0 (/opt/ros/jazzy/share/hardware_interface/cmake)
-- Found std_srvs: 5.3.6 (/opt/ros/jazzy/share/std_srvs/cmake)
-- Found ament_lint_auto: 0.17.3 (/opt/ros/jazzy/share/ament_lint_auto/cmake)
-- Added test 'cppcheck' to perform static code analysis on C / C++ code
-- Configured cppcheck include dirs: /home/kartik/robot_arm/src/so_arm_100_hardware/include;/home/kartik/robot_arm/src/so_arm_100_hardware/include/SCServo_Linux
-- Configured cppcheck exclude dirs and/or files: 
-- Added test 'flake8' to check Python code syntax and style conventions
-- Configured 'flake8' exclude dirs and/or files: 
-- Added test 'lint_cmake' to check CMake code style
-- Added test 'pep257' to check Python code against some of the docstring style conventions in PEP 257
-- Added test 'uncrustify' to check C / C++ code style
-- Configured uncrustify additional arguments: 
-- Added test 'xmllint' to check XML markup files
-- Configuring done (0.9s)
-- Generating done (0.0s)
-- Build files have been written to: /home/kartik/robot_arm/build/so_arm_100_hardware
[ 53%] Built target SCServo
[ 76%] [32mBuilding CXX object CMakeFiles/test_servo.dir/test/test_servo.cpp.o[0m
[ 76%] Built target ping_test
[ 92%] Built target so_arm_100_hardware
[100%] [32m[1mLinking CXX executable test_servo[0m
[100%] Built target test_servo
-- Install configuration: ""
-- Execute custom install script
-- Up-to-date symlink: /home/kartik/robot_arm/install/so_arm_100_hardware/share/so_arm_100_hardware//so_arm_100_hardware.xml
-- Up-to-date symlink: /home/kartik/robot_arm/install/so_arm_100_hardware/share/so_arm_100_hardware/environment/library_path.sh
-- Up-to-date symlink: /home/kartik/robot_arm/install/so_arm_100_hardware/share/so_arm_100_hardware/environment/library_path.dsv
-- Up-to-date symlink: /home/kartik/robot_arm/install/so_arm_100_hardware/share/so_arm_100_hardware/config/calibration.yaml
-- Up-to-date symlink: /home/kartik/robot_arm/install/so_arm_100_hardware/share/so_arm_100_hardware/config/hardware_config.yaml
-- Up-to-date symlink: /home/kartik/robot_arm/install/so_arm_100_hardware/share/so_arm_100_hardware/config/posses/zero.txt
-- Up-to-date symlink: /home/kartik/robot_arm/install/so_arm_100_hardware/share/so_arm_100_hardware/include/SCServo_Linux/.gitignore
-- Up-to-date symlink: /home/kartik/robot_arm/install/so_arm_100_hardware/share/so_arm_100_hardware/include/SCServo_Linux/CMakeLists.txt
-- Up-to-date symlink: /home/kartik/robot_arm/install/so_arm_100_hardware/share/so_arm_100_hardware/include/SCServo_Linux/INST.h
-- Up-to-date symlink: /home/kartik/robot_arm/install/so_arm_100_hardware/share/so_arm_100_hardware/include/SCServo_Linux/SCS.cpp
-- Up-to-date symlink: /home/kartik/robot_arm/install/so_arm_100_hardware/share/so_arm_100_hardware/include/SCServo_Linux/SCS.h
-- Up-to-date symlink: /home/kartik/robot_arm/install/so_arm_100_hardware/share/so_arm_100_hardware/include/SCServo_Linux/SCSCL.cpp
-- Up-to-date symlink: /home/kartik/robot_arm/install/so_arm_100_hardware/share/so_arm_100_hardware/include/SCServo_Linux/SCSCL.h
-- Up-to-date symlink: /home/kartik/robot_arm/install/so_arm_100_hardware/share/so_arm_100_hardware/include/SCServo_Linux/SCSerial.cpp
-- Up-to-date symlink: /home/kartik/robot_arm/install/so_arm_100_hardware/share/so_arm_100_hardware/include/SCServo_Linux/SCSerial.h
-- Up-to-date symlink: /home/kartik/robot_arm/install/so_arm_100_hardware/share/so_arm_100_hardware/include/SCServo_Linux/SCServo.h
-- Up-to-date symlink: /home/kartik/robot_arm/install/so_arm_100_hardware/share/so_arm_100_hardware/include/SCServo_Linux/SMSBL.cpp
-- Up-to-date symlink: /home/kartik/robot_arm/install/so_arm_100_hardware/share/so_arm_100_hardware/include/SCServo_Linux/SMSBL.h
-- Up-to-date symlink: /home/kartik/robot_arm/install/so_arm_100_hardware/share/so_arm_100_hardware/include/SCServo_Linux/SMSCL.cpp
-- Up-to-date symlink: /home/kartik/robot_arm/install/so_arm_100_hardware/share/so_arm_100_hardware/include/SCServo_Linux/SMSCL.h
-- Up-to-date symlink: /home/kartik/robot_arm/install/so_arm_100_hardware/share/so_arm_100_hardware/include/SCServo_Linux/SMS_STS.cpp
-- Up-to-date symlink: /home/kartik/robot_arm/install/so_arm_100_hardware/share/so_arm_100_hardware/include/SCServo_Linux/SMS_STS.h
-- Up-to-date symlink: /home/kartik/robot_arm/install/so_arm_100_hardware/share/so_arm_100_hardware/include/so_arm_100_hardware/so_arm_100_interface.hpp
-- Up-to-date symlink: /home/kartik/robot_arm/install/so_arm_100_hardware/share/so_arm_100_hardware/posses/zero.txt
-- Up-to-date symlink: /home/kartik/robot_arm/install/so_arm_100_hardware/lib/so_arm_100_hardware/libso_arm_100_hardware.so
-- Up-to-date symlink: /home/kartik/robot_arm/install/so_arm_100_hardware/lib/so_arm_100_hardware/test_servo
-- Up-to-date symlink: /home/kartik/robot_arm/install/so_arm_100_hardware/lib/so_arm_100_hardware/ping_test
-- Up-to-date symlink: /home/kartik/robot_arm/install/so_arm_100_hardware/lib/so_arm_100_hardware/calibrate_arm.py
-- Up-to-date symlink: /home/kartik/robot_arm/install/so_arm_100_hardware/lib/so_arm_100_hardware/zero_pose.py
-- Up-to-date symlink: /home/kartik/robot_arm/install/so_arm_100_hardware/lib/so_arm_100_hardware/jog_joints.py
-- Up-to-date symlink: /home/kartik/robot_arm/install/so_arm_100_hardware/share/ament_index/resource_index/package_run_dependencies/so_arm_100_hardware
-- Up-to-date symlink: /home/kartik/robot_arm/install/so_arm_100_hardware/share/ament_index/resource_index/parent_prefix_path/so_arm_100_hardware
-- Up-to-date symlink: /home/kartik/robot_arm/install/so_arm_100_hardware/share/so_arm_100_hardware/environment/ament_prefix_path.sh
-- Up-to-date symlink: /home/kartik/robot_arm/install/so_arm_100_hardware/share/so_arm_100_hardware/environment/ament_prefix_path.dsv
-- Up-to-date symlink: /home/kartik/robot_arm/install/so_arm_100_hardware/share/so_arm_100_hardware/environment/path.sh
-- Up-to-date symlink: /home/kartik/robot_arm/install/so_arm_100_hardware/share/so_arm_100_hardware/environment/path.dsv
-- Up-to-date symlink: /home/kartik/robot_arm/install/so_arm_100_hardware/share/so_arm_100_hardware/local_setup.bash
-- Up-to-date symlink: /home/kartik/robot_arm/install/so_arm_100_hardware/share/so_arm_100_hardware/local_setup.sh
-- Up-to-date symlink: /home/kartik/robot_arm/install/so_arm_100_hardware/share/so_arm_100_hardware/local_setup.zsh
-- Up-to-date symlink: /home/kartik/robot_arm/install/so_arm_100_hardware/share/so_arm_100_hardware/local_setup.dsv
-- Symlinking: /home/kartik/robot_arm/install/so_arm_100_hardware/share/so_arm_100_hardware/package.dsv
-- Up-to-date symlink: /home/kartik/robot_arm/install/so_arm_100_hardware/share/ament_index/resource_index/packages/so_arm_100_hardware
-- Up-to-date symlink: /home/kartik/robot_arm/install/so_arm_100_hardware/share/ament_index/resource_index/hardware_interface__pluginlib__plugin/so_arm_100_hardware
-- Up-to-date symlink: /home/kartik/robot_arm/install/so_arm_100_hardware/share/so_arm_100_hardware/cmake/ament_cmake_export_include_directories-extras.cmake
-- Up-to-date symlink: /home/kartik/robot_arm/install/so_arm_100_hardware/share/so_arm_100_hardware/cmake/ament_cmake_export_libraries-extras.cmake
-- Up-to-date symlink: /home/kartik/robot_arm/install/so_arm_100_hardware/share/so_arm_100_hardware/cmake/ament_cmake_export_dependencies-extras.cmake
-- Up-to-date symlink: /home/kartik/robot_arm/install/so_arm_100_hardware/share/so_arm_100_hardware/cmake/so_arm_100_hardwareConfig.cmake
-- Up-to-date symlink: /home/kartik/robot_arm/install/so_arm_100_hardware/share/so_arm_100_hardware/cmake/so_arm_100_hardwareConfig-version.cmake
-- Up-to-date symlink: /home/kartik/robot_arm/install/so_arm_100_hardware/share/so_arm_100_hardware/package.xml
