[0.022s] Invoking command in '/home/kartik/robot_arm/build/so_arm_100_hardware': CMAKE_PREFIX_PATH=${CMAKE_PREFIX_PATH}:/opt/ros/jazzy DEBUGINFOD_URLS=https://debuginfod.ubuntu.com /usr/bin/cmake /home/kartik/robot_arm/src/so_arm_100_hardware -DCMAKE_INSTALL_PREFIX=/home/kartik/robot_arm/install/so_arm_100_hardware
[0.043s] -- Found ament_cmake: 2.5.4 (/opt/ros/jazzy/share/ament_cmake/cmake)
[0.295s] -- Override CMake install command with custom implementation using symlinks instead of copying resources
[0.302s] -- Found rclcpp: 28.1.12 (/opt/ros/jazzy/share/rclcpp/cmake)
[0.329s] -- Found rosidl_generator_c: 4.6.6 (/opt/ros/jazzy/share/rosidl_generator_c/cmake)
[0.338s] -- Found rosidl_generator_cpp: 4.6.6 (/opt/ros/jazzy/share/rosidl_generator_cpp/cmake)
[0.350s] -- Using all available rosidl_typesupport_c: rosidl_typesupport_fastrtps_c;rosidl_typesupport_introspection_c
[0.364s] -- Using all available rosidl_typesupport_cpp: rosidl_typesupport_fastrtps_cpp;rosidl_typesupport_introspection_cpp
[0.434s] -- Found rmw_implementation_cmake: 7.3.2 (/opt/ros/jazzy/share/rmw_implementation_cmake/cmake)
[0.435s] -- Found rmw_fastrtps_cpp: 8.4.3 (/opt/ros/jazzy/share/rmw_fastrtps_cpp/cmake)
[0.518s] -- Using RMW implementation 'rmw_fastrtps_cpp' as default
[0.585s] -- Found hardware_interface: 4.38.0 (/opt/ros/jazzy/share/hardware_interface/cmake)
[0.844s] -- Found std_srvs: 5.3.6 (/opt/ros/jazzy/share/std_srvs/cmake)
[0.866s] -- Found ament_lint_auto: 0.17.3 (/opt/ros/jazzy/share/ament_lint_auto/cmake)
[0.967s] -- Added test 'cppcheck' to perform static code analysis on C / C++ code
[0.967s] -- Configured cppcheck include dirs: /home/kartik/robot_arm/src/so_arm_100_hardware/include;/home/kartik/robot_arm/src/so_arm_100_hardware/include/SCServo_Linux
[0.968s] -- Configured cppcheck exclude dirs and/or files: 
[0.968s] -- Added test 'flake8' to check Python code syntax and style conventions
[0.969s] -- Configured 'flake8' exclude dirs and/or files: 
[0.970s] -- Added test 'lint_cmake' to check CMake code style
[0.971s] -- Added test 'pep257' to check Python code against some of the docstring style conventions in PEP 257
[0.975s] -- Added test 'uncrustify' to check C / C++ code style
[0.976s] -- Configured uncrustify additional arguments: 
[0.976s] -- Added test 'xmllint' to check XML markup files
[0.979s] -- Configuring done (0.9s)
[1.015s] -- Generating done (0.0s)
[1.021s] -- Build files have been written to: /home/kartik/robot_arm/build/so_arm_100_hardware
[1.031s] Invoked command in '/home/kartik/robot_arm/build/so_arm_100_hardware' returned '0': CMAKE_PREFIX_PATH=${CMAKE_PREFIX_PATH}:/opt/ros/jazzy DEBUGINFOD_URLS=https://debuginfod.ubuntu.com /usr/bin/cmake /home/kartik/robot_arm/src/so_arm_100_hardware -DCMAKE_INSTALL_PREFIX=/home/kartik/robot_arm/install/so_arm_100_hardware
[1.032s] Invoking command in '/home/kartik/robot_arm/build/so_arm_100_hardware': CMAKE_PREFIX_PATH=${CMAKE_PREFIX_PATH}:/opt/ros/jazzy DEBUGINFOD_URLS=https://debuginfod.ubuntu.com /usr/bin/cmake --build /home/kartik/robot_arm/build/so_arm_100_hardware -- -j8 -l8
[1.087s] [ 53%] Built target SCServo
[1.109s] [ 76%] [32mBuilding CXX object CMakeFiles/test_servo.dir/test/test_servo.cpp.o[0m
[1.109s] [ 76%] Built target ping_test
[1.118s] [ 92%] Built target so_arm_100_hardware
[1.348s] [01m[K/home/kartik/robot_arm/src/so_arm_100_hardware/test/test_servo.cpp:[m[K In function ‘[01m[Kint[01;32m[K main[m[K(int, char**)[m[K’:
[1.348s] [01m[K/home/kartik/robot_arm/src/so_arm_100_hardware/test/test_servo.cpp:8:14:[m[K [01;35m[Kwarning: [m[Kunused parameter ‘[01m[Kargc[m[K’ [[01;35m[K]8;;https://gcc.gnu.org/onlinedocs/gcc/Warning-Options.html#index-Wunused-parameter-Wunused-parameter]8;;[m[K]
[1.349s]     8 | int main([01;35m[Kint argc[m[K, char **argv)
[1.349s]       |          [01;35m[K~~~~^~~~[m[K
[1.349s] [01m[K/home/kartik/robot_arm/src/so_arm_100_hardware/test/test_servo.cpp:8:27:[m[K [01;35m[Kwarning: [m[Kunused parameter ‘[01m[Kargv[m[K’ [[01;35m[K]8;;https://gcc.gnu.org/onlinedocs/gcc/Warning-Options.html#index-Wunused-parameter-Wunused-parameter]8;;[m[K]
[1.349s]     8 | int main(int argc, [01;35m[Kchar **argv[m[K)
[1.349s]       |                    [01;35m[K~~~~~~~^~~~[m[K
[1.396s] [100%] [32m[1mLinking CXX executable test_servo[0m
[1.469s] [100%] Built target test_servo
[1.480s] Invoked command in '/home/kartik/robot_arm/build/so_arm_100_hardware' returned '0': CMAKE_PREFIX_PATH=${CMAKE_PREFIX_PATH}:/opt/ros/jazzy DEBUGINFOD_URLS=https://debuginfod.ubuntu.com /usr/bin/cmake --build /home/kartik/robot_arm/build/so_arm_100_hardware -- -j8 -l8
[1.481s] Invoking command in '/home/kartik/robot_arm/build/so_arm_100_hardware': CMAKE_PREFIX_PATH=${CMAKE_PREFIX_PATH}:/opt/ros/jazzy DEBUGINFOD_URLS=https://debuginfod.ubuntu.com /usr/bin/cmake --install /home/kartik/robot_arm/build/so_arm_100_hardware
[1.489s] -- Install configuration: ""
[1.489s] -- Execute custom install script
[1.490s] -- Up-to-date symlink: /home/kartik/robot_arm/install/so_arm_100_hardware/share/so_arm_100_hardware//so_arm_100_hardware.xml
[1.490s] -- Up-to-date symlink: /home/kartik/robot_arm/install/so_arm_100_hardware/share/so_arm_100_hardware/environment/library_path.sh
[1.490s] -- Up-to-date symlink: /home/kartik/robot_arm/install/so_arm_100_hardware/share/so_arm_100_hardware/environment/library_path.dsv
[1.490s] -- Up-to-date symlink: /home/kartik/robot_arm/install/so_arm_100_hardware/share/so_arm_100_hardware/config/calibration.yaml
[1.491s] -- Up-to-date symlink: /home/kartik/robot_arm/install/so_arm_100_hardware/share/so_arm_100_hardware/config/hardware_config.yaml
[1.491s] -- Up-to-date symlink: /home/kartik/robot_arm/install/so_arm_100_hardware/share/so_arm_100_hardware/config/posses/zero.txt
[1.491s] -- Up-to-date symlink: /home/kartik/robot_arm/install/so_arm_100_hardware/share/so_arm_100_hardware/include/SCServo_Linux/.gitignore
[1.491s] -- Up-to-date symlink: /home/kartik/robot_arm/install/so_arm_100_hardware/share/so_arm_100_hardware/include/SCServo_Linux/CMakeLists.txt
[1.492s] -- Up-to-date symlink: /home/kartik/robot_arm/install/so_arm_100_hardware/share/so_arm_100_hardware/include/SCServo_Linux/INST.h
[1.492s] -- Up-to-date symlink: /home/kartik/robot_arm/install/so_arm_100_hardware/share/so_arm_100_hardware/include/SCServo_Linux/SCS.cpp
[1.492s] -- Up-to-date symlink: /home/kartik/robot_arm/install/so_arm_100_hardware/share/so_arm_100_hardware/include/SCServo_Linux/SCS.h
[1.492s] -- Up-to-date symlink: /home/kartik/robot_arm/install/so_arm_100_hardware/share/so_arm_100_hardware/include/SCServo_Linux/SCSCL.cpp
[1.492s] -- Up-to-date symlink: /home/kartik/robot_arm/install/so_arm_100_hardware/share/so_arm_100_hardware/include/SCServo_Linux/SCSCL.h
[1.492s] -- Up-to-date symlink: /home/kartik/robot_arm/install/so_arm_100_hardware/share/so_arm_100_hardware/include/SCServo_Linux/SCSerial.cpp
[1.493s] -- Up-to-date symlink: /home/kartik/robot_arm/install/so_arm_100_hardware/share/so_arm_100_hardware/include/SCServo_Linux/SCSerial.h
[1.493s] -- Up-to-date symlink: /home/kartik/robot_arm/install/so_arm_100_hardware/share/so_arm_100_hardware/include/SCServo_Linux/SCServo.h
[1.493s] -- Up-to-date symlink: /home/kartik/robot_arm/install/so_arm_100_hardware/share/so_arm_100_hardware/include/SCServo_Linux/SMSBL.cpp
[1.493s] -- Up-to-date symlink: /home/kartik/robot_arm/install/so_arm_100_hardware/share/so_arm_100_hardware/include/SCServo_Linux/SMSBL.h
[1.493s] -- Up-to-date symlink: /home/kartik/robot_arm/install/so_arm_100_hardware/share/so_arm_100_hardware/include/SCServo_Linux/SMSCL.cpp
[1.493s] -- Up-to-date symlink: /home/kartik/robot_arm/install/so_arm_100_hardware/share/so_arm_100_hardware/include/SCServo_Linux/SMSCL.h
[1.494s] -- Up-to-date symlink: /home/kartik/robot_arm/install/so_arm_100_hardware/share/so_arm_100_hardware/include/SCServo_Linux/SMS_STS.cpp
[1.494s] -- Up-to-date symlink: /home/kartik/robot_arm/install/so_arm_100_hardware/share/so_arm_100_hardware/include/SCServo_Linux/SMS_STS.h
[1.494s] -- Up-to-date symlink: /home/kartik/robot_arm/install/so_arm_100_hardware/share/so_arm_100_hardware/include/so_arm_100_hardware/so_arm_100_interface.hpp
[1.494s] -- Up-to-date symlink: /home/kartik/robot_arm/install/so_arm_100_hardware/share/so_arm_100_hardware/posses/zero.txt
[1.495s] -- Up-to-date symlink: /home/kartik/robot_arm/install/so_arm_100_hardware/lib/so_arm_100_hardware/libso_arm_100_hardware.so
[1.495s] -- Up-to-date symlink: /home/kartik/robot_arm/install/so_arm_100_hardware/lib/so_arm_100_hardware/test_servo
[1.495s] -- Up-to-date symlink: /home/kartik/robot_arm/install/so_arm_100_hardware/lib/so_arm_100_hardware/ping_test
[1.495s] -- Up-to-date symlink: /home/kartik/robot_arm/install/so_arm_100_hardware/lib/so_arm_100_hardware/calibrate_arm.py
[1.495s] -- Up-to-date symlink: /home/kartik/robot_arm/install/so_arm_100_hardware/lib/so_arm_100_hardware/zero_pose.py
[1.496s] -- Up-to-date symlink: /home/kartik/robot_arm/install/so_arm_100_hardware/lib/so_arm_100_hardware/jog_joints.py
[1.496s] -- Up-to-date symlink: /home/kartik/robot_arm/install/so_arm_100_hardware/share/ament_index/resource_index/package_run_dependencies/so_arm_100_hardware
[1.496s] -- Up-to-date symlink: /home/kartik/robot_arm/install/so_arm_100_hardware/share/ament_index/resource_index/parent_prefix_path/so_arm_100_hardware
[1.496s] -- Up-to-date symlink: /home/kartik/robot_arm/install/so_arm_100_hardware/share/so_arm_100_hardware/environment/ament_prefix_path.sh
[1.497s] -- Up-to-date symlink: /home/kartik/robot_arm/install/so_arm_100_hardware/share/so_arm_100_hardware/environment/ament_prefix_path.dsv
[1.497s] -- Up-to-date symlink: /home/kartik/robot_arm/install/so_arm_100_hardware/share/so_arm_100_hardware/environment/path.sh
[1.497s] -- Up-to-date symlink: /home/kartik/robot_arm/install/so_arm_100_hardware/share/so_arm_100_hardware/environment/path.dsv
[1.497s] -- Up-to-date symlink: /home/kartik/robot_arm/install/so_arm_100_hardware/share/so_arm_100_hardware/local_setup.bash
[1.498s] -- Up-to-date symlink: /home/kartik/robot_arm/install/so_arm_100_hardware/share/so_arm_100_hardware/local_setup.sh
[1.498s] -- Up-to-date symlink: /home/kartik/robot_arm/install/so_arm_100_hardware/share/so_arm_100_hardware/local_setup.zsh
[1.498s] -- Up-to-date symlink: /home/kartik/robot_arm/install/so_arm_100_hardware/share/so_arm_100_hardware/local_setup.dsv
[1.498s] -- Symlinking: /home/kartik/robot_arm/install/so_arm_100_hardware/share/so_arm_100_hardware/package.dsv
[1.507s] -- Up-to-date symlink: /home/kartik/robot_arm/install/so_arm_100_hardware/share/ament_index/resource_index/packages/so_arm_100_hardware
[1.507s] -- Up-to-date symlink: /home/kartik/robot_arm/install/so_arm_100_hardware/share/ament_index/resource_index/hardware_interface__pluginlib__plugin/so_arm_100_hardware
[1.507s] -- Up-to-date symlink: /home/kartik/robot_arm/install/so_arm_100_hardware/share/so_arm_100_hardware/cmake/ament_cmake_export_include_directories-extras.cmake
[1.508s] -- Up-to-date symlink: /home/kartik/robot_arm/install/so_arm_100_hardware/share/so_arm_100_hardware/cmake/ament_cmake_export_libraries-extras.cmake
[1.508s] -- Up-to-date symlink: /home/kartik/robot_arm/install/so_arm_100_hardware/share/so_arm_100_hardware/cmake/ament_cmake_export_dependencies-extras.cmake
[1.508s] -- Up-to-date symlink: /home/kartik/robot_arm/install/so_arm_100_hardware/share/so_arm_100_hardware/cmake/so_arm_100_hardwareConfig.cmake
[1.508s] -- Up-to-date symlink: /home/kartik/robot_arm/install/so_arm_100_hardware/share/so_arm_100_hardware/cmake/so_arm_100_hardwareConfig-version.cmake
[1.508s] -- Up-to-date symlink: /home/kartik/robot_arm/install/so_arm_100_hardware/share/so_arm_100_hardware/package.xml
[1.510s] Invoked command in '/home/kartik/robot_arm/build/so_arm_100_hardware' returned '0': CMAKE_PREFIX_PATH=${CMAKE_PREFIX_PATH}:/opt/ros/jazzy DEBUGINFOD_URLS=https://debuginfod.ubuntu.com /usr/bin/cmake --install /home/kartik/robot_arm/build/so_arm_100_hardware
