[0.013s] Invoking command in '/home/kartik/robot_arm/build/robot_utils': CMAKE_PREFIX_PATH=${CMAKE_PREFIX_PATH}:/opt/ros/jazzy DEBUGINFOD_URLS=https://debuginfod.ubuntu.com /usr/bin/cmake /home/kartik/robot_arm/src/robot_utils -DCMAKE_INSTALL_PREFIX=/home/kartik/robot_arm/install/robot_utils
[0.049s] -- The C compiler identification is GNU 13.3.0
[0.084s] -- The CXX compiler identification is GNU 13.3.0
[0.091s] -- Detecting C compiler ABI info
[0.138s] -- Detecting C compiler ABI info - done
[0.143s] -- Check for working C compiler: /usr/bin/cc - skipped
[0.143s] -- Detecting C compile features
[0.143s] -- Detecting C compile features - done
[0.148s] -- Detecting CXX compiler ABI info
[0.198s] -- Detecting CXX compiler ABI info - done
[0.200s] -- Check for working CXX compiler: /usr/bin/c++ - skipped
[0.200s] -- Detecting CXX compile features
[0.202s] -- Detecting CXX compile features - done
[0.202s] -- Found ament_cmake: 2.5.4 (/opt/ros/jazzy/share/ament_cmake/cmake)
[0.275s] -- Found Python3: /usr/bin/python3 (found version "3.12.3") found components: Interpreter 
[0.335s] -- Found ament_lint_auto: 0.17.2 (/opt/ros/jazzy/share/ament_lint_auto/cmake)
[0.392s] -- Added test 'lint_cmake' to check CMake code style
[0.393s] -- Added test 'xmllint' to check XML markup files
[0.394s] -- Configuring done (0.4s)
[0.395s] -- Generating done (0.0s)
[0.397s] -- Build files have been written to: /home/kartik/robot_arm/build/robot_utils
[0.399s] Invoked command in '/home/kartik/robot_arm/build/robot_utils' returned '0': CMAKE_PREFIX_PATH=${CMAKE_PREFIX_PATH}:/opt/ros/jazzy DEBUGINFOD_URLS=https://debuginfod.ubuntu.com /usr/bin/cmake /home/kartik/robot_arm/src/robot_utils -DCMAKE_INSTALL_PREFIX=/home/kartik/robot_arm/install/robot_utils
[0.400s] Invoking command in '/home/kartik/robot_arm/build/robot_utils': CMAKE_PREFIX_PATH=${CMAKE_PREFIX_PATH}:/opt/ros/jazzy DEBUGINFOD_URLS=https://debuginfod.ubuntu.com /usr/bin/cmake --build /home/kartik/robot_arm/build/robot_utils -- -j5 -l5
[0.418s] Invoked command in '/home/kartik/robot_arm/build/robot_utils' returned '0': CMAKE_PREFIX_PATH=${CMAKE_PREFIX_PATH}:/opt/ros/jazzy DEBUGINFOD_URLS=https://debuginfod.ubuntu.com /usr/bin/cmake --build /home/kartik/robot_arm/build/robot_utils -- -j5 -l5
[0.423s] Invoking command in '/home/kartik/robot_arm/build/robot_utils': CMAKE_PREFIX_PATH=${CMAKE_PREFIX_PATH}:/opt/ros/jazzy DEBUGINFOD_URLS=https://debuginfod.ubuntu.com /usr/bin/cmake --install /home/kartik/robot_arm/build/robot_utils
[0.426s] -- Install configuration: ""
[0.427s] -- Installing: /home/kartik/robot_arm/install/robot_utils/share/ament_index/resource_index/package_run_dependencies/robot_utils
[0.427s] -- Installing: /home/kartik/robot_arm/install/robot_utils/share/ament_index/resource_index/parent_prefix_path/robot_utils
[0.428s] -- Installing: /home/kartik/robot_arm/install/robot_utils/share/robot_utils/environment/ament_prefix_path.sh
[0.428s] -- Installing: /home/kartik/robot_arm/install/robot_utils/share/robot_utils/environment/ament_prefix_path.dsv
[0.428s] -- Installing: /home/kartik/robot_arm/install/robot_utils/share/robot_utils/environment/path.sh
[0.428s] -- Installing: /home/kartik/robot_arm/install/robot_utils/share/robot_utils/environment/path.dsv
[0.428s] -- Installing: /home/kartik/robot_arm/install/robot_utils/share/robot_utils/local_setup.bash
[0.428s] -- Installing: /home/kartik/robot_arm/install/robot_utils/share/robot_utils/local_setup.sh
[0.428s] -- Installing: /home/kartik/robot_arm/install/robot_utils/share/robot_utils/local_setup.zsh
[0.429s] -- Installing: /home/kartik/robot_arm/install/robot_utils/share/robot_utils/local_setup.dsv
[0.429s] -- Installing: /home/kartik/robot_arm/install/robot_utils/share/robot_utils/package.dsv
[0.429s] -- Installing: /home/kartik/robot_arm/install/robot_utils/share/ament_index/resource_index/packages/robot_utils
[0.429s] -- Installing: /home/kartik/robot_arm/install/robot_utils/share/robot_utils/cmake/robot_utilsConfig.cmake
[0.429s] -- Installing: /home/kartik/robot_arm/install/robot_utils/share/robot_utils/cmake/robot_utilsConfig-version.cmake
[0.429s] -- Installing: /home/kartik/robot_arm/install/robot_utils/share/robot_utils/package.xml
[0.432s] Invoked command in '/home/kartik/robot_arm/build/robot_utils' returned '0': CMAKE_PREFIX_PATH=${CMAKE_PREFIX_PATH}:/opt/ros/jazzy DEBUGINFOD_URLS=https://debuginfod.ubuntu.com /usr/bin/cmake --install /home/kartik/robot_arm/build/robot_utils
