[0.019s] Invoking command in '/home/kartik/robot_arm/build/robot_moveit': CMAKE_PREFIX_PATH=${CMAKE_PREFIX_PATH}:/opt/ros/jazzy DEBUGINFOD_URLS=https://debuginfod.ubuntu.com /usr/bin/cmake --build /home/kartik/robot_arm/build/robot_moveit -- -j8 -l8
[0.053s] -- Found ament_cmake: 2.5.4 (/opt/ros/jazzy/share/ament_cmake/cmake)
[0.326s] -- Found ament_lint_auto: 0.17.3 (/opt/ros/jazzy/share/ament_lint_auto/cmake)
[0.425s] -- Added test 'flake8' to check Python code syntax and style conventions
[0.425s] -- Configured 'flake8' exclude dirs and/or files: 
[0.426s] -- Added test 'lint_cmake' to check CMake code style
[0.427s] -- Added test 'pep257' to check Python code against some of the docstring style conventions in PEP 257
[0.429s] -- Added test 'xmllint' to check XML markup files
[0.431s] -- Configuring done (0.4s)
[0.435s] -- Generating done (0.0s)
[0.438s] -- Build files have been written to: /home/kartik/robot_arm/build/robot_moveit
[0.459s] Invoked command in '/home/kartik/robot_arm/build/robot_moveit' returned '0': CMAKE_PREFIX_PATH=${CMAKE_PREFIX_PATH}:/opt/ros/jazzy DEBUGINFOD_URLS=https://debuginfod.ubuntu.com /usr/bin/cmake --build /home/kartik/robot_arm/build/robot_moveit -- -j8 -l8
[0.460s] Invoking command in '/home/kartik/robot_arm/build/robot_moveit': CMAKE_PREFIX_PATH=${CMAKE_PREFIX_PATH}:/opt/ros/jazzy DEBUGINFOD_URLS=https://debuginfod.ubuntu.com /usr/bin/cmake --install /home/kartik/robot_arm/build/robot_moveit
[0.467s] -- Install configuration: ""
[0.467s] -- Up-to-date: /home/kartik/robot_arm/install/robot_moveit/share/robot_moveit/launch
[0.468s] -- Up-to-date: /home/kartik/robot_arm/install/robot_moveit/share/robot_moveit/launch/ur5_moveit.launch.py
[0.468s] -- Up-to-date: /home/kartik/robot_arm/install/robot_moveit/share/robot_moveit/ur5_config
[0.468s] -- Up-to-date: /home/kartik/robot_arm/install/robot_moveit/share/robot_moveit/ur5_config/initial_positions.yaml
[0.468s] -- Up-to-date: /home/kartik/robot_arm/install/robot_moveit/share/robot_moveit/ur5_config/pilz_cartesian_limits.yaml
[0.468s] -- Up-to-date: /home/kartik/robot_arm/install/robot_moveit/share/robot_moveit/ur5_config/joint_limits.yaml
[0.468s] -- Up-to-date: /home/kartik/robot_arm/install/robot_moveit/share/robot_moveit/ur5_config/ur5.srdf
[0.468s] -- Up-to-date: /home/kartik/robot_arm/install/robot_moveit/share/robot_moveit/ur5_config/moveit_controllers.yaml
[0.469s] -- Up-to-date: /home/kartik/robot_arm/install/robot_moveit/share/robot_moveit/ur5_config/kinematics.yaml
[0.469s] -- Installing: /home/kartik/robot_arm/install/robot_moveit/share/robot_moveit/so101_config
[0.469s] -- Installing: /home/kartik/robot_arm/install/robot_moveit/share/robot_moveit/so101_config/initial_positions.yaml
[0.469s] -- Installing: /home/kartik/robot_arm/install/robot_moveit/share/robot_moveit/so101_config/pilz_cartesian_limits.yaml
[0.469s] -- Installing: /home/kartik/robot_arm/install/robot_moveit/share/robot_moveit/so101_config/joint_limits.yaml
[0.469s] -- Installing: /home/kartik/robot_arm/install/robot_moveit/share/robot_moveit/so101_config/moveit_controllers.yaml
[0.470s] -- Installing: /home/kartik/robot_arm/install/robot_moveit/share/robot_moveit/so101_config/kinematics.yaml
[0.470s] -- Installing: /home/kartik/robot_arm/install/robot_moveit/share/robot_moveit/so101_config/so101.srdf
[0.470s] -- Up-to-date: /home/kartik/robot_arm/install/robot_moveit/share/ament_index/resource_index/package_run_dependencies/robot_moveit
[0.470s] -- Up-to-date: /home/kartik/robot_arm/install/robot_moveit/share/ament_index/resource_index/parent_prefix_path/robot_moveit
[0.470s] -- Up-to-date: /home/kartik/robot_arm/install/robot_moveit/share/robot_moveit/environment/ament_prefix_path.sh
[0.470s] -- Up-to-date: /home/kartik/robot_arm/install/robot_moveit/share/robot_moveit/environment/ament_prefix_path.dsv
[0.471s] -- Up-to-date: /home/kartik/robot_arm/install/robot_moveit/share/robot_moveit/environment/path.sh
[0.471s] -- Up-to-date: /home/kartik/robot_arm/install/robot_moveit/share/robot_moveit/environment/path.dsv
[0.471s] -- Up-to-date: /home/kartik/robot_arm/install/robot_moveit/share/robot_moveit/local_setup.bash
[0.471s] -- Up-to-date: /home/kartik/robot_arm/install/robot_moveit/share/robot_moveit/local_setup.sh
[0.471s] -- Up-to-date: /home/kartik/robot_arm/install/robot_moveit/share/robot_moveit/local_setup.zsh
[0.471s] -- Up-to-date: /home/kartik/robot_arm/install/robot_moveit/share/robot_moveit/local_setup.dsv
[0.471s] -- Installing: /home/kartik/robot_arm/install/robot_moveit/share/robot_moveit/package.dsv
[0.472s] -- Up-to-date: /home/kartik/robot_arm/install/robot_moveit/share/ament_index/resource_index/packages/robot_moveit
[0.472s] -- Up-to-date: /home/kartik/robot_arm/install/robot_moveit/share/robot_moveit/cmake/robot_moveitConfig.cmake
[0.473s] -- Up-to-date: /home/kartik/robot_arm/install/robot_moveit/share/robot_moveit/cmake/robot_moveitConfig-version.cmake
[0.473s] -- Up-to-date: /home/kartik/robot_arm/install/robot_moveit/share/robot_moveit/package.xml
[0.473s] Invoked command in '/home/kartik/robot_arm/build/robot_moveit' returned '0': CMAKE_PREFIX_PATH=${CMAKE_PREFIX_PATH}:/opt/ros/jazzy DEBUGINFOD_URLS=https://debuginfod.ubuntu.com /usr/bin/cmake --install /home/kartik/robot_arm/build/robot_moveit
