[0.024s] Invoking command in '/home/kartik/robot_arm/build/robot_controller': CMAKE_PREFIX_PATH=${CMAKE_PREFIX_PATH}:/opt/ros/jazzy DEBUGINFOD_URLS=https://debuginfod.ubuntu.com /usr/bin/cmake --build /home/kartik/robot_arm/build/robot_controller -- -j8 -l8
[0.089s] Invoked command in '/home/kartik/robot_arm/build/robot_controller' returned '0': CMAKE_PREFIX_PATH=${CMAKE_PREFIX_PATH}:/opt/ros/jazzy DEBUGINFOD_URLS=https://debuginfod.ubuntu.com /usr/bin/cmake --build /home/kartik/robot_arm/build/robot_controller -- -j8 -l8
[0.089s] Invoking command in '/home/kartik/robot_arm/build/robot_controller': CMAKE_PREFIX_PATH=${CMAKE_PREFIX_PATH}:/opt/ros/jazzy DEBUGINFOD_URLS=https://debuginfod.ubuntu.com /usr/bin/cmake --install /home/kartik/robot_arm/build/robot_controller
[0.109s] -- Install configuration: ""
[0.109s] -- Up-to-date: /home/kartik/robot_arm/install/robot_controller/share/robot_controller/config
[0.109s] -- Up-to-date: /home/kartik/robot_arm/install/robot_controller/share/robot_controller/config/so101_controllers.yaml
[0.109s] -- Up-to-date: /home/kartik/robot_arm/install/robot_controller/share/robot_controller/config/ur5_controllers.yaml
[0.109s] -- Up-to-date: /home/kartik/robot_arm/install/robot_controller/share/robot_controller/launch
[0.109s] -- Up-to-date: /home/kartik/robot_arm/install/robot_controller/share/robot_controller/launch/hardware_controller.launch.py
[0.109s] -- Up-to-date: /home/kartik/robot_arm/install/robot_controller/share/robot_controller/launch/controller.launch.py
[0.109s] -- Up-to-date: /home/kartik/robot_arm/install/robot_controller/share/ament_index/resource_index/package_run_dependencies/robot_controller
[0.109s] -- Up-to-date: /home/kartik/robot_arm/install/robot_controller/share/ament_index/resource_index/parent_prefix_path/robot_controller
[0.110s] -- Up-to-date: /home/kartik/robot_arm/install/robot_controller/share/robot_controller/environment/ament_prefix_path.sh
[0.110s] -- Up-to-date: /home/kartik/robot_arm/install/robot_controller/share/robot_controller/environment/ament_prefix_path.dsv
[0.110s] -- Up-to-date: /home/kartik/robot_arm/install/robot_controller/share/robot_controller/environment/path.sh
[0.110s] -- Up-to-date: /home/kartik/robot_arm/install/robot_controller/share/robot_controller/environment/path.dsv
[0.110s] -- Up-to-date: /home/kartik/robot_arm/install/robot_controller/share/robot_controller/local_setup.bash
[0.110s] -- Up-to-date: /home/kartik/robot_arm/install/robot_controller/share/robot_controller/local_setup.sh
[0.110s] -- Up-to-date: /home/kartik/robot_arm/install/robot_controller/share/robot_controller/local_setup.zsh
[0.110s] -- Up-to-date: /home/kartik/robot_arm/install/robot_controller/share/robot_controller/local_setup.dsv
[0.110s] -- Installing: /home/kartik/robot_arm/install/robot_controller/share/robot_controller/package.dsv
[0.111s] -- Up-to-date: /home/kartik/robot_arm/install/robot_controller/share/ament_index/resource_index/packages/robot_controller
[0.111s] -- Up-to-date: /home/kartik/robot_arm/install/robot_controller/share/robot_controller/cmake/robot_controllerConfig.cmake
[0.111s] -- Up-to-date: /home/kartik/robot_arm/install/robot_controller/share/robot_controller/cmake/robot_controllerConfig-version.cmake
[0.111s] -- Up-to-date: /home/kartik/robot_arm/install/robot_controller/share/robot_controller/package.xml
[0.162s] Invoked command in '/home/kartik/robot_arm/build/robot_controller' returned '0': CMAKE_PREFIX_PATH=${CMAKE_PREFIX_PATH}:/opt/ros/jazzy DEBUGINFOD_URLS=https://debuginfod.ubuntu.com /usr/bin/cmake --install /home/kartik/robot_arm/build/robot_controller
