[0.010s] Invoking command in '/home/kartik/robot_arm/build/robot_utils': AMENT_PREFIX_PATH=/home/kartik/robot_arm/install/robot_msgs:${AMENT_PREFIX_PATH} CMAKE_PREFIX_PATH=/home/kartik/robot_arm/install/robot_msgs:/opt/ros/jazzy/opt/gz_sim_vendor:/opt/ros/jazzy/opt/gz_sensors_vendor:/opt/ros/jazzy/opt/gz_physics_vendor:/opt/ros/jazzy/opt/sdformat_vendor:/opt/ros/jazzy/opt/gz_gui_vendor:/opt/ros/jazzy/opt/gz_transport_vendor:/opt/ros/jazzy/opt/gz_rendering_vendor:/opt/ros/jazzy/opt/gz_plugin_vendor:/opt/ros/jazzy/opt/gz_fuel_tools_vendor:/opt/ros/jazzy/opt/gz_msgs_vendor:/opt/ros/jazzy/opt/gz_common_vendor:/opt/ros/jazzy/opt/gz_math_vendor:/opt/ros/jazzy/opt/gz_utils_vendor:/opt/ros/jazzy/opt/gz_tools_vendor:/opt/ros/jazzy/opt/gz_ogre_next_vendor:/opt/ros/jazzy/opt/gz_dartsim_vendor:/opt/ros/jazzy/opt/gz_cmake_vendor:/opt/ros/jazzy DEBUGINFOD_URLS=https://debuginfod.ubuntu.com LD_LIBRARY_PATH=/home/kartik/robot_arm/install/robot_msgs/lib:${LD_LIBRARY_PATH} PYTHONPATH=/home/kartik/robot_arm/install/robot_msgs/lib/python3.12/site-packages:${PYTHONPATH} /usr/bin/cmake --build /home/kartik/robot_arm/build/robot_utils -- -j5 -l5
[0.061s] Built target ament_cmake_python_copy_robot_utils
[0.176s] running egg_info
[0.184s] writing robot_utils.egg-info/PKG-INFO
[0.185s] writing dependency_links to robot_utils.egg-info/dependency_links.txt
[0.185s] writing top-level names to robot_utils.egg-info/top_level.txt
[0.231s] reading manifest file 'robot_utils.egg-info/SOURCES.txt'
[0.231s] writing manifest file 'robot_utils.egg-info/SOURCES.txt'
[0.271s] Built target ament_cmake_python_build_robot_utils_egg
[0.283s] Invoked command in '/home/kartik/robot_arm/build/robot_utils' returned '0': AMENT_PREFIX_PATH=/home/kartik/robot_arm/install/robot_msgs:${AMENT_PREFIX_PATH} CMAKE_PREFIX_PATH=/home/kartik/robot_arm/install/robot_msgs:/opt/ros/jazzy/opt/gz_sim_vendor:/opt/ros/jazzy/opt/gz_sensors_vendor:/opt/ros/jazzy/opt/gz_physics_vendor:/opt/ros/jazzy/opt/sdformat_vendor:/opt/ros/jazzy/opt/gz_gui_vendor:/opt/ros/jazzy/opt/gz_transport_vendor:/opt/ros/jazzy/opt/gz_rendering_vendor:/opt/ros/jazzy/opt/gz_plugin_vendor:/opt/ros/jazzy/opt/gz_fuel_tools_vendor:/opt/ros/jazzy/opt/gz_msgs_vendor:/opt/ros/jazzy/opt/gz_common_vendor:/opt/ros/jazzy/opt/gz_math_vendor:/opt/ros/jazzy/opt/gz_utils_vendor:/opt/ros/jazzy/opt/gz_tools_vendor:/opt/ros/jazzy/opt/gz_ogre_next_vendor:/opt/ros/jazzy/opt/gz_dartsim_vendor:/opt/ros/jazzy/opt/gz_cmake_vendor:/opt/ros/jazzy DEBUGINFOD_URLS=https://debuginfod.ubuntu.com LD_LIBRARY_PATH=/home/kartik/robot_arm/install/robot_msgs/lib:${LD_LIBRARY_PATH} PYTHONPATH=/home/kartik/robot_arm/install/robot_msgs/lib/python3.12/site-packages:${PYTHONPATH} /usr/bin/cmake --build /home/kartik/robot_arm/build/robot_utils -- -j5 -l5
[0.284s] Invoking command in '/home/kartik/robot_arm/build/robot_utils': AMENT_PREFIX_PATH=/home/kartik/robot_arm/install/robot_msgs:${AMENT_PREFIX_PATH} CMAKE_PREFIX_PATH=/home/kartik/robot_arm/install/robot_msgs:/opt/ros/jazzy/opt/gz_sim_vendor:/opt/ros/jazzy/opt/gz_sensors_vendor:/opt/ros/jazzy/opt/gz_physics_vendor:/opt/ros/jazzy/opt/sdformat_vendor:/opt/ros/jazzy/opt/gz_gui_vendor:/opt/ros/jazzy/opt/gz_transport_vendor:/opt/ros/jazzy/opt/gz_rendering_vendor:/opt/ros/jazzy/opt/gz_plugin_vendor:/opt/ros/jazzy/opt/gz_fuel_tools_vendor:/opt/ros/jazzy/opt/gz_msgs_vendor:/opt/ros/jazzy/opt/gz_common_vendor:/opt/ros/jazzy/opt/gz_math_vendor:/opt/ros/jazzy/opt/gz_utils_vendor:/opt/ros/jazzy/opt/gz_tools_vendor:/opt/ros/jazzy/opt/gz_ogre_next_vendor:/opt/ros/jazzy/opt/gz_dartsim_vendor:/opt/ros/jazzy/opt/gz_cmake_vendor:/opt/ros/jazzy DEBUGINFOD_URLS=https://debuginfod.ubuntu.com LD_LIBRARY_PATH=/home/kartik/robot_arm/install/robot_msgs/lib:${LD_LIBRARY_PATH} PYTHONPATH=/home/kartik/robot_arm/install/robot_msgs/lib/python3.12/site-packages:${PYTHONPATH} /usr/bin/cmake --install /home/kartik/robot_arm/build/robot_utils
[0.291s] -- Install configuration: ""
[0.291s] -- Up-to-date: /home/kartik/robot_arm/install/robot_utils/share/robot_utils/environment/pythonpath.sh
[0.291s] -- Up-to-date: /home/kartik/robot_arm/install/robot_utils/share/robot_utils/environment/pythonpath.dsv
[0.293s] -- Up-to-date: /home/kartik/robot_arm/install/robot_utils/lib/python3.12/site-packages/robot_utils-0.0.0-py3.12.egg-info
[0.293s] -- Installing: /home/kartik/robot_arm/install/robot_utils/lib/python3.12/site-packages/robot_utils-0.0.0-py3.12.egg-info/PKG-INFO
[0.293s] -- Installing: /home/kartik/robot_arm/install/robot_utils/lib/python3.12/site-packages/robot_utils-0.0.0-py3.12.egg-info/dependency_links.txt
[0.293s] -- Installing: /home/kartik/robot_arm/install/robot_utils/lib/python3.12/site-packages/robot_utils-0.0.0-py3.12.egg-info/top_level.txt
[0.294s] -- Installing: /home/kartik/robot_arm/install/robot_utils/lib/python3.12/site-packages/robot_utils-0.0.0-py3.12.egg-info/SOURCES.txt
[0.294s] -- Up-to-date: /home/kartik/robot_arm/install/robot_utils/lib/python3.12/site-packages/robot_utils
[0.294s] -- Up-to-date: /home/kartik/robot_arm/install/robot_utils/lib/python3.12/site-packages/robot_utils/__init__.py
[0.294s] -- Up-to-date: /home/kartik/robot_arm/install/robot_utils/lib/python3.12/site-packages/robot_utils/angle_conversion.py
[0.320s] Listing '/home/kartik/robot_arm/install/robot_utils/lib/python3.12/site-packages/robot_utils'...
[0.326s] -- Up-to-date: /home/kartik/robot_arm/install/robot_utils/lib/robot_utils/angle_conversion.py
[0.327s] -- Up-to-date: /home/kartik/robot_arm/install/robot_utils/share/ament_index/resource_index/package_run_dependencies/robot_utils
[0.327s] -- Up-to-date: /home/kartik/robot_arm/install/robot_utils/share/ament_index/resource_index/parent_prefix_path/robot_utils
[0.328s] -- Up-to-date: /home/kartik/robot_arm/install/robot_utils/share/robot_utils/environment/ament_prefix_path.sh
[0.328s] -- Up-to-date: /home/kartik/robot_arm/install/robot_utils/share/robot_utils/environment/ament_prefix_path.dsv
[0.328s] -- Up-to-date: /home/kartik/robot_arm/install/robot_utils/share/robot_utils/environment/path.sh
[0.328s] -- Up-to-date: /home/kartik/robot_arm/install/robot_utils/share/robot_utils/environment/path.dsv
[0.328s] -- Up-to-date: /home/kartik/robot_arm/install/robot_utils/share/robot_utils/local_setup.bash
[0.329s] -- Up-to-date: /home/kartik/robot_arm/install/robot_utils/share/robot_utils/local_setup.sh
[0.329s] -- Up-to-date: /home/kartik/robot_arm/install/robot_utils/share/robot_utils/local_setup.zsh
[0.329s] -- Up-to-date: /home/kartik/robot_arm/install/robot_utils/share/robot_utils/local_setup.dsv
[0.329s] -- Installing: /home/kartik/robot_arm/install/robot_utils/share/robot_utils/package.dsv
[0.329s] -- Up-to-date: /home/kartik/robot_arm/install/robot_utils/share/ament_index/resource_index/packages/robot_utils
[0.329s] -- Up-to-date: /home/kartik/robot_arm/install/robot_utils/share/robot_utils/cmake/robot_utilsConfig.cmake
[0.329s] -- Up-to-date: /home/kartik/robot_arm/install/robot_utils/share/robot_utils/cmake/robot_utilsConfig-version.cmake
[0.329s] -- Up-to-date: /home/kartik/robot_arm/install/robot_utils/share/robot_utils/package.xml
[0.329s] Invoked command in '/home/kartik/robot_arm/build/robot_utils' returned '0': AMENT_PREFIX_PATH=/home/kartik/robot_arm/install/robot_msgs:${AMENT_PREFIX_PATH} CMAKE_PREFIX_PATH=/home/kartik/robot_arm/install/robot_msgs:/opt/ros/jazzy/opt/gz_sim_vendor:/opt/ros/jazzy/opt/gz_sensors_vendor:/opt/ros/jazzy/opt/gz_physics_vendor:/opt/ros/jazzy/opt/sdformat_vendor:/opt/ros/jazzy/opt/gz_gui_vendor:/opt/ros/jazzy/opt/gz_transport_vendor:/opt/ros/jazzy/opt/gz_rendering_vendor:/opt/ros/jazzy/opt/gz_plugin_vendor:/opt/ros/jazzy/opt/gz_fuel_tools_vendor:/opt/ros/jazzy/opt/gz_msgs_vendor:/opt/ros/jazzy/opt/gz_common_vendor:/opt/ros/jazzy/opt/gz_math_vendor:/opt/ros/jazzy/opt/gz_utils_vendor:/opt/ros/jazzy/opt/gz_tools_vendor:/opt/ros/jazzy/opt/gz_ogre_next_vendor:/opt/ros/jazzy/opt/gz_dartsim_vendor:/opt/ros/jazzy/opt/gz_cmake_vendor:/opt/ros/jazzy DEBUGINFOD_URLS=https://debuginfod.ubuntu.com LD_LIBRARY_PATH=/home/kartik/robot_arm/install/robot_msgs/lib:${LD_LIBRARY_PATH} PYTHONPATH=/home/kartik/robot_arm/install/robot_msgs/lib/python3.12/site-packages:${PYTHONPATH} /usr/bin/cmake --install /home/kartik/robot_arm/build/robot_utils
