[0.017s] Invoking command in '/home/kartik/robot_arm/build/robot_moveit': CMAKE_PREFIX_PATH=${CMAKE_PREFIX_PATH}:/opt/ros/jazzy DEBUGINFOD_URLS=https://debuginfod.ubuntu.com /usr/bin/cmake --build /home/kartik/robot_arm/build/robot_moveit -- -j5 -l5
[0.064s] -- Found ament_cmake: 2.5.4 (/opt/ros/jazzy/share/ament_cmake/cmake)
[0.178s] -- Found ament_lint_auto: 0.17.3 (/opt/ros/jazzy/share/ament_lint_auto/cmake)
[0.237s] -- Added test 'flake8' to check Python code syntax and style conventions
[0.237s] -- Configured 'flake8' exclude dirs and/or files: 
[0.237s] -- Added test 'lint_cmake' to check CMake code style
[0.237s] -- Added test 'pep257' to check Python code against some of the docstring style conventions in PEP 257
[0.238s] -- Added test 'xmllint' to check XML markup files
[0.238s] -- Configuring done (0.2s)
[0.243s] -- Generating done (0.0s)
[0.243s] -- Build files have been written to: /home/kartik/robot_arm/build/robot_moveit
[0.255s] Invoked command in '/home/kartik/robot_arm/build/robot_moveit' returned '0': CMAKE_PREFIX_PATH=${CMAKE_PREFIX_PATH}:/opt/ros/jazzy DEBUGINFOD_URLS=https://debuginfod.ubuntu.com /usr/bin/cmake --build /home/kartik/robot_arm/build/robot_moveit -- -j5 -l5
[0.256s] Invoking command in '/home/kartik/robot_arm/build/robot_moveit': CMAKE_PREFIX_PATH=${CMAKE_PREFIX_PATH}:/opt/ros/jazzy DEBUGINFOD_URLS=https://debuginfod.ubuntu.com /usr/bin/cmake --install /home/kartik/robot_arm/build/robot_moveit
[0.259s] -- Install configuration: ""
[0.259s] -- Up-to-date: /home/kartik/robot_arm/install/robot_moveit/share/robot_moveit/launch
[0.260s] -- Up-to-date: /home/kartik/robot_arm/install/robot_moveit/share/robot_moveit/launch/moveit.launch.py
[0.260s] -- Up-to-date: /home/kartik/robot_arm/install/robot_moveit/share/robot_moveit/config
[0.260s] -- Up-to-date: /home/kartik/robot_arm/install/robot_moveit/share/robot_moveit/config/moveit_controllers.yaml
[0.260s] -- Up-to-date: /home/kartik/robot_arm/install/robot_moveit/share/robot_moveit/config/initial_positions.yaml
[0.260s] -- Up-to-date: /home/kartik/robot_arm/install/robot_moveit/share/robot_moveit/config/ur5.srdf
[0.260s] -- Up-to-date: /home/kartik/robot_arm/install/robot_moveit/share/robot_moveit/config/kinematics.yaml
[0.260s] -- Up-to-date: /home/kartik/robot_arm/install/robot_moveit/share/robot_moveit/config/joint_limits.yaml
[0.260s] -- Up-to-date: /home/kartik/robot_arm/install/robot_moveit/share/robot_moveit/config/pilz_cartesian_limits.yaml
[0.260s] -- Up-to-date: /home/kartik/robot_arm/install/robot_moveit/share/ament_index/resource_index/package_run_dependencies/robot_moveit
[0.260s] -- Up-to-date: /home/kartik/robot_arm/install/robot_moveit/share/ament_index/resource_index/parent_prefix_path/robot_moveit
[0.261s] -- Up-to-date: /home/kartik/robot_arm/install/robot_moveit/share/robot_moveit/environment/ament_prefix_path.sh
[0.261s] -- Up-to-date: /home/kartik/robot_arm/install/robot_moveit/share/robot_moveit/environment/ament_prefix_path.dsv
[0.261s] -- Up-to-date: /home/kartik/robot_arm/install/robot_moveit/share/robot_moveit/environment/path.sh
[0.261s] -- Up-to-date: /home/kartik/robot_arm/install/robot_moveit/share/robot_moveit/environment/path.dsv
[0.261s] -- Up-to-date: /home/kartik/robot_arm/install/robot_moveit/share/robot_moveit/local_setup.bash
[0.261s] -- Up-to-date: /home/kartik/robot_arm/install/robot_moveit/share/robot_moveit/local_setup.sh
[0.261s] -- Up-to-date: /home/kartik/robot_arm/install/robot_moveit/share/robot_moveit/local_setup.zsh
[0.261s] -- Up-to-date: /home/kartik/robot_arm/install/robot_moveit/share/robot_moveit/local_setup.dsv
[0.261s] -- Installing: /home/kartik/robot_arm/install/robot_moveit/share/robot_moveit/package.dsv
[0.261s] -- Up-to-date: /home/kartik/robot_arm/install/robot_moveit/share/ament_index/resource_index/packages/robot_moveit
[0.261s] -- Up-to-date: /home/kartik/robot_arm/install/robot_moveit/share/robot_moveit/cmake/robot_moveitConfig.cmake
[0.261s] -- Up-to-date: /home/kartik/robot_arm/install/robot_moveit/share/robot_moveit/cmake/robot_moveitConfig-version.cmake
[0.261s] -- Up-to-date: /home/kartik/robot_arm/install/robot_moveit/share/robot_moveit/package.xml
[0.267s] Invoked command in '/home/kartik/robot_arm/build/robot_moveit' returned '0': CMAKE_PREFIX_PATH=${CMAKE_PREFIX_PATH}:/opt/ros/jazzy DEBUGINFOD_URLS=https://debuginfod.ubuntu.com /usr/bin/cmake --install /home/kartik/robot_arm/build/robot_moveit
