[0.006s] Invoking command in '/home/kartik/robot_arm/build/robot_description': CMAKE_PREFIX_PATH=${CMAKE_PREFIX_PATH}:/opt/ros/jazzy DEBUGINFOD_URLS=https://debuginfod.ubuntu.com /usr/bin/cmake /home/kartik/robot_arm/src/robot_description -DCMAKE_INSTALL_PREFIX=/home/kartik/robot_arm/install/robot_description
[0.098s] -- The C compiler identification is GNU 13.3.0
[0.166s] -- The CXX compiler identification is GNU 13.3.0
[0.177s] -- Detecting C compiler ABI info
[0.221s] -- Detecting C compiler ABI info - done
[0.225s] -- Check for working C compiler: /usr/bin/cc - skipped
[0.226s] -- Detecting C compile features
[0.226s] -- Detecting C compile features - done
[0.230s] -- Detecting CXX compiler ABI info
[0.271s] -- Detecting CXX compiler ABI info - done
[0.276s] -- Check for working CXX compiler: /usr/bin/c++ - skipped
[0.276s] -- Detecting CXX compile features
[0.276s] -- Detecting CXX compile features - done
[0.286s] -- Found ament_cmake: 2.5.3 (/opt/ros/jazzy/share/ament_cmake/cmake)
[0.356s] -- Found Python3: /usr/bin/python3 (found version "3.12.3") found components: Interpreter 
[0.424s] -- Found ament_lint_auto: 0.17.1 (/opt/ros/jazzy/share/ament_lint_auto/cmake)
[0.481s] -- Added test 'lint_cmake' to check CMake code style
[0.482s] -- Added test 'xmllint' to check XML markup files
[0.483s] -- Configuring done (0.5s)
[0.484s] -- Generating done (0.0s)
[0.485s] -- Build files have been written to: /home/kartik/robot_arm/build/robot_description
[0.488s] Invoked command in '/home/kartik/robot_arm/build/robot_description' returned '0': CMAKE_PREFIX_PATH=${CMAKE_PREFIX_PATH}:/opt/ros/jazzy DEBUGINFOD_URLS=https://debuginfod.ubuntu.com /usr/bin/cmake /home/kartik/robot_arm/src/robot_description -DCMAKE_INSTALL_PREFIX=/home/kartik/robot_arm/install/robot_description
[0.489s] Invoking command in '/home/kartik/robot_arm/build/robot_description': CMAKE_PREFIX_PATH=${CMAKE_PREFIX_PATH}:/opt/ros/jazzy DEBUGINFOD_URLS=https://debuginfod.ubuntu.com /usr/bin/cmake --build /home/kartik/robot_arm/build/robot_description -- -j5 -l5
[0.507s] Invoked command in '/home/kartik/robot_arm/build/robot_description' returned '0': CMAKE_PREFIX_PATH=${CMAKE_PREFIX_PATH}:/opt/ros/jazzy DEBUGINFOD_URLS=https://debuginfod.ubuntu.com /usr/bin/cmake --build /home/kartik/robot_arm/build/robot_description -- -j5 -l5
[0.512s] Invoking command in '/home/kartik/robot_arm/build/robot_description': CMAKE_PREFIX_PATH=${CMAKE_PREFIX_PATH}:/opt/ros/jazzy DEBUGINFOD_URLS=https://debuginfod.ubuntu.com /usr/bin/cmake --install /home/kartik/robot_arm/build/robot_description
[0.515s] -- Install configuration: ""
[0.516s] -- Installing: /home/kartik/robot_arm/install/robot_description/share/ament_index/resource_index/package_run_dependencies/robot_description
[0.516s] -- Installing: /home/kartik/robot_arm/install/robot_description/share/ament_index/resource_index/parent_prefix_path/robot_description
[0.516s] -- Installing: /home/kartik/robot_arm/install/robot_description/share/robot_description/environment/ament_prefix_path.sh
[0.516s] -- Installing: /home/kartik/robot_arm/install/robot_description/share/robot_description/environment/ament_prefix_path.dsv
[0.516s] -- Installing: /home/kartik/robot_arm/install/robot_description/share/robot_description/environment/path.sh
[0.516s] -- Installing: /home/kartik/robot_arm/install/robot_description/share/robot_description/environment/path.dsv
[0.516s] -- Installing: /home/kartik/robot_arm/install/robot_description/share/robot_description/local_setup.bash
[0.516s] -- Installing: /home/kartik/robot_arm/install/robot_description/share/robot_description/local_setup.sh
[0.516s] -- Installing: /home/kartik/robot_arm/install/robot_description/share/robot_description/local_setup.zsh
[0.516s] -- Installing: /home/kartik/robot_arm/install/robot_description/share/robot_description/local_setup.dsv
[0.516s] -- Installing: /home/kartik/robot_arm/install/robot_description/share/robot_description/package.dsv
[0.516s] -- Installing: /home/kartik/robot_arm/install/robot_description/share/ament_index/resource_index/packages/robot_description
[0.516s] -- Installing: /home/kartik/robot_arm/install/robot_description/share/robot_description/cmake/robot_descriptionConfig.cmake
[0.517s] -- Installing: /home/kartik/robot_arm/install/robot_description/share/robot_description/cmake/robot_descriptionConfig-version.cmake
[0.517s] -- Installing: /home/kartik/robot_arm/install/robot_description/share/robot_description/package.xml
[0.517s] Invoked command in '/home/kartik/robot_arm/build/robot_description' returned '0': CMAKE_PREFIX_PATH=${CMAKE_PREFIX_PATH}:/opt/ros/jazzy DEBUGINFOD_URLS=https://debuginfod.ubuntu.com /usr/bin/cmake --install /home/kartik/robot_arm/build/robot_description
