[0.006s] Invoking command in '/home/kartik/robot_arm/build/robot_utils': AMENT_PREFIX_PATH=/home/kartik/robot_arm/install/robot_msgs:${AMENT_PREFIX_PATH} CMAKE_PREFIX_PATH=/home/kartik/robot_arm/install/robot_msgs:/opt/ros/jazzy/opt/gz_sim_vendor:/opt/ros/jazzy/opt/gz_sensors_vendor:/opt/ros/jazzy/opt/gz_physics_vendor:/opt/ros/jazzy/opt/sdformat_vendor:/opt/ros/jazzy/opt/gz_gui_vendor:/opt/ros/jazzy/opt/gz_transport_vendor:/opt/ros/jazzy/opt/gz_rendering_vendor:/opt/ros/jazzy/opt/gz_plugin_vendor:/opt/ros/jazzy/opt/gz_fuel_tools_vendor:/opt/ros/jazzy/opt/gz_msgs_vendor:/opt/ros/jazzy/opt/gz_common_vendor:/opt/ros/jazzy/opt/gz_math_vendor:/opt/ros/jazzy/opt/gz_utils_vendor:/opt/ros/jazzy/opt/gz_tools_vendor:/opt/ros/jazzy/opt/gz_ogre_next_vendor:/opt/ros/jazzy/opt/gz_dartsim_vendor:/opt/ros/jazzy/opt/gz_cmake_vendor:/opt/ros/jazzy DEBUGINFOD_URLS=https://debuginfod.ubuntu.com LD_LIBRARY_PATH=/home/kartik/robot_arm/install/robot_msgs/lib:${LD_LIBRARY_PATH} PYTHONPATH=/home/kartik/robot_arm/install/robot_msgs/lib/python3.12/site-packages:${PYTHONPATH} /usr/bin/cmake --build /home/kartik/robot_arm/build/robot_utils -- -j5 -l5
[0.020s] -- Found ament_cmake: 2.5.4 (/opt/ros/jazzy/share/ament_cmake/cmake)
[0.147s] -- Found rclpy: 7.1.4 (/opt/ros/jazzy/share/rclpy/cmake)
[0.147s] -- Found robot_msgs: 0.0.0 (/home/kartik/robot_arm/install/robot_msgs/share/robot_msgs/cmake)
[0.177s] -- Found rosidl_generator_c: 4.6.5 (/opt/ros/jazzy/share/rosidl_generator_c/cmake)
[0.186s] -- Found rosidl_generator_cpp: 4.6.5 (/opt/ros/jazzy/share/rosidl_generator_cpp/cmake)
[0.195s] -- Using all available rosidl_typesupport_c: rosidl_typesupport_fastrtps_c;rosidl_typesupport_introspection_c
[0.206s] -- Using all available rosidl_typesupport_cpp: rosidl_typesupport_fastrtps_cpp;rosidl_typesupport_introspection_cpp
[0.292s] -- Found ament_lint_auto: 0.17.2 (/opt/ros/jazzy/share/ament_lint_auto/cmake)
[0.338s] -- Added test 'flake8' to check Python code syntax and style conventions
[0.339s] -- Configured 'flake8' exclude dirs and/or files: 
[0.339s] -- Added test 'lint_cmake' to check CMake code style
[0.339s] -- Added test 'pep257' to check Python code against some of the docstring style conventions in PEP 257
[0.340s] -- Added test 'xmllint' to check XML markup files
[0.341s] -- Configuring done (0.3s)
[0.346s] -- Generating done (0.0s)
[0.348s] -- Build files have been written to: /home/kartik/robot_arm/build/robot_utils
[0.372s] Built target ament_cmake_python_copy_robot_utils
[0.483s] running egg_info
[0.484s] creating robot_utils.egg-info
[0.495s] writing robot_utils.egg-info/PKG-INFO
[0.495s] writing dependency_links to robot_utils.egg-info/dependency_links.txt
[0.495s] writing top-level names to robot_utils.egg-info/top_level.txt
[0.495s] writing manifest file 'robot_utils.egg-info/SOURCES.txt'
[0.523s] reading manifest file 'robot_utils.egg-info/SOURCES.txt'
[0.523s] writing manifest file 'robot_utils.egg-info/SOURCES.txt'
[0.549s] Built target ament_cmake_python_build_robot_utils_egg
[0.555s] Invoked command in '/home/kartik/robot_arm/build/robot_utils' returned '0': AMENT_PREFIX_PATH=/home/kartik/robot_arm/install/robot_msgs:${AMENT_PREFIX_PATH} CMAKE_PREFIX_PATH=/home/kartik/robot_arm/install/robot_msgs:/opt/ros/jazzy/opt/gz_sim_vendor:/opt/ros/jazzy/opt/gz_sensors_vendor:/opt/ros/jazzy/opt/gz_physics_vendor:/opt/ros/jazzy/opt/sdformat_vendor:/opt/ros/jazzy/opt/gz_gui_vendor:/opt/ros/jazzy/opt/gz_transport_vendor:/opt/ros/jazzy/opt/gz_rendering_vendor:/opt/ros/jazzy/opt/gz_plugin_vendor:/opt/ros/jazzy/opt/gz_fuel_tools_vendor:/opt/ros/jazzy/opt/gz_msgs_vendor:/opt/ros/jazzy/opt/gz_common_vendor:/opt/ros/jazzy/opt/gz_math_vendor:/opt/ros/jazzy/opt/gz_utils_vendor:/opt/ros/jazzy/opt/gz_tools_vendor:/opt/ros/jazzy/opt/gz_ogre_next_vendor:/opt/ros/jazzy/opt/gz_dartsim_vendor:/opt/ros/jazzy/opt/gz_cmake_vendor:/opt/ros/jazzy DEBUGINFOD_URLS=https://debuginfod.ubuntu.com LD_LIBRARY_PATH=/home/kartik/robot_arm/install/robot_msgs/lib:${LD_LIBRARY_PATH} PYTHONPATH=/home/kartik/robot_arm/install/robot_msgs/lib/python3.12/site-packages:${PYTHONPATH} /usr/bin/cmake --build /home/kartik/robot_arm/build/robot_utils -- -j5 -l5
[0.556s] Invoking command in '/home/kartik/robot_arm/build/robot_utils': AMENT_PREFIX_PATH=/home/kartik/robot_arm/install/robot_msgs:${AMENT_PREFIX_PATH} CMAKE_PREFIX_PATH=/home/kartik/robot_arm/install/robot_msgs:/opt/ros/jazzy/opt/gz_sim_vendor:/opt/ros/jazzy/opt/gz_sensors_vendor:/opt/ros/jazzy/opt/gz_physics_vendor:/opt/ros/jazzy/opt/sdformat_vendor:/opt/ros/jazzy/opt/gz_gui_vendor:/opt/ros/jazzy/opt/gz_transport_vendor:/opt/ros/jazzy/opt/gz_rendering_vendor:/opt/ros/jazzy/opt/gz_plugin_vendor:/opt/ros/jazzy/opt/gz_fuel_tools_vendor:/opt/ros/jazzy/opt/gz_msgs_vendor:/opt/ros/jazzy/opt/gz_common_vendor:/opt/ros/jazzy/opt/gz_math_vendor:/opt/ros/jazzy/opt/gz_utils_vendor:/opt/ros/jazzy/opt/gz_tools_vendor:/opt/ros/jazzy/opt/gz_ogre_next_vendor:/opt/ros/jazzy/opt/gz_dartsim_vendor:/opt/ros/jazzy/opt/gz_cmake_vendor:/opt/ros/jazzy DEBUGINFOD_URLS=https://debuginfod.ubuntu.com LD_LIBRARY_PATH=/home/kartik/robot_arm/install/robot_msgs/lib:${LD_LIBRARY_PATH} PYTHONPATH=/home/kartik/robot_arm/install/robot_msgs/lib/python3.12/site-packages:${PYTHONPATH} /usr/bin/cmake --install /home/kartik/robot_arm/build/robot_utils
[0.560s] -- Install configuration: ""
[0.560s] -- Installing: /home/kartik/robot_arm/install/robot_utils/share/robot_utils/environment/pythonpath.sh
[0.560s] -- Installing: /home/kartik/robot_arm/install/robot_utils/share/robot_utils/environment/pythonpath.dsv
[0.560s] -- Installing: /home/kartik/robot_arm/install/robot_utils/lib/python3.12/site-packages/robot_utils-0.0.0-py3.12.egg-info
[0.560s] -- Installing: /home/kartik/robot_arm/install/robot_utils/lib/python3.12/site-packages/robot_utils-0.0.0-py3.12.egg-info/PKG-INFO
[0.560s] -- Installing: /home/kartik/robot_arm/install/robot_utils/lib/python3.12/site-packages/robot_utils-0.0.0-py3.12.egg-info/dependency_links.txt
[0.561s] -- Installing: /home/kartik/robot_arm/install/robot_utils/lib/python3.12/site-packages/robot_utils-0.0.0-py3.12.egg-info/top_level.txt
[0.561s] -- Installing: /home/kartik/robot_arm/install/robot_utils/lib/python3.12/site-packages/robot_utils-0.0.0-py3.12.egg-info/SOURCES.txt
[0.561s] -- Installing: /home/kartik/robot_arm/install/robot_utils/lib/python3.12/site-packages/robot_utils
[0.561s] -- Installing: /home/kartik/robot_arm/install/robot_utils/lib/python3.12/site-packages/robot_utils/__init__.py
[0.561s] -- Installing: /home/kartik/robot_arm/install/robot_utils/lib/python3.12/site-packages/robot_utils/angle_conversion.py
[0.579s] Listing '/home/kartik/robot_arm/install/robot_utils/lib/python3.12/site-packages/robot_utils'...
[0.579s] Compiling '/home/kartik/robot_arm/install/robot_utils/lib/python3.12/site-packages/robot_utils/__init__.py'...
[0.579s] Compiling '/home/kartik/robot_arm/install/robot_utils/lib/python3.12/site-packages/robot_utils/angle_conversion.py'...
[0.583s] -- Installing: /home/kartik/robot_arm/install/robot_utils/lib/robot_utils/angle_conversion.py
[0.583s] -- Installing: /home/kartik/robot_arm/install/robot_utils/share/ament_index/resource_index/package_run_dependencies/robot_utils
[0.583s] -- Installing: /home/kartik/robot_arm/install/robot_utils/share/ament_index/resource_index/parent_prefix_path/robot_utils
[0.583s] -- Up-to-date: /home/kartik/robot_arm/install/robot_utils/share/robot_utils/environment/ament_prefix_path.sh
[0.584s] -- Up-to-date: /home/kartik/robot_arm/install/robot_utils/share/robot_utils/environment/ament_prefix_path.dsv
[0.584s] -- Up-to-date: /home/kartik/robot_arm/install/robot_utils/share/robot_utils/environment/path.sh
[0.584s] -- Up-to-date: /home/kartik/robot_arm/install/robot_utils/share/robot_utils/environment/path.dsv
[0.584s] -- Up-to-date: /home/kartik/robot_arm/install/robot_utils/share/robot_utils/local_setup.bash
[0.584s] -- Installing: /home/kartik/robot_arm/install/robot_utils/share/robot_utils/local_setup.sh
[0.584s] -- Up-to-date: /home/kartik/robot_arm/install/robot_utils/share/robot_utils/local_setup.zsh
[0.584s] -- Installing: /home/kartik/robot_arm/install/robot_utils/share/robot_utils/local_setup.dsv
[0.584s] -- Installing: /home/kartik/robot_arm/install/robot_utils/share/robot_utils/package.dsv
[0.584s] -- Up-to-date: /home/kartik/robot_arm/install/robot_utils/share/ament_index/resource_index/packages/robot_utils
[0.584s] -- Up-to-date: /home/kartik/robot_arm/install/robot_utils/share/robot_utils/cmake/robot_utilsConfig.cmake
[0.584s] -- Up-to-date: /home/kartik/robot_arm/install/robot_utils/share/robot_utils/cmake/robot_utilsConfig-version.cmake
[0.584s] -- Installing: /home/kartik/robot_arm/install/robot_utils/share/robot_utils/package.xml
[0.585s] Invoked command in '/home/kartik/robot_arm/build/robot_utils' returned '0': AMENT_PREFIX_PATH=/home/kartik/robot_arm/install/robot_msgs:${AMENT_PREFIX_PATH} CMAKE_PREFIX_PATH=/home/kartik/robot_arm/install/robot_msgs:/opt/ros/jazzy/opt/gz_sim_vendor:/opt/ros/jazzy/opt/gz_sensors_vendor:/opt/ros/jazzy/opt/gz_physics_vendor:/opt/ros/jazzy/opt/sdformat_vendor:/opt/ros/jazzy/opt/gz_gui_vendor:/opt/ros/jazzy/opt/gz_transport_vendor:/opt/ros/jazzy/opt/gz_rendering_vendor:/opt/ros/jazzy/opt/gz_plugin_vendor:/opt/ros/jazzy/opt/gz_fuel_tools_vendor:/opt/ros/jazzy/opt/gz_msgs_vendor:/opt/ros/jazzy/opt/gz_common_vendor:/opt/ros/jazzy/opt/gz_math_vendor:/opt/ros/jazzy/opt/gz_utils_vendor:/opt/ros/jazzy/opt/gz_tools_vendor:/opt/ros/jazzy/opt/gz_ogre_next_vendor:/opt/ros/jazzy/opt/gz_dartsim_vendor:/opt/ros/jazzy/opt/gz_cmake_vendor:/opt/ros/jazzy DEBUGINFOD_URLS=https://debuginfod.ubuntu.com LD_LIBRARY_PATH=/home/kartik/robot_arm/install/robot_msgs/lib:${LD_LIBRARY_PATH} PYTHONPATH=/home/kartik/robot_arm/install/robot_msgs/lib/python3.12/site-packages:${PYTHONPATH} /usr/bin/cmake --install /home/kartik/robot_arm/build/robot_utils
