Built target ament_cmake_python_copy_robot_utils
running egg_info
writing robot_utils.egg-info/PKG-INFO
writing dependency_links to robot_utils.egg-info/dependency_links.txt
writing top-level names to robot_utils.egg-info/top_level.txt
reading manifest file 'robot_utils.egg-info/SOURCES.txt'
writing manifest file 'robot_utils.egg-info/SOURCES.txt'
Built target ament_cmake_python_build_robot_utils_egg
-- Install configuration: ""
-- Up-to-date: /home/kartik/robot_arm/install/robot_utils/share/robot_utils/environment/pythonpath.sh
-- Up-to-date: /home/kartik/robot_arm/install/robot_utils/share/robot_utils/environment/pythonpath.dsv
-- Up-to-date: /home/kartik/robot_arm/install/robot_utils/lib/python3.12/site-packages/robot_utils-0.0.0-py3.12.egg-info
-- Installing: /home/kartik/robot_arm/install/robot_utils/lib/python3.12/site-packages/robot_utils-0.0.0-py3.12.egg-info/PKG-INFO
-- Installing: /home/kartik/robot_arm/install/robot_utils/lib/python3.12/site-packages/robot_utils-0.0.0-py3.12.egg-info/dependency_links.txt
-- Installing: /home/kartik/robot_arm/install/robot_utils/lib/python3.12/site-packages/robot_utils-0.0.0-py3.12.egg-info/top_level.txt
-- Installing: /home/kartik/robot_arm/install/robot_utils/lib/python3.12/site-packages/robot_utils-0.0.0-py3.12.egg-info/SOURCES.txt
-- Up-to-date: /home/kartik/robot_arm/install/robot_utils/lib/python3.12/site-packages/robot_utils
-- Up-to-date: /home/kartik/robot_arm/install/robot_utils/lib/python3.12/site-packages/robot_utils/__init__.py
-- Up-to-date: /home/kartik/robot_arm/install/robot_utils/lib/python3.12/site-packages/robot_utils/angle_conversion.py
Listing '/home/kartik/robot_arm/install/robot_utils/lib/python3.12/site-packages/robot_utils'...
-- Up-to-date: /home/kartik/robot_arm/install/robot_utils/lib/robot_utils/angle_conversion.py
-- Up-to-date: /home/kartik/robot_arm/install/robot_utils/share/ament_index/resource_index/package_run_dependencies/robot_utils
-- Up-to-date: /home/kartik/robot_arm/install/robot_utils/share/ament_index/resource_index/parent_prefix_path/robot_utils
-- Up-to-date: /home/kartik/robot_arm/install/robot_utils/share/robot_utils/environment/ament_prefix_path.sh
-- Up-to-date: /home/kartik/robot_arm/install/robot_utils/share/robot_utils/environment/ament_prefix_path.dsv
-- Up-to-date: /home/kartik/robot_arm/install/robot_utils/share/robot_utils/environment/path.sh
-- Up-to-date: /home/kartik/robot_arm/install/robot_utils/share/robot_utils/environment/path.dsv
-- Up-to-date: /home/kartik/robot_arm/install/robot_utils/share/robot_utils/local_setup.bash
-- Up-to-date: /home/kartik/robot_arm/install/robot_utils/share/robot_utils/local_setup.sh
-- Up-to-date: /home/kartik/robot_arm/install/robot_utils/share/robot_utils/local_setup.zsh
-- Up-to-date: /home/kartik/robot_arm/install/robot_utils/share/robot_utils/local_setup.dsv
-- Installing: /home/kartik/robot_arm/install/robot_utils/share/robot_utils/package.dsv
-- Up-to-date: /home/kartik/robot_arm/install/robot_utils/share/ament_index/resource_index/packages/robot_utils
-- Up-to-date: /home/kartik/robot_arm/install/robot_utils/share/robot_utils/cmake/robot_utilsConfig.cmake
-- Up-to-date: /home/kartik/robot_arm/install/robot_utils/share/robot_utils/cmake/robot_utilsConfig-version.cmake
-- Up-to-date: /home/kartik/robot_arm/install/robot_utils/share/robot_utils/package.xml
