[0.025s] Invoking command in '/home/kartik/robot_arm/build/so_arm_100_hardware': CMAKE_PREFIX_PATH=${CMAKE_PREFIX_PATH}:/opt/ros/jazzy DEBUGINFOD_URLS=https://debuginfod.ubuntu.com /usr/bin/cmake --build /home/kartik/robot_arm/build/so_arm_100_hardware -- -j8 -l8
[0.120s] [ 53%] Built target SCServo
[0.139s] [ 69%] Built target test_servo
[0.149s] [ 76%] [32mBuilding CXX object CMakeFiles/ping_test.dir/test/ping_test.cpp.o[0m
[0.150s] [ 92%] Built target so_arm_100_hardware
[0.487s] [100%] [32m[1mLinking CXX executable ping_test[0m
[0.560s] [100%] Built target ping_test
[0.582s] Invoked command in '/home/kartik/robot_arm/build/so_arm_100_hardware' returned '0': CMAKE_PREFIX_PATH=${CMAKE_PREFIX_PATH}:/opt/ros/jazzy DEBUGINFOD_URLS=https://debuginfod.ubuntu.com /usr/bin/cmake --build /home/kartik/robot_arm/build/so_arm_100_hardware -- -j8 -l8
[0.584s] Invoking command in '/home/kartik/robot_arm/build/so_arm_100_hardware': CMAKE_PREFIX_PATH=${CMAKE_PREFIX_PATH}:/opt/ros/jazzy DEBUGINFOD_URLS=https://debuginfod.ubuntu.com /usr/bin/cmake --install /home/kartik/robot_arm/build/so_arm_100_hardware
[0.592s] -- Install configuration: ""
[0.592s] -- Up-to-date: /home/kartik/robot_arm/install/so_arm_100_hardware/share/so_arm_100_hardware/so_arm_100_hardware.xml
[0.592s] -- Up-to-date: /home/kartik/robot_arm/install/so_arm_100_hardware/share/so_arm_100_hardware/environment/library_path.sh
[0.592s] -- Up-to-date: /home/kartik/robot_arm/install/so_arm_100_hardware/share/so_arm_100_hardware/environment/library_path.dsv
[0.593s] -- Up-to-date: /home/kartik/robot_arm/install/so_arm_100_hardware/share/so_arm_100_hardware/config
[0.593s] -- Up-to-date: /home/kartik/robot_arm/install/so_arm_100_hardware/share/so_arm_100_hardware/config/calibration.yaml
[0.593s] -- Up-to-date: /home/kartik/robot_arm/install/so_arm_100_hardware/share/so_arm_100_hardware/config/posses
[0.593s] -- Up-to-date: /home/kartik/robot_arm/install/so_arm_100_hardware/share/so_arm_100_hardware/config/posses/zero.txt
[0.593s] -- Up-to-date: /home/kartik/robot_arm/install/so_arm_100_hardware/share/so_arm_100_hardware/config/poses
[0.593s] -- Up-to-date: /home/kartik/robot_arm/install/so_arm_100_hardware/share/so_arm_100_hardware/config/poses/urdf.yaml
[0.593s] -- Up-to-date: /home/kartik/robot_arm/install/so_arm_100_hardware/share/so_arm_100_hardware/config/hardware_config.yaml
[0.594s] -- Up-to-date: /home/kartik/robot_arm/install/so_arm_100_hardware/share/so_arm_100_hardware/include
[0.594s] -- Up-to-date: /home/kartik/robot_arm/install/so_arm_100_hardware/share/so_arm_100_hardware/include/SCServo_Linux
[0.594s] -- Up-to-date: /home/kartik/robot_arm/install/so_arm_100_hardware/share/so_arm_100_hardware/include/SCServo_Linux/SCSerial.cpp
[0.594s] -- Up-to-date: /home/kartik/robot_arm/install/so_arm_100_hardware/share/so_arm_100_hardware/include/SCServo_Linux/SCSerial.h
[0.594s] -- Up-to-date: /home/kartik/robot_arm/install/so_arm_100_hardware/share/so_arm_100_hardware/include/SCServo_Linux/INST.h
[0.594s] -- Up-to-date: /home/kartik/robot_arm/install/so_arm_100_hardware/share/so_arm_100_hardware/include/SCServo_Linux/SMSBL.cpp
[0.594s] -- Up-to-date: /home/kartik/robot_arm/install/so_arm_100_hardware/share/so_arm_100_hardware/include/SCServo_Linux/SMSCL.h
[0.594s] -- Up-to-date: /home/kartik/robot_arm/install/so_arm_100_hardware/share/so_arm_100_hardware/include/SCServo_Linux/SMSCL.cpp
[0.595s] -- Up-to-date: /home/kartik/robot_arm/install/so_arm_100_hardware/share/so_arm_100_hardware/include/SCServo_Linux/SMSBL.h
[0.595s] -- Up-to-date: /home/kartik/robot_arm/install/so_arm_100_hardware/share/so_arm_100_hardware/include/SCServo_Linux/SMS_STS.h
[0.595s] -- Up-to-date: /home/kartik/robot_arm/install/so_arm_100_hardware/share/so_arm_100_hardware/include/SCServo_Linux/SCSCL.h
[0.595s] -- Up-to-date: /home/kartik/robot_arm/install/so_arm_100_hardware/share/so_arm_100_hardware/include/SCServo_Linux/CMakeLists.txt
[0.595s] -- Up-to-date: /home/kartik/robot_arm/install/so_arm_100_hardware/share/so_arm_100_hardware/include/SCServo_Linux/SCServo.h
[0.595s] -- Up-to-date: /home/kartik/robot_arm/install/so_arm_100_hardware/share/so_arm_100_hardware/include/SCServo_Linux/SCSCL.cpp
[0.596s] -- Up-to-date: /home/kartik/robot_arm/install/so_arm_100_hardware/share/so_arm_100_hardware/include/SCServo_Linux/SCS.h
[0.596s] -- Up-to-date: /home/kartik/robot_arm/install/so_arm_100_hardware/share/so_arm_100_hardware/include/SCServo_Linux/.gitignore
[0.596s] -- Up-to-date: /home/kartik/robot_arm/install/so_arm_100_hardware/share/so_arm_100_hardware/include/SCServo_Linux/SMS_STS.cpp
[0.596s] -- Up-to-date: /home/kartik/robot_arm/install/so_arm_100_hardware/share/so_arm_100_hardware/include/SCServo_Linux/SCS.cpp
[0.596s] -- Up-to-date: /home/kartik/robot_arm/install/so_arm_100_hardware/share/so_arm_100_hardware/include/so_arm_100_hardware
[0.596s] -- Up-to-date: /home/kartik/robot_arm/install/so_arm_100_hardware/share/so_arm_100_hardware/include/so_arm_100_hardware/so_arm_100_interface.hpp
[0.596s] -- Up-to-date: /home/kartik/robot_arm/install/so_arm_100_hardware/share/so_arm_100_hardware/posses
[0.596s] -- Up-to-date: /home/kartik/robot_arm/install/so_arm_100_hardware/share/so_arm_100_hardware/posses/zero.txt
[0.597s] -- Up-to-date: /home/kartik/robot_arm/install/so_arm_100_hardware/lib/so_arm_100_hardware/libso_arm_100_hardware.so
[0.597s] -- Up-to-date: /home/kartik/robot_arm/install/so_arm_100_hardware/lib/so_arm_100_hardware/test_servo
[0.597s] -- Installing: /home/kartik/robot_arm/install/so_arm_100_hardware/lib/so_arm_100_hardware/ping_test
[0.597s] -- Up-to-date: /home/kartik/robot_arm/install/so_arm_100_hardware/lib/so_arm_100_hardware/calibrate_arm.py
[0.598s] -- Up-to-date: /home/kartik/robot_arm/install/so_arm_100_hardware/lib/so_arm_100_hardware/zero_pose.py
[0.598s] -- Up-to-date: /home/kartik/robot_arm/install/so_arm_100_hardware/lib/so_arm_100_hardware/jog_joints.py
[0.599s] -- Up-to-date: /home/kartik/robot_arm/install/so_arm_100_hardware/share/ament_index/resource_index/package_run_dependencies/so_arm_100_hardware
[0.599s] -- Up-to-date: /home/kartik/robot_arm/install/so_arm_100_hardware/share/ament_index/resource_index/parent_prefix_path/so_arm_100_hardware
[0.599s] -- Up-to-date: /home/kartik/robot_arm/install/so_arm_100_hardware/share/so_arm_100_hardware/environment/ament_prefix_path.sh
[0.599s] -- Up-to-date: /home/kartik/robot_arm/install/so_arm_100_hardware/share/so_arm_100_hardware/environment/ament_prefix_path.dsv
[0.599s] -- Up-to-date: /home/kartik/robot_arm/install/so_arm_100_hardware/share/so_arm_100_hardware/environment/path.sh
[0.599s] -- Up-to-date: /home/kartik/robot_arm/install/so_arm_100_hardware/share/so_arm_100_hardware/environment/path.dsv
[0.599s] -- Up-to-date: /home/kartik/robot_arm/install/so_arm_100_hardware/share/so_arm_100_hardware/local_setup.bash
[0.600s] -- Up-to-date: /home/kartik/robot_arm/install/so_arm_100_hardware/share/so_arm_100_hardware/local_setup.sh
[0.600s] -- Up-to-date: /home/kartik/robot_arm/install/so_arm_100_hardware/share/so_arm_100_hardware/local_setup.zsh
[0.600s] -- Up-to-date: /home/kartik/robot_arm/install/so_arm_100_hardware/share/so_arm_100_hardware/local_setup.dsv
[0.600s] -- Installing: /home/kartik/robot_arm/install/so_arm_100_hardware/share/so_arm_100_hardware/package.dsv
[0.600s] -- Up-to-date: /home/kartik/robot_arm/install/so_arm_100_hardware/share/ament_index/resource_index/packages/so_arm_100_hardware
[0.600s] -- Up-to-date: /home/kartik/robot_arm/install/so_arm_100_hardware/share/ament_index/resource_index/hardware_interface__pluginlib__plugin/so_arm_100_hardware
[0.600s] -- Up-to-date: /home/kartik/robot_arm/install/so_arm_100_hardware/share/so_arm_100_hardware/cmake/ament_cmake_export_include_directories-extras.cmake
[0.600s] -- Up-to-date: /home/kartik/robot_arm/install/so_arm_100_hardware/share/so_arm_100_hardware/cmake/ament_cmake_export_libraries-extras.cmake
[0.600s] -- Up-to-date: /home/kartik/robot_arm/install/so_arm_100_hardware/share/so_arm_100_hardware/cmake/ament_cmake_export_dependencies-extras.cmake
[0.600s] -- Up-to-date: /home/kartik/robot_arm/install/so_arm_100_hardware/share/so_arm_100_hardware/cmake/so_arm_100_hardwareConfig.cmake
[0.600s] -- Up-to-date: /home/kartik/robot_arm/install/so_arm_100_hardware/share/so_arm_100_hardware/cmake/so_arm_100_hardwareConfig-version.cmake
[0.601s] -- Up-to-date: /home/kartik/robot_arm/install/so_arm_100_hardware/share/so_arm_100_hardware/package.xml
[0.601s] Invoked command in '/home/kartik/robot_arm/build/so_arm_100_hardware' returned '0': CMAKE_PREFIX_PATH=${CMAKE_PREFIX_PATH}:/opt/ros/jazzy DEBUGINFOD_URLS=https://debuginfod.ubuntu.com /usr/bin/cmake --install /home/kartik/robot_arm/build/so_arm_100_hardware
