[0.090s] DEBUG:colcon:Command line arguments: ['/usr/bin/colcon', 'build']
[0.090s] DEBUG:colcon:Parsed command line arguments: Namespace(log_base=None, log_level=None, verb_name='build', build_base='build', install_base='install', merge_install=False, symlink_install=False, test_result_base=None, continue_on_error=False, executor='parallel', parallel_workers=8, event_handlers=None, ignore_user_meta=False, metas=['./colcon.meta'], base_paths=['.'], packages_ignore=None, packages_ignore_regex=None, paths=None, packages_up_to=None, packages_up_to_regex=None, packages_above=None, packages_above_and_dependencies=None, packages_above_depth=None, packages_select_by_dep=None, packages_skip_by_dep=None, packages_skip_up_to=None, packages_select_build_failed=False, packages_skip_build_finished=False, packages_select_test_failures=False, packages_skip_test_passed=False, packages_select=None, packages_skip=None, packages_select_regex=None, packages_skip_regex=None, packages_start=None, packages_end=None, allow_overriding=[], cmake_args=None, cmake_target=None, cmake_target_skip_unavailable=False, cmake_clean_cache=False, cmake_clean_first=False, cmake_force_configure=False, ament_cmake_args=None, catkin_cmake_args=None, catkin_skip_building_tests=False, mixin_files=None, mixin=None, verb_parser=<colcon_mixin.mixin.mixin_argument.MixinArgumentDecorator object at 0x7957a67a0140>, verb_extension=<colcon_core.verb.build.BuildVerb object at 0x7957a6763d70>, main=<bound method BuildVerb.main of <colcon_core.verb.build.BuildVerb object at 0x7957a6763d70>>, mixin_verb=('build',))
[0.121s] Level 1:colcon.colcon_core.package_discovery:discover_packages(colcon_meta) check parameters
[0.121s] Level 1:colcon.colcon_core.package_discovery:discover_packages(recursive) check parameters
[0.121s] Level 1:colcon.colcon_core.package_discovery:discover_packages(ignore) check parameters
[0.121s] Level 1:colcon.colcon_core.package_discovery:discover_packages(path) check parameters
[0.121s] Level 1:colcon.colcon_core.package_discovery:discover_packages(colcon_meta) discover
[0.121s] Level 1:colcon.colcon_core.package_discovery:discover_packages(recursive) discover
[0.121s] INFO:colcon.colcon_core.package_discovery:Crawling recursively for packages in '/home/kartik/robot_arm'
[0.121s] Level 1:colcon.colcon_core.package_identification:_identify(.) by extensions ['ignore', 'ignore_ament_install']
[0.121s] Level 1:colcon.colcon_core.package_identification:_identify(.) by extension 'ignore'
[0.122s] Level 1:colcon.colcon_core.package_identification:_identify(.) by extension 'ignore_ament_install'
[0.122s] Level 1:colcon.colcon_core.package_identification:_identify(.) by extensions ['colcon_pkg']
[0.122s] Level 1:colcon.colcon_core.package_identification:_identify(.) by extension 'colcon_pkg'
[0.122s] Level 1:colcon.colcon_core.package_identification:_identify(.) by extensions ['colcon_meta']
[0.122s] Level 1:colcon.colcon_core.package_identification:_identify(.) by extension 'colcon_meta'
[0.122s] Level 1:colcon.colcon_core.package_identification:_identify(.) by extensions ['ros']
[0.122s] Level 1:colcon.colcon_core.package_identification:_identify(.) by extension 'ros'
[0.142s] Level 1:colcon.colcon_core.package_identification:_identify(.) by extensions ['cmake', 'python']
[0.142s] Level 1:colcon.colcon_core.package_identification:_identify(.) by extension 'cmake'
[0.142s] Level 1:colcon.colcon_core.package_identification:_identify(.) by extension 'python'
[0.142s] Level 1:colcon.colcon_core.package_identification:_identify(.) by extensions ['python_setup_py']
[0.142s] Level 1:colcon.colcon_core.package_identification:_identify(.) by extension 'python_setup_py'
[0.142s] Level 1:colcon.colcon_core.package_identification:_identify(build) by extensions ['ignore', 'ignore_ament_install']
[0.143s] Level 1:colcon.colcon_core.package_identification:_identify(build) by extension 'ignore'
[0.143s] Level 1:colcon.colcon_core.package_identification:_identify(build) ignored
[0.143s] Level 1:colcon.colcon_core.package_identification:_identify(install) by extensions ['ignore', 'ignore_ament_install']
[0.143s] Level 1:colcon.colcon_core.package_identification:_identify(install) by extension 'ignore'
[0.143s] Level 1:colcon.colcon_core.package_identification:_identify(install) ignored
[0.143s] Level 1:colcon.colcon_core.package_identification:_identify(log) by extensions ['ignore', 'ignore_ament_install']
[0.143s] Level 1:colcon.colcon_core.package_identification:_identify(log) by extension 'ignore'
[0.143s] Level 1:colcon.colcon_core.package_identification:_identify(log) ignored
[0.143s] Level 1:colcon.colcon_core.package_identification:_identify(src) by extensions ['ignore', 'ignore_ament_install']
[0.143s] Level 1:colcon.colcon_core.package_identification:_identify(src) by extension 'ignore'
[0.143s] Level 1:colcon.colcon_core.package_identification:_identify(src) by extension 'ignore_ament_install'
[0.143s] Level 1:colcon.colcon_core.package_identification:_identify(src) by extensions ['colcon_pkg']
[0.143s] Level 1:colcon.colcon_core.package_identification:_identify(src) by extension 'colcon_pkg'
[0.143s] Level 1:colcon.colcon_core.package_identification:_identify(src) by extensions ['colcon_meta']
[0.144s] Level 1:colcon.colcon_core.package_identification:_identify(src) by extension 'colcon_meta'
[0.144s] Level 1:colcon.colcon_core.package_identification:_identify(src) by extensions ['ros']
[0.144s] Level 1:colcon.colcon_core.package_identification:_identify(src) by extension 'ros'
[0.144s] Level 1:colcon.colcon_core.package_identification:_identify(src) by extensions ['cmake', 'python']
[0.144s] Level 1:colcon.colcon_core.package_identification:_identify(src) by extension 'cmake'
[0.144s] Level 1:colcon.colcon_core.package_identification:_identify(src) by extension 'python'
[0.144s] Level 1:colcon.colcon_core.package_identification:_identify(src) by extensions ['python_setup_py']
[0.144s] Level 1:colcon.colcon_core.package_identification:_identify(src) by extension 'python_setup_py'
[0.144s] Level 1:colcon.colcon_core.package_identification:_identify(src/build) by extensions ['ignore', 'ignore_ament_install']
[0.144s] Level 1:colcon.colcon_core.package_identification:_identify(src/build) by extension 'ignore'
[0.144s] Level 1:colcon.colcon_core.package_identification:_identify(src/build) ignored
[0.144s] Level 1:colcon.colcon_core.package_identification:_identify(src/install) by extensions ['ignore', 'ignore_ament_install']
[0.144s] Level 1:colcon.colcon_core.package_identification:_identify(src/install) by extension 'ignore'
[0.144s] Level 1:colcon.colcon_core.package_identification:_identify(src/install) ignored
[0.144s] Level 1:colcon.colcon_core.package_identification:_identify(src/log) by extensions ['ignore', 'ignore_ament_install']
[0.145s] Level 1:colcon.colcon_core.package_identification:_identify(src/log) by extension 'ignore'
[0.145s] Level 1:colcon.colcon_core.package_identification:_identify(src/log) ignored
[0.145s] Level 1:colcon.colcon_core.package_identification:_identify(src/robot_controller) by extensions ['ignore', 'ignore_ament_install']
[0.145s] Level 1:colcon.colcon_core.package_identification:_identify(src/robot_controller) by extension 'ignore'
[0.145s] Level 1:colcon.colcon_core.package_identification:_identify(src/robot_controller) by extension 'ignore_ament_install'
[0.145s] Level 1:colcon.colcon_core.package_identification:_identify(src/robot_controller) by extensions ['colcon_pkg']
[0.145s] Level 1:colcon.colcon_core.package_identification:_identify(src/robot_controller) by extension 'colcon_pkg'
[0.145s] Level 1:colcon.colcon_core.package_identification:_identify(src/robot_controller) by extensions ['colcon_meta']
[0.145s] Level 1:colcon.colcon_core.package_identification:_identify(src/robot_controller) by extension 'colcon_meta'
[0.145s] Level 1:colcon.colcon_core.package_identification:_identify(src/robot_controller) by extensions ['ros']
[0.145s] Level 1:colcon.colcon_core.package_identification:_identify(src/robot_controller) by extension 'ros'
[0.147s] DEBUG:colcon.colcon_core.package_identification:Package 'src/robot_controller' with type 'ros.ament_cmake' and name 'robot_controller'
[0.147s] Level 1:colcon.colcon_core.package_identification:_identify(src/robot_description) by extensions ['ignore', 'ignore_ament_install']
[0.147s] Level 1:colcon.colcon_core.package_identification:_identify(src/robot_description) by extension 'ignore'
[0.147s] Level 1:colcon.colcon_core.package_identification:_identify(src/robot_description) by extension 'ignore_ament_install'
[0.147s] Level 1:colcon.colcon_core.package_identification:_identify(src/robot_description) by extensions ['colcon_pkg']
[0.147s] Level 1:colcon.colcon_core.package_identification:_identify(src/robot_description) by extension 'colcon_pkg'
[0.147s] Level 1:colcon.colcon_core.package_identification:_identify(src/robot_description) by extensions ['colcon_meta']
[0.147s] Level 1:colcon.colcon_core.package_identification:_identify(src/robot_description) by extension 'colcon_meta'
[0.147s] Level 1:colcon.colcon_core.package_identification:_identify(src/robot_description) by extensions ['ros']
[0.147s] Level 1:colcon.colcon_core.package_identification:_identify(src/robot_description) by extension 'ros'
[0.148s] DEBUG:colcon.colcon_core.package_identification:Package 'src/robot_description' with type 'ros.ament_cmake' and name 'robot_description'
[0.148s] Level 1:colcon.colcon_core.package_identification:_identify(src/robot_moveit) by extensions ['ignore', 'ignore_ament_install']
[0.148s] Level 1:colcon.colcon_core.package_identification:_identify(src/robot_moveit) by extension 'ignore'
[0.148s] Level 1:colcon.colcon_core.package_identification:_identify(src/robot_moveit) by extension 'ignore_ament_install'
[0.148s] Level 1:colcon.colcon_core.package_identification:_identify(src/robot_moveit) by extensions ['colcon_pkg']
[0.148s] Level 1:colcon.colcon_core.package_identification:_identify(src/robot_moveit) by extension 'colcon_pkg'
[0.148s] Level 1:colcon.colcon_core.package_identification:_identify(src/robot_moveit) by extensions ['colcon_meta']
[0.148s] Level 1:colcon.colcon_core.package_identification:_identify(src/robot_moveit) by extension 'colcon_meta'
[0.148s] Level 1:colcon.colcon_core.package_identification:_identify(src/robot_moveit) by extensions ['ros']
[0.148s] Level 1:colcon.colcon_core.package_identification:_identify(src/robot_moveit) by extension 'ros'
[0.149s] DEBUG:colcon.colcon_core.package_identification:Package 'src/robot_moveit' with type 'ros.ament_cmake' and name 'robot_moveit'
[0.149s] Level 1:colcon.colcon_core.package_identification:_identify(src/robot_msgs) by extensions ['ignore', 'ignore_ament_install']
[0.149s] Level 1:colcon.colcon_core.package_identification:_identify(src/robot_msgs) by extension 'ignore'
[0.149s] Level 1:colcon.colcon_core.package_identification:_identify(src/robot_msgs) by extension 'ignore_ament_install'
[0.149s] Level 1:colcon.colcon_core.package_identification:_identify(src/robot_msgs) by extensions ['colcon_pkg']
[0.149s] Level 1:colcon.colcon_core.package_identification:_identify(src/robot_msgs) by extension 'colcon_pkg'
[0.149s] Level 1:colcon.colcon_core.package_identification:_identify(src/robot_msgs) by extensions ['colcon_meta']
[0.149s] Level 1:colcon.colcon_core.package_identification:_identify(src/robot_msgs) by extension 'colcon_meta'
[0.149s] Level 1:colcon.colcon_core.package_identification:_identify(src/robot_msgs) by extensions ['ros']
[0.149s] Level 1:colcon.colcon_core.package_identification:_identify(src/robot_msgs) by extension 'ros'
[0.150s] DEBUG:colcon.colcon_core.package_identification:Package 'src/robot_msgs' with type 'ros.ament_cmake' and name 'robot_msgs'
[0.150s] Level 1:colcon.colcon_core.package_identification:_identify(src/robot_utils) by extensions ['ignore', 'ignore_ament_install']
[0.150s] Level 1:colcon.colcon_core.package_identification:_identify(src/robot_utils) by extension 'ignore'
[0.150s] Level 1:colcon.colcon_core.package_identification:_identify(src/robot_utils) by extension 'ignore_ament_install'
[0.150s] Level 1:colcon.colcon_core.package_identification:_identify(src/robot_utils) by extensions ['colcon_pkg']
[0.150s] Level 1:colcon.colcon_core.package_identification:_identify(src/robot_utils) by extension 'colcon_pkg'
[0.150s] Level 1:colcon.colcon_core.package_identification:_identify(src/robot_utils) by extensions ['colcon_meta']
[0.150s] Level 1:colcon.colcon_core.package_identification:_identify(src/robot_utils) by extension 'colcon_meta'
[0.150s] Level 1:colcon.colcon_core.package_identification:_identify(src/robot_utils) by extensions ['ros']
[0.150s] Level 1:colcon.colcon_core.package_identification:_identify(src/robot_utils) by extension 'ros'
[0.151s] DEBUG:colcon.colcon_core.package_identification:Package 'src/robot_utils' with type 'ros.ament_cmake' and name 'robot_utils'
[0.151s] Level 1:colcon.colcon_core.package_identification:_identify(src/so_arm_100_hardware) by extensions ['ignore', 'ignore_ament_install']
[0.151s] Level 1:colcon.colcon_core.package_identification:_identify(src/so_arm_100_hardware) by extension 'ignore'
[0.151s] Level 1:colcon.colcon_core.package_identification:_identify(src/so_arm_100_hardware) by extension 'ignore_ament_install'
[0.151s] Level 1:colcon.colcon_core.package_identification:_identify(src/so_arm_100_hardware) by extensions ['colcon_pkg']
[0.151s] Level 1:colcon.colcon_core.package_identification:_identify(src/so_arm_100_hardware) by extension 'colcon_pkg'
[0.151s] Level 1:colcon.colcon_core.package_identification:_identify(src/so_arm_100_hardware) by extensions ['colcon_meta']
[0.151s] Level 1:colcon.colcon_core.package_identification:_identify(src/so_arm_100_hardware) by extension 'colcon_meta'
[0.152s] Level 1:colcon.colcon_core.package_identification:_identify(src/so_arm_100_hardware) by extensions ['ros']
[0.152s] Level 1:colcon.colcon_core.package_identification:_identify(src/so_arm_100_hardware) by extension 'ros'
[0.152s] DEBUG:colcon.colcon_core.package_identification:Package 'src/so_arm_100_hardware' with type 'ros.ament_cmake' and name 'so_arm_100_hardware'
[0.152s] Level 1:colcon.colcon_core.package_discovery:discover_packages(recursive) using defaults
[0.152s] Level 1:colcon.colcon_core.package_discovery:discover_packages(ignore) discover
[0.152s] Level 1:colcon.colcon_core.package_discovery:discover_packages(ignore) using defaults
[0.152s] Level 1:colcon.colcon_core.package_discovery:discover_packages(path) discover
[0.152s] Level 1:colcon.colcon_core.package_discovery:discover_packages(path) using defaults
[0.168s] Level 1:colcon.colcon_core.package_discovery:discover_packages(prefix_path) check parameters
[0.168s] Level 1:colcon.colcon_core.package_discovery:discover_packages(prefix_path) discover
[0.171s] DEBUG:colcon.colcon_installed_package_information.package_discovery:Found 395 installed packages in /opt/ros/jazzy
[0.172s] Level 1:colcon.colcon_core.package_discovery:discover_packages(prefix_path) using defaults
[0.220s] Level 5:colcon.colcon_core.verb:set package 'robot_controller' build argument 'cmake_args' from command line to 'None'
[0.220s] Level 5:colcon.colcon_core.verb:set package 'robot_controller' build argument 'cmake_target' from command line to 'None'
[0.220s] Level 5:colcon.colcon_core.verb:set package 'robot_controller' build argument 'cmake_target_skip_unavailable' from command line to 'False'
[0.220s] Level 5:colcon.colcon_core.verb:set package 'robot_controller' build argument 'cmake_clean_cache' from command line to 'False'
[0.220s] Level 5:colcon.colcon_core.verb:set package 'robot_controller' build argument 'cmake_clean_first' from command line to 'False'
[0.220s] Level 5:colcon.colcon_core.verb:set package 'robot_controller' build argument 'cmake_force_configure' from command line to 'False'
[0.220s] Level 5:colcon.colcon_core.verb:set package 'robot_controller' build argument 'ament_cmake_args' from command line to 'None'
[0.220s] Level 5:colcon.colcon_core.verb:set package 'robot_controller' build argument 'catkin_cmake_args' from command line to 'None'
[0.220s] Level 5:colcon.colcon_core.verb:set package 'robot_controller' build argument 'catkin_skip_building_tests' from command line to 'False'
[0.220s] DEBUG:colcon.colcon_core.verb:Building package 'robot_controller' with the following arguments: {'ament_cmake_args': None, 'build_base': '/home/kartik/robot_arm/build/robot_controller', 'catkin_cmake_args': None, 'catkin_skip_building_tests': False, 'cmake_args': None, 'cmake_clean_cache': False, 'cmake_clean_first': False, 'cmake_force_configure': False, 'cmake_target': None, 'cmake_target_skip_unavailable': False, 'install_base': '/home/kartik/robot_arm/install/robot_controller', 'merge_install': False, 'path': '/home/kartik/robot_arm/src/robot_controller', 'symlink_install': False, 'test_result_base': None}
[0.221s] Level 5:colcon.colcon_core.verb:set package 'robot_description' build argument 'cmake_args' from command line to 'None'
[0.221s] Level 5:colcon.colcon_core.verb:set package 'robot_description' build argument 'cmake_target' from command line to 'None'
[0.221s] Level 5:colcon.colcon_core.verb:set package 'robot_description' build argument 'cmake_target_skip_unavailable' from command line to 'False'
[0.221s] Level 5:colcon.colcon_core.verb:set package 'robot_description' build argument 'cmake_clean_cache' from command line to 'False'
[0.221s] Level 5:colcon.colcon_core.verb:set package 'robot_description' build argument 'cmake_clean_first' from command line to 'False'
[0.221s] Level 5:colcon.colcon_core.verb:set package 'robot_description' build argument 'cmake_force_configure' from command line to 'False'
[0.221s] Level 5:colcon.colcon_core.verb:set package 'robot_description' build argument 'ament_cmake_args' from command line to 'None'
[0.221s] Level 5:colcon.colcon_core.verb:set package 'robot_description' build argument 'catkin_cmake_args' from command line to 'None'
[0.221s] Level 5:colcon.colcon_core.verb:set package 'robot_description' build argument 'catkin_skip_building_tests' from command line to 'False'
[0.221s] DEBUG:colcon.colcon_core.verb:Building package 'robot_description' with the following arguments: {'ament_cmake_args': None, 'build_base': '/home/kartik/robot_arm/build/robot_description', 'catkin_cmake_args': None, 'catkin_skip_building_tests': False, 'cmake_args': None, 'cmake_clean_cache': False, 'cmake_clean_first': False, 'cmake_force_configure': False, 'cmake_target': None, 'cmake_target_skip_unavailable': False, 'install_base': '/home/kartik/robot_arm/install/robot_description', 'merge_install': False, 'path': '/home/kartik/robot_arm/src/robot_description', 'symlink_install': False, 'test_result_base': None}
[0.221s] Level 5:colcon.colcon_core.verb:set package 'robot_moveit' build argument 'cmake_args' from command line to 'None'
[0.221s] Level 5:colcon.colcon_core.verb:set package 'robot_moveit' build argument 'cmake_target' from command line to 'None'
[0.221s] Level 5:colcon.colcon_core.verb:set package 'robot_moveit' build argument 'cmake_target_skip_unavailable' from command line to 'False'
[0.221s] Level 5:colcon.colcon_core.verb:set package 'robot_moveit' build argument 'cmake_clean_cache' from command line to 'False'
[0.221s] Level 5:colcon.colcon_core.verb:set package 'robot_moveit' build argument 'cmake_clean_first' from command line to 'False'
[0.221s] Level 5:colcon.colcon_core.verb:set package 'robot_moveit' build argument 'cmake_force_configure' from command line to 'False'
[0.221s] Level 5:colcon.colcon_core.verb:set package 'robot_moveit' build argument 'ament_cmake_args' from command line to 'None'
[0.221s] Level 5:colcon.colcon_core.verb:set package 'robot_moveit' build argument 'catkin_cmake_args' from command line to 'None'
[0.221s] Level 5:colcon.colcon_core.verb:set package 'robot_moveit' build argument 'catkin_skip_building_tests' from command line to 'False'
[0.221s] DEBUG:colcon.colcon_core.verb:Building package 'robot_moveit' with the following arguments: {'ament_cmake_args': None, 'build_base': '/home/kartik/robot_arm/build/robot_moveit', 'catkin_cmake_args': None, 'catkin_skip_building_tests': False, 'cmake_args': None, 'cmake_clean_cache': False, 'cmake_clean_first': False, 'cmake_force_configure': False, 'cmake_target': None, 'cmake_target_skip_unavailable': False, 'install_base': '/home/kartik/robot_arm/install/robot_moveit', 'merge_install': False, 'path': '/home/kartik/robot_arm/src/robot_moveit', 'symlink_install': False, 'test_result_base': None}
[0.222s] Level 5:colcon.colcon_core.verb:set package 'robot_msgs' build argument 'cmake_args' from command line to 'None'
[0.222s] Level 5:colcon.colcon_core.verb:set package 'robot_msgs' build argument 'cmake_target' from command line to 'None'
[0.222s] Level 5:colcon.colcon_core.verb:set package 'robot_msgs' build argument 'cmake_target_skip_unavailable' from command line to 'False'
[0.222s] Level 5:colcon.colcon_core.verb:set package 'robot_msgs' build argument 'cmake_clean_cache' from command line to 'False'
[0.222s] Level 5:colcon.colcon_core.verb:set package 'robot_msgs' build argument 'cmake_clean_first' from command line to 'False'
[0.222s] Level 5:colcon.colcon_core.verb:set package 'robot_msgs' build argument 'cmake_force_configure' from command line to 'False'
[0.222s] Level 5:colcon.colcon_core.verb:set package 'robot_msgs' build argument 'ament_cmake_args' from command line to 'None'
[0.222s] Level 5:colcon.colcon_core.verb:set package 'robot_msgs' build argument 'catkin_cmake_args' from command line to 'None'
[0.222s] Level 5:colcon.colcon_core.verb:set package 'robot_msgs' build argument 'catkin_skip_building_tests' from command line to 'False'
[0.222s] DEBUG:colcon.colcon_core.verb:Building package 'robot_msgs' with the following arguments: {'ament_cmake_args': None, 'build_base': '/home/kartik/robot_arm/build/robot_msgs', 'catkin_cmake_args': None, 'catkin_skip_building_tests': False, 'cmake_args': None, 'cmake_clean_cache': False, 'cmake_clean_first': False, 'cmake_force_configure': False, 'cmake_target': None, 'cmake_target_skip_unavailable': False, 'install_base': '/home/kartik/robot_arm/install/robot_msgs', 'merge_install': False, 'path': '/home/kartik/robot_arm/src/robot_msgs', 'symlink_install': False, 'test_result_base': None}
[0.222s] Level 5:colcon.colcon_core.verb:set package 'so_arm_100_hardware' build argument 'cmake_args' from command line to 'None'
[0.222s] Level 5:colcon.colcon_core.verb:set package 'so_arm_100_hardware' build argument 'cmake_target' from command line to 'None'
[0.222s] Level 5:colcon.colcon_core.verb:set package 'so_arm_100_hardware' build argument 'cmake_target_skip_unavailable' from command line to 'False'
[0.222s] Level 5:colcon.colcon_core.verb:set package 'so_arm_100_hardware' build argument 'cmake_clean_cache' from command line to 'False'
[0.222s] Level 5:colcon.colcon_core.verb:set package 'so_arm_100_hardware' build argument 'cmake_clean_first' from command line to 'False'
[0.222s] Level 5:colcon.colcon_core.verb:set package 'so_arm_100_hardware' build argument 'cmake_force_configure' from command line to 'False'
[0.222s] Level 5:colcon.colcon_core.verb:set package 'so_arm_100_hardware' build argument 'ament_cmake_args' from command line to 'None'
[0.222s] Level 5:colcon.colcon_core.verb:set package 'so_arm_100_hardware' build argument 'catkin_cmake_args' from command line to 'None'
[0.222s] Level 5:colcon.colcon_core.verb:set package 'so_arm_100_hardware' build argument 'catkin_skip_building_tests' from command line to 'False'
[0.222s] DEBUG:colcon.colcon_core.verb:Building package 'so_arm_100_hardware' with the following arguments: {'ament_cmake_args': None, 'build_base': '/home/kartik/robot_arm/build/so_arm_100_hardware', 'catkin_cmake_args': None, 'catkin_skip_building_tests': False, 'cmake_args': None, 'cmake_clean_cache': False, 'cmake_clean_first': False, 'cmake_force_configure': False, 'cmake_target': None, 'cmake_target_skip_unavailable': False, 'install_base': '/home/kartik/robot_arm/install/so_arm_100_hardware', 'merge_install': False, 'path': '/home/kartik/robot_arm/src/so_arm_100_hardware', 'symlink_install': False, 'test_result_base': None}
[0.223s] Level 5:colcon.colcon_core.verb:set package 'robot_utils' build argument 'cmake_args' from command line to 'None'
[0.223s] Level 5:colcon.colcon_core.verb:set package 'robot_utils' build argument 'cmake_target' from command line to 'None'
[0.223s] Level 5:colcon.colcon_core.verb:set package 'robot_utils' build argument 'cmake_target_skip_unavailable' from command line to 'False'
[0.223s] Level 5:colcon.colcon_core.verb:set package 'robot_utils' build argument 'cmake_clean_cache' from command line to 'False'
[0.223s] Level 5:colcon.colcon_core.verb:set package 'robot_utils' build argument 'cmake_clean_first' from command line to 'False'
[0.223s] Level 5:colcon.colcon_core.verb:set package 'robot_utils' build argument 'cmake_force_configure' from command line to 'False'
[0.223s] Level 5:colcon.colcon_core.verb:set package 'robot_utils' build argument 'ament_cmake_args' from command line to 'None'
[0.223s] Level 5:colcon.colcon_core.verb:set package 'robot_utils' build argument 'catkin_cmake_args' from command line to 'None'
[0.223s] Level 5:colcon.colcon_core.verb:set package 'robot_utils' build argument 'catkin_skip_building_tests' from command line to 'False'
[0.223s] DEBUG:colcon.colcon_core.verb:Building package 'robot_utils' with the following arguments: {'ament_cmake_args': None, 'build_base': '/home/kartik/robot_arm/build/robot_utils', 'catkin_cmake_args': None, 'catkin_skip_building_tests': False, 'cmake_args': None, 'cmake_clean_cache': False, 'cmake_clean_first': False, 'cmake_force_configure': False, 'cmake_target': None, 'cmake_target_skip_unavailable': False, 'install_base': '/home/kartik/robot_arm/install/robot_utils', 'merge_install': False, 'path': '/home/kartik/robot_arm/src/robot_utils', 'symlink_install': False, 'test_result_base': None}
[0.223s] INFO:colcon.colcon_core.executor:Executing jobs using 'parallel' executor
[0.224s] DEBUG:colcon.colcon_parallel_executor.executor.parallel:run_until_complete
[0.224s] INFO:colcon.colcon_ros.task.ament_cmake.build:Building ROS package in '/home/kartik/robot_arm/src/robot_msgs' with build type 'ament_cmake'
[0.224s] INFO:colcon.colcon_cmake.task.cmake.build:Building CMake package in '/home/kartik/robot_arm/src/robot_msgs'
[0.226s] INFO:colcon.colcon_core.plugin_system:Skipping extension 'colcon_core.shell.bat': Not used on non-Windows systems
[0.226s] INFO:colcon.colcon_core.shell:Skip shell extension 'powershell' for command environment: Not usable outside of PowerShell
[0.227s] DEBUG:colcon.colcon_core.shell:Skip shell extension 'dsv' for command environment
[0.230s] INFO:colcon.colcon_ros.task.ament_cmake.build:Building ROS package in '/home/kartik/robot_arm/src/robot_controller' with build type 'ament_cmake'
[0.231s] INFO:colcon.colcon_cmake.task.cmake.build:Building CMake package in '/home/kartik/robot_arm/src/robot_controller'
[0.231s] INFO:colcon.colcon_core.shell:Skip shell extension 'powershell' for command environment: Not usable outside of PowerShell
[0.231s] DEBUG:colcon.colcon_core.shell:Skip shell extension 'dsv' for command environment
[0.234s] INFO:colcon.colcon_ros.task.ament_cmake.build:Building ROS package in '/home/kartik/robot_arm/src/robot_description' with build type 'ament_cmake'
[0.235s] INFO:colcon.colcon_cmake.task.cmake.build:Building CMake package in '/home/kartik/robot_arm/src/robot_description'
[0.235s] INFO:colcon.colcon_core.shell:Skip shell extension 'powershell' for command environment: Not usable outside of PowerShell
[0.235s] DEBUG:colcon.colcon_core.shell:Skip shell extension 'dsv' for command environment
[0.238s] INFO:colcon.colcon_ros.task.ament_cmake.build:Building ROS package in '/home/kartik/robot_arm/src/robot_moveit' with build type 'ament_cmake'
[0.238s] INFO:colcon.colcon_cmake.task.cmake.build:Building CMake package in '/home/kartik/robot_arm/src/robot_moveit'
[0.238s] INFO:colcon.colcon_core.shell:Skip shell extension 'powershell' for command environment: Not usable outside of PowerShell
[0.238s] DEBUG:colcon.colcon_core.shell:Skip shell extension 'dsv' for command environment
[0.241s] INFO:colcon.colcon_ros.task.ament_cmake.build:Building ROS package in '/home/kartik/robot_arm/src/so_arm_100_hardware' with build type 'ament_cmake'
[0.241s] INFO:colcon.colcon_cmake.task.cmake.build:Building CMake package in '/home/kartik/robot_arm/src/so_arm_100_hardware'
[0.242s] INFO:colcon.colcon_core.shell:Skip shell extension 'powershell' for command environment: Not usable outside of PowerShell
[0.242s] DEBUG:colcon.colcon_core.shell:Skip shell extension 'dsv' for command environment
[0.249s] DEBUG:colcon.colcon_core.event_handler.log_command:Invoking command in '/home/kartik/robot_arm/build/robot_msgs': CMAKE_PREFIX_PATH=${CMAKE_PREFIX_PATH}:/opt/ros/jazzy DEBUGINFOD_URLS=https://debuginfod.ubuntu.com /usr/bin/cmake --build /home/kartik/robot_arm/build/robot_msgs -- -j8 -l8
[0.251s] DEBUG:colcon.colcon_core.event_handler.log_command:Invoking command in '/home/kartik/robot_arm/build/robot_controller': CMAKE_PREFIX_PATH=${CMAKE_PREFIX_PATH}:/opt/ros/jazzy DEBUGINFOD_URLS=https://debuginfod.ubuntu.com /usr/bin/cmake --build /home/kartik/robot_arm/build/robot_controller -- -j8 -l8
[0.254s] DEBUG:colcon.colcon_core.event_handler.log_command:Invoking command in '/home/kartik/robot_arm/build/robot_description': CMAKE_PREFIX_PATH=${CMAKE_PREFIX_PATH}:/opt/ros/jazzy DEBUGINFOD_URLS=https://debuginfod.ubuntu.com /usr/bin/cmake --build /home/kartik/robot_arm/build/robot_description -- -j8 -l8
[0.256s] DEBUG:colcon.colcon_core.event_handler.log_command:Invoking command in '/home/kartik/robot_arm/build/robot_moveit': CMAKE_PREFIX_PATH=${CMAKE_PREFIX_PATH}:/opt/ros/jazzy DEBUGINFOD_URLS=https://debuginfod.ubuntu.com /usr/bin/cmake --build /home/kartik/robot_arm/build/robot_moveit -- -j8 -l8
[0.263s] DEBUG:colcon.colcon_core.event_handler.log_command:Invoking command in '/home/kartik/robot_arm/build/so_arm_100_hardware': CMAKE_PREFIX_PATH=${CMAKE_PREFIX_PATH}:/opt/ros/jazzy DEBUGINFOD_URLS=https://debuginfod.ubuntu.com /usr/bin/cmake --build /home/kartik/robot_arm/build/so_arm_100_hardware -- -j8 -l8
[0.294s] DEBUG:colcon.colcon_core.event_handler.log_command:Invoked command in '/home/kartik/robot_arm/build/robot_controller' returned '0': CMAKE_PREFIX_PATH=${CMAKE_PREFIX_PATH}:/opt/ros/jazzy DEBUGINFOD_URLS=https://debuginfod.ubuntu.com /usr/bin/cmake --build /home/kartik/robot_arm/build/robot_controller -- -j8 -l8
[0.306s] DEBUG:colcon.colcon_core.event_handler.log_command:Invoking command in '/home/kartik/robot_arm/build/robot_controller': CMAKE_PREFIX_PATH=${CMAKE_PREFIX_PATH}:/opt/ros/jazzy DEBUGINFOD_URLS=https://debuginfod.ubuntu.com /usr/bin/cmake --install /home/kartik/robot_arm/build/robot_controller
[0.308s] DEBUG:colcon.colcon_core.event_handler.log_command:Invoked command in '/home/kartik/robot_arm/build/robot_description' returned '0': CMAKE_PREFIX_PATH=${CMAKE_PREFIX_PATH}:/opt/ros/jazzy DEBUGINFOD_URLS=https://debuginfod.ubuntu.com /usr/bin/cmake --build /home/kartik/robot_arm/build/robot_description -- -j8 -l8
[0.310s] DEBUG:colcon.colcon_core.event_handler.log_command:Invoking command in '/home/kartik/robot_arm/build/robot_description': CMAKE_PREFIX_PATH=${CMAKE_PREFIX_PATH}:/opt/ros/jazzy DEBUGINFOD_URLS=https://debuginfod.ubuntu.com /usr/bin/cmake --install /home/kartik/robot_arm/build/robot_description
[0.311s] DEBUG:colcon.colcon_core.event_handler.log_command:Invoked command in '/home/kartik/robot_arm/build/robot_moveit' returned '0': CMAKE_PREFIX_PATH=${CMAKE_PREFIX_PATH}:/opt/ros/jazzy DEBUGINFOD_URLS=https://debuginfod.ubuntu.com /usr/bin/cmake --build /home/kartik/robot_arm/build/robot_moveit -- -j8 -l8
[0.313s] DEBUG:colcon.colcon_core.event_handler.log_command:Invoking command in '/home/kartik/robot_arm/build/robot_moveit': CMAKE_PREFIX_PATH=${CMAKE_PREFIX_PATH}:/opt/ros/jazzy DEBUGINFOD_URLS=https://debuginfod.ubuntu.com /usr/bin/cmake --install /home/kartik/robot_arm/build/robot_moveit
[0.320s] Level 1:colcon.colcon_core.environment:create_environment_scripts_only(robot_controller)
[0.323s] DEBUG:colcon.colcon_core.event_handler.log_command:Invoked command in '/home/kartik/robot_arm/build/robot_controller' returned '0': CMAKE_PREFIX_PATH=${CMAKE_PREFIX_PATH}:/opt/ros/jazzy DEBUGINFOD_URLS=https://debuginfod.ubuntu.com /usr/bin/cmake --install /home/kartik/robot_arm/build/robot_controller
[0.327s] Level 1:colcon.colcon_core.environment:checking '/home/kartik/robot_arm/install/robot_controller' for CMake module files
[0.328s] Level 1:colcon.colcon_core.environment:checking '/home/kartik/robot_arm/install/robot_controller' for CMake config files
[0.328s] Level 1:colcon.colcon_core.shell:create_environment_hook('robot_controller', 'cmake_prefix_path')
[0.329s] INFO:colcon.colcon_core.shell:Creating environment hook '/home/kartik/robot_arm/install/robot_controller/share/robot_controller/hook/cmake_prefix_path.ps1'
[0.329s] INFO:colcon.colcon_core.shell:Creating environment descriptor '/home/kartik/robot_arm/install/robot_controller/share/robot_controller/hook/cmake_prefix_path.dsv'
[0.335s] INFO:colcon.colcon_core.shell:Creating environment hook '/home/kartik/robot_arm/install/robot_controller/share/robot_controller/hook/cmake_prefix_path.sh'
[0.336s] Level 1:colcon.colcon_core.environment:checking '/home/kartik/robot_arm/install/robot_controller/bin'
[0.336s] Level 1:colcon.colcon_core.environment:checking '/home/kartik/robot_arm/install/robot_controller/lib/pkgconfig/robot_controller.pc'
[0.337s] Level 1:colcon.colcon_core.environment:checking '/home/kartik/robot_arm/install/robot_controller/lib/python3.12/site-packages'
[0.337s] Level 1:colcon.colcon_core.environment:checking '/home/kartik/robot_arm/install/robot_controller/bin'
[0.338s] INFO:colcon.colcon_core.shell:Creating package script '/home/kartik/robot_arm/install/robot_controller/share/robot_controller/package.ps1'
[0.342s] INFO:colcon.colcon_core.shell:Creating package descriptor '/home/kartik/robot_arm/install/robot_controller/share/robot_controller/package.dsv'
[0.342s] INFO:colcon.colcon_core.shell:Creating package script '/home/kartik/robot_arm/install/robot_controller/share/robot_controller/package.sh'
[0.343s] INFO:colcon.colcon_core.shell:Creating package script '/home/kartik/robot_arm/install/robot_controller/share/robot_controller/package.bash'
[0.347s] INFO:colcon.colcon_core.shell:Creating package script '/home/kartik/robot_arm/install/robot_controller/share/robot_controller/package.zsh'
[0.348s] Level 1:colcon.colcon_core.environment:create_file_with_runtime_dependencies(/home/kartik/robot_arm/install/robot_controller/share/colcon-core/packages/robot_controller)
[0.349s] Level 1:colcon.colcon_core.environment:create_environment_scripts_only(robot_controller)
[0.349s] Level 1:colcon.colcon_core.environment:checking '/home/kartik/robot_arm/install/robot_controller' for CMake module files
[0.350s] Level 1:colcon.colcon_core.environment:checking '/home/kartik/robot_arm/install/robot_controller' for CMake config files
[0.350s] Level 1:colcon.colcon_core.shell:create_environment_hook('robot_controller', 'cmake_prefix_path')
[0.350s] INFO:colcon.colcon_core.shell:Creating environment hook '/home/kartik/robot_arm/install/robot_controller/share/robot_controller/hook/cmake_prefix_path.ps1'
[0.352s] INFO:colcon.colcon_core.shell:Creating environment descriptor '/home/kartik/robot_arm/install/robot_controller/share/robot_controller/hook/cmake_prefix_path.dsv'
[0.352s] INFO:colcon.colcon_core.shell:Creating environment hook '/home/kartik/robot_arm/install/robot_controller/share/robot_controller/hook/cmake_prefix_path.sh'
[0.353s] Level 1:colcon.colcon_core.environment:checking '/home/kartik/robot_arm/install/robot_controller/bin'
[0.353s] Level 1:colcon.colcon_core.environment:checking '/home/kartik/robot_arm/install/robot_controller/lib/pkgconfig/robot_controller.pc'
[0.353s] Level 1:colcon.colcon_core.environment:checking '/home/kartik/robot_arm/install/robot_controller/lib/python3.12/site-packages'
[0.354s] Level 1:colcon.colcon_core.environment:checking '/home/kartik/robot_arm/install/robot_controller/bin'
[0.354s] INFO:colcon.colcon_core.shell:Creating package script '/home/kartik/robot_arm/install/robot_controller/share/robot_controller/package.ps1'
[0.355s] INFO:colcon.colcon_core.shell:Creating package descriptor '/home/kartik/robot_arm/install/robot_controller/share/robot_controller/package.dsv'
[0.355s] INFO:colcon.colcon_core.shell:Creating package script '/home/kartik/robot_arm/install/robot_controller/share/robot_controller/package.sh'
[0.356s] INFO:colcon.colcon_core.shell:Creating package script '/home/kartik/robot_arm/install/robot_controller/share/robot_controller/package.bash'
[0.356s] INFO:colcon.colcon_core.shell:Creating package script '/home/kartik/robot_arm/install/robot_controller/share/robot_controller/package.zsh'
[0.357s] Level 1:colcon.colcon_core.environment:create_file_with_runtime_dependencies(/home/kartik/robot_arm/install/robot_controller/share/colcon-core/packages/robot_controller)
[0.358s] Level 1:colcon.colcon_core.environment:create_environment_scripts_only(robot_description)
[0.359s] Level 1:colcon.colcon_core.environment:checking '/home/kartik/robot_arm/install/robot_description' for CMake module files
[0.360s] DEBUG:colcon.colcon_core.event_handler.log_command:Invoked command in '/home/kartik/robot_arm/build/robot_description' returned '0': CMAKE_PREFIX_PATH=${CMAKE_PREFIX_PATH}:/opt/ros/jazzy DEBUGINFOD_URLS=https://debuginfod.ubuntu.com /usr/bin/cmake --install /home/kartik/robot_arm/build/robot_description
[0.360s] Level 1:colcon.colcon_core.environment:checking '/home/kartik/robot_arm/install/robot_description' for CMake config files
[0.361s] Level 1:colcon.colcon_core.shell:create_environment_hook('robot_description', 'cmake_prefix_path')
[0.361s] INFO:colcon.colcon_core.shell:Creating environment hook '/home/kartik/robot_arm/install/robot_description/share/robot_description/hook/cmake_prefix_path.ps1'
[0.362s] INFO:colcon.colcon_core.shell:Creating environment descriptor '/home/kartik/robot_arm/install/robot_description/share/robot_description/hook/cmake_prefix_path.dsv'
[0.362s] INFO:colcon.colcon_core.shell:Creating environment hook '/home/kartik/robot_arm/install/robot_description/share/robot_description/hook/cmake_prefix_path.sh'
[0.363s] Level 1:colcon.colcon_core.environment:checking '/home/kartik/robot_arm/install/robot_description/bin'
[0.363s] Level 1:colcon.colcon_core.environment:checking '/home/kartik/robot_arm/install/robot_description/lib/pkgconfig/robot_description.pc'
[0.364s] Level 1:colcon.colcon_core.environment:checking '/home/kartik/robot_arm/install/robot_description/lib/python3.12/site-packages'
[0.365s] Level 1:colcon.colcon_core.environment:checking '/home/kartik/robot_arm/install/robot_description/bin'
[0.365s] INFO:colcon.colcon_core.shell:Creating package script '/home/kartik/robot_arm/install/robot_description/share/robot_description/package.ps1'
[0.366s] INFO:colcon.colcon_core.shell:Creating package descriptor '/home/kartik/robot_arm/install/robot_description/share/robot_description/package.dsv'
[0.366s] INFO:colcon.colcon_core.shell:Creating package script '/home/kartik/robot_arm/install/robot_description/share/robot_description/package.sh'
[0.367s] INFO:colcon.colcon_core.shell:Creating package script '/home/kartik/robot_arm/install/robot_description/share/robot_description/package.bash'
[0.368s] INFO:colcon.colcon_core.shell:Creating package script '/home/kartik/robot_arm/install/robot_description/share/robot_description/package.zsh'
[0.368s] Level 1:colcon.colcon_core.environment:create_file_with_runtime_dependencies(/home/kartik/robot_arm/install/robot_description/share/colcon-core/packages/robot_description)
[0.369s] Level 1:colcon.colcon_core.environment:create_environment_scripts_only(robot_description)
[0.369s] Level 1:colcon.colcon_core.environment:checking '/home/kartik/robot_arm/install/robot_description' for CMake module files
[0.370s] Level 1:colcon.colcon_core.environment:checking '/home/kartik/robot_arm/install/robot_description' for CMake config files
[0.370s] Level 1:colcon.colcon_core.shell:create_environment_hook('robot_description', 'cmake_prefix_path')
[0.371s] INFO:colcon.colcon_core.shell:Creating environment hook '/home/kartik/robot_arm/install/robot_description/share/robot_description/hook/cmake_prefix_path.ps1'
[0.371s] INFO:colcon.colcon_core.shell:Creating environment descriptor '/home/kartik/robot_arm/install/robot_description/share/robot_description/hook/cmake_prefix_path.dsv'
[0.372s] INFO:colcon.colcon_core.shell:Creating environment hook '/home/kartik/robot_arm/install/robot_description/share/robot_description/hook/cmake_prefix_path.sh'
[0.372s] Level 1:colcon.colcon_core.environment:checking '/home/kartik/robot_arm/install/robot_description/bin'
[0.373s] Level 1:colcon.colcon_core.environment:checking '/home/kartik/robot_arm/install/robot_description/lib/pkgconfig/robot_description.pc'
[0.373s] Level 1:colcon.colcon_core.environment:checking '/home/kartik/robot_arm/install/robot_description/lib/python3.12/site-packages'
[0.374s] Level 1:colcon.colcon_core.environment:checking '/home/kartik/robot_arm/install/robot_description/bin'
[0.374s] INFO:colcon.colcon_core.shell:Creating package script '/home/kartik/robot_arm/install/robot_description/share/robot_description/package.ps1'
[0.375s] INFO:colcon.colcon_core.shell:Creating package descriptor '/home/kartik/robot_arm/install/robot_description/share/robot_description/package.dsv'
[0.376s] INFO:colcon.colcon_core.shell:Creating package script '/home/kartik/robot_arm/install/robot_description/share/robot_description/package.sh'
[0.376s] INFO:colcon.colcon_core.shell:Creating package script '/home/kartik/robot_arm/install/robot_description/share/robot_description/package.bash'
[0.377s] INFO:colcon.colcon_core.shell:Creating package script '/home/kartik/robot_arm/install/robot_description/share/robot_description/package.zsh'
[0.377s] Level 1:colcon.colcon_core.environment:create_file_with_runtime_dependencies(/home/kartik/robot_arm/install/robot_description/share/colcon-core/packages/robot_description)
[0.378s] Level 1:colcon.colcon_core.environment:create_environment_scripts_only(robot_moveit)
[0.378s] DEBUG:colcon.colcon_core.event_handler.log_command:Invoked command in '/home/kartik/robot_arm/build/robot_moveit' returned '0': CMAKE_PREFIX_PATH=${CMAKE_PREFIX_PATH}:/opt/ros/jazzy DEBUGINFOD_URLS=https://debuginfod.ubuntu.com /usr/bin/cmake --install /home/kartik/robot_arm/build/robot_moveit
[0.379s] Level 1:colcon.colcon_core.environment:checking '/home/kartik/robot_arm/install/robot_moveit' for CMake module files
[0.379s] Level 1:colcon.colcon_core.environment:checking '/home/kartik/robot_arm/install/robot_moveit' for CMake config files
[0.380s] Level 1:colcon.colcon_core.shell:create_environment_hook('robot_moveit', 'cmake_prefix_path')
[0.380s] INFO:colcon.colcon_core.shell:Creating environment hook '/home/kartik/robot_arm/install/robot_moveit/share/robot_moveit/hook/cmake_prefix_path.ps1'
[0.381s] INFO:colcon.colcon_core.shell:Creating environment descriptor '/home/kartik/robot_arm/install/robot_moveit/share/robot_moveit/hook/cmake_prefix_path.dsv'
[0.381s] INFO:colcon.colcon_core.shell:Creating environment hook '/home/kartik/robot_arm/install/robot_moveit/share/robot_moveit/hook/cmake_prefix_path.sh'
[0.382s] Level 1:colcon.colcon_core.environment:checking '/home/kartik/robot_arm/install/robot_moveit/bin'
[0.382s] Level 1:colcon.colcon_core.environment:checking '/home/kartik/robot_arm/install/robot_moveit/lib/pkgconfig/robot_moveit.pc'
[0.382s] Level 1:colcon.colcon_core.environment:checking '/home/kartik/robot_arm/install/robot_moveit/lib/python3.12/site-packages'
[0.383s] Level 1:colcon.colcon_core.environment:checking '/home/kartik/robot_arm/install/robot_moveit/bin'
[0.383s] INFO:colcon.colcon_core.shell:Creating package script '/home/kartik/robot_arm/install/robot_moveit/share/robot_moveit/package.ps1'
[0.384s] INFO:colcon.colcon_core.shell:Creating package descriptor '/home/kartik/robot_arm/install/robot_moveit/share/robot_moveit/package.dsv'
[0.385s] INFO:colcon.colcon_core.shell:Creating package script '/home/kartik/robot_arm/install/robot_moveit/share/robot_moveit/package.sh'
[0.385s] INFO:colcon.colcon_core.shell:Creating package script '/home/kartik/robot_arm/install/robot_moveit/share/robot_moveit/package.bash'
[0.385s] INFO:colcon.colcon_core.shell:Creating package script '/home/kartik/robot_arm/install/robot_moveit/share/robot_moveit/package.zsh'
[0.386s] Level 1:colcon.colcon_core.environment:create_file_with_runtime_dependencies(/home/kartik/robot_arm/install/robot_moveit/share/colcon-core/packages/robot_moveit)
[0.387s] Level 1:colcon.colcon_core.environment:create_environment_scripts_only(robot_moveit)
[0.387s] Level 1:colcon.colcon_core.environment:checking '/home/kartik/robot_arm/install/robot_moveit' for CMake module files
[0.388s] Level 1:colcon.colcon_core.environment:checking '/home/kartik/robot_arm/install/robot_moveit' for CMake config files
[0.388s] Level 1:colcon.colcon_core.shell:create_environment_hook('robot_moveit', 'cmake_prefix_path')
[0.388s] INFO:colcon.colcon_core.shell:Creating environment hook '/home/kartik/robot_arm/install/robot_moveit/share/robot_moveit/hook/cmake_prefix_path.ps1'
[0.389s] INFO:colcon.colcon_core.shell:Creating environment descriptor '/home/kartik/robot_arm/install/robot_moveit/share/robot_moveit/hook/cmake_prefix_path.dsv'
[0.390s] INFO:colcon.colcon_core.shell:Creating environment hook '/home/kartik/robot_arm/install/robot_moveit/share/robot_moveit/hook/cmake_prefix_path.sh'
[0.390s] Level 1:colcon.colcon_core.environment:checking '/home/kartik/robot_arm/install/robot_moveit/bin'
[0.391s] Level 1:colcon.colcon_core.environment:checking '/home/kartik/robot_arm/install/robot_moveit/lib/pkgconfig/robot_moveit.pc'
[0.391s] Level 1:colcon.colcon_core.environment:checking '/home/kartik/robot_arm/install/robot_moveit/lib/python3.12/site-packages'
[0.392s] Level 1:colcon.colcon_core.environment:checking '/home/kartik/robot_arm/install/robot_moveit/bin'
[0.392s] INFO:colcon.colcon_core.shell:Creating package script '/home/kartik/robot_arm/install/robot_moveit/share/robot_moveit/package.ps1'
[0.393s] INFO:colcon.colcon_core.shell:Creating package descriptor '/home/kartik/robot_arm/install/robot_moveit/share/robot_moveit/package.dsv'
[0.393s] INFO:colcon.colcon_core.shell:Creating package script '/home/kartik/robot_arm/install/robot_moveit/share/robot_moveit/package.sh'
[0.394s] INFO:colcon.colcon_core.shell:Creating package script '/home/kartik/robot_arm/install/robot_moveit/share/robot_moveit/package.bash'
[0.395s] INFO:colcon.colcon_core.shell:Creating package script '/home/kartik/robot_arm/install/robot_moveit/share/robot_moveit/package.zsh'
[0.395s] Level 1:colcon.colcon_core.environment:create_file_with_runtime_dependencies(/home/kartik/robot_arm/install/robot_moveit/share/colcon-core/packages/robot_moveit)
[0.403s] DEBUG:colcon.colcon_core.event_handler.log_command:Invoked command in '/home/kartik/robot_arm/build/so_arm_100_hardware' returned '0': CMAKE_PREFIX_PATH=${CMAKE_PREFIX_PATH}:/opt/ros/jazzy DEBUGINFOD_URLS=https://debuginfod.ubuntu.com /usr/bin/cmake --build /home/kartik/robot_arm/build/so_arm_100_hardware -- -j8 -l8
[0.404s] DEBUG:colcon.colcon_core.event_handler.log_command:Invoking command in '/home/kartik/robot_arm/build/so_arm_100_hardware': CMAKE_PREFIX_PATH=${CMAKE_PREFIX_PATH}:/opt/ros/jazzy DEBUGINFOD_URLS=https://debuginfod.ubuntu.com /usr/bin/cmake --install /home/kartik/robot_arm/build/so_arm_100_hardware
[0.419s] Level 1:colcon.colcon_core.environment:create_environment_scripts_only(so_arm_100_hardware)
[0.419s] Level 1:colcon.colcon_core.environment:checking '/home/kartik/robot_arm/install/so_arm_100_hardware' for CMake module files
[0.421s] Level 1:colcon.colcon_core.environment:checking '/home/kartik/robot_arm/install/so_arm_100_hardware' for CMake config files
[0.423s] Level 1:colcon.colcon_core.shell:create_environment_hook('so_arm_100_hardware', 'cmake_prefix_path')
[0.423s] INFO:colcon.colcon_core.shell:Creating environment hook '/home/kartik/robot_arm/install/so_arm_100_hardware/share/so_arm_100_hardware/hook/cmake_prefix_path.ps1'
[0.424s] INFO:colcon.colcon_core.shell:Creating environment descriptor '/home/kartik/robot_arm/install/so_arm_100_hardware/share/so_arm_100_hardware/hook/cmake_prefix_path.dsv'
[0.425s] DEBUG:colcon.colcon_core.event_handler.log_command:Invoked command in '/home/kartik/robot_arm/build/so_arm_100_hardware' returned '0': CMAKE_PREFIX_PATH=${CMAKE_PREFIX_PATH}:/opt/ros/jazzy DEBUGINFOD_URLS=https://debuginfod.ubuntu.com /usr/bin/cmake --install /home/kartik/robot_arm/build/so_arm_100_hardware
[0.425s] INFO:colcon.colcon_core.shell:Creating environment hook '/home/kartik/robot_arm/install/so_arm_100_hardware/share/so_arm_100_hardware/hook/cmake_prefix_path.sh'
[0.426s] Level 1:colcon.colcon_core.environment:checking '/home/kartik/robot_arm/install/so_arm_100_hardware/lib'
[0.426s] Level 1:colcon.colcon_core.environment:checking '/home/kartik/robot_arm/install/so_arm_100_hardware/bin'
[0.426s] Level 1:colcon.colcon_core.environment:checking '/home/kartik/robot_arm/install/so_arm_100_hardware/lib/pkgconfig/so_arm_100_hardware.pc'
[0.426s] Level 1:colcon.colcon_core.environment:checking '/home/kartik/robot_arm/install/so_arm_100_hardware/lib/python3.12/site-packages'
[0.427s] Level 1:colcon.colcon_core.environment:checking '/home/kartik/robot_arm/install/so_arm_100_hardware/bin'
[0.427s] INFO:colcon.colcon_core.shell:Creating package script '/home/kartik/robot_arm/install/so_arm_100_hardware/share/so_arm_100_hardware/package.ps1'
[0.428s] INFO:colcon.colcon_core.shell:Creating package descriptor '/home/kartik/robot_arm/install/so_arm_100_hardware/share/so_arm_100_hardware/package.dsv'
[0.428s] INFO:colcon.colcon_core.shell:Creating package script '/home/kartik/robot_arm/install/so_arm_100_hardware/share/so_arm_100_hardware/package.sh'
[0.429s] INFO:colcon.colcon_core.shell:Creating package script '/home/kartik/robot_arm/install/so_arm_100_hardware/share/so_arm_100_hardware/package.bash'
[0.429s] INFO:colcon.colcon_core.shell:Creating package script '/home/kartik/robot_arm/install/so_arm_100_hardware/share/so_arm_100_hardware/package.zsh'
[0.430s] Level 1:colcon.colcon_core.environment:create_file_with_runtime_dependencies(/home/kartik/robot_arm/install/so_arm_100_hardware/share/colcon-core/packages/so_arm_100_hardware)
[0.431s] Level 1:colcon.colcon_core.environment:create_environment_scripts_only(so_arm_100_hardware)
[0.431s] Level 1:colcon.colcon_core.environment:checking '/home/kartik/robot_arm/install/so_arm_100_hardware' for CMake module files
[0.432s] Level 1:colcon.colcon_core.environment:checking '/home/kartik/robot_arm/install/so_arm_100_hardware' for CMake config files
[0.433s] Level 1:colcon.colcon_core.shell:create_environment_hook('so_arm_100_hardware', 'cmake_prefix_path')
[0.433s] INFO:colcon.colcon_core.shell:Creating environment hook '/home/kartik/robot_arm/install/so_arm_100_hardware/share/so_arm_100_hardware/hook/cmake_prefix_path.ps1'
[0.433s] INFO:colcon.colcon_core.shell:Creating environment descriptor '/home/kartik/robot_arm/install/so_arm_100_hardware/share/so_arm_100_hardware/hook/cmake_prefix_path.dsv'
[0.434s] INFO:colcon.colcon_core.shell:Creating environment hook '/home/kartik/robot_arm/install/so_arm_100_hardware/share/so_arm_100_hardware/hook/cmake_prefix_path.sh'
[0.435s] Level 1:colcon.colcon_core.environment:checking '/home/kartik/robot_arm/install/so_arm_100_hardware/lib'
[0.435s] Level 1:colcon.colcon_core.environment:checking '/home/kartik/robot_arm/install/so_arm_100_hardware/bin'
[0.435s] Level 1:colcon.colcon_core.environment:checking '/home/kartik/robot_arm/install/so_arm_100_hardware/lib/pkgconfig/so_arm_100_hardware.pc'
[0.435s] Level 1:colcon.colcon_core.environment:checking '/home/kartik/robot_arm/install/so_arm_100_hardware/lib/python3.12/site-packages'
[0.436s] Level 1:colcon.colcon_core.environment:checking '/home/kartik/robot_arm/install/so_arm_100_hardware/bin'
[0.436s] INFO:colcon.colcon_core.shell:Creating package script '/home/kartik/robot_arm/install/so_arm_100_hardware/share/so_arm_100_hardware/package.ps1'
[0.437s] INFO:colcon.colcon_core.shell:Creating package descriptor '/home/kartik/robot_arm/install/so_arm_100_hardware/share/so_arm_100_hardware/package.dsv'
[0.437s] INFO:colcon.colcon_core.shell:Creating package script '/home/kartik/robot_arm/install/so_arm_100_hardware/share/so_arm_100_hardware/package.sh'
[0.438s] INFO:colcon.colcon_core.shell:Creating package script '/home/kartik/robot_arm/install/so_arm_100_hardware/share/so_arm_100_hardware/package.bash'
[0.438s] INFO:colcon.colcon_core.shell:Creating package script '/home/kartik/robot_arm/install/so_arm_100_hardware/share/so_arm_100_hardware/package.zsh'
[0.439s] Level 1:colcon.colcon_core.environment:create_file_with_runtime_dependencies(/home/kartik/robot_arm/install/so_arm_100_hardware/share/colcon-core/packages/so_arm_100_hardware)
[0.729s] DEBUG:colcon.colcon_core.event_handler.log_command:Invoked command in '/home/kartik/robot_arm/build/robot_msgs' returned '0': CMAKE_PREFIX_PATH=${CMAKE_PREFIX_PATH}:/opt/ros/jazzy DEBUGINFOD_URLS=https://debuginfod.ubuntu.com /usr/bin/cmake --build /home/kartik/robot_arm/build/robot_msgs -- -j8 -l8
[0.731s] DEBUG:colcon.colcon_core.event_handler.log_command:Invoking command in '/home/kartik/robot_arm/build/robot_msgs': CMAKE_PREFIX_PATH=${CMAKE_PREFIX_PATH}:/opt/ros/jazzy DEBUGINFOD_URLS=https://debuginfod.ubuntu.com /usr/bin/cmake --install /home/kartik/robot_arm/build/robot_msgs
[0.789s] Level 1:colcon.colcon_core.environment:create_environment_scripts_only(robot_msgs)
[0.790s] Level 1:colcon.colcon_core.environment:checking '/home/kartik/robot_arm/install/robot_msgs' for CMake module files
[0.791s] Level 1:colcon.colcon_core.environment:checking '/home/kartik/robot_arm/install/robot_msgs' for CMake config files
[0.792s] DEBUG:colcon.colcon_core.event_handler.log_command:Invoked command in '/home/kartik/robot_arm/build/robot_msgs' returned '0': CMAKE_PREFIX_PATH=${CMAKE_PREFIX_PATH}:/opt/ros/jazzy DEBUGINFOD_URLS=https://debuginfod.ubuntu.com /usr/bin/cmake --install /home/kartik/robot_arm/build/robot_msgs
[0.792s] Level 1:colcon.colcon_core.shell:create_environment_hook('robot_msgs', 'cmake_prefix_path')
[0.792s] INFO:colcon.colcon_core.shell:Creating environment hook '/home/kartik/robot_arm/install/robot_msgs/share/robot_msgs/hook/cmake_prefix_path.ps1'
[0.793s] INFO:colcon.colcon_core.shell:Creating environment descriptor '/home/kartik/robot_arm/install/robot_msgs/share/robot_msgs/hook/cmake_prefix_path.dsv'
[0.793s] INFO:colcon.colcon_core.shell:Creating environment hook '/home/kartik/robot_arm/install/robot_msgs/share/robot_msgs/hook/cmake_prefix_path.sh'
[0.794s] Level 1:colcon.colcon_core.environment:checking '/home/kartik/robot_arm/install/robot_msgs/lib'
[0.794s] Level 1:colcon.colcon_core.shell:create_environment_hook('robot_msgs', 'ld_library_path_lib')
[0.794s] INFO:colcon.colcon_core.shell:Creating environment hook '/home/kartik/robot_arm/install/robot_msgs/share/robot_msgs/hook/ld_library_path_lib.ps1'
[0.794s] INFO:colcon.colcon_core.shell:Creating environment descriptor '/home/kartik/robot_arm/install/robot_msgs/share/robot_msgs/hook/ld_library_path_lib.dsv'
[0.795s] INFO:colcon.colcon_core.shell:Creating environment hook '/home/kartik/robot_arm/install/robot_msgs/share/robot_msgs/hook/ld_library_path_lib.sh'
[0.795s] Level 1:colcon.colcon_core.environment:checking '/home/kartik/robot_arm/install/robot_msgs/bin'
[0.795s] Level 1:colcon.colcon_core.environment:checking '/home/kartik/robot_arm/install/robot_msgs/lib/pkgconfig/robot_msgs.pc'
[0.795s] Level 1:colcon.colcon_core.environment:checking '/home/kartik/robot_arm/install/robot_msgs/lib/python3.12/site-packages'
[0.795s] Level 1:colcon.colcon_core.shell:create_environment_hook('robot_msgs', 'pythonpath')
[0.796s] INFO:colcon.colcon_core.shell:Creating environment hook '/home/kartik/robot_arm/install/robot_msgs/share/robot_msgs/hook/pythonpath.ps1'
[0.796s] INFO:colcon.colcon_core.shell:Creating environment descriptor '/home/kartik/robot_arm/install/robot_msgs/share/robot_msgs/hook/pythonpath.dsv'
[0.796s] INFO:colcon.colcon_core.shell:Creating environment hook '/home/kartik/robot_arm/install/robot_msgs/share/robot_msgs/hook/pythonpath.sh'
[0.797s] Level 1:colcon.colcon_core.environment:checking '/home/kartik/robot_arm/install/robot_msgs/bin'
[0.797s] INFO:colcon.colcon_core.shell:Creating package script '/home/kartik/robot_arm/install/robot_msgs/share/robot_msgs/package.ps1'
[0.797s] INFO:colcon.colcon_core.shell:Creating package descriptor '/home/kartik/robot_arm/install/robot_msgs/share/robot_msgs/package.dsv'
[0.798s] INFO:colcon.colcon_core.shell:Creating package script '/home/kartik/robot_arm/install/robot_msgs/share/robot_msgs/package.sh'
[0.798s] INFO:colcon.colcon_core.shell:Creating package script '/home/kartik/robot_arm/install/robot_msgs/share/robot_msgs/package.bash'
[0.798s] INFO:colcon.colcon_core.shell:Creating package script '/home/kartik/robot_arm/install/robot_msgs/share/robot_msgs/package.zsh'
[0.799s] Level 1:colcon.colcon_core.environment:create_file_with_runtime_dependencies(/home/kartik/robot_arm/install/robot_msgs/share/colcon-core/packages/robot_msgs)
[0.799s] Level 1:colcon.colcon_core.environment:create_environment_scripts_only(robot_msgs)
[0.799s] Level 1:colcon.colcon_core.environment:checking '/home/kartik/robot_arm/install/robot_msgs' for CMake module files
[0.800s] Level 1:colcon.colcon_core.environment:checking '/home/kartik/robot_arm/install/robot_msgs' for CMake config files
[0.800s] Level 1:colcon.colcon_core.shell:create_environment_hook('robot_msgs', 'cmake_prefix_path')
[0.800s] INFO:colcon.colcon_core.shell:Creating environment hook '/home/kartik/robot_arm/install/robot_msgs/share/robot_msgs/hook/cmake_prefix_path.ps1'
[0.800s] INFO:colcon.colcon_core.shell:Creating environment descriptor '/home/kartik/robot_arm/install/robot_msgs/share/robot_msgs/hook/cmake_prefix_path.dsv'
[0.801s] INFO:colcon.colcon_core.shell:Creating environment hook '/home/kartik/robot_arm/install/robot_msgs/share/robot_msgs/hook/cmake_prefix_path.sh'
[0.801s] Level 1:colcon.colcon_core.environment:checking '/home/kartik/robot_arm/install/robot_msgs/lib'
[0.801s] Level 1:colcon.colcon_core.shell:create_environment_hook('robot_msgs', 'ld_library_path_lib')
[0.801s] INFO:colcon.colcon_core.shell:Creating environment hook '/home/kartik/robot_arm/install/robot_msgs/share/robot_msgs/hook/ld_library_path_lib.ps1'
[0.802s] INFO:colcon.colcon_core.shell:Creating environment descriptor '/home/kartik/robot_arm/install/robot_msgs/share/robot_msgs/hook/ld_library_path_lib.dsv'
[0.802s] INFO:colcon.colcon_core.shell:Creating environment hook '/home/kartik/robot_arm/install/robot_msgs/share/robot_msgs/hook/ld_library_path_lib.sh'
[0.802s] Level 1:colcon.colcon_core.environment:checking '/home/kartik/robot_arm/install/robot_msgs/bin'
[0.802s] Level 1:colcon.colcon_core.environment:checking '/home/kartik/robot_arm/install/robot_msgs/lib/pkgconfig/robot_msgs.pc'
[0.803s] Level 1:colcon.colcon_core.environment:checking '/home/kartik/robot_arm/install/robot_msgs/lib/python3.12/site-packages'
[0.803s] Level 1:colcon.colcon_core.shell:create_environment_hook('robot_msgs', 'pythonpath')
[0.803s] INFO:colcon.colcon_core.shell:Creating environment hook '/home/kartik/robot_arm/install/robot_msgs/share/robot_msgs/hook/pythonpath.ps1'
[0.803s] INFO:colcon.colcon_core.shell:Creating environment descriptor '/home/kartik/robot_arm/install/robot_msgs/share/robot_msgs/hook/pythonpath.dsv'
[0.803s] INFO:colcon.colcon_core.shell:Creating environment hook '/home/kartik/robot_arm/install/robot_msgs/share/robot_msgs/hook/pythonpath.sh'
[0.804s] Level 1:colcon.colcon_core.environment:checking '/home/kartik/robot_arm/install/robot_msgs/bin'
[0.804s] INFO:colcon.colcon_core.shell:Creating package script '/home/kartik/robot_arm/install/robot_msgs/share/robot_msgs/package.ps1'
[0.805s] INFO:colcon.colcon_core.shell:Creating package descriptor '/home/kartik/robot_arm/install/robot_msgs/share/robot_msgs/package.dsv'
[0.805s] INFO:colcon.colcon_core.shell:Creating package script '/home/kartik/robot_arm/install/robot_msgs/share/robot_msgs/package.sh'
[0.805s] INFO:colcon.colcon_core.shell:Creating package script '/home/kartik/robot_arm/install/robot_msgs/share/robot_msgs/package.bash'
[0.806s] INFO:colcon.colcon_core.shell:Creating package script '/home/kartik/robot_arm/install/robot_msgs/share/robot_msgs/package.zsh'
[0.806s] Level 1:colcon.colcon_core.environment:create_file_with_runtime_dependencies(/home/kartik/robot_arm/install/robot_msgs/share/colcon-core/packages/robot_msgs)
[0.806s] INFO:colcon.colcon_ros.task.ament_cmake.build:Building ROS package in '/home/kartik/robot_arm/src/robot_utils' with build type 'ament_cmake'
[0.806s] INFO:colcon.colcon_cmake.task.cmake.build:Building CMake package in '/home/kartik/robot_arm/src/robot_utils'
[0.807s] INFO:colcon.colcon_core.shell:Skip shell extension 'powershell' for command environment: Not usable outside of PowerShell
[0.807s] DEBUG:colcon.colcon_core.shell:Skip shell extension 'dsv' for command environment
[0.816s] DEBUG:colcon.colcon_core.event_handler.log_command:Invoking command in '/home/kartik/robot_arm/build/robot_utils': AMENT_PREFIX_PATH=/home/kartik/robot_arm/install/robot_msgs:${AMENT_PREFIX_PATH} CMAKE_PREFIX_PATH=/home/kartik/robot_arm/install/robot_msgs:/opt/ros/jazzy/opt/gz_sim_vendor:/opt/ros/jazzy/opt/gz_sensors_vendor:/opt/ros/jazzy/opt/gz_physics_vendor:/opt/ros/jazzy/opt/sdformat_vendor:/opt/ros/jazzy/opt/gz_gui_vendor:/opt/ros/jazzy/opt/gz_transport_vendor:/opt/ros/jazzy/opt/gz_rendering_vendor:/opt/ros/jazzy/opt/gz_plugin_vendor:/opt/ros/jazzy/opt/gz_fuel_tools_vendor:/opt/ros/jazzy/opt/gz_msgs_vendor:/opt/ros/jazzy/opt/gz_common_vendor:/opt/ros/jazzy/opt/gz_math_vendor:/opt/ros/jazzy/opt/gz_utils_vendor:/opt/ros/jazzy/opt/gz_tools_vendor:/opt/ros/jazzy/opt/gz_ogre_next_vendor:/opt/ros/jazzy/opt/gz_dartsim_vendor:/opt/ros/jazzy/opt/gz_cmake_vendor:/opt/ros/jazzy DEBUGINFOD_URLS=https://debuginfod.ubuntu.com LD_LIBRARY_PATH=/home/kartik/robot_arm/install/robot_msgs/lib:${LD_LIBRARY_PATH} PYTHONPATH=/home/kartik/robot_arm/install/robot_msgs/lib/python3.12/site-packages:${PYTHONPATH} /usr/bin/cmake --build /home/kartik/robot_arm/build/robot_utils -- -j8 -l8
[1.202s] DEBUG:colcon.colcon_core.event_handler.log_command:Invoked command in '/home/kartik/robot_arm/build/robot_utils' returned '0': AMENT_PREFIX_PATH=/home/kartik/robot_arm/install/robot_msgs:${AMENT_PREFIX_PATH} CMAKE_PREFIX_PATH=/home/kartik/robot_arm/install/robot_msgs:/opt/ros/jazzy/opt/gz_sim_vendor:/opt/ros/jazzy/opt/gz_sensors_vendor:/opt/ros/jazzy/opt/gz_physics_vendor:/opt/ros/jazzy/opt/sdformat_vendor:/opt/ros/jazzy/opt/gz_gui_vendor:/opt/ros/jazzy/opt/gz_transport_vendor:/opt/ros/jazzy/opt/gz_rendering_vendor:/opt/ros/jazzy/opt/gz_plugin_vendor:/opt/ros/jazzy/opt/gz_fuel_tools_vendor:/opt/ros/jazzy/opt/gz_msgs_vendor:/opt/ros/jazzy/opt/gz_common_vendor:/opt/ros/jazzy/opt/gz_math_vendor:/opt/ros/jazzy/opt/gz_utils_vendor:/opt/ros/jazzy/opt/gz_tools_vendor:/opt/ros/jazzy/opt/gz_ogre_next_vendor:/opt/ros/jazzy/opt/gz_dartsim_vendor:/opt/ros/jazzy/opt/gz_cmake_vendor:/opt/ros/jazzy DEBUGINFOD_URLS=https://debuginfod.ubuntu.com LD_LIBRARY_PATH=/home/kartik/robot_arm/install/robot_msgs/lib:${LD_LIBRARY_PATH} PYTHONPATH=/home/kartik/robot_arm/install/robot_msgs/lib/python3.12/site-packages:${PYTHONPATH} /usr/bin/cmake --build /home/kartik/robot_arm/build/robot_utils -- -j8 -l8
[1.203s] DEBUG:colcon.colcon_core.event_handler.log_command:Invoking command in '/home/kartik/robot_arm/build/robot_utils': AMENT_PREFIX_PATH=/home/kartik/robot_arm/install/robot_msgs:${AMENT_PREFIX_PATH} CMAKE_PREFIX_PATH=/home/kartik/robot_arm/install/robot_msgs:/opt/ros/jazzy/opt/gz_sim_vendor:/opt/ros/jazzy/opt/gz_sensors_vendor:/opt/ros/jazzy/opt/gz_physics_vendor:/opt/ros/jazzy/opt/sdformat_vendor:/opt/ros/jazzy/opt/gz_gui_vendor:/opt/ros/jazzy/opt/gz_transport_vendor:/opt/ros/jazzy/opt/gz_rendering_vendor:/opt/ros/jazzy/opt/gz_plugin_vendor:/opt/ros/jazzy/opt/gz_fuel_tools_vendor:/opt/ros/jazzy/opt/gz_msgs_vendor:/opt/ros/jazzy/opt/gz_common_vendor:/opt/ros/jazzy/opt/gz_math_vendor:/opt/ros/jazzy/opt/gz_utils_vendor:/opt/ros/jazzy/opt/gz_tools_vendor:/opt/ros/jazzy/opt/gz_ogre_next_vendor:/opt/ros/jazzy/opt/gz_dartsim_vendor:/opt/ros/jazzy/opt/gz_cmake_vendor:/opt/ros/jazzy DEBUGINFOD_URLS=https://debuginfod.ubuntu.com LD_LIBRARY_PATH=/home/kartik/robot_arm/install/robot_msgs/lib:${LD_LIBRARY_PATH} PYTHONPATH=/home/kartik/robot_arm/install/robot_msgs/lib/python3.12/site-packages:${PYTHONPATH} /usr/bin/cmake --install /home/kartik/robot_arm/build/robot_utils
[1.250s] Level 1:colcon.colcon_core.environment:create_environment_scripts_only(robot_utils)
[1.250s] Level 1:colcon.colcon_core.environment:checking '/home/kartik/robot_arm/install/robot_utils' for CMake module files
[1.251s] DEBUG:colcon.colcon_core.event_handler.log_command:Invoked command in '/home/kartik/robot_arm/build/robot_utils' returned '0': AMENT_PREFIX_PATH=/home/kartik/robot_arm/install/robot_msgs:${AMENT_PREFIX_PATH} CMAKE_PREFIX_PATH=/home/kartik/robot_arm/install/robot_msgs:/opt/ros/jazzy/opt/gz_sim_vendor:/opt/ros/jazzy/opt/gz_sensors_vendor:/opt/ros/jazzy/opt/gz_physics_vendor:/opt/ros/jazzy/opt/sdformat_vendor:/opt/ros/jazzy/opt/gz_gui_vendor:/opt/ros/jazzy/opt/gz_transport_vendor:/opt/ros/jazzy/opt/gz_rendering_vendor:/opt/ros/jazzy/opt/gz_plugin_vendor:/opt/ros/jazzy/opt/gz_fuel_tools_vendor:/opt/ros/jazzy/opt/gz_msgs_vendor:/opt/ros/jazzy/opt/gz_common_vendor:/opt/ros/jazzy/opt/gz_math_vendor:/opt/ros/jazzy/opt/gz_utils_vendor:/opt/ros/jazzy/opt/gz_tools_vendor:/opt/ros/jazzy/opt/gz_ogre_next_vendor:/opt/ros/jazzy/opt/gz_dartsim_vendor:/opt/ros/jazzy/opt/gz_cmake_vendor:/opt/ros/jazzy DEBUGINFOD_URLS=https://debuginfod.ubuntu.com LD_LIBRARY_PATH=/home/kartik/robot_arm/install/robot_msgs/lib:${LD_LIBRARY_PATH} PYTHONPATH=/home/kartik/robot_arm/install/robot_msgs/lib/python3.12/site-packages:${PYTHONPATH} /usr/bin/cmake --install /home/kartik/robot_arm/build/robot_utils
[1.251s] Level 1:colcon.colcon_core.environment:checking '/home/kartik/robot_arm/install/robot_utils' for CMake config files
[1.251s] Level 1:colcon.colcon_core.shell:create_environment_hook('robot_utils', 'cmake_prefix_path')
[1.251s] INFO:colcon.colcon_core.shell:Creating environment hook '/home/kartik/robot_arm/install/robot_utils/share/robot_utils/hook/cmake_prefix_path.ps1'
[1.252s] INFO:colcon.colcon_core.shell:Creating environment descriptor '/home/kartik/robot_arm/install/robot_utils/share/robot_utils/hook/cmake_prefix_path.dsv'
[1.252s] INFO:colcon.colcon_core.shell:Creating environment hook '/home/kartik/robot_arm/install/robot_utils/share/robot_utils/hook/cmake_prefix_path.sh'
[1.253s] Level 1:colcon.colcon_core.environment:checking '/home/kartik/robot_arm/install/robot_utils/lib'
[1.253s] Level 1:colcon.colcon_core.environment:checking '/home/kartik/robot_arm/install/robot_utils/bin'
[1.253s] Level 1:colcon.colcon_core.environment:checking '/home/kartik/robot_arm/install/robot_utils/lib/pkgconfig/robot_utils.pc'
[1.253s] Level 1:colcon.colcon_core.environment:checking '/home/kartik/robot_arm/install/robot_utils/lib/python3.12/site-packages'
[1.253s] Level 1:colcon.colcon_core.shell:create_environment_hook('robot_utils', 'pythonpath')
[1.253s] INFO:colcon.colcon_core.shell:Creating environment hook '/home/kartik/robot_arm/install/robot_utils/share/robot_utils/hook/pythonpath.ps1'
[1.253s] INFO:colcon.colcon_core.shell:Creating environment descriptor '/home/kartik/robot_arm/install/robot_utils/share/robot_utils/hook/pythonpath.dsv'
[1.254s] INFO:colcon.colcon_core.shell:Creating environment hook '/home/kartik/robot_arm/install/robot_utils/share/robot_utils/hook/pythonpath.sh'
[1.255s] Level 1:colcon.colcon_core.environment:checking '/home/kartik/robot_arm/install/robot_utils/bin'
[1.255s] INFO:colcon.colcon_core.shell:Creating package script '/home/kartik/robot_arm/install/robot_utils/share/robot_utils/package.ps1'
[1.255s] INFO:colcon.colcon_core.shell:Creating package descriptor '/home/kartik/robot_arm/install/robot_utils/share/robot_utils/package.dsv'
[1.255s] INFO:colcon.colcon_core.shell:Creating package script '/home/kartik/robot_arm/install/robot_utils/share/robot_utils/package.sh'
[1.256s] INFO:colcon.colcon_core.shell:Creating package script '/home/kartik/robot_arm/install/robot_utils/share/robot_utils/package.bash'
[1.256s] INFO:colcon.colcon_core.shell:Creating package script '/home/kartik/robot_arm/install/robot_utils/share/robot_utils/package.zsh'
[1.256s] Level 1:colcon.colcon_core.environment:create_file_with_runtime_dependencies(/home/kartik/robot_arm/install/robot_utils/share/colcon-core/packages/robot_utils)
[1.257s] Level 1:colcon.colcon_core.environment:create_environment_scripts_only(robot_utils)
[1.257s] Level 1:colcon.colcon_core.environment:checking '/home/kartik/robot_arm/install/robot_utils' for CMake module files
[1.257s] Level 1:colcon.colcon_core.environment:checking '/home/kartik/robot_arm/install/robot_utils' for CMake config files
[1.258s] Level 1:colcon.colcon_core.shell:create_environment_hook('robot_utils', 'cmake_prefix_path')
[1.258s] INFO:colcon.colcon_core.shell:Creating environment hook '/home/kartik/robot_arm/install/robot_utils/share/robot_utils/hook/cmake_prefix_path.ps1'
[1.258s] INFO:colcon.colcon_core.shell:Creating environment descriptor '/home/kartik/robot_arm/install/robot_utils/share/robot_utils/hook/cmake_prefix_path.dsv'
[1.258s] INFO:colcon.colcon_core.shell:Creating environment hook '/home/kartik/robot_arm/install/robot_utils/share/robot_utils/hook/cmake_prefix_path.sh'
[1.259s] Level 1:colcon.colcon_core.environment:checking '/home/kartik/robot_arm/install/robot_utils/lib'
[1.259s] Level 1:colcon.colcon_core.environment:checking '/home/kartik/robot_arm/install/robot_utils/bin'
[1.259s] Level 1:colcon.colcon_core.environment:checking '/home/kartik/robot_arm/install/robot_utils/lib/pkgconfig/robot_utils.pc'
[1.259s] Level 1:colcon.colcon_core.environment:checking '/home/kartik/robot_arm/install/robot_utils/lib/python3.12/site-packages'
[1.259s] Level 1:colcon.colcon_core.shell:create_environment_hook('robot_utils', 'pythonpath')
[1.259s] INFO:colcon.colcon_core.shell:Creating environment hook '/home/kartik/robot_arm/install/robot_utils/share/robot_utils/hook/pythonpath.ps1'
[1.260s] INFO:colcon.colcon_core.shell:Creating environment descriptor '/home/kartik/robot_arm/install/robot_utils/share/robot_utils/hook/pythonpath.dsv'
[1.260s] INFO:colcon.colcon_core.shell:Creating environment hook '/home/kartik/robot_arm/install/robot_utils/share/robot_utils/hook/pythonpath.sh'
[1.260s] Level 1:colcon.colcon_core.environment:checking '/home/kartik/robot_arm/install/robot_utils/bin'
[1.261s] INFO:colcon.colcon_core.shell:Creating package script '/home/kartik/robot_arm/install/robot_utils/share/robot_utils/package.ps1'
[1.261s] INFO:colcon.colcon_core.shell:Creating package descriptor '/home/kartik/robot_arm/install/robot_utils/share/robot_utils/package.dsv'
[1.261s] INFO:colcon.colcon_core.shell:Creating package script '/home/kartik/robot_arm/install/robot_utils/share/robot_utils/package.sh'
[1.262s] INFO:colcon.colcon_core.shell:Creating package script '/home/kartik/robot_arm/install/robot_utils/share/robot_utils/package.bash'
[1.262s] INFO:colcon.colcon_core.shell:Creating package script '/home/kartik/robot_arm/install/robot_utils/share/robot_utils/package.zsh'
[1.263s] Level 1:colcon.colcon_core.environment:create_file_with_runtime_dependencies(/home/kartik/robot_arm/install/robot_utils/share/colcon-core/packages/robot_utils)
[1.263s] DEBUG:colcon.colcon_parallel_executor.executor.parallel:closing loop
[1.263s] DEBUG:colcon.colcon_parallel_executor.executor.parallel:loop closed
[1.263s] DEBUG:colcon.colcon_parallel_executor.executor.parallel:run_until_complete finished with '0'
[1.263s] DEBUG:colcon.colcon_core.event_reactor:joining thread
[1.270s] INFO:colcon.colcon_core.plugin_system:Skipping extension 'colcon_notification.desktop_notification.terminal_notifier': Not used on non-Darwin systems
[1.270s] INFO:colcon.colcon_core.plugin_system:Skipping extension 'colcon_notification.desktop_notification.win32': Not used on non-Windows systems
[1.270s] INFO:colcon.colcon_notification.desktop_notification:Sending desktop notification using 'notify2'
[1.284s] DEBUG:colcon.colcon_core.event_reactor:joined thread
[1.284s] INFO:colcon.colcon_core.shell:Creating prefix script '/home/kartik/robot_arm/install/local_setup.ps1'
[1.285s] INFO:colcon.colcon_core.shell:Creating prefix util module '/home/kartik/robot_arm/install/_local_setup_util_ps1.py'
[1.287s] INFO:colcon.colcon_core.shell:Creating prefix chain script '/home/kartik/robot_arm/install/setup.ps1'
[1.288s] INFO:colcon.colcon_core.shell:Creating prefix script '/home/kartik/robot_arm/install/local_setup.sh'
[1.288s] INFO:colcon.colcon_core.shell:Creating prefix util module '/home/kartik/robot_arm/install/_local_setup_util_sh.py'
[1.289s] INFO:colcon.colcon_core.shell:Creating prefix chain script '/home/kartik/robot_arm/install/setup.sh'
[1.290s] INFO:colcon.colcon_core.shell:Creating prefix script '/home/kartik/robot_arm/install/local_setup.bash'
[1.290s] INFO:colcon.colcon_core.shell:Creating prefix chain script '/home/kartik/robot_arm/install/setup.bash'
[1.291s] INFO:colcon.colcon_core.shell:Creating prefix script '/home/kartik/robot_arm/install/local_setup.zsh'
[1.292s] INFO:colcon.colcon_core.shell:Creating prefix chain script '/home/kartik/robot_arm/install/setup.zsh'
