[0.008s] Invoking command in '/home/kartik/robot_arm/build/robot_controller': CMAKE_PREFIX_PATH=${CMAKE_PREFIX_PATH}:/opt/ros/jazzy DEBUGINFOD_URLS=https://debuginfod.ubuntu.com /usr/bin/cmake --build /home/kartik/robot_arm/build/robot_controller -- -j5 -l5
[0.033s] -- Found ament_cmake: 2.5.3 (/opt/ros/jazzy/share/ament_cmake/cmake)
[0.138s] -- Found ament_lint_auto: 0.17.1 (/opt/ros/jazzy/share/ament_lint_auto/cmake)
[0.181s] -- Added test 'lint_cmake' to check CMake code style
[0.182s] -- Added test 'xmllint' to check XML markup files
[0.182s] -- Configuring done (0.2s)
[0.184s] -- Generating done (0.0s)
[0.185s] -- Build files have been written to: /home/kartik/robot_arm/build/robot_controller
[0.195s] Invoked command in '/home/kartik/robot_arm/build/robot_controller' returned '0': CMAKE_PREFIX_PATH=${CMAKE_PREFIX_PATH}:/opt/ros/jazzy DEBUGINFOD_URLS=https://debuginfod.ubuntu.com /usr/bin/cmake --build /home/kartik/robot_arm/build/robot_controller -- -j5 -l5
[0.195s] Invoking command in '/home/kartik/robot_arm/build/robot_controller': CMAKE_PREFIX_PATH=${CMAKE_PREFIX_PATH}:/opt/ros/jazzy DEBUGINFOD_URLS=https://debuginfod.ubuntu.com /usr/bin/cmake --install /home/kartik/robot_arm/build/robot_controller
[0.199s] -- Install configuration: ""
[0.199s] -- Installing: /home/kartik/robot_arm/install/robot_controller/share/robot_controller/config
[0.199s] -- Installing: /home/kartik/robot_arm/install/robot_controller/share/robot_controller/config/ur5_controllers.yaml
[0.199s] -- Up-to-date: /home/kartik/robot_arm/install/robot_controller/share/ament_index/resource_index/package_run_dependencies/robot_controller
[0.199s] -- Up-to-date: /home/kartik/robot_arm/install/robot_controller/share/ament_index/resource_index/parent_prefix_path/robot_controller
[0.199s] -- Up-to-date: /home/kartik/robot_arm/install/robot_controller/share/robot_controller/environment/ament_prefix_path.sh
[0.199s] -- Up-to-date: /home/kartik/robot_arm/install/robot_controller/share/robot_controller/environment/ament_prefix_path.dsv
[0.199s] -- Up-to-date: /home/kartik/robot_arm/install/robot_controller/share/robot_controller/environment/path.sh
[0.199s] -- Up-to-date: /home/kartik/robot_arm/install/robot_controller/share/robot_controller/environment/path.dsv
[0.199s] -- Up-to-date: /home/kartik/robot_arm/install/robot_controller/share/robot_controller/local_setup.bash
[0.199s] -- Up-to-date: /home/kartik/robot_arm/install/robot_controller/share/robot_controller/local_setup.sh
[0.199s] -- Up-to-date: /home/kartik/robot_arm/install/robot_controller/share/robot_controller/local_setup.zsh
[0.199s] -- Up-to-date: /home/kartik/robot_arm/install/robot_controller/share/robot_controller/local_setup.dsv
[0.199s] -- Up-to-date: /home/kartik/robot_arm/install/robot_controller/share/robot_controller/package.dsv
[0.199s] -- Up-to-date: /home/kartik/robot_arm/install/robot_controller/share/ament_index/resource_index/packages/robot_controller
[0.199s] -- Up-to-date: /home/kartik/robot_arm/install/robot_controller/share/robot_controller/cmake/robot_controllerConfig.cmake
[0.199s] -- Up-to-date: /home/kartik/robot_arm/install/robot_controller/share/robot_controller/cmake/robot_controllerConfig-version.cmake
[0.199s] -- Up-to-date: /home/kartik/robot_arm/install/robot_controller/share/robot_controller/package.xml
[0.200s] Invoked command in '/home/kartik/robot_arm/build/robot_controller' returned '0': CMAKE_PREFIX_PATH=${CMAKE_PREFIX_PATH}:/opt/ros/jazzy DEBUGINFOD_URLS=https://debuginfod.ubuntu.com /usr/bin/cmake --install /home/kartik/robot_arm/build/robot_controller
