[0.009s] Invoking command in '/home/kartik/robot_arm/build/robot_moveit': CMAKE_PREFIX_PATH=${CMAKE_PREFIX_PATH}:/opt/ros/jazzy DEBUGINFOD_URLS=https://debuginfod.ubuntu.com /usr/bin/cmake /home/kartik/robot_arm/src/robot_moveit -DCMAKE_INSTALL_PREFIX=/home/kartik/robot_arm/install/robot_moveit
[0.127s] -- The C compiler identification is GNU 13.3.0
[0.209s] -- The CXX compiler identification is GNU 13.3.0
[0.218s] -- Detecting C compiler ABI info
[0.259s] -- Detecting C compiler ABI info - done
[0.264s] -- Check for working C compiler: /usr/bin/cc - skipped
[0.264s] -- Detecting C compile features
[0.264s] -- Detecting C compile features - done
[0.268s] -- Detecting CXX compiler ABI info
[0.319s] -- Detecting CXX compiler ABI info - done
[0.324s] -- Check for working CXX compiler: /usr/bin/c++ - skipped
[0.324s] -- Detecting CXX compile features
[0.325s] -- Detecting CXX compile features - done
[0.330s] -- Found ament_cmake: 2.5.4 (/opt/ros/jazzy/share/ament_cmake/cmake)
[0.403s] -- Found Python3: /usr/bin/python3 (found version "3.12.3") found components: Interpreter 
[0.470s] -- Found ament_lint_auto: 0.17.2 (/opt/ros/jazzy/share/ament_lint_auto/cmake)
[0.528s] -- Added test 'lint_cmake' to check CMake code style
[0.528s] -- Added test 'xmllint' to check XML markup files
[0.531s] -- Configuring done (0.5s)
[0.534s] -- Generating done (0.0s)
[0.536s] -- Build files have been written to: /home/kartik/robot_arm/build/robot_moveit
[0.539s] Invoked command in '/home/kartik/robot_arm/build/robot_moveit' returned '0': CMAKE_PREFIX_PATH=${CMAKE_PREFIX_PATH}:/opt/ros/jazzy DEBUGINFOD_URLS=https://debuginfod.ubuntu.com /usr/bin/cmake /home/kartik/robot_arm/src/robot_moveit -DCMAKE_INSTALL_PREFIX=/home/kartik/robot_arm/install/robot_moveit
[0.540s] Invoking command in '/home/kartik/robot_arm/build/robot_moveit': CMAKE_PREFIX_PATH=${CMAKE_PREFIX_PATH}:/opt/ros/jazzy DEBUGINFOD_URLS=https://debuginfod.ubuntu.com /usr/bin/cmake --build /home/kartik/robot_arm/build/robot_moveit -- -j5 -l5
[0.556s] Invoked command in '/home/kartik/robot_arm/build/robot_moveit' returned '0': CMAKE_PREFIX_PATH=${CMAKE_PREFIX_PATH}:/opt/ros/jazzy DEBUGINFOD_URLS=https://debuginfod.ubuntu.com /usr/bin/cmake --build /home/kartik/robot_arm/build/robot_moveit -- -j5 -l5
[0.557s] Invoking command in '/home/kartik/robot_arm/build/robot_moveit': CMAKE_PREFIX_PATH=${CMAKE_PREFIX_PATH}:/opt/ros/jazzy DEBUGINFOD_URLS=https://debuginfod.ubuntu.com /usr/bin/cmake --install /home/kartik/robot_arm/build/robot_moveit
[0.560s] -- Install configuration: ""
[0.560s] -- Installing: /home/kartik/robot_arm/install/robot_moveit/share/ament_index/resource_index/package_run_dependencies/robot_moveit
[0.560s] -- Installing: /home/kartik/robot_arm/install/robot_moveit/share/ament_index/resource_index/parent_prefix_path/robot_moveit
[0.560s] -- Installing: /home/kartik/robot_arm/install/robot_moveit/share/robot_moveit/environment/ament_prefix_path.sh
[0.560s] -- Installing: /home/kartik/robot_arm/install/robot_moveit/share/robot_moveit/environment/ament_prefix_path.dsv
[0.560s] -- Installing: /home/kartik/robot_arm/install/robot_moveit/share/robot_moveit/environment/path.sh
[0.561s] -- Installing: /home/kartik/robot_arm/install/robot_moveit/share/robot_moveit/environment/path.dsv
[0.561s] -- Installing: /home/kartik/robot_arm/install/robot_moveit/share/robot_moveit/local_setup.bash
[0.561s] -- Installing: /home/kartik/robot_arm/install/robot_moveit/share/robot_moveit/local_setup.sh
[0.561s] -- Installing: /home/kartik/robot_arm/install/robot_moveit/share/robot_moveit/local_setup.zsh
[0.561s] -- Installing: /home/kartik/robot_arm/install/robot_moveit/share/robot_moveit/local_setup.dsv
[0.561s] -- Installing: /home/kartik/robot_arm/install/robot_moveit/share/robot_moveit/package.dsv
[0.561s] -- Installing: /home/kartik/robot_arm/install/robot_moveit/share/ament_index/resource_index/packages/robot_moveit
[0.561s] -- Installing: /home/kartik/robot_arm/install/robot_moveit/share/robot_moveit/cmake/robot_moveitConfig.cmake
[0.561s] -- Installing: /home/kartik/robot_arm/install/robot_moveit/share/robot_moveit/cmake/robot_moveitConfig-version.cmake
[0.561s] -- Installing: /home/kartik/robot_arm/install/robot_moveit/share/robot_moveit/package.xml
[0.562s] Invoked command in '/home/kartik/robot_arm/build/robot_moveit' returned '0': CMAKE_PREFIX_PATH=${CMAKE_PREFIX_PATH}:/opt/ros/jazzy DEBUGINFOD_URLS=https://debuginfod.ubuntu.com /usr/bin/cmake --install /home/kartik/robot_arm/build/robot_moveit
