[0.009s] Invoking command in '/home/kartik/robot_arm/build/robot_description': CMAKE_PREFIX_PATH=${CMAKE_PREFIX_PATH}:/opt/ros/jazzy DEBUGINFOD_URLS=https://debuginfod.ubuntu.com /usr/bin/cmake /home/kartik/robot_arm/src/robot_description -DCMAKE_INSTALL_PREFIX=/home/kartik/robot_arm/install/robot_description
[0.052s] -- The C compiler identification is GNU 13.3.0
[0.087s] -- The CXX compiler identification is GNU 13.3.0
[0.094s] -- Detecting C compiler ABI info
[0.142s] -- Detecting C compiler ABI info - done
[0.146s] -- Check for working C compiler: /usr/bin/cc - skipped
[0.147s] -- Detecting C compile features
[0.147s] -- Detecting C compile features - done
[0.152s] -- Detecting CXX compiler ABI info
[0.201s] -- Detecting CXX compiler ABI info - done
[0.203s] -- Check for working CXX compiler: /usr/bin/c++ - skipped
[0.203s] -- Detecting CXX compile features
[0.203s] -- Detecting CXX compile features - done
[0.205s] -- Found ament_cmake: 2.5.4 (/opt/ros/jazzy/share/ament_cmake/cmake)
[0.278s] -- Found Python3: /usr/bin/python3 (found version "3.12.3") found components: Interpreter 
[0.339s] -- Found xacro: 2.0.13 (/opt/ros/jazzy/share/xacro/cmake)
[0.340s] -- Found ament_lint_auto: 0.17.2 (/opt/ros/jazzy/share/ament_lint_auto/cmake)
[0.402s] -- Added test 'flake8' to check Python code syntax and style conventions
[0.402s] -- Configured 'flake8' exclude dirs and/or files: 
[0.402s] -- Added test 'lint_cmake' to check CMake code style
[0.402s] -- Added test 'pep257' to check Python code against some of the docstring style conventions in PEP 257
[0.402s] -- Added test 'xmllint' to check XML markup files
[0.402s] -- Configuring done (0.4s)
[0.404s] -- Generating done (0.0s)
[0.405s] -- Build files have been written to: /home/kartik/robot_arm/build/robot_description
[0.407s] Invoked command in '/home/kartik/robot_arm/build/robot_description' returned '0': CMAKE_PREFIX_PATH=${CMAKE_PREFIX_PATH}:/opt/ros/jazzy DEBUGINFOD_URLS=https://debuginfod.ubuntu.com /usr/bin/cmake /home/kartik/robot_arm/src/robot_description -DCMAKE_INSTALL_PREFIX=/home/kartik/robot_arm/install/robot_description
[0.408s] Invoking command in '/home/kartik/robot_arm/build/robot_description': CMAKE_PREFIX_PATH=${CMAKE_PREFIX_PATH}:/opt/ros/jazzy DEBUGINFOD_URLS=https://debuginfod.ubuntu.com /usr/bin/cmake --build /home/kartik/robot_arm/build/robot_description -- -j5 -l5
[0.427s] Invoked command in '/home/kartik/robot_arm/build/robot_description' returned '0': CMAKE_PREFIX_PATH=${CMAKE_PREFIX_PATH}:/opt/ros/jazzy DEBUGINFOD_URLS=https://debuginfod.ubuntu.com /usr/bin/cmake --build /home/kartik/robot_arm/build/robot_description -- -j5 -l5
[0.427s] Invoking command in '/home/kartik/robot_arm/build/robot_description': CMAKE_PREFIX_PATH=${CMAKE_PREFIX_PATH}:/opt/ros/jazzy DEBUGINFOD_URLS=https://debuginfod.ubuntu.com /usr/bin/cmake --install /home/kartik/robot_arm/build/robot_description
[0.433s] -- Install configuration: ""
[0.433s] -- Installing: /home/kartik/robot_arm/install/robot_description/share/robot_description/urdf
[0.433s] -- Installing: /home/kartik/robot_arm/install/robot_description/share/robot_description/urdf/ur5_ros2_control.xacro
[0.434s] -- Installing: /home/kartik/robot_arm/install/robot_description/share/robot_description/urdf/ur5.transmission.xacro
[0.434s] -- Installing: /home/kartik/robot_arm/install/robot_description/share/robot_description/urdf/ur5.urdf.xacro
[0.434s] -- Installing: /home/kartik/robot_arm/install/robot_description/share/robot_description/urdf/ur5.gazebo.xacro
[0.434s] -- Installing: /home/kartik/robot_arm/install/robot_description/share/robot_description/meshes
[0.434s] -- Installing: /home/kartik/robot_arm/install/robot_description/share/robot_description/meshes/ur5
[0.434s] -- Installing: /home/kartik/robot_arm/install/robot_description/share/robot_description/meshes/ur5/visual
[0.434s] -- Installing: /home/kartik/robot_arm/install/robot_description/share/robot_description/meshes/ur5/visual/Wrist1.dae
[0.435s] -- Installing: /home/kartik/robot_arm/install/robot_description/share/robot_description/meshes/ur5/visual/Wrist3.dae
[0.435s] -- Installing: /home/kartik/robot_arm/install/robot_description/share/robot_description/meshes/ur5/visual/Wrist2.dae
[0.436s] -- Installing: /home/kartik/robot_arm/install/robot_description/share/robot_description/meshes/ur5/visual/Base.dae
[0.436s] -- Installing: /home/kartik/robot_arm/install/robot_description/share/robot_description/meshes/ur5/visual/Shoulder.dae
[0.438s] -- Installing: /home/kartik/robot_arm/install/robot_description/share/robot_description/meshes/ur5/visual/UpperArm.dae
[0.440s] -- Installing: /home/kartik/robot_arm/install/robot_description/share/robot_description/meshes/ur5/visual/Forearm.dae
[0.443s] -- Installing: /home/kartik/robot_arm/install/robot_description/share/robot_description/meshes/ur5/collision
[0.443s] -- Installing: /home/kartik/robot_arm/install/robot_description/share/robot_description/meshes/ur5/collision/base.stl
[0.444s] -- Installing: /home/kartik/robot_arm/install/robot_description/share/robot_description/meshes/ur5/collision/forearm.stl
[0.444s] -- Installing: /home/kartik/robot_arm/install/robot_description/share/robot_description/meshes/ur5/collision/wrist_3.stl
[0.444s] -- Installing: /home/kartik/robot_arm/install/robot_description/share/robot_description/meshes/ur5/collision/upper_arm.stl
[0.446s] -- Installing: /home/kartik/robot_arm/install/robot_description/share/robot_description/meshes/ur5/collision/wrist_2.stl
[0.446s] -- Installing: /home/kartik/robot_arm/install/robot_description/share/robot_description/meshes/ur5/collision/shoulder.stl
[0.446s] -- Installing: /home/kartik/robot_arm/install/robot_description/share/robot_description/meshes/ur5/collision/wrist_1.stl
[0.446s] -- Installing: /home/kartik/robot_arm/install/robot_description/share/robot_description/launch
[0.446s] -- Installing: /home/kartik/robot_arm/install/robot_description/share/robot_description/launch/gazebo.launch.py
[0.446s] -- Installing: /home/kartik/robot_arm/install/robot_description/share/robot_description/launch/display.launch.py
[0.447s] -- Installing: /home/kartik/robot_arm/install/robot_description/share/robot_description/rviz
[0.447s] -- Installing: /home/kartik/robot_arm/install/robot_description/share/robot_description/rviz/display.rviz
[0.447s] -- Installing: /home/kartik/robot_arm/install/robot_description/share/ament_index/resource_index/package_run_dependencies/robot_description
[0.447s] -- Installing: /home/kartik/robot_arm/install/robot_description/share/ament_index/resource_index/parent_prefix_path/robot_description
[0.447s] -- Installing: /home/kartik/robot_arm/install/robot_description/share/robot_description/environment/ament_prefix_path.sh
[0.447s] -- Installing: /home/kartik/robot_arm/install/robot_description/share/robot_description/environment/ament_prefix_path.dsv
[0.447s] -- Installing: /home/kartik/robot_arm/install/robot_description/share/robot_description/environment/path.sh
[0.447s] -- Installing: /home/kartik/robot_arm/install/robot_description/share/robot_description/environment/path.dsv
[0.447s] -- Installing: /home/kartik/robot_arm/install/robot_description/share/robot_description/local_setup.bash
[0.447s] -- Installing: /home/kartik/robot_arm/install/robot_description/share/robot_description/local_setup.sh
[0.447s] -- Installing: /home/kartik/robot_arm/install/robot_description/share/robot_description/local_setup.zsh
[0.447s] -- Installing: /home/kartik/robot_arm/install/robot_description/share/robot_description/local_setup.dsv
[0.447s] -- Installing: /home/kartik/robot_arm/install/robot_description/share/robot_description/package.dsv
[0.447s] -- Installing: /home/kartik/robot_arm/install/robot_description/share/ament_index/resource_index/packages/robot_description
[0.448s] -- Installing: /home/kartik/robot_arm/install/robot_description/share/robot_description/cmake/robot_descriptionConfig.cmake
[0.448s] -- Installing: /home/kartik/robot_arm/install/robot_description/share/robot_description/cmake/robot_descriptionConfig-version.cmake
[0.448s] -- Installing: /home/kartik/robot_arm/install/robot_description/share/robot_description/package.xml
[0.449s] Invoked command in '/home/kartik/robot_arm/build/robot_description' returned '0': CMAKE_PREFIX_PATH=${CMAKE_PREFIX_PATH}:/opt/ros/jazzy DEBUGINFOD_URLS=https://debuginfod.ubuntu.com /usr/bin/cmake --install /home/kartik/robot_arm/build/robot_description
