[0.008s] Invoking command in '/home/kartik/robot_arm/src/build/robot_utils': AMENT_PREFIX_PATH=/home/kartik/robot_arm/src/install/robot_msgs:${AMENT_PREFIX_PATH} CMAKE_PREFIX_PATH=/home/kartik/robot_arm/src/install/robot_msgs:/opt/ros/jazzy/opt/gz_sim_vendor:/opt/ros/jazzy/opt/gz_sensors_vendor:/opt/ros/jazzy/opt/gz_physics_vendor:/opt/ros/jazzy/opt/sdformat_vendor:/opt/ros/jazzy/opt/gz_gui_vendor:/opt/ros/jazzy/opt/gz_transport_vendor:/opt/ros/jazzy/opt/gz_rendering_vendor:/opt/ros/jazzy/opt/gz_plugin_vendor:/opt/ros/jazzy/opt/gz_fuel_tools_vendor:/opt/ros/jazzy/opt/gz_msgs_vendor:/opt/ros/jazzy/opt/gz_common_vendor:/opt/ros/jazzy/opt/gz_math_vendor:/opt/ros/jazzy/opt/gz_utils_vendor:/opt/ros/jazzy/opt/gz_tools_vendor:/opt/ros/jazzy/opt/gz_ogre_next_vendor:/opt/ros/jazzy/opt/gz_dartsim_vendor:/opt/ros/jazzy/opt/gz_cmake_vendor:/opt/ros/jazzy DEBUGINFOD_URLS=https://debuginfod.ubuntu.com LD_LIBRARY_PATH=/home/kartik/robot_arm/src/install/robot_msgs/lib:${LD_LIBRARY_PATH} PYTHONPATH=/home/kartik/robot_arm/src/install/robot_msgs/lib/python3.12/site-packages:${PYTHONPATH} /usr/bin/cmake /home/kartik/robot_arm/src/robot_utils -DCMAKE_INSTALL_PREFIX=/home/kartik/robot_arm/src/install/robot_utils
[0.058s] -- The C compiler identification is GNU 13.3.0
[0.109s] -- The CXX compiler identification is GNU 13.3.0
[0.123s] -- Detecting C compiler ABI info
[0.206s] -- Detecting C compiler ABI info - done
[0.215s] -- Check for working C compiler: /usr/bin/cc - skipped
[0.216s] -- Detecting C compile features
[0.216s] -- Detecting C compile features - done
[0.224s] -- Detecting CXX compiler ABI info
[0.319s] -- Detecting CXX compiler ABI info - done
[0.328s] -- Check for working CXX compiler: /usr/bin/c++ - skipped
[0.329s] -- Detecting CXX compile features
[0.329s] -- Detecting CXX compile features - done
[0.333s] -- Found ament_cmake: 2.5.4 (/opt/ros/jazzy/share/ament_cmake/cmake)
[0.477s] -- Found Python3: /usr/bin/python3 (found version "3.12.3") found components: Interpreter 
[0.587s] -- Found rclpy: 7.1.5 (/opt/ros/jazzy/share/rclpy/cmake)
[0.587s] -- Found robot_msgs: 0.0.0 (/home/kartik/robot_arm/src/install/robot_msgs/share/robot_msgs/cmake)
[0.638s] -- Found rosidl_generator_c: 4.6.6 (/opt/ros/jazzy/share/rosidl_generator_c/cmake)
[0.654s] -- Found rosidl_generator_cpp: 4.6.6 (/opt/ros/jazzy/share/rosidl_generator_cpp/cmake)
[0.672s] -- Using all available rosidl_typesupport_c: rosidl_typesupport_fastrtps_c;rosidl_typesupport_introspection_c
[0.692s] -- Using all available rosidl_typesupport_cpp: rosidl_typesupport_fastrtps_cpp;rosidl_typesupport_introspection_cpp
[0.832s] -- Found ament_lint_auto: 0.17.3 (/opt/ros/jazzy/share/ament_lint_auto/cmake)
[0.929s] -- Added test 'flake8' to check Python code syntax and style conventions
[0.929s] -- Configured 'flake8' exclude dirs and/or files: 
[0.930s] -- Added test 'lint_cmake' to check CMake code style
[0.931s] -- Added test 'pep257' to check Python code against some of the docstring style conventions in PEP 257
[0.932s] -- Added test 'xmllint' to check XML markup files
[0.933s] -- Configuring done (0.9s)
[0.938s] -- Generating done (0.0s)
[0.940s] -- Build files have been written to: /home/kartik/robot_arm/src/build/robot_utils
[0.947s] Invoked command in '/home/kartik/robot_arm/src/build/robot_utils' returned '0': AMENT_PREFIX_PATH=/home/kartik/robot_arm/src/install/robot_msgs:${AMENT_PREFIX_PATH} CMAKE_PREFIX_PATH=/home/kartik/robot_arm/src/install/robot_msgs:/opt/ros/jazzy/opt/gz_sim_vendor:/opt/ros/jazzy/opt/gz_sensors_vendor:/opt/ros/jazzy/opt/gz_physics_vendor:/opt/ros/jazzy/opt/sdformat_vendor:/opt/ros/jazzy/opt/gz_gui_vendor:/opt/ros/jazzy/opt/gz_transport_vendor:/opt/ros/jazzy/opt/gz_rendering_vendor:/opt/ros/jazzy/opt/gz_plugin_vendor:/opt/ros/jazzy/opt/gz_fuel_tools_vendor:/opt/ros/jazzy/opt/gz_msgs_vendor:/opt/ros/jazzy/opt/gz_common_vendor:/opt/ros/jazzy/opt/gz_math_vendor:/opt/ros/jazzy/opt/gz_utils_vendor:/opt/ros/jazzy/opt/gz_tools_vendor:/opt/ros/jazzy/opt/gz_ogre_next_vendor:/opt/ros/jazzy/opt/gz_dartsim_vendor:/opt/ros/jazzy/opt/gz_cmake_vendor:/opt/ros/jazzy DEBUGINFOD_URLS=https://debuginfod.ubuntu.com LD_LIBRARY_PATH=/home/kartik/robot_arm/src/install/robot_msgs/lib:${LD_LIBRARY_PATH} PYTHONPATH=/home/kartik/robot_arm/src/install/robot_msgs/lib/python3.12/site-packages:${PYTHONPATH} /usr/bin/cmake /home/kartik/robot_arm/src/robot_utils -DCMAKE_INSTALL_PREFIX=/home/kartik/robot_arm/src/install/robot_utils
[0.947s] Invoking command in '/home/kartik/robot_arm/src/build/robot_utils': AMENT_PREFIX_PATH=/home/kartik/robot_arm/src/install/robot_msgs:${AMENT_PREFIX_PATH} CMAKE_PREFIX_PATH=/home/kartik/robot_arm/src/install/robot_msgs:/opt/ros/jazzy/opt/gz_sim_vendor:/opt/ros/jazzy/opt/gz_sensors_vendor:/opt/ros/jazzy/opt/gz_physics_vendor:/opt/ros/jazzy/opt/sdformat_vendor:/opt/ros/jazzy/opt/gz_gui_vendor:/opt/ros/jazzy/opt/gz_transport_vendor:/opt/ros/jazzy/opt/gz_rendering_vendor:/opt/ros/jazzy/opt/gz_plugin_vendor:/opt/ros/jazzy/opt/gz_fuel_tools_vendor:/opt/ros/jazzy/opt/gz_msgs_vendor:/opt/ros/jazzy/opt/gz_common_vendor:/opt/ros/jazzy/opt/gz_math_vendor:/opt/ros/jazzy/opt/gz_utils_vendor:/opt/ros/jazzy/opt/gz_tools_vendor:/opt/ros/jazzy/opt/gz_ogre_next_vendor:/opt/ros/jazzy/opt/gz_dartsim_vendor:/opt/ros/jazzy/opt/gz_cmake_vendor:/opt/ros/jazzy DEBUGINFOD_URLS=https://debuginfod.ubuntu.com LD_LIBRARY_PATH=/home/kartik/robot_arm/src/install/robot_msgs/lib:${LD_LIBRARY_PATH} PYTHONPATH=/home/kartik/robot_arm/src/install/robot_msgs/lib/python3.12/site-packages:${PYTHONPATH} /usr/bin/cmake --build /home/kartik/robot_arm/src/build/robot_utils -- -j8 -l8
[1.000s] Built target ament_cmake_python_copy_robot_utils
[1.196s] running egg_info
[1.196s] creating robot_utils.egg-info
[1.215s] writing robot_utils.egg-info/PKG-INFO
[1.215s] writing dependency_links to robot_utils.egg-info/dependency_links.txt
[1.215s] writing top-level names to robot_utils.egg-info/top_level.txt
[1.215s] writing manifest file 'robot_utils.egg-info/SOURCES.txt'
[1.270s] reading manifest file 'robot_utils.egg-info/SOURCES.txt'
[1.270s] writing manifest file 'robot_utils.egg-info/SOURCES.txt'
[1.293s] Built target ament_cmake_python_build_robot_utils_egg
[1.303s] Invoked command in '/home/kartik/robot_arm/src/build/robot_utils' returned '0': AMENT_PREFIX_PATH=/home/kartik/robot_arm/src/install/robot_msgs:${AMENT_PREFIX_PATH} CMAKE_PREFIX_PATH=/home/kartik/robot_arm/src/install/robot_msgs:/opt/ros/jazzy/opt/gz_sim_vendor:/opt/ros/jazzy/opt/gz_sensors_vendor:/opt/ros/jazzy/opt/gz_physics_vendor:/opt/ros/jazzy/opt/sdformat_vendor:/opt/ros/jazzy/opt/gz_gui_vendor:/opt/ros/jazzy/opt/gz_transport_vendor:/opt/ros/jazzy/opt/gz_rendering_vendor:/opt/ros/jazzy/opt/gz_plugin_vendor:/opt/ros/jazzy/opt/gz_fuel_tools_vendor:/opt/ros/jazzy/opt/gz_msgs_vendor:/opt/ros/jazzy/opt/gz_common_vendor:/opt/ros/jazzy/opt/gz_math_vendor:/opt/ros/jazzy/opt/gz_utils_vendor:/opt/ros/jazzy/opt/gz_tools_vendor:/opt/ros/jazzy/opt/gz_ogre_next_vendor:/opt/ros/jazzy/opt/gz_dartsim_vendor:/opt/ros/jazzy/opt/gz_cmake_vendor:/opt/ros/jazzy DEBUGINFOD_URLS=https://debuginfod.ubuntu.com LD_LIBRARY_PATH=/home/kartik/robot_arm/src/install/robot_msgs/lib:${LD_LIBRARY_PATH} PYTHONPATH=/home/kartik/robot_arm/src/install/robot_msgs/lib/python3.12/site-packages:${PYTHONPATH} /usr/bin/cmake --build /home/kartik/robot_arm/src/build/robot_utils -- -j8 -l8
[1.304s] Invoking command in '/home/kartik/robot_arm/src/build/robot_utils': AMENT_PREFIX_PATH=/home/kartik/robot_arm/src/install/robot_msgs:${AMENT_PREFIX_PATH} CMAKE_PREFIX_PATH=/home/kartik/robot_arm/src/install/robot_msgs:/opt/ros/jazzy/opt/gz_sim_vendor:/opt/ros/jazzy/opt/gz_sensors_vendor:/opt/ros/jazzy/opt/gz_physics_vendor:/opt/ros/jazzy/opt/sdformat_vendor:/opt/ros/jazzy/opt/gz_gui_vendor:/opt/ros/jazzy/opt/gz_transport_vendor:/opt/ros/jazzy/opt/gz_rendering_vendor:/opt/ros/jazzy/opt/gz_plugin_vendor:/opt/ros/jazzy/opt/gz_fuel_tools_vendor:/opt/ros/jazzy/opt/gz_msgs_vendor:/opt/ros/jazzy/opt/gz_common_vendor:/opt/ros/jazzy/opt/gz_math_vendor:/opt/ros/jazzy/opt/gz_utils_vendor:/opt/ros/jazzy/opt/gz_tools_vendor:/opt/ros/jazzy/opt/gz_ogre_next_vendor:/opt/ros/jazzy/opt/gz_dartsim_vendor:/opt/ros/jazzy/opt/gz_cmake_vendor:/opt/ros/jazzy DEBUGINFOD_URLS=https://debuginfod.ubuntu.com LD_LIBRARY_PATH=/home/kartik/robot_arm/src/install/robot_msgs/lib:${LD_LIBRARY_PATH} PYTHONPATH=/home/kartik/robot_arm/src/install/robot_msgs/lib/python3.12/site-packages:${PYTHONPATH} /usr/bin/cmake --install /home/kartik/robot_arm/src/build/robot_utils
[1.311s] -- Install configuration: ""
[1.312s] -- Installing: /home/kartik/robot_arm/src/install/robot_utils/share/robot_utils/environment/pythonpath.sh
[1.312s] -- Installing: /home/kartik/robot_arm/src/install/robot_utils/share/robot_utils/environment/pythonpath.dsv
[1.312s] -- Installing: /home/kartik/robot_arm/src/install/robot_utils/lib/python3.12/site-packages/robot_utils-0.0.0-py3.12.egg-info
[1.312s] -- Installing: /home/kartik/robot_arm/src/install/robot_utils/lib/python3.12/site-packages/robot_utils-0.0.0-py3.12.egg-info/dependency_links.txt
[1.312s] -- Installing: /home/kartik/robot_arm/src/install/robot_utils/lib/python3.12/site-packages/robot_utils-0.0.0-py3.12.egg-info/PKG-INFO
[1.313s] -- Installing: /home/kartik/robot_arm/src/install/robot_utils/lib/python3.12/site-packages/robot_utils-0.0.0-py3.12.egg-info/top_level.txt
[1.313s] -- Installing: /home/kartik/robot_arm/src/install/robot_utils/lib/python3.12/site-packages/robot_utils-0.0.0-py3.12.egg-info/SOURCES.txt
[1.313s] -- Installing: /home/kartik/robot_arm/src/install/robot_utils/lib/python3.12/site-packages/robot_utils
[1.313s] -- Installing: /home/kartik/robot_arm/src/install/robot_utils/lib/python3.12/site-packages/robot_utils/__init__.py
[1.313s] -- Installing: /home/kartik/robot_arm/src/install/robot_utils/lib/python3.12/site-packages/robot_utils/angle_conversion.py
[1.344s] Listing '/home/kartik/robot_arm/src/install/robot_utils/lib/python3.12/site-packages/robot_utils'...
[1.344s] Compiling '/home/kartik/robot_arm/src/install/robot_utils/lib/python3.12/site-packages/robot_utils/__init__.py'...
[1.344s] Compiling '/home/kartik/robot_arm/src/install/robot_utils/lib/python3.12/site-packages/robot_utils/angle_conversion.py'...
[1.349s] -- Installing: /home/kartik/robot_arm/src/install/robot_utils/lib/robot_utils/angle_conversion.py
[1.349s] -- Installing: /home/kartik/robot_arm/src/install/robot_utils/share/ament_index/resource_index/package_run_dependencies/robot_utils
[1.349s] -- Installing: /home/kartik/robot_arm/src/install/robot_utils/share/ament_index/resource_index/parent_prefix_path/robot_utils
[1.349s] -- Installing: /home/kartik/robot_arm/src/install/robot_utils/share/robot_utils/environment/ament_prefix_path.sh
[1.349s] -- Installing: /home/kartik/robot_arm/src/install/robot_utils/share/robot_utils/environment/ament_prefix_path.dsv
[1.350s] -- Installing: /home/kartik/robot_arm/src/install/robot_utils/share/robot_utils/environment/path.sh
[1.350s] -- Installing: /home/kartik/robot_arm/src/install/robot_utils/share/robot_utils/environment/path.dsv
[1.350s] -- Installing: /home/kartik/robot_arm/src/install/robot_utils/share/robot_utils/local_setup.bash
[1.350s] -- Installing: /home/kartik/robot_arm/src/install/robot_utils/share/robot_utils/local_setup.sh
[1.350s] -- Installing: /home/kartik/robot_arm/src/install/robot_utils/share/robot_utils/local_setup.zsh
[1.350s] -- Installing: /home/kartik/robot_arm/src/install/robot_utils/share/robot_utils/local_setup.dsv
[1.350s] -- Installing: /home/kartik/robot_arm/src/install/robot_utils/share/robot_utils/package.dsv
[1.351s] -- Installing: /home/kartik/robot_arm/src/install/robot_utils/share/ament_index/resource_index/packages/robot_utils
[1.351s] -- Installing: /home/kartik/robot_arm/src/install/robot_utils/share/robot_utils/cmake/robot_utilsConfig.cmake
[1.351s] -- Installing: /home/kartik/robot_arm/src/install/robot_utils/share/robot_utils/cmake/robot_utilsConfig-version.cmake
[1.351s] -- Installing: /home/kartik/robot_arm/src/install/robot_utils/share/robot_utils/package.xml
[1.353s] Invoked command in '/home/kartik/robot_arm/src/build/robot_utils' returned '0': AMENT_PREFIX_PATH=/home/kartik/robot_arm/src/install/robot_msgs:${AMENT_PREFIX_PATH} CMAKE_PREFIX_PATH=/home/kartik/robot_arm/src/install/robot_msgs:/opt/ros/jazzy/opt/gz_sim_vendor:/opt/ros/jazzy/opt/gz_sensors_vendor:/opt/ros/jazzy/opt/gz_physics_vendor:/opt/ros/jazzy/opt/sdformat_vendor:/opt/ros/jazzy/opt/gz_gui_vendor:/opt/ros/jazzy/opt/gz_transport_vendor:/opt/ros/jazzy/opt/gz_rendering_vendor:/opt/ros/jazzy/opt/gz_plugin_vendor:/opt/ros/jazzy/opt/gz_fuel_tools_vendor:/opt/ros/jazzy/opt/gz_msgs_vendor:/opt/ros/jazzy/opt/gz_common_vendor:/opt/ros/jazzy/opt/gz_math_vendor:/opt/ros/jazzy/opt/gz_utils_vendor:/opt/ros/jazzy/opt/gz_tools_vendor:/opt/ros/jazzy/opt/gz_ogre_next_vendor:/opt/ros/jazzy/opt/gz_dartsim_vendor:/opt/ros/jazzy/opt/gz_cmake_vendor:/opt/ros/jazzy DEBUGINFOD_URLS=https://debuginfod.ubuntu.com LD_LIBRARY_PATH=/home/kartik/robot_arm/src/install/robot_msgs/lib:${LD_LIBRARY_PATH} PYTHONPATH=/home/kartik/robot_arm/src/install/robot_msgs/lib/python3.12/site-packages:${PYTHONPATH} /usr/bin/cmake --install /home/kartik/robot_arm/src/build/robot_utils
