[0.024s] Invoking command in '/home/kartik/robot_arm/build/robot_moveit': CMAKE_PREFIX_PATH=${CMAKE_PREFIX_PATH}:/opt/ros/jazzy DEBUGINFOD_URLS=https://debuginfod.ubuntu.com /usr/bin/cmake --build /home/kartik/robot_arm/build/robot_moveit -- -j8 -l8
[0.088s] Invoked command in '/home/kartik/robot_arm/build/robot_moveit' returned '0': CMAKE_PREFIX_PATH=${CMAKE_PREFIX_PATH}:/opt/ros/jazzy DEBUGINFOD_URLS=https://debuginfod.ubuntu.com /usr/bin/cmake --build /home/kartik/robot_arm/build/robot_moveit -- -j8 -l8
[0.104s] Invoking command in '/home/kartik/robot_arm/build/robot_moveit': CMAKE_PREFIX_PATH=${CMAKE_PREFIX_PATH}:/opt/ros/jazzy DEBUGINFOD_URLS=https://debuginfod.ubuntu.com /usr/bin/cmake --install /home/kartik/robot_arm/build/robot_moveit
[0.108s] -- Install configuration: ""
[0.138s] -- Up-to-date: /home/kartik/robot_arm/install/robot_moveit/share/robot_moveit/launch
[0.138s] -- Up-to-date: /home/kartik/robot_arm/install/robot_moveit/share/robot_moveit/launch/ur5_moveit.launch.py
[0.139s] -- Up-to-date: /home/kartik/robot_arm/install/robot_moveit/share/robot_moveit/launch/so101_moveit.launch.py
[0.139s] -- Up-to-date: /home/kartik/robot_arm/install/robot_moveit/share/robot_moveit/ur5_config
[0.139s] -- Up-to-date: /home/kartik/robot_arm/install/robot_moveit/share/robot_moveit/ur5_config/initial_positions.yaml
[0.140s] -- Up-to-date: /home/kartik/robot_arm/install/robot_moveit/share/robot_moveit/ur5_config/pilz_cartesian_limits.yaml
[0.140s] -- Up-to-date: /home/kartik/robot_arm/install/robot_moveit/share/robot_moveit/ur5_config/joint_limits.yaml
[0.140s] -- Up-to-date: /home/kartik/robot_arm/install/robot_moveit/share/robot_moveit/ur5_config/ur5.srdf
[0.141s] -- Up-to-date: /home/kartik/robot_arm/install/robot_moveit/share/robot_moveit/ur5_config/moveit_controllers.yaml
[0.141s] -- Up-to-date: /home/kartik/robot_arm/install/robot_moveit/share/robot_moveit/ur5_config/kinematics.yaml
[0.141s] -- Up-to-date: /home/kartik/robot_arm/install/robot_moveit/share/robot_moveit/so101_config
[0.141s] -- Up-to-date: /home/kartik/robot_arm/install/robot_moveit/share/robot_moveit/so101_config/initial_positions.yaml
[0.142s] -- Up-to-date: /home/kartik/robot_arm/install/robot_moveit/share/robot_moveit/so101_config/pilz_cartesian_limits.yaml
[0.142s] -- Up-to-date: /home/kartik/robot_arm/install/robot_moveit/share/robot_moveit/so101_config/joint_limits.yaml
[0.142s] -- Up-to-date: /home/kartik/robot_arm/install/robot_moveit/share/robot_moveit/so101_config/moveit_controllers.yaml
[0.143s] -- Up-to-date: /home/kartik/robot_arm/install/robot_moveit/share/robot_moveit/so101_config/kinematics.yaml
[0.143s] -- Up-to-date: /home/kartik/robot_arm/install/robot_moveit/share/robot_moveit/so101_config/so101.srdf
[0.144s] -- Up-to-date: /home/kartik/robot_arm/install/robot_moveit/share/ament_index/resource_index/package_run_dependencies/robot_moveit
[0.144s] -- Up-to-date: /home/kartik/robot_arm/install/robot_moveit/share/ament_index/resource_index/parent_prefix_path/robot_moveit
[0.144s] -- Up-to-date: /home/kartik/robot_arm/install/robot_moveit/share/robot_moveit/environment/ament_prefix_path.sh
[0.144s] -- Up-to-date: /home/kartik/robot_arm/install/robot_moveit/share/robot_moveit/environment/ament_prefix_path.dsv
[0.144s] -- Up-to-date: /home/kartik/robot_arm/install/robot_moveit/share/robot_moveit/environment/path.sh
[0.144s] -- Up-to-date: /home/kartik/robot_arm/install/robot_moveit/share/robot_moveit/environment/path.dsv
[0.145s] -- Up-to-date: /home/kartik/robot_arm/install/robot_moveit/share/robot_moveit/local_setup.bash
[0.145s] -- Up-to-date: /home/kartik/robot_arm/install/robot_moveit/share/robot_moveit/local_setup.sh
[0.145s] -- Up-to-date: /home/kartik/robot_arm/install/robot_moveit/share/robot_moveit/local_setup.zsh
[0.145s] -- Up-to-date: /home/kartik/robot_arm/install/robot_moveit/share/robot_moveit/local_setup.dsv
[0.145s] -- Installing: /home/kartik/robot_arm/install/robot_moveit/share/robot_moveit/package.dsv
[0.145s] -- Up-to-date: /home/kartik/robot_arm/install/robot_moveit/share/ament_index/resource_index/packages/robot_moveit
[0.145s] -- Up-to-date: /home/kartik/robot_arm/install/robot_moveit/share/robot_moveit/cmake/robot_moveitConfig.cmake
[0.145s] -- Up-to-date: /home/kartik/robot_arm/install/robot_moveit/share/robot_moveit/cmake/robot_moveitConfig-version.cmake
[0.145s] -- Up-to-date: /home/kartik/robot_arm/install/robot_moveit/share/robot_moveit/package.xml
[0.170s] Invoked command in '/home/kartik/robot_arm/build/robot_moveit' returned '0': CMAKE_PREFIX_PATH=${CMAKE_PREFIX_PATH}:/opt/ros/jazzy DEBUGINFOD_URLS=https://debuginfod.ubuntu.com /usr/bin/cmake --install /home/kartik/robot_arm/build/robot_moveit
