[0.012s] Invoking command in '/home/kartik/robot_arm/build/robot_moveit': CMAKE_PREFIX_PATH=${CMAKE_PREFIX_PATH}:/opt/ros/jazzy DEBUGINFOD_URLS=https://debuginfod.ubuntu.com /usr/bin/cmake /home/kartik/robot_arm/src/robot_moveit -DCMAKE_INSTALL_PREFIX=/home/kartik/robot_arm/install/robot_moveit
[0.167s] -- The C compiler identification is GNU 13.3.0
[0.285s] -- The CXX compiler identification is GNU 13.3.0
[0.306s] -- Detecting C compiler ABI info
[0.403s] -- Detecting C compiler ABI info - done
[0.420s] -- Check for working C compiler: /usr/bin/cc - skipped
[0.421s] -- Detecting C compile features
[0.422s] -- Detecting C compile features - done
[0.431s] -- Detecting CXX compiler ABI info
[0.529s] -- Detecting CXX compiler ABI info - done
[0.540s] -- Check for working CXX compiler: /usr/bin/c++ - skipped
[0.541s] -- Detecting CXX compile features
[0.541s] -- Detecting CXX compile features - done
[0.554s] -- Found ament_cmake: 2.5.4 (/opt/ros/jazzy/share/ament_cmake/cmake)
[0.720s] -- Found Python3: /usr/bin/python3 (found version "3.12.3") found components: Interpreter 
[0.841s] -- Found ament_lint_auto: 0.17.3 (/opt/ros/jazzy/share/ament_lint_auto/cmake)
[0.967s] -- Added test 'flake8' to check Python code syntax and style conventions
[0.967s] -- Configured 'flake8' exclude dirs and/or files: 
[0.969s] -- Added test 'lint_cmake' to check CMake code style
[0.970s] -- Added test 'pep257' to check Python code against some of the docstring style conventions in PEP 257
[0.972s] -- Added test 'xmllint' to check XML markup files
[0.975s] -- Configuring done (0.9s)
[0.979s] -- Generating done (0.0s)
[0.982s] -- Build files have been written to: /home/kartik/robot_arm/build/robot_moveit
[0.991s] Invoked command in '/home/kartik/robot_arm/build/robot_moveit' returned '0': CMAKE_PREFIX_PATH=${CMAKE_PREFIX_PATH}:/opt/ros/jazzy DEBUGINFOD_URLS=https://debuginfod.ubuntu.com /usr/bin/cmake /home/kartik/robot_arm/src/robot_moveit -DCMAKE_INSTALL_PREFIX=/home/kartik/robot_arm/install/robot_moveit
[0.992s] Invoking command in '/home/kartik/robot_arm/build/robot_moveit': CMAKE_PREFIX_PATH=${CMAKE_PREFIX_PATH}:/opt/ros/jazzy DEBUGINFOD_URLS=https://debuginfod.ubuntu.com /usr/bin/cmake --build /home/kartik/robot_arm/build/robot_moveit -- -j8 -l8
[1.028s] Invoked command in '/home/kartik/robot_arm/build/robot_moveit' returned '0': CMAKE_PREFIX_PATH=${CMAKE_PREFIX_PATH}:/opt/ros/jazzy DEBUGINFOD_URLS=https://debuginfod.ubuntu.com /usr/bin/cmake --build /home/kartik/robot_arm/build/robot_moveit -- -j8 -l8
[1.038s] Invoking command in '/home/kartik/robot_arm/build/robot_moveit': CMAKE_PREFIX_PATH=${CMAKE_PREFIX_PATH}:/opt/ros/jazzy DEBUGINFOD_URLS=https://debuginfod.ubuntu.com /usr/bin/cmake --install /home/kartik/robot_arm/build/robot_moveit
[1.048s] -- Install configuration: ""
[1.048s] -- Installing: /home/kartik/robot_arm/install/robot_moveit/share/robot_moveit/launch
[1.049s] -- Installing: /home/kartik/robot_arm/install/robot_moveit/share/robot_moveit/launch/moveit.launch.py
[1.049s] -- Installing: /home/kartik/robot_arm/install/robot_moveit/share/robot_moveit/config
[1.049s] -- Installing: /home/kartik/robot_arm/install/robot_moveit/share/robot_moveit/config/initial_positions.yaml
[1.049s] -- Installing: /home/kartik/robot_arm/install/robot_moveit/share/robot_moveit/config/pilz_cartesian_limits.yaml
[1.050s] -- Installing: /home/kartik/robot_arm/install/robot_moveit/share/robot_moveit/config/joint_limits.yaml
[1.050s] -- Installing: /home/kartik/robot_arm/install/robot_moveit/share/robot_moveit/config/ur5.srdf
[1.050s] -- Installing: /home/kartik/robot_arm/install/robot_moveit/share/robot_moveit/config/moveit_controllers.yaml
[1.052s] -- Installing: /home/kartik/robot_arm/install/robot_moveit/share/robot_moveit/config/kinematics.yaml
[1.052s] -- Installing: /home/kartik/robot_arm/install/robot_moveit/share/ament_index/resource_index/package_run_dependencies/robot_moveit
[1.052s] -- Installing: /home/kartik/robot_arm/install/robot_moveit/share/ament_index/resource_index/parent_prefix_path/robot_moveit
[1.052s] -- Installing: /home/kartik/robot_arm/install/robot_moveit/share/robot_moveit/environment/ament_prefix_path.sh
[1.053s] -- Installing: /home/kartik/robot_arm/install/robot_moveit/share/robot_moveit/environment/ament_prefix_path.dsv
[1.053s] -- Installing: /home/kartik/robot_arm/install/robot_moveit/share/robot_moveit/environment/path.sh
[1.053s] -- Installing: /home/kartik/robot_arm/install/robot_moveit/share/robot_moveit/environment/path.dsv
[1.053s] -- Installing: /home/kartik/robot_arm/install/robot_moveit/share/robot_moveit/local_setup.bash
[1.053s] -- Installing: /home/kartik/robot_arm/install/robot_moveit/share/robot_moveit/local_setup.sh
[1.053s] -- Installing: /home/kartik/robot_arm/install/robot_moveit/share/robot_moveit/local_setup.zsh
[1.053s] -- Installing: /home/kartik/robot_arm/install/robot_moveit/share/robot_moveit/local_setup.dsv
[1.053s] -- Installing: /home/kartik/robot_arm/install/robot_moveit/share/robot_moveit/package.dsv
[1.053s] -- Installing: /home/kartik/robot_arm/install/robot_moveit/share/ament_index/resource_index/packages/robot_moveit
[1.054s] -- Installing: /home/kartik/robot_arm/install/robot_moveit/share/robot_moveit/cmake/robot_moveitConfig.cmake
[1.054s] -- Installing: /home/kartik/robot_arm/install/robot_moveit/share/robot_moveit/cmake/robot_moveitConfig-version.cmake
[1.054s] -- Installing: /home/kartik/robot_arm/install/robot_moveit/share/robot_moveit/package.xml
[1.055s] Invoked command in '/home/kartik/robot_arm/build/robot_moveit' returned '0': CMAKE_PREFIX_PATH=${CMAKE_PREFIX_PATH}:/opt/ros/jazzy DEBUGINFOD_URLS=https://debuginfod.ubuntu.com /usr/bin/cmake --install /home/kartik/robot_arm/build/robot_moveit
