[0.012s] Invoking command in '/home/kartik/robot_arm/build/robot_description': CMAKE_PREFIX_PATH=${CMAKE_PREFIX_PATH}:/opt/ros/jazzy DEBUGINFOD_URLS=https://debuginfod.ubuntu.com /usr/bin/cmake /home/kartik/robot_arm/src/robot_description -DCMAKE_INSTALL_PREFIX=/home/kartik/robot_arm/install/robot_description
[0.170s] -- The C compiler identification is GNU 13.3.0
[0.288s] -- The CXX compiler identification is GNU 13.3.0
[0.309s] -- Detecting C compiler ABI info
[0.414s] -- Detecting C compiler ABI info - done
[0.431s] -- Check for working C compiler: /usr/bin/cc - skipped
[0.431s] -- Detecting C compile features
[0.432s] -- Detecting C compile features - done
[0.443s] -- Detecting CXX compiler ABI info
[0.546s] -- Detecting CXX compiler ABI info - done
[0.568s] -- Check for working CXX compiler: /usr/bin/c++ - skipped
[0.568s] -- Detecting CXX compile features
[0.569s] -- Detecting CXX compile features - done
[0.575s] -- Found ament_cmake: 2.5.4 (/opt/ros/jazzy/share/ament_cmake/cmake)
[0.741s] -- Found Python3: /usr/bin/python3 (found version "3.12.3") found components: Interpreter 
[0.889s] -- Found xacro: 2.1.1 (/opt/ros/jazzy/share/xacro/cmake)
[0.893s] -- Found ament_lint_auto: 0.17.3 (/opt/ros/jazzy/share/ament_lint_auto/cmake)
[1.010s] -- Added test 'flake8' to check Python code syntax and style conventions
[1.010s] -- Configured 'flake8' exclude dirs and/or files: 
[1.011s] -- Added test 'lint_cmake' to check CMake code style
[1.012s] -- Added test 'pep257' to check Python code against some of the docstring style conventions in PEP 257
[1.016s] -- Added test 'xmllint' to check XML markup files
[1.017s] -- Configuring done (1.0s)
[1.020s] -- Generating done (0.0s)
[1.022s] -- Build files have been written to: /home/kartik/robot_arm/build/robot_description
[1.027s] Invoked command in '/home/kartik/robot_arm/build/robot_description' returned '0': CMAKE_PREFIX_PATH=${CMAKE_PREFIX_PATH}:/opt/ros/jazzy DEBUGINFOD_URLS=https://debuginfod.ubuntu.com /usr/bin/cmake /home/kartik/robot_arm/src/robot_description -DCMAKE_INSTALL_PREFIX=/home/kartik/robot_arm/install/robot_description
[1.027s] Invoking command in '/home/kartik/robot_arm/build/robot_description': CMAKE_PREFIX_PATH=${CMAKE_PREFIX_PATH}:/opt/ros/jazzy DEBUGINFOD_URLS=https://debuginfod.ubuntu.com /usr/bin/cmake --build /home/kartik/robot_arm/build/robot_description -- -j8 -l8
[1.087s] Invoked command in '/home/kartik/robot_arm/build/robot_description' returned '0': CMAKE_PREFIX_PATH=${CMAKE_PREFIX_PATH}:/opt/ros/jazzy DEBUGINFOD_URLS=https://debuginfod.ubuntu.com /usr/bin/cmake --build /home/kartik/robot_arm/build/robot_description -- -j8 -l8
[1.088s] Invoking command in '/home/kartik/robot_arm/build/robot_description': CMAKE_PREFIX_PATH=${CMAKE_PREFIX_PATH}:/opt/ros/jazzy DEBUGINFOD_URLS=https://debuginfod.ubuntu.com /usr/bin/cmake --install /home/kartik/robot_arm/build/robot_description
[1.095s] -- Install configuration: ""
[1.095s] -- Installing: /home/kartik/robot_arm/install/robot_description/share/robot_description/urdf
[1.095s] -- Installing: /home/kartik/robot_arm/install/robot_description/share/robot_description/urdf/ur5.urdf.xacro
[1.095s] -- Installing: /home/kartik/robot_arm/install/robot_description/share/robot_description/urdf/ur5.gazebo.xacro
[1.096s] -- Installing: /home/kartik/robot_arm/install/robot_description/share/robot_description/urdf/ur5_ros2_control.xacro
[1.096s] -- Installing: /home/kartik/robot_arm/install/robot_description/share/robot_description/urdf/ur5.transmission.xacro
[1.096s] -- Installing: /home/kartik/robot_arm/install/robot_description/share/robot_description/meshes
[1.096s] -- Installing: /home/kartik/robot_arm/install/robot_description/share/robot_description/meshes/ur5
[1.096s] -- Installing: /home/kartik/robot_arm/install/robot_description/share/robot_description/meshes/ur5/visual
[1.096s] -- Installing: /home/kartik/robot_arm/install/robot_description/share/robot_description/meshes/ur5/visual/Shoulder.dae
[1.096s] -- Installing: /home/kartik/robot_arm/install/robot_description/share/robot_description/meshes/ur5/visual/Wrist2.dae
[1.097s] -- Installing: /home/kartik/robot_arm/install/robot_description/share/robot_description/meshes/ur5/visual/UpperArm.dae
[1.098s] -- Installing: /home/kartik/robot_arm/install/robot_description/share/robot_description/meshes/ur5/visual/Wrist1.dae
[1.099s] -- Installing: /home/kartik/robot_arm/install/robot_description/share/robot_description/meshes/ur5/visual/Forearm.dae
[1.100s] -- Installing: /home/kartik/robot_arm/install/robot_description/share/robot_description/meshes/ur5/visual/Wrist3.dae
[1.100s] -- Installing: /home/kartik/robot_arm/install/robot_description/share/robot_description/meshes/ur5/visual/Base.dae
[1.100s] -- Installing: /home/kartik/robot_arm/install/robot_description/share/robot_description/meshes/ur5/collision
[1.100s] -- Installing: /home/kartik/robot_arm/install/robot_description/share/robot_description/meshes/ur5/collision/upper_arm.stl
[1.100s] -- Installing: /home/kartik/robot_arm/install/robot_description/share/robot_description/meshes/ur5/collision/forearm.stl
[1.100s] -- Installing: /home/kartik/robot_arm/install/robot_description/share/robot_description/meshes/ur5/collision/wrist_1.stl
[1.100s] -- Installing: /home/kartik/robot_arm/install/robot_description/share/robot_description/meshes/ur5/collision/shoulder.stl
[1.101s] -- Installing: /home/kartik/robot_arm/install/robot_description/share/robot_description/meshes/ur5/collision/base.stl
[1.101s] -- Installing: /home/kartik/robot_arm/install/robot_description/share/robot_description/meshes/ur5/collision/wrist_3.stl
[1.101s] -- Installing: /home/kartik/robot_arm/install/robot_description/share/robot_description/meshes/ur5/collision/wrist_2.stl
[1.101s] -- Installing: /home/kartik/robot_arm/install/robot_description/share/robot_description/launch
[1.101s] -- Installing: /home/kartik/robot_arm/install/robot_description/share/robot_description/launch/gazebo.launch.py
[1.101s] -- Installing: /home/kartik/robot_arm/install/robot_description/share/robot_description/launch/display.launch.py
[1.101s] -- Installing: /home/kartik/robot_arm/install/robot_description/share/robot_description/rviz
[1.101s] -- Installing: /home/kartik/robot_arm/install/robot_description/share/robot_description/rviz/display.rviz
[1.101s] -- Installing: /home/kartik/robot_arm/install/robot_description/share/robot_description/so-101
[1.101s] -- Installing: /home/kartik/robot_arm/install/robot_description/share/robot_description/so-101/so101.gazebo.xacro
[1.102s] -- Installing: /home/kartik/robot_arm/install/robot_description/share/robot_description/so-101/so101_ros2_control.xacro
[1.102s] -- Installing: /home/kartik/robot_arm/install/robot_description/share/robot_description/so-101/assets
[1.102s] -- Installing: /home/kartik/robot_arm/install/robot_description/share/robot_description/so-101/assets/upper_arm_so101_v1.part
[1.102s] -- Installing: /home/kartik/robot_arm/install/robot_description/share/robot_description/so-101/assets/motor_holder_so101_wrist_v1.stl
[1.102s] -- Installing: /home/kartik/robot_arm/install/robot_description/share/robot_description/so-101/assets/wrist_roll_pitch_so101_v2.part
[1.102s] -- Installing: /home/kartik/robot_arm/install/robot_description/share/robot_description/so-101/assets/motor_holder_so101_wrist_v1.part
[1.102s] -- Installing: /home/kartik/robot_arm/install/robot_description/share/robot_description/so-101/assets/sts3215_03a_no_horn_v1.part
[1.103s] -- Installing: /home/kartik/robot_arm/install/robot_description/share/robot_description/so-101/assets/upper_arm_so101_v1.stl
[1.103s] -- Installing: /home/kartik/robot_arm/install/robot_description/share/robot_description/so-101/assets/moving_jaw_so101_v1.stl
[1.104s] -- Installing: /home/kartik/robot_arm/install/robot_description/share/robot_description/so-101/assets/base_motor_holder_so101_v1.part
[1.105s] -- Installing: /home/kartik/robot_arm/install/robot_description/share/robot_description/so-101/assets/rotation_pitch_so101_v1.part
[1.105s] -- Installing: /home/kartik/robot_arm/install/robot_description/share/robot_description/so-101/assets/base_so101_v2.part
[1.105s] -- Installing: /home/kartik/robot_arm/install/robot_description/share/robot_description/so-101/assets/wrist_roll_follower_so101_v1.stl
[1.106s] -- Installing: /home/kartik/robot_arm/install/robot_description/share/robot_description/so-101/assets/motor_holder_so101_base_v1.stl
[1.106s] -- Installing: /home/kartik/robot_arm/install/robot_description/share/robot_description/so-101/assets/motor_holder_so101_base_v1.part
[1.106s] -- Installing: /home/kartik/robot_arm/install/robot_description/share/robot_description/so-101/assets/moving_jaw_so101_v1.part
[1.107s] -- Installing: /home/kartik/robot_arm/install/robot_description/share/robot_description/so-101/assets/sts3215_03a_v1.part
[1.107s] -- Installing: /home/kartik/robot_arm/install/robot_description/share/robot_description/so-101/assets/wrist_roll_follower_so101_v1.part
[1.107s] -- Installing: /home/kartik/robot_arm/install/robot_description/share/robot_description/so-101/assets/waveshare_mounting_plate_so101_v2.stl
[1.107s] -- Installing: /home/kartik/robot_arm/install/robot_description/share/robot_description/so-101/assets/waveshare_mounting_plate_so101_v2.part
[1.107s] -- Installing: /home/kartik/robot_arm/install/robot_description/share/robot_description/so-101/assets/base_so101_v2.stl
[1.107s] -- Installing: /home/kartik/robot_arm/install/robot_description/share/robot_description/so-101/assets/under_arm_so101_v1.stl
[1.109s] -- Installing: /home/kartik/robot_arm/install/robot_description/share/robot_description/so-101/assets/sts3215_03a_no_horn_v1.stl
[1.109s] -- Installing: /home/kartik/robot_arm/install/robot_description/share/robot_description/so-101/assets/wrist_roll_pitch_so101_v2.stl
[1.111s] -- Installing: /home/kartik/robot_arm/install/robot_description/share/robot_description/so-101/assets/rotation_pitch_so101_v1.stl
[1.111s] -- Installing: /home/kartik/robot_arm/install/robot_description/share/robot_description/so-101/assets/under_arm_so101_v1.part
[1.112s] -- Installing: /home/kartik/robot_arm/install/robot_description/share/robot_description/so-101/assets/base_motor_holder_so101_v1.stl
[1.113s] -- Installing: /home/kartik/robot_arm/install/robot_description/share/robot_description/so-101/assets/sts3215_03a_v1.stl
[1.113s] -- Installing: /home/kartik/robot_arm/install/robot_description/share/robot_description/so-101/so101.urdf.xacro
[1.114s] -- Installing: /home/kartik/robot_arm/install/robot_description/share/ament_index/resource_index/package_run_dependencies/robot_description
[1.114s] -- Installing: /home/kartik/robot_arm/install/robot_description/share/ament_index/resource_index/parent_prefix_path/robot_description
[1.114s] -- Installing: /home/kartik/robot_arm/install/robot_description/share/robot_description/environment/ament_prefix_path.sh
[1.114s] -- Installing: /home/kartik/robot_arm/install/robot_description/share/robot_description/environment/ament_prefix_path.dsv
[1.114s] -- Installing: /home/kartik/robot_arm/install/robot_description/share/robot_description/environment/path.sh
[1.114s] -- Installing: /home/kartik/robot_arm/install/robot_description/share/robot_description/environment/path.dsv
[1.115s] -- Installing: /home/kartik/robot_arm/install/robot_description/share/robot_description/local_setup.bash
[1.115s] -- Installing: /home/kartik/robot_arm/install/robot_description/share/robot_description/local_setup.sh
[1.115s] -- Installing: /home/kartik/robot_arm/install/robot_description/share/robot_description/local_setup.zsh
[1.115s] -- Installing: /home/kartik/robot_arm/install/robot_description/share/robot_description/local_setup.dsv
[1.115s] -- Installing: /home/kartik/robot_arm/install/robot_description/share/robot_description/package.dsv
[1.115s] -- Installing: /home/kartik/robot_arm/install/robot_description/share/ament_index/resource_index/packages/robot_description
[1.116s] -- Installing: /home/kartik/robot_arm/install/robot_description/share/robot_description/cmake/robot_descriptionConfig.cmake
[1.116s] -- Installing: /home/kartik/robot_arm/install/robot_description/share/robot_description/cmake/robot_descriptionConfig-version.cmake
[1.116s] -- Installing: /home/kartik/robot_arm/install/robot_description/share/robot_description/package.xml
[1.117s] Invoked command in '/home/kartik/robot_arm/build/robot_description' returned '0': CMAKE_PREFIX_PATH=${CMAKE_PREFIX_PATH}:/opt/ros/jazzy DEBUGINFOD_URLS=https://debuginfod.ubuntu.com /usr/bin/cmake --install /home/kartik/robot_arm/build/robot_description
