[0.008s] Invoking command in '/home/kartik/robot_arm/build/robot_description': CMAKE_PREFIX_PATH=${CMAKE_PREFIX_PATH}:/opt/ros/jazzy DEBUGINFOD_URLS=https://debuginfod.ubuntu.com /usr/bin/cmake --build /home/kartik/robot_arm/build/robot_description -- -j5 -l5
[0.045s] -- Found ament_cmake: 2.5.4 (/opt/ros/jazzy/share/ament_cmake/cmake)
[0.177s] -- Found xacro: 2.0.13 (/opt/ros/jazzy/share/xacro/cmake)
[0.178s] -- Found ament_lint_auto: 0.17.2 (/opt/ros/jazzy/share/ament_lint_auto/cmake)
[0.229s] -- Added test 'flake8' to check Python code syntax and style conventions
[0.229s] -- Configured 'flake8' exclude dirs and/or files: 
[0.229s] -- Added test 'lint_cmake' to check CMake code style
[0.229s] -- Added test 'pep257' to check Python code against some of the docstring style conventions in PEP 257
[0.231s] -- Added test 'xmllint' to check XML markup files
[0.231s] -- Configuring done (0.2s)
[0.235s] -- Generating done (0.0s)
[0.235s] -- Build files have been written to: /home/kartik/robot_arm/build/robot_description
[0.244s] Invoked command in '/home/kartik/robot_arm/build/robot_description' returned '0': CMAKE_PREFIX_PATH=${CMAKE_PREFIX_PATH}:/opt/ros/jazzy DEBUGINFOD_URLS=https://debuginfod.ubuntu.com /usr/bin/cmake --build /home/kartik/robot_arm/build/robot_description -- -j5 -l5
[0.245s] Invoking command in '/home/kartik/robot_arm/build/robot_description': CMAKE_PREFIX_PATH=${CMAKE_PREFIX_PATH}:/opt/ros/jazzy DEBUGINFOD_URLS=https://debuginfod.ubuntu.com /usr/bin/cmake --install /home/kartik/robot_arm/build/robot_description
[0.248s] -- Install configuration: ""
[0.249s] -- Up-to-date: /home/kartik/robot_arm/install/robot_description/share/robot_description/urdf
[0.249s] -- Up-to-date: /home/kartik/robot_arm/install/robot_description/share/robot_description/urdf/ur5_ros2_control.xacro
[0.249s] -- Up-to-date: /home/kartik/robot_arm/install/robot_description/share/robot_description/urdf/ur5.transmission.xacro
[0.249s] -- Up-to-date: /home/kartik/robot_arm/install/robot_description/share/robot_description/urdf/ur5.urdf.xacro
[0.249s] -- Up-to-date: /home/kartik/robot_arm/install/robot_description/share/robot_description/urdf/ur5.gazebo.xacro
[0.249s] -- Up-to-date: /home/kartik/robot_arm/install/robot_description/share/robot_description/meshes
[0.249s] -- Up-to-date: /home/kartik/robot_arm/install/robot_description/share/robot_description/meshes/ur5
[0.249s] -- Up-to-date: /home/kartik/robot_arm/install/robot_description/share/robot_description/meshes/ur5/visual
[0.249s] -- Up-to-date: /home/kartik/robot_arm/install/robot_description/share/robot_description/meshes/ur5/visual/Wrist1.dae
[0.249s] -- Up-to-date: /home/kartik/robot_arm/install/robot_description/share/robot_description/meshes/ur5/visual/Wrist3.dae
[0.249s] -- Up-to-date: /home/kartik/robot_arm/install/robot_description/share/robot_description/meshes/ur5/visual/Wrist2.dae
[0.249s] -- Up-to-date: /home/kartik/robot_arm/install/robot_description/share/robot_description/meshes/ur5/visual/Base.dae
[0.249s] -- Up-to-date: /home/kartik/robot_arm/install/robot_description/share/robot_description/meshes/ur5/visual/Shoulder.dae
[0.249s] -- Up-to-date: /home/kartik/robot_arm/install/robot_description/share/robot_description/meshes/ur5/visual/UpperArm.dae
[0.249s] -- Up-to-date: /home/kartik/robot_arm/install/robot_description/share/robot_description/meshes/ur5/visual/Forearm.dae
[0.249s] -- Up-to-date: /home/kartik/robot_arm/install/robot_description/share/robot_description/meshes/ur5/collision
[0.249s] -- Up-to-date: /home/kartik/robot_arm/install/robot_description/share/robot_description/meshes/ur5/collision/base.stl
[0.249s] -- Up-to-date: /home/kartik/robot_arm/install/robot_description/share/robot_description/meshes/ur5/collision/forearm.stl
[0.249s] -- Up-to-date: /home/kartik/robot_arm/install/robot_description/share/robot_description/meshes/ur5/collision/wrist_3.stl
[0.249s] -- Up-to-date: /home/kartik/robot_arm/install/robot_description/share/robot_description/meshes/ur5/collision/upper_arm.stl
[0.249s] -- Up-to-date: /home/kartik/robot_arm/install/robot_description/share/robot_description/meshes/ur5/collision/wrist_2.stl
[0.249s] -- Up-to-date: /home/kartik/robot_arm/install/robot_description/share/robot_description/meshes/ur5/collision/shoulder.stl
[0.249s] -- Up-to-date: /home/kartik/robot_arm/install/robot_description/share/robot_description/meshes/ur5/collision/wrist_1.stl
[0.250s] -- Up-to-date: /home/kartik/robot_arm/install/robot_description/share/robot_description/launch
[0.250s] -- Up-to-date: /home/kartik/robot_arm/install/robot_description/share/robot_description/launch/gazebo.launch.py
[0.250s] -- Up-to-date: /home/kartik/robot_arm/install/robot_description/share/robot_description/launch/display.launch.py
[0.250s] -- Up-to-date: /home/kartik/robot_arm/install/robot_description/share/robot_description/rviz
[0.250s] -- Up-to-date: /home/kartik/robot_arm/install/robot_description/share/robot_description/rviz/display.rviz
[0.250s] -- Installing: /home/kartik/robot_arm/install/robot_description/share/robot_description/so-101
[0.250s] -- Installing: /home/kartik/robot_arm/install/robot_description/share/robot_description/so-101/so101_new_calib.xml
[0.250s] -- Installing: /home/kartik/robot_arm/install/robot_description/share/robot_description/so-101/assets
[0.250s] -- Installing: /home/kartik/robot_arm/install/robot_description/share/robot_description/so-101/assets/upper_arm_so101_v1.stl
[0.250s] -- Installing: /home/kartik/robot_arm/install/robot_description/share/robot_description/so-101/assets/sts3215_03a_no_horn_v1.stl
[0.251s] -- Installing: /home/kartik/robot_arm/install/robot_description/share/robot_description/so-101/assets/base_so101_v2.part
[0.251s] -- Installing: /home/kartik/robot_arm/install/robot_description/share/robot_description/so-101/assets/motor_holder_so101_base_v1.stl
[0.252s] -- Installing: /home/kartik/robot_arm/install/robot_description/share/robot_description/so-101/assets/under_arm_so101_v1.stl
[0.253s] -- Installing: /home/kartik/robot_arm/install/robot_description/share/robot_description/so-101/assets/motor_holder_so101_wrist_v1.stl
[0.254s] -- Installing: /home/kartik/robot_arm/install/robot_description/share/robot_description/so-101/assets/sts3215_03a_v1.stl
[0.255s] -- Installing: /home/kartik/robot_arm/install/robot_description/share/robot_description/so-101/assets/wrist_roll_follower_so101_v1.stl
[0.256s] -- Installing: /home/kartik/robot_arm/install/robot_description/share/robot_description/so-101/assets/under_arm_so101_v1.part
[0.256s] -- Installing: /home/kartik/robot_arm/install/robot_description/share/robot_description/so-101/assets/sts3215_03a_no_horn_v1.part
[0.256s] -- Installing: /home/kartik/robot_arm/install/robot_description/share/robot_description/so-101/assets/moving_jaw_so101_v1.part
[0.256s] -- Installing: /home/kartik/robot_arm/install/robot_description/share/robot_description/so-101/assets/waveshare_mounting_plate_so101_v2.stl
[0.256s] -- Installing: /home/kartik/robot_arm/install/robot_description/share/robot_description/so-101/assets/motor_holder_so101_base_v1.part
[0.257s] -- Installing: /home/kartik/robot_arm/install/robot_description/share/robot_description/so-101/assets/base_motor_holder_so101_v1.part
[0.257s] -- Installing: /home/kartik/robot_arm/install/robot_description/share/robot_description/so-101/assets/wrist_roll_pitch_so101_v2.part
[0.257s] -- Installing: /home/kartik/robot_arm/install/robot_description/share/robot_description/so-101/assets/rotation_pitch_so101_v1.part
[0.257s] -- Installing: /home/kartik/robot_arm/install/robot_description/share/robot_description/so-101/assets/rotation_pitch_so101_v1.stl
[0.257s] -- Installing: /home/kartik/robot_arm/install/robot_description/share/robot_description/so-101/assets/base_so101_v2.stl
[0.258s] -- Installing: /home/kartik/robot_arm/install/robot_description/share/robot_description/so-101/assets/sts3215_03a_v1.part
[0.258s] -- Installing: /home/kartik/robot_arm/install/robot_description/share/robot_description/so-101/assets/wrist_roll_pitch_so101_v2.stl
[0.260s] -- Installing: /home/kartik/robot_arm/install/robot_description/share/robot_description/so-101/assets/upper_arm_so101_v1.part
[0.260s] -- Installing: /home/kartik/robot_arm/install/robot_description/share/robot_description/so-101/assets/base_motor_holder_so101_v1.stl
[0.262s] -- Installing: /home/kartik/robot_arm/install/robot_description/share/robot_description/so-101/assets/waveshare_mounting_plate_so101_v2.part
[0.262s] -- Installing: /home/kartik/robot_arm/install/robot_description/share/robot_description/so-101/assets/wrist_roll_follower_so101_v1.part
[0.263s] -- Installing: /home/kartik/robot_arm/install/robot_description/share/robot_description/so-101/assets/motor_holder_so101_wrist_v1.part
[0.263s] -- Installing: /home/kartik/robot_arm/install/robot_description/share/robot_description/so-101/assets/moving_jaw_so101_v1.stl
[0.264s] -- Up-to-date: /home/kartik/robot_arm/install/robot_description/share/ament_index/resource_index/package_run_dependencies/robot_description
[0.264s] -- Up-to-date: /home/kartik/robot_arm/install/robot_description/share/ament_index/resource_index/parent_prefix_path/robot_description
[0.264s] -- Up-to-date: /home/kartik/robot_arm/install/robot_description/share/robot_description/environment/ament_prefix_path.sh
[0.264s] -- Up-to-date: /home/kartik/robot_arm/install/robot_description/share/robot_description/environment/ament_prefix_path.dsv
[0.264s] -- Up-to-date: /home/kartik/robot_arm/install/robot_description/share/robot_description/environment/path.sh
[0.264s] -- Up-to-date: /home/kartik/robot_arm/install/robot_description/share/robot_description/environment/path.dsv
[0.264s] -- Up-to-date: /home/kartik/robot_arm/install/robot_description/share/robot_description/local_setup.bash
[0.264s] -- Up-to-date: /home/kartik/robot_arm/install/robot_description/share/robot_description/local_setup.sh
[0.264s] -- Up-to-date: /home/kartik/robot_arm/install/robot_description/share/robot_description/local_setup.zsh
[0.264s] -- Up-to-date: /home/kartik/robot_arm/install/robot_description/share/robot_description/local_setup.dsv
[0.264s] -- Installing: /home/kartik/robot_arm/install/robot_description/share/robot_description/package.dsv
[0.264s] -- Up-to-date: /home/kartik/robot_arm/install/robot_description/share/ament_index/resource_index/packages/robot_description
[0.265s] -- Up-to-date: /home/kartik/robot_arm/install/robot_description/share/robot_description/cmake/robot_descriptionConfig.cmake
[0.265s] -- Up-to-date: /home/kartik/robot_arm/install/robot_description/share/robot_description/cmake/robot_descriptionConfig-version.cmake
[0.265s] -- Up-to-date: /home/kartik/robot_arm/install/robot_description/share/robot_description/package.xml
[0.265s] Invoked command in '/home/kartik/robot_arm/build/robot_description' returned '0': CMAKE_PREFIX_PATH=${CMAKE_PREFIX_PATH}:/opt/ros/jazzy DEBUGINFOD_URLS=https://debuginfod.ubuntu.com /usr/bin/cmake --install /home/kartik/robot_arm/build/robot_description
