[0.138s] DEBUG:colcon:Command line arguments: ['/usr/bin/colcon', 'build']
[0.138s] DEBUG:colcon:Parsed command line arguments: Namespace(log_base=None, log_level=None, verb_name='build', build_base='build', install_base='install', merge_install=False, symlink_install=False, test_result_base=None, continue_on_error=False, executor='parallel', parallel_workers=5, event_handlers=None, ignore_user_meta=False, metas=['./colcon.meta'], base_paths=['.'], packages_ignore=None, packages_ignore_regex=None, paths=None, packages_up_to=None, packages_up_to_regex=None, packages_above=None, packages_above_and_dependencies=None, packages_above_depth=None, packages_select_by_dep=None, packages_skip_by_dep=None, packages_skip_up_to=None, packages_select_build_failed=False, packages_skip_build_finished=False, packages_select_test_failures=False, packages_skip_test_passed=False, packages_select=None, packages_skip=None, packages_select_regex=None, packages_skip_regex=None, packages_start=None, packages_end=None, allow_overriding=[], cmake_args=None, cmake_target=None, cmake_target_skip_unavailable=False, cmake_clean_cache=False, cmake_clean_first=False, cmake_force_configure=False, ament_cmake_args=None, catkin_cmake_args=None, catkin_skip_building_tests=False, mixin_files=None, mixin=None, verb_parser=<colcon_mixin.mixin.mixin_argument.MixinArgumentDecorator object at 0xffbf7d054e60>, verb_extension=<colcon_core.verb.build.BuildVerb object at 0xffbf7d054c50>, main=<bound method BuildVerb.main of <colcon_core.verb.build.BuildVerb object at 0xffbf7d054c50>>, mixin_verb=('build',))
[0.165s] Level 1:colcon.colcon_core.package_discovery:discover_packages(colcon_meta) check parameters
[0.165s] Level 1:colcon.colcon_core.package_discovery:discover_packages(recursive) check parameters
[0.165s] Level 1:colcon.colcon_core.package_discovery:discover_packages(ignore) check parameters
[0.165s] Level 1:colcon.colcon_core.package_discovery:discover_packages(path) check parameters
[0.165s] Level 1:colcon.colcon_core.package_discovery:discover_packages(colcon_meta) discover
[0.165s] Level 1:colcon.colcon_core.package_discovery:discover_packages(recursive) discover
[0.165s] INFO:colcon.colcon_core.package_discovery:Crawling recursively for packages in '/home/kartik/robot_arm'
[0.165s] Level 1:colcon.colcon_core.package_identification:_identify(.) by extensions ['ignore', 'ignore_ament_install']
[0.165s] Level 1:colcon.colcon_core.package_identification:_identify(.) by extension 'ignore'
[0.165s] Level 1:colcon.colcon_core.package_identification:_identify(.) by extension 'ignore_ament_install'
[0.165s] Level 1:colcon.colcon_core.package_identification:_identify(.) by extensions ['colcon_pkg']
[0.165s] Level 1:colcon.colcon_core.package_identification:_identify(.) by extension 'colcon_pkg'
[0.165s] Level 1:colcon.colcon_core.package_identification:_identify(.) by extensions ['colcon_meta']
[0.165s] Level 1:colcon.colcon_core.package_identification:_identify(.) by extension 'colcon_meta'
[0.165s] Level 1:colcon.colcon_core.package_identification:_identify(.) by extensions ['ros']
[0.165s] Level 1:colcon.colcon_core.package_identification:_identify(.) by extension 'ros'
[0.180s] Level 1:colcon.colcon_core.package_identification:_identify(.) by extensions ['cmake', 'python']
[0.180s] Level 1:colcon.colcon_core.package_identification:_identify(.) by extension 'cmake'
[0.180s] Level 1:colcon.colcon_core.package_identification:_identify(.) by extension 'python'
[0.180s] Level 1:colcon.colcon_core.package_identification:_identify(.) by extensions ['python_setup_py']
[0.180s] Level 1:colcon.colcon_core.package_identification:_identify(.) by extension 'python_setup_py'
[0.180s] Level 1:colcon.colcon_core.package_identification:_identify(build) by extensions ['ignore', 'ignore_ament_install']
[0.180s] Level 1:colcon.colcon_core.package_identification:_identify(build) by extension 'ignore'
[0.180s] Level 1:colcon.colcon_core.package_identification:_identify(build) ignored
[0.180s] Level 1:colcon.colcon_core.package_identification:_identify(install) by extensions ['ignore', 'ignore_ament_install']
[0.180s] Level 1:colcon.colcon_core.package_identification:_identify(install) by extension 'ignore'
[0.180s] Level 1:colcon.colcon_core.package_identification:_identify(install) ignored
[0.180s] Level 1:colcon.colcon_core.package_identification:_identify(log) by extensions ['ignore', 'ignore_ament_install']
[0.180s] Level 1:colcon.colcon_core.package_identification:_identify(log) by extension 'ignore'
[0.180s] Level 1:colcon.colcon_core.package_identification:_identify(log) ignored
[0.180s] Level 1:colcon.colcon_core.package_identification:_identify(src) by extensions ['ignore', 'ignore_ament_install']
[0.180s] Level 1:colcon.colcon_core.package_identification:_identify(src) by extension 'ignore'
[0.180s] Level 1:colcon.colcon_core.package_identification:_identify(src) by extension 'ignore_ament_install'
[0.180s] Level 1:colcon.colcon_core.package_identification:_identify(src) by extensions ['colcon_pkg']
[0.180s] Level 1:colcon.colcon_core.package_identification:_identify(src) by extension 'colcon_pkg'
[0.180s] Level 1:colcon.colcon_core.package_identification:_identify(src) by extensions ['colcon_meta']
[0.180s] Level 1:colcon.colcon_core.package_identification:_identify(src) by extension 'colcon_meta'
[0.180s] Level 1:colcon.colcon_core.package_identification:_identify(src) by extensions ['ros']
[0.180s] Level 1:colcon.colcon_core.package_identification:_identify(src) by extension 'ros'
[0.180s] Level 1:colcon.colcon_core.package_identification:_identify(src) by extensions ['cmake', 'python']
[0.180s] Level 1:colcon.colcon_core.package_identification:_identify(src) by extension 'cmake'
[0.180s] Level 1:colcon.colcon_core.package_identification:_identify(src) by extension 'python'
[0.180s] Level 1:colcon.colcon_core.package_identification:_identify(src) by extensions ['python_setup_py']
[0.180s] Level 1:colcon.colcon_core.package_identification:_identify(src) by extension 'python_setup_py'
[0.180s] Level 1:colcon.colcon_core.package_identification:_identify(src/robot_controller) by extensions ['ignore', 'ignore_ament_install']
[0.180s] Level 1:colcon.colcon_core.package_identification:_identify(src/robot_controller) by extension 'ignore'
[0.180s] Level 1:colcon.colcon_core.package_identification:_identify(src/robot_controller) by extension 'ignore_ament_install'
[0.180s] Level 1:colcon.colcon_core.package_identification:_identify(src/robot_controller) by extensions ['colcon_pkg']
[0.180s] Level 1:colcon.colcon_core.package_identification:_identify(src/robot_controller) by extension 'colcon_pkg'
[0.180s] Level 1:colcon.colcon_core.package_identification:_identify(src/robot_controller) by extensions ['colcon_meta']
[0.180s] Level 1:colcon.colcon_core.package_identification:_identify(src/robot_controller) by extension 'colcon_meta'
[0.180s] Level 1:colcon.colcon_core.package_identification:_identify(src/robot_controller) by extensions ['ros']
[0.180s] Level 1:colcon.colcon_core.package_identification:_identify(src/robot_controller) by extension 'ros'
[0.182s] DEBUG:colcon.colcon_core.package_identification:Package 'src/robot_controller' with type 'ros.ament_cmake' and name 'robot_controller'
[0.182s] Level 1:colcon.colcon_core.package_identification:_identify(src/robot_description) by extensions ['ignore', 'ignore_ament_install']
[0.182s] Level 1:colcon.colcon_core.package_identification:_identify(src/robot_description) by extension 'ignore'
[0.182s] Level 1:colcon.colcon_core.package_identification:_identify(src/robot_description) by extension 'ignore_ament_install'
[0.182s] Level 1:colcon.colcon_core.package_identification:_identify(src/robot_description) by extensions ['colcon_pkg']
[0.182s] Level 1:colcon.colcon_core.package_identification:_identify(src/robot_description) by extension 'colcon_pkg'
[0.182s] Level 1:colcon.colcon_core.package_identification:_identify(src/robot_description) by extensions ['colcon_meta']
[0.182s] Level 1:colcon.colcon_core.package_identification:_identify(src/robot_description) by extension 'colcon_meta'
[0.182s] Level 1:colcon.colcon_core.package_identification:_identify(src/robot_description) by extensions ['ros']
[0.182s] Level 1:colcon.colcon_core.package_identification:_identify(src/robot_description) by extension 'ros'
[0.183s] DEBUG:colcon.colcon_core.package_identification:Package 'src/robot_description' with type 'ros.ament_cmake' and name 'robot_description'
[0.183s] Level 1:colcon.colcon_core.package_identification:_identify(src/robot_moveit) by extensions ['ignore', 'ignore_ament_install']
[0.183s] Level 1:colcon.colcon_core.package_identification:_identify(src/robot_moveit) by extension 'ignore'
[0.183s] Level 1:colcon.colcon_core.package_identification:_identify(src/robot_moveit) by extension 'ignore_ament_install'
[0.183s] Level 1:colcon.colcon_core.package_identification:_identify(src/robot_moveit) by extensions ['colcon_pkg']
[0.183s] Level 1:colcon.colcon_core.package_identification:_identify(src/robot_moveit) by extension 'colcon_pkg'
[0.183s] Level 1:colcon.colcon_core.package_identification:_identify(src/robot_moveit) by extensions ['colcon_meta']
[0.183s] Level 1:colcon.colcon_core.package_identification:_identify(src/robot_moveit) by extension 'colcon_meta'
[0.183s] Level 1:colcon.colcon_core.package_identification:_identify(src/robot_moveit) by extensions ['ros']
[0.183s] Level 1:colcon.colcon_core.package_identification:_identify(src/robot_moveit) by extension 'ros'
[0.183s] DEBUG:colcon.colcon_core.package_identification:Package 'src/robot_moveit' with type 'ros.ament_cmake' and name 'robot_moveit'
[0.184s] Level 1:colcon.colcon_core.package_identification:_identify(src/robot_msgs) by extensions ['ignore', 'ignore_ament_install']
[0.184s] Level 1:colcon.colcon_core.package_identification:_identify(src/robot_msgs) by extension 'ignore'
[0.184s] Level 1:colcon.colcon_core.package_identification:_identify(src/robot_msgs) by extension 'ignore_ament_install'
[0.184s] Level 1:colcon.colcon_core.package_identification:_identify(src/robot_msgs) by extensions ['colcon_pkg']
[0.184s] Level 1:colcon.colcon_core.package_identification:_identify(src/robot_msgs) by extension 'colcon_pkg'
[0.184s] Level 1:colcon.colcon_core.package_identification:_identify(src/robot_msgs) by extensions ['colcon_meta']
[0.184s] Level 1:colcon.colcon_core.package_identification:_identify(src/robot_msgs) by extension 'colcon_meta'
[0.184s] Level 1:colcon.colcon_core.package_identification:_identify(src/robot_msgs) by extensions ['ros']
[0.184s] Level 1:colcon.colcon_core.package_identification:_identify(src/robot_msgs) by extension 'ros'
[0.184s] DEBUG:colcon.colcon_core.package_identification:Package 'src/robot_msgs' with type 'ros.ament_cmake' and name 'robot_msgs'
[0.184s] Level 1:colcon.colcon_core.package_identification:_identify(src/robot_utils) by extensions ['ignore', 'ignore_ament_install']
[0.184s] Level 1:colcon.colcon_core.package_identification:_identify(src/robot_utils) by extension 'ignore'
[0.184s] Level 1:colcon.colcon_core.package_identification:_identify(src/robot_utils) by extension 'ignore_ament_install'
[0.184s] Level 1:colcon.colcon_core.package_identification:_identify(src/robot_utils) by extensions ['colcon_pkg']
[0.184s] Level 1:colcon.colcon_core.package_identification:_identify(src/robot_utils) by extension 'colcon_pkg'
[0.184s] Level 1:colcon.colcon_core.package_identification:_identify(src/robot_utils) by extensions ['colcon_meta']
[0.184s] Level 1:colcon.colcon_core.package_identification:_identify(src/robot_utils) by extension 'colcon_meta'
[0.184s] Level 1:colcon.colcon_core.package_identification:_identify(src/robot_utils) by extensions ['ros']
[0.185s] Level 1:colcon.colcon_core.package_identification:_identify(src/robot_utils) by extension 'ros'
[0.185s] DEBUG:colcon.colcon_core.package_identification:Package 'src/robot_utils' with type 'ros.ament_cmake' and name 'robot_utils'
[0.185s] Level 1:colcon.colcon_core.package_discovery:discover_packages(recursive) using defaults
[0.185s] Level 1:colcon.colcon_core.package_discovery:discover_packages(ignore) discover
[0.185s] Level 1:colcon.colcon_core.package_discovery:discover_packages(ignore) using defaults
[0.185s] Level 1:colcon.colcon_core.package_discovery:discover_packages(path) discover
[0.185s] Level 1:colcon.colcon_core.package_discovery:discover_packages(path) using defaults
[0.197s] Level 1:colcon.colcon_core.package_discovery:discover_packages(prefix_path) check parameters
[0.197s] Level 1:colcon.colcon_core.package_discovery:discover_packages(prefix_path) discover
[0.198s] DEBUG:colcon.colcon_installed_package_information.package_discovery:Found 441 installed packages in /opt/ros/jazzy
[0.199s] Level 1:colcon.colcon_core.package_discovery:discover_packages(prefix_path) using defaults
[0.221s] Level 5:colcon.colcon_core.verb:set package 'robot_controller' build argument 'cmake_args' from command line to 'None'
[0.221s] Level 5:colcon.colcon_core.verb:set package 'robot_controller' build argument 'cmake_target' from command line to 'None'
[0.221s] Level 5:colcon.colcon_core.verb:set package 'robot_controller' build argument 'cmake_target_skip_unavailable' from command line to 'False'
[0.221s] Level 5:colcon.colcon_core.verb:set package 'robot_controller' build argument 'cmake_clean_cache' from command line to 'False'
[0.221s] Level 5:colcon.colcon_core.verb:set package 'robot_controller' build argument 'cmake_clean_first' from command line to 'False'
[0.221s] Level 5:colcon.colcon_core.verb:set package 'robot_controller' build argument 'cmake_force_configure' from command line to 'False'
[0.221s] Level 5:colcon.colcon_core.verb:set package 'robot_controller' build argument 'ament_cmake_args' from command line to 'None'
[0.221s] Level 5:colcon.colcon_core.verb:set package 'robot_controller' build argument 'catkin_cmake_args' from command line to 'None'
[0.221s] Level 5:colcon.colcon_core.verb:set package 'robot_controller' build argument 'catkin_skip_building_tests' from command line to 'False'
[0.221s] DEBUG:colcon.colcon_core.verb:Building package 'robot_controller' with the following arguments: {'ament_cmake_args': None, 'build_base': '/home/kartik/robot_arm/build/robot_controller', 'catkin_cmake_args': None, 'catkin_skip_building_tests': False, 'cmake_args': None, 'cmake_clean_cache': False, 'cmake_clean_first': False, 'cmake_force_configure': False, 'cmake_target': None, 'cmake_target_skip_unavailable': False, 'install_base': '/home/kartik/robot_arm/install/robot_controller', 'merge_install': False, 'path': '/home/kartik/robot_arm/src/robot_controller', 'symlink_install': False, 'test_result_base': None}
[0.222s] Level 5:colcon.colcon_core.verb:set package 'robot_description' build argument 'cmake_args' from command line to 'None'
[0.222s] Level 5:colcon.colcon_core.verb:set package 'robot_description' build argument 'cmake_target' from command line to 'None'
[0.222s] Level 5:colcon.colcon_core.verb:set package 'robot_description' build argument 'cmake_target_skip_unavailable' from command line to 'False'
[0.222s] Level 5:colcon.colcon_core.verb:set package 'robot_description' build argument 'cmake_clean_cache' from command line to 'False'
[0.222s] Level 5:colcon.colcon_core.verb:set package 'robot_description' build argument 'cmake_clean_first' from command line to 'False'
[0.222s] Level 5:colcon.colcon_core.verb:set package 'robot_description' build argument 'cmake_force_configure' from command line to 'False'
[0.222s] Level 5:colcon.colcon_core.verb:set package 'robot_description' build argument 'ament_cmake_args' from command line to 'None'
[0.222s] Level 5:colcon.colcon_core.verb:set package 'robot_description' build argument 'catkin_cmake_args' from command line to 'None'
[0.222s] Level 5:colcon.colcon_core.verb:set package 'robot_description' build argument 'catkin_skip_building_tests' from command line to 'False'
[0.222s] DEBUG:colcon.colcon_core.verb:Building package 'robot_description' with the following arguments: {'ament_cmake_args': None, 'build_base': '/home/kartik/robot_arm/build/robot_description', 'catkin_cmake_args': None, 'catkin_skip_building_tests': False, 'cmake_args': None, 'cmake_clean_cache': False, 'cmake_clean_first': False, 'cmake_force_configure': False, 'cmake_target': None, 'cmake_target_skip_unavailable': False, 'install_base': '/home/kartik/robot_arm/install/robot_description', 'merge_install': False, 'path': '/home/kartik/robot_arm/src/robot_description', 'symlink_install': False, 'test_result_base': None}
[0.222s] Level 5:colcon.colcon_core.verb:set package 'robot_moveit' build argument 'cmake_args' from command line to 'None'
[0.222s] Level 5:colcon.colcon_core.verb:set package 'robot_moveit' build argument 'cmake_target' from command line to 'None'
[0.222s] Level 5:colcon.colcon_core.verb:set package 'robot_moveit' build argument 'cmake_target_skip_unavailable' from command line to 'False'
[0.222s] Level 5:colcon.colcon_core.verb:set package 'robot_moveit' build argument 'cmake_clean_cache' from command line to 'False'
[0.222s] Level 5:colcon.colcon_core.verb:set package 'robot_moveit' build argument 'cmake_clean_first' from command line to 'False'
[0.222s] Level 5:colcon.colcon_core.verb:set package 'robot_moveit' build argument 'cmake_force_configure' from command line to 'False'
[0.222s] Level 5:colcon.colcon_core.verb:set package 'robot_moveit' build argument 'ament_cmake_args' from command line to 'None'
[0.222s] Level 5:colcon.colcon_core.verb:set package 'robot_moveit' build argument 'catkin_cmake_args' from command line to 'None'
[0.222s] Level 5:colcon.colcon_core.verb:set package 'robot_moveit' build argument 'catkin_skip_building_tests' from command line to 'False'
[0.222s] DEBUG:colcon.colcon_core.verb:Building package 'robot_moveit' with the following arguments: {'ament_cmake_args': None, 'build_base': '/home/kartik/robot_arm/build/robot_moveit', 'catkin_cmake_args': None, 'catkin_skip_building_tests': False, 'cmake_args': None, 'cmake_clean_cache': False, 'cmake_clean_first': False, 'cmake_force_configure': False, 'cmake_target': None, 'cmake_target_skip_unavailable': False, 'install_base': '/home/kartik/robot_arm/install/robot_moveit', 'merge_install': False, 'path': '/home/kartik/robot_arm/src/robot_moveit', 'symlink_install': False, 'test_result_base': None}
[0.222s] Level 5:colcon.colcon_core.verb:set package 'robot_msgs' build argument 'cmake_args' from command line to 'None'
[0.222s] Level 5:colcon.colcon_core.verb:set package 'robot_msgs' build argument 'cmake_target' from command line to 'None'
[0.222s] Level 5:colcon.colcon_core.verb:set package 'robot_msgs' build argument 'cmake_target_skip_unavailable' from command line to 'False'
[0.222s] Level 5:colcon.colcon_core.verb:set package 'robot_msgs' build argument 'cmake_clean_cache' from command line to 'False'
[0.222s] Level 5:colcon.colcon_core.verb:set package 'robot_msgs' build argument 'cmake_clean_first' from command line to 'False'
[0.222s] Level 5:colcon.colcon_core.verb:set package 'robot_msgs' build argument 'cmake_force_configure' from command line to 'False'
[0.222s] Level 5:colcon.colcon_core.verb:set package 'robot_msgs' build argument 'ament_cmake_args' from command line to 'None'
[0.222s] Level 5:colcon.colcon_core.verb:set package 'robot_msgs' build argument 'catkin_cmake_args' from command line to 'None'
[0.222s] Level 5:colcon.colcon_core.verb:set package 'robot_msgs' build argument 'catkin_skip_building_tests' from command line to 'False'
[0.222s] DEBUG:colcon.colcon_core.verb:Building package 'robot_msgs' with the following arguments: {'ament_cmake_args': None, 'build_base': '/home/kartik/robot_arm/build/robot_msgs', 'catkin_cmake_args': None, 'catkin_skip_building_tests': False, 'cmake_args': None, 'cmake_clean_cache': False, 'cmake_clean_first': False, 'cmake_force_configure': False, 'cmake_target': None, 'cmake_target_skip_unavailable': False, 'install_base': '/home/kartik/robot_arm/install/robot_msgs', 'merge_install': False, 'path': '/home/kartik/robot_arm/src/robot_msgs', 'symlink_install': False, 'test_result_base': None}
[0.222s] Level 5:colcon.colcon_core.verb:set package 'robot_utils' build argument 'cmake_args' from command line to 'None'
[0.222s] Level 5:colcon.colcon_core.verb:set package 'robot_utils' build argument 'cmake_target' from command line to 'None'
[0.222s] Level 5:colcon.colcon_core.verb:set package 'robot_utils' build argument 'cmake_target_skip_unavailable' from command line to 'False'
[0.222s] Level 5:colcon.colcon_core.verb:set package 'robot_utils' build argument 'cmake_clean_cache' from command line to 'False'
[0.222s] Level 5:colcon.colcon_core.verb:set package 'robot_utils' build argument 'cmake_clean_first' from command line to 'False'
[0.222s] Level 5:colcon.colcon_core.verb:set package 'robot_utils' build argument 'cmake_force_configure' from command line to 'False'
[0.222s] Level 5:colcon.colcon_core.verb:set package 'robot_utils' build argument 'ament_cmake_args' from command line to 'None'
[0.222s] Level 5:colcon.colcon_core.verb:set package 'robot_utils' build argument 'catkin_cmake_args' from command line to 'None'
[0.222s] Level 5:colcon.colcon_core.verb:set package 'robot_utils' build argument 'catkin_skip_building_tests' from command line to 'False'
[0.222s] DEBUG:colcon.colcon_core.verb:Building package 'robot_utils' with the following arguments: {'ament_cmake_args': None, 'build_base': '/home/kartik/robot_arm/build/robot_utils', 'catkin_cmake_args': None, 'catkin_skip_building_tests': False, 'cmake_args': None, 'cmake_clean_cache': False, 'cmake_clean_first': False, 'cmake_force_configure': False, 'cmake_target': None, 'cmake_target_skip_unavailable': False, 'install_base': '/home/kartik/robot_arm/install/robot_utils', 'merge_install': False, 'path': '/home/kartik/robot_arm/src/robot_utils', 'symlink_install': False, 'test_result_base': None}
[0.222s] INFO:colcon.colcon_core.executor:Executing jobs using 'parallel' executor
[0.222s] DEBUG:colcon.colcon_parallel_executor.executor.parallel:run_until_complete
[0.223s] INFO:colcon.colcon_ros.task.ament_cmake.build:Building ROS package in '/home/kartik/robot_arm/src/robot_msgs' with build type 'ament_cmake'
[0.223s] INFO:colcon.colcon_cmake.task.cmake.build:Building CMake package in '/home/kartik/robot_arm/src/robot_msgs'
[0.225s] INFO:colcon.colcon_core.plugin_system:Skipping extension 'colcon_core.shell.bat': Not used on non-Windows systems
[0.225s] INFO:colcon.colcon_core.shell:Skip shell extension 'powershell' for command environment: Not usable outside of PowerShell
[0.225s] DEBUG:colcon.colcon_core.shell:Skip shell extension 'dsv' for command environment
[0.228s] INFO:colcon.colcon_ros.task.ament_cmake.build:Building ROS package in '/home/kartik/robot_arm/src/robot_controller' with build type 'ament_cmake'
[0.228s] INFO:colcon.colcon_cmake.task.cmake.build:Building CMake package in '/home/kartik/robot_arm/src/robot_controller'
[0.228s] INFO:colcon.colcon_core.shell:Skip shell extension 'powershell' for command environment: Not usable outside of PowerShell
[0.228s] DEBUG:colcon.colcon_core.shell:Skip shell extension 'dsv' for command environment
[0.229s] INFO:colcon.colcon_ros.task.ament_cmake.build:Building ROS package in '/home/kartik/robot_arm/src/robot_description' with build type 'ament_cmake'
[0.229s] INFO:colcon.colcon_cmake.task.cmake.build:Building CMake package in '/home/kartik/robot_arm/src/robot_description'
[0.229s] INFO:colcon.colcon_core.shell:Skip shell extension 'powershell' for command environment: Not usable outside of PowerShell
[0.229s] DEBUG:colcon.colcon_core.shell:Skip shell extension 'dsv' for command environment
[0.231s] INFO:colcon.colcon_ros.task.ament_cmake.build:Building ROS package in '/home/kartik/robot_arm/src/robot_moveit' with build type 'ament_cmake'
[0.231s] INFO:colcon.colcon_cmake.task.cmake.build:Building CMake package in '/home/kartik/robot_arm/src/robot_moveit'
[0.231s] INFO:colcon.colcon_core.shell:Skip shell extension 'powershell' for command environment: Not usable outside of PowerShell
[0.231s] DEBUG:colcon.colcon_core.shell:Skip shell extension 'dsv' for command environment
[0.235s] DEBUG:colcon.colcon_core.event_handler.log_command:Invoking command in '/home/kartik/robot_arm/build/robot_msgs': CMAKE_PREFIX_PATH=${CMAKE_PREFIX_PATH}:/opt/ros/jazzy DEBUGINFOD_URLS=https://debuginfod.ubuntu.com /usr/bin/cmake --build /home/kartik/robot_arm/build/robot_msgs -- -j5 -l5
[0.240s] DEBUG:colcon.colcon_core.event_handler.log_command:Invoking command in '/home/kartik/robot_arm/build/robot_controller': CMAKE_PREFIX_PATH=${CMAKE_PREFIX_PATH}:/opt/ros/jazzy DEBUGINFOD_URLS=https://debuginfod.ubuntu.com /usr/bin/cmake --build /home/kartik/robot_arm/build/robot_controller -- -j5 -l5
[0.241s] DEBUG:colcon.colcon_core.event_handler.log_command:Invoking command in '/home/kartik/robot_arm/build/robot_description': CMAKE_PREFIX_PATH=${CMAKE_PREFIX_PATH}:/opt/ros/jazzy DEBUGINFOD_URLS=https://debuginfod.ubuntu.com /usr/bin/cmake --build /home/kartik/robot_arm/build/robot_description -- -j5 -l5
[0.244s] DEBUG:colcon.colcon_core.event_handler.log_command:Invoking command in '/home/kartik/robot_arm/build/robot_moveit': CMAKE_PREFIX_PATH=${CMAKE_PREFIX_PATH}:/opt/ros/jazzy DEBUGINFOD_URLS=https://debuginfod.ubuntu.com /usr/bin/cmake --build /home/kartik/robot_arm/build/robot_moveit -- -j5 -l5
[0.292s] DEBUG:colcon.colcon_core.event_handler.log_command:Invoked command in '/home/kartik/robot_arm/build/robot_controller' returned '0': CMAKE_PREFIX_PATH=${CMAKE_PREFIX_PATH}:/opt/ros/jazzy DEBUGINFOD_URLS=https://debuginfod.ubuntu.com /usr/bin/cmake --build /home/kartik/robot_arm/build/robot_controller -- -j5 -l5
[0.298s] DEBUG:colcon.colcon_core.event_handler.log_command:Invoking command in '/home/kartik/robot_arm/build/robot_controller': CMAKE_PREFIX_PATH=${CMAKE_PREFIX_PATH}:/opt/ros/jazzy DEBUGINFOD_URLS=https://debuginfod.ubuntu.com /usr/bin/cmake --install /home/kartik/robot_arm/build/robot_controller
[0.298s] DEBUG:colcon.colcon_core.event_handler.log_command:Invoked command in '/home/kartik/robot_arm/build/robot_description' returned '0': CMAKE_PREFIX_PATH=${CMAKE_PREFIX_PATH}:/opt/ros/jazzy DEBUGINFOD_URLS=https://debuginfod.ubuntu.com /usr/bin/cmake --build /home/kartik/robot_arm/build/robot_description -- -j5 -l5
[0.299s] DEBUG:colcon.colcon_core.event_handler.log_command:Invoking command in '/home/kartik/robot_arm/build/robot_description': CMAKE_PREFIX_PATH=${CMAKE_PREFIX_PATH}:/opt/ros/jazzy DEBUGINFOD_URLS=https://debuginfod.ubuntu.com /usr/bin/cmake --install /home/kartik/robot_arm/build/robot_description
[0.300s] DEBUG:colcon.colcon_core.event_handler.log_command:Invoked command in '/home/kartik/robot_arm/build/robot_moveit' returned '0': CMAKE_PREFIX_PATH=${CMAKE_PREFIX_PATH}:/opt/ros/jazzy DEBUGINFOD_URLS=https://debuginfod.ubuntu.com /usr/bin/cmake --build /home/kartik/robot_arm/build/robot_moveit -- -j5 -l5
[0.302s] DEBUG:colcon.colcon_core.event_handler.log_command:Invoking command in '/home/kartik/robot_arm/build/robot_moveit': CMAKE_PREFIX_PATH=${CMAKE_PREFIX_PATH}:/opt/ros/jazzy DEBUGINFOD_URLS=https://debuginfod.ubuntu.com /usr/bin/cmake --install /home/kartik/robot_arm/build/robot_moveit
[0.307s] Level 1:colcon.colcon_core.environment:create_environment_scripts_only(robot_controller)
[0.307s] DEBUG:colcon.colcon_core.event_handler.log_command:Invoked command in '/home/kartik/robot_arm/build/robot_controller' returned '0': CMAKE_PREFIX_PATH=${CMAKE_PREFIX_PATH}:/opt/ros/jazzy DEBUGINFOD_URLS=https://debuginfod.ubuntu.com /usr/bin/cmake --install /home/kartik/robot_arm/build/robot_controller
[0.311s] Level 1:colcon.colcon_core.environment:checking '/home/kartik/robot_arm/install/robot_controller' for CMake module files
[0.311s] Level 1:colcon.colcon_core.environment:checking '/home/kartik/robot_arm/install/robot_controller' for CMake config files
[0.312s] Level 1:colcon.colcon_core.shell:create_environment_hook('robot_controller', 'cmake_prefix_path')
[0.312s] INFO:colcon.colcon_core.shell:Creating environment hook '/home/kartik/robot_arm/install/robot_controller/share/robot_controller/hook/cmake_prefix_path.ps1'
[0.312s] INFO:colcon.colcon_core.shell:Creating environment descriptor '/home/kartik/robot_arm/install/robot_controller/share/robot_controller/hook/cmake_prefix_path.dsv'
[0.313s] INFO:colcon.colcon_core.shell:Creating environment hook '/home/kartik/robot_arm/install/robot_controller/share/robot_controller/hook/cmake_prefix_path.sh'
[0.313s] Level 1:colcon.colcon_core.environment:checking '/home/kartik/robot_arm/install/robot_controller/bin'
[0.313s] Level 1:colcon.colcon_core.environment:checking '/home/kartik/robot_arm/install/robot_controller/lib/pkgconfig/robot_controller.pc'
[0.314s] Level 1:colcon.colcon_core.environment:checking '/home/kartik/robot_arm/install/robot_controller/lib/python3.12/site-packages'
[0.314s] Level 1:colcon.colcon_core.environment:checking '/home/kartik/robot_arm/install/robot_controller/bin'
[0.314s] INFO:colcon.colcon_core.shell:Creating package script '/home/kartik/robot_arm/install/robot_controller/share/robot_controller/package.ps1'
[0.314s] INFO:colcon.colcon_core.shell:Creating package descriptor '/home/kartik/robot_arm/install/robot_controller/share/robot_controller/package.dsv'
[0.314s] INFO:colcon.colcon_core.shell:Creating package script '/home/kartik/robot_arm/install/robot_controller/share/robot_controller/package.sh'
[0.315s] INFO:colcon.colcon_core.shell:Creating package script '/home/kartik/robot_arm/install/robot_controller/share/robot_controller/package.bash'
[0.315s] INFO:colcon.colcon_core.shell:Creating package script '/home/kartik/robot_arm/install/robot_controller/share/robot_controller/package.zsh'
[0.316s] Level 1:colcon.colcon_core.environment:create_file_with_runtime_dependencies(/home/kartik/robot_arm/install/robot_controller/share/colcon-core/packages/robot_controller)
[0.316s] Level 1:colcon.colcon_core.environment:create_environment_scripts_only(robot_controller)
[0.316s] Level 1:colcon.colcon_core.environment:checking '/home/kartik/robot_arm/install/robot_controller' for CMake module files
[0.317s] Level 1:colcon.colcon_core.environment:checking '/home/kartik/robot_arm/install/robot_controller' for CMake config files
[0.317s] Level 1:colcon.colcon_core.shell:create_environment_hook('robot_controller', 'cmake_prefix_path')
[0.317s] INFO:colcon.colcon_core.shell:Creating environment hook '/home/kartik/robot_arm/install/robot_controller/share/robot_controller/hook/cmake_prefix_path.ps1'
[0.317s] INFO:colcon.colcon_core.shell:Creating environment descriptor '/home/kartik/robot_arm/install/robot_controller/share/robot_controller/hook/cmake_prefix_path.dsv'
[0.317s] INFO:colcon.colcon_core.shell:Creating environment hook '/home/kartik/robot_arm/install/robot_controller/share/robot_controller/hook/cmake_prefix_path.sh'
[0.317s] Level 1:colcon.colcon_core.environment:checking '/home/kartik/robot_arm/install/robot_controller/bin'
[0.317s] Level 1:colcon.colcon_core.environment:checking '/home/kartik/robot_arm/install/robot_controller/lib/pkgconfig/robot_controller.pc'
[0.317s] Level 1:colcon.colcon_core.environment:checking '/home/kartik/robot_arm/install/robot_controller/lib/python3.12/site-packages'
[0.317s] Level 1:colcon.colcon_core.environment:checking '/home/kartik/robot_arm/install/robot_controller/bin'
[0.318s] INFO:colcon.colcon_core.shell:Creating package script '/home/kartik/robot_arm/install/robot_controller/share/robot_controller/package.ps1'
[0.318s] INFO:colcon.colcon_core.shell:Creating package descriptor '/home/kartik/robot_arm/install/robot_controller/share/robot_controller/package.dsv'
[0.318s] INFO:colcon.colcon_core.shell:Creating package script '/home/kartik/robot_arm/install/robot_controller/share/robot_controller/package.sh'
[0.318s] INFO:colcon.colcon_core.shell:Creating package script '/home/kartik/robot_arm/install/robot_controller/share/robot_controller/package.bash'
[0.318s] INFO:colcon.colcon_core.shell:Creating package script '/home/kartik/robot_arm/install/robot_controller/share/robot_controller/package.zsh'
[0.318s] Level 1:colcon.colcon_core.environment:create_file_with_runtime_dependencies(/home/kartik/robot_arm/install/robot_controller/share/colcon-core/packages/robot_controller)
[0.319s] Level 1:colcon.colcon_core.environment:create_environment_scripts_only(robot_description)
[0.319s] Level 1:colcon.colcon_core.environment:checking '/home/kartik/robot_arm/install/robot_description' for CMake module files
[0.319s] DEBUG:colcon.colcon_core.event_handler.log_command:Invoked command in '/home/kartik/robot_arm/build/robot_description' returned '0': CMAKE_PREFIX_PATH=${CMAKE_PREFIX_PATH}:/opt/ros/jazzy DEBUGINFOD_URLS=https://debuginfod.ubuntu.com /usr/bin/cmake --install /home/kartik/robot_arm/build/robot_description
[0.320s] Level 1:colcon.colcon_core.environment:checking '/home/kartik/robot_arm/install/robot_description' for CMake config files
[0.320s] Level 1:colcon.colcon_core.shell:create_environment_hook('robot_description', 'cmake_prefix_path')
[0.321s] INFO:colcon.colcon_core.shell:Creating environment hook '/home/kartik/robot_arm/install/robot_description/share/robot_description/hook/cmake_prefix_path.ps1'
[0.321s] INFO:colcon.colcon_core.shell:Creating environment descriptor '/home/kartik/robot_arm/install/robot_description/share/robot_description/hook/cmake_prefix_path.dsv'
[0.321s] INFO:colcon.colcon_core.shell:Creating environment hook '/home/kartik/robot_arm/install/robot_description/share/robot_description/hook/cmake_prefix_path.sh'
[0.321s] Level 1:colcon.colcon_core.environment:checking '/home/kartik/robot_arm/install/robot_description/bin'
[0.322s] Level 1:colcon.colcon_core.environment:checking '/home/kartik/robot_arm/install/robot_description/lib/pkgconfig/robot_description.pc'
[0.322s] Level 1:colcon.colcon_core.environment:checking '/home/kartik/robot_arm/install/robot_description/lib/python3.12/site-packages'
[0.322s] Level 1:colcon.colcon_core.environment:checking '/home/kartik/robot_arm/install/robot_description/bin'
[0.322s] INFO:colcon.colcon_core.shell:Creating package script '/home/kartik/robot_arm/install/robot_description/share/robot_description/package.ps1'
[0.322s] INFO:colcon.colcon_core.shell:Creating package descriptor '/home/kartik/robot_arm/install/robot_description/share/robot_description/package.dsv'
[0.323s] INFO:colcon.colcon_core.shell:Creating package script '/home/kartik/robot_arm/install/robot_description/share/robot_description/package.sh'
[0.323s] INFO:colcon.colcon_core.shell:Creating package script '/home/kartik/robot_arm/install/robot_description/share/robot_description/package.bash'
[0.323s] INFO:colcon.colcon_core.shell:Creating package script '/home/kartik/robot_arm/install/robot_description/share/robot_description/package.zsh'
[0.323s] Level 1:colcon.colcon_core.environment:create_file_with_runtime_dependencies(/home/kartik/robot_arm/install/robot_description/share/colcon-core/packages/robot_description)
[0.324s] Level 1:colcon.colcon_core.environment:create_environment_scripts_only(robot_description)
[0.324s] Level 1:colcon.colcon_core.environment:checking '/home/kartik/robot_arm/install/robot_description' for CMake module files
[0.324s] Level 1:colcon.colcon_core.environment:checking '/home/kartik/robot_arm/install/robot_description' for CMake config files
[0.324s] Level 1:colcon.colcon_core.shell:create_environment_hook('robot_description', 'cmake_prefix_path')
[0.324s] INFO:colcon.colcon_core.shell:Creating environment hook '/home/kartik/robot_arm/install/robot_description/share/robot_description/hook/cmake_prefix_path.ps1'
[0.324s] INFO:colcon.colcon_core.shell:Creating environment descriptor '/home/kartik/robot_arm/install/robot_description/share/robot_description/hook/cmake_prefix_path.dsv'
[0.324s] INFO:colcon.colcon_core.shell:Creating environment hook '/home/kartik/robot_arm/install/robot_description/share/robot_description/hook/cmake_prefix_path.sh'
[0.325s] Level 1:colcon.colcon_core.environment:checking '/home/kartik/robot_arm/install/robot_description/bin'
[0.325s] Level 1:colcon.colcon_core.environment:checking '/home/kartik/robot_arm/install/robot_description/lib/pkgconfig/robot_description.pc'
[0.325s] Level 1:colcon.colcon_core.environment:checking '/home/kartik/robot_arm/install/robot_description/lib/python3.12/site-packages'
[0.325s] Level 1:colcon.colcon_core.environment:checking '/home/kartik/robot_arm/install/robot_description/bin'
[0.325s] INFO:colcon.colcon_core.shell:Creating package script '/home/kartik/robot_arm/install/robot_description/share/robot_description/package.ps1'
[0.325s] INFO:colcon.colcon_core.shell:Creating package descriptor '/home/kartik/robot_arm/install/robot_description/share/robot_description/package.dsv'
[0.328s] INFO:colcon.colcon_core.shell:Creating package script '/home/kartik/robot_arm/install/robot_description/share/robot_description/package.sh'
[0.328s] INFO:colcon.colcon_core.shell:Creating package script '/home/kartik/robot_arm/install/robot_description/share/robot_description/package.bash'
[0.328s] INFO:colcon.colcon_core.shell:Creating package script '/home/kartik/robot_arm/install/robot_description/share/robot_description/package.zsh'
[0.328s] Level 1:colcon.colcon_core.environment:create_file_with_runtime_dependencies(/home/kartik/robot_arm/install/robot_description/share/colcon-core/packages/robot_description)
[0.328s] Level 1:colcon.colcon_core.environment:create_environment_scripts_only(robot_moveit)
[0.329s] Level 1:colcon.colcon_core.environment:checking '/home/kartik/robot_arm/install/robot_moveit' for CMake module files
[0.329s] DEBUG:colcon.colcon_core.event_handler.log_command:Invoked command in '/home/kartik/robot_arm/build/robot_moveit' returned '0': CMAKE_PREFIX_PATH=${CMAKE_PREFIX_PATH}:/opt/ros/jazzy DEBUGINFOD_URLS=https://debuginfod.ubuntu.com /usr/bin/cmake --install /home/kartik/robot_arm/build/robot_moveit
[0.329s] Level 1:colcon.colcon_core.environment:checking '/home/kartik/robot_arm/install/robot_moveit' for CMake config files
[0.329s] Level 1:colcon.colcon_core.shell:create_environment_hook('robot_moveit', 'cmake_prefix_path')
[0.329s] INFO:colcon.colcon_core.shell:Creating environment hook '/home/kartik/robot_arm/install/robot_moveit/share/robot_moveit/hook/cmake_prefix_path.ps1'
[0.329s] INFO:colcon.colcon_core.shell:Creating environment descriptor '/home/kartik/robot_arm/install/robot_moveit/share/robot_moveit/hook/cmake_prefix_path.dsv'
[0.330s] INFO:colcon.colcon_core.shell:Creating environment hook '/home/kartik/robot_arm/install/robot_moveit/share/robot_moveit/hook/cmake_prefix_path.sh'
[0.330s] Level 1:colcon.colcon_core.environment:checking '/home/kartik/robot_arm/install/robot_moveit/bin'
[0.330s] Level 1:colcon.colcon_core.environment:checking '/home/kartik/robot_arm/install/robot_moveit/lib/pkgconfig/robot_moveit.pc'
[0.330s] Level 1:colcon.colcon_core.environment:checking '/home/kartik/robot_arm/install/robot_moveit/lib/python3.12/site-packages'
[0.330s] Level 1:colcon.colcon_core.environment:checking '/home/kartik/robot_arm/install/robot_moveit/bin'
[0.330s] INFO:colcon.colcon_core.shell:Creating package script '/home/kartik/robot_arm/install/robot_moveit/share/robot_moveit/package.ps1'
[0.331s] INFO:colcon.colcon_core.shell:Creating package descriptor '/home/kartik/robot_arm/install/robot_moveit/share/robot_moveit/package.dsv'
[0.331s] INFO:colcon.colcon_core.shell:Creating package script '/home/kartik/robot_arm/install/robot_moveit/share/robot_moveit/package.sh'
[0.331s] INFO:colcon.colcon_core.shell:Creating package script '/home/kartik/robot_arm/install/robot_moveit/share/robot_moveit/package.bash'
[0.332s] INFO:colcon.colcon_core.shell:Creating package script '/home/kartik/robot_arm/install/robot_moveit/share/robot_moveit/package.zsh'
[0.332s] Level 1:colcon.colcon_core.environment:create_file_with_runtime_dependencies(/home/kartik/robot_arm/install/robot_moveit/share/colcon-core/packages/robot_moveit)
[0.333s] Level 1:colcon.colcon_core.environment:create_environment_scripts_only(robot_moveit)
[0.333s] Level 1:colcon.colcon_core.environment:checking '/home/kartik/robot_arm/install/robot_moveit' for CMake module files
[0.333s] Level 1:colcon.colcon_core.environment:checking '/home/kartik/robot_arm/install/robot_moveit' for CMake config files
[0.333s] Level 1:colcon.colcon_core.shell:create_environment_hook('robot_moveit', 'cmake_prefix_path')
[0.333s] INFO:colcon.colcon_core.shell:Creating environment hook '/home/kartik/robot_arm/install/robot_moveit/share/robot_moveit/hook/cmake_prefix_path.ps1'
[0.334s] INFO:colcon.colcon_core.shell:Creating environment descriptor '/home/kartik/robot_arm/install/robot_moveit/share/robot_moveit/hook/cmake_prefix_path.dsv'
[0.334s] INFO:colcon.colcon_core.shell:Creating environment hook '/home/kartik/robot_arm/install/robot_moveit/share/robot_moveit/hook/cmake_prefix_path.sh'
[0.334s] Level 1:colcon.colcon_core.environment:checking '/home/kartik/robot_arm/install/robot_moveit/bin'
[0.334s] Level 1:colcon.colcon_core.environment:checking '/home/kartik/robot_arm/install/robot_moveit/lib/pkgconfig/robot_moveit.pc'
[0.334s] Level 1:colcon.colcon_core.environment:checking '/home/kartik/robot_arm/install/robot_moveit/lib/python3.12/site-packages'
[0.334s] Level 1:colcon.colcon_core.environment:checking '/home/kartik/robot_arm/install/robot_moveit/bin'
[0.334s] INFO:colcon.colcon_core.shell:Creating package script '/home/kartik/robot_arm/install/robot_moveit/share/robot_moveit/package.ps1'
[0.334s] INFO:colcon.colcon_core.shell:Creating package descriptor '/home/kartik/robot_arm/install/robot_moveit/share/robot_moveit/package.dsv'
[0.335s] INFO:colcon.colcon_core.shell:Creating package script '/home/kartik/robot_arm/install/robot_moveit/share/robot_moveit/package.sh'
[0.335s] INFO:colcon.colcon_core.shell:Creating package script '/home/kartik/robot_arm/install/robot_moveit/share/robot_moveit/package.bash'
[0.335s] INFO:colcon.colcon_core.shell:Creating package script '/home/kartik/robot_arm/install/robot_moveit/share/robot_moveit/package.zsh'
[0.335s] Level 1:colcon.colcon_core.environment:create_file_with_runtime_dependencies(/home/kartik/robot_arm/install/robot_moveit/share/colcon-core/packages/robot_moveit)
[0.463s] DEBUG:colcon.colcon_core.event_handler.log_command:Invoked command in '/home/kartik/robot_arm/build/robot_msgs' returned '0': CMAKE_PREFIX_PATH=${CMAKE_PREFIX_PATH}:/opt/ros/jazzy DEBUGINFOD_URLS=https://debuginfod.ubuntu.com /usr/bin/cmake --build /home/kartik/robot_arm/build/robot_msgs -- -j5 -l5
[0.464s] DEBUG:colcon.colcon_core.event_handler.log_command:Invoking command in '/home/kartik/robot_arm/build/robot_msgs': CMAKE_PREFIX_PATH=${CMAKE_PREFIX_PATH}:/opt/ros/jazzy DEBUGINFOD_URLS=https://debuginfod.ubuntu.com /usr/bin/cmake --install /home/kartik/robot_arm/build/robot_msgs
[0.504s] Level 1:colcon.colcon_core.environment:create_environment_scripts_only(robot_msgs)
[0.504s] Level 1:colcon.colcon_core.environment:checking '/home/kartik/robot_arm/install/robot_msgs' for CMake module files
[0.504s] DEBUG:colcon.colcon_core.event_handler.log_command:Invoked command in '/home/kartik/robot_arm/build/robot_msgs' returned '0': CMAKE_PREFIX_PATH=${CMAKE_PREFIX_PATH}:/opt/ros/jazzy DEBUGINFOD_URLS=https://debuginfod.ubuntu.com /usr/bin/cmake --install /home/kartik/robot_arm/build/robot_msgs
[0.504s] Level 1:colcon.colcon_core.environment:checking '/home/kartik/robot_arm/install/robot_msgs' for CMake config files
[0.504s] Level 1:colcon.colcon_core.shell:create_environment_hook('robot_msgs', 'cmake_prefix_path')
[0.504s] INFO:colcon.colcon_core.shell:Creating environment hook '/home/kartik/robot_arm/install/robot_msgs/share/robot_msgs/hook/cmake_prefix_path.ps1'
[0.505s] INFO:colcon.colcon_core.shell:Creating environment descriptor '/home/kartik/robot_arm/install/robot_msgs/share/robot_msgs/hook/cmake_prefix_path.dsv'
[0.505s] INFO:colcon.colcon_core.shell:Creating environment hook '/home/kartik/robot_arm/install/robot_msgs/share/robot_msgs/hook/cmake_prefix_path.sh'
[0.505s] Level 1:colcon.colcon_core.environment:checking '/home/kartik/robot_arm/install/robot_msgs/lib'
[0.505s] Level 1:colcon.colcon_core.shell:create_environment_hook('robot_msgs', 'ld_library_path_lib')
[0.505s] INFO:colcon.colcon_core.shell:Creating environment hook '/home/kartik/robot_arm/install/robot_msgs/share/robot_msgs/hook/ld_library_path_lib.ps1'
[0.505s] INFO:colcon.colcon_core.shell:Creating environment descriptor '/home/kartik/robot_arm/install/robot_msgs/share/robot_msgs/hook/ld_library_path_lib.dsv'
[0.505s] INFO:colcon.colcon_core.shell:Creating environment hook '/home/kartik/robot_arm/install/robot_msgs/share/robot_msgs/hook/ld_library_path_lib.sh'
[0.506s] Level 1:colcon.colcon_core.environment:checking '/home/kartik/robot_arm/install/robot_msgs/bin'
[0.506s] Level 1:colcon.colcon_core.environment:checking '/home/kartik/robot_arm/install/robot_msgs/lib/pkgconfig/robot_msgs.pc'
[0.506s] Level 1:colcon.colcon_core.environment:checking '/home/kartik/robot_arm/install/robot_msgs/lib/python3.12/site-packages'
[0.506s] Level 1:colcon.colcon_core.shell:create_environment_hook('robot_msgs', 'pythonpath')
[0.506s] INFO:colcon.colcon_core.shell:Creating environment hook '/home/kartik/robot_arm/install/robot_msgs/share/robot_msgs/hook/pythonpath.ps1'
[0.506s] INFO:colcon.colcon_core.shell:Creating environment descriptor '/home/kartik/robot_arm/install/robot_msgs/share/robot_msgs/hook/pythonpath.dsv'
[0.506s] INFO:colcon.colcon_core.shell:Creating environment hook '/home/kartik/robot_arm/install/robot_msgs/share/robot_msgs/hook/pythonpath.sh'
[0.506s] Level 1:colcon.colcon_core.environment:checking '/home/kartik/robot_arm/install/robot_msgs/bin'
[0.506s] INFO:colcon.colcon_core.shell:Creating package script '/home/kartik/robot_arm/install/robot_msgs/share/robot_msgs/package.ps1'
[0.506s] INFO:colcon.colcon_core.shell:Creating package descriptor '/home/kartik/robot_arm/install/robot_msgs/share/robot_msgs/package.dsv'
[0.507s] INFO:colcon.colcon_core.shell:Creating package script '/home/kartik/robot_arm/install/robot_msgs/share/robot_msgs/package.sh'
[0.507s] INFO:colcon.colcon_core.shell:Creating package script '/home/kartik/robot_arm/install/robot_msgs/share/robot_msgs/package.bash'
[0.507s] INFO:colcon.colcon_core.shell:Creating package script '/home/kartik/robot_arm/install/robot_msgs/share/robot_msgs/package.zsh'
[0.507s] Level 1:colcon.colcon_core.environment:create_file_with_runtime_dependencies(/home/kartik/robot_arm/install/robot_msgs/share/colcon-core/packages/robot_msgs)
[0.507s] Level 1:colcon.colcon_core.environment:create_environment_scripts_only(robot_msgs)
[0.507s] Level 1:colcon.colcon_core.environment:checking '/home/kartik/robot_arm/install/robot_msgs' for CMake module files
[0.507s] Level 1:colcon.colcon_core.environment:checking '/home/kartik/robot_arm/install/robot_msgs' for CMake config files
[0.508s] Level 1:colcon.colcon_core.shell:create_environment_hook('robot_msgs', 'cmake_prefix_path')
[0.508s] INFO:colcon.colcon_core.shell:Creating environment hook '/home/kartik/robot_arm/install/robot_msgs/share/robot_msgs/hook/cmake_prefix_path.ps1'
[0.508s] INFO:colcon.colcon_core.shell:Creating environment descriptor '/home/kartik/robot_arm/install/robot_msgs/share/robot_msgs/hook/cmake_prefix_path.dsv'
[0.508s] INFO:colcon.colcon_core.shell:Creating environment hook '/home/kartik/robot_arm/install/robot_msgs/share/robot_msgs/hook/cmake_prefix_path.sh'
[0.508s] Level 1:colcon.colcon_core.environment:checking '/home/kartik/robot_arm/install/robot_msgs/lib'
[0.508s] Level 1:colcon.colcon_core.shell:create_environment_hook('robot_msgs', 'ld_library_path_lib')
[0.508s] INFO:colcon.colcon_core.shell:Creating environment hook '/home/kartik/robot_arm/install/robot_msgs/share/robot_msgs/hook/ld_library_path_lib.ps1'
[0.508s] INFO:colcon.colcon_core.shell:Creating environment descriptor '/home/kartik/robot_arm/install/robot_msgs/share/robot_msgs/hook/ld_library_path_lib.dsv'
[0.508s] INFO:colcon.colcon_core.shell:Creating environment hook '/home/kartik/robot_arm/install/robot_msgs/share/robot_msgs/hook/ld_library_path_lib.sh'
[0.508s] Level 1:colcon.colcon_core.environment:checking '/home/kartik/robot_arm/install/robot_msgs/bin'
[0.508s] Level 1:colcon.colcon_core.environment:checking '/home/kartik/robot_arm/install/robot_msgs/lib/pkgconfig/robot_msgs.pc'
[0.508s] Level 1:colcon.colcon_core.environment:checking '/home/kartik/robot_arm/install/robot_msgs/lib/python3.12/site-packages'
[0.509s] Level 1:colcon.colcon_core.shell:create_environment_hook('robot_msgs', 'pythonpath')
[0.509s] INFO:colcon.colcon_core.shell:Creating environment hook '/home/kartik/robot_arm/install/robot_msgs/share/robot_msgs/hook/pythonpath.ps1'
[0.509s] INFO:colcon.colcon_core.shell:Creating environment descriptor '/home/kartik/robot_arm/install/robot_msgs/share/robot_msgs/hook/pythonpath.dsv'
[0.509s] INFO:colcon.colcon_core.shell:Creating environment hook '/home/kartik/robot_arm/install/robot_msgs/share/robot_msgs/hook/pythonpath.sh'
[0.509s] Level 1:colcon.colcon_core.environment:checking '/home/kartik/robot_arm/install/robot_msgs/bin'
[0.509s] INFO:colcon.colcon_core.shell:Creating package script '/home/kartik/robot_arm/install/robot_msgs/share/robot_msgs/package.ps1'
[0.509s] INFO:colcon.colcon_core.shell:Creating package descriptor '/home/kartik/robot_arm/install/robot_msgs/share/robot_msgs/package.dsv'
[0.509s] INFO:colcon.colcon_core.shell:Creating package script '/home/kartik/robot_arm/install/robot_msgs/share/robot_msgs/package.sh'
[0.510s] INFO:colcon.colcon_core.shell:Creating package script '/home/kartik/robot_arm/install/robot_msgs/share/robot_msgs/package.bash'
[0.510s] INFO:colcon.colcon_core.shell:Creating package script '/home/kartik/robot_arm/install/robot_msgs/share/robot_msgs/package.zsh'
[0.510s] Level 1:colcon.colcon_core.environment:create_file_with_runtime_dependencies(/home/kartik/robot_arm/install/robot_msgs/share/colcon-core/packages/robot_msgs)
[0.510s] INFO:colcon.colcon_ros.task.ament_cmake.build:Building ROS package in '/home/kartik/robot_arm/src/robot_utils' with build type 'ament_cmake'
[0.510s] INFO:colcon.colcon_cmake.task.cmake.build:Building CMake package in '/home/kartik/robot_arm/src/robot_utils'
[0.510s] INFO:colcon.colcon_core.shell:Skip shell extension 'powershell' for command environment: Not usable outside of PowerShell
[0.510s] DEBUG:colcon.colcon_core.shell:Skip shell extension 'dsv' for command environment
[0.516s] DEBUG:colcon.colcon_core.event_handler.log_command:Invoking command in '/home/kartik/robot_arm/build/robot_utils': AMENT_PREFIX_PATH=/home/kartik/robot_arm/install/robot_msgs:${AMENT_PREFIX_PATH} CMAKE_PREFIX_PATH=/home/kartik/robot_arm/install/robot_msgs:/opt/ros/jazzy/opt/gz_sim_vendor:/opt/ros/jazzy/opt/gz_sensors_vendor:/opt/ros/jazzy/opt/gz_physics_vendor:/opt/ros/jazzy/opt/sdformat_vendor:/opt/ros/jazzy/opt/gz_gui_vendor:/opt/ros/jazzy/opt/gz_transport_vendor:/opt/ros/jazzy/opt/gz_rendering_vendor:/opt/ros/jazzy/opt/gz_plugin_vendor:/opt/ros/jazzy/opt/gz_fuel_tools_vendor:/opt/ros/jazzy/opt/gz_msgs_vendor:/opt/ros/jazzy/opt/gz_common_vendor:/opt/ros/jazzy/opt/gz_math_vendor:/opt/ros/jazzy/opt/gz_utils_vendor:/opt/ros/jazzy/opt/gz_tools_vendor:/opt/ros/jazzy/opt/gz_ogre_next_vendor:/opt/ros/jazzy/opt/gz_dartsim_vendor:/opt/ros/jazzy/opt/gz_cmake_vendor:/opt/ros/jazzy DEBUGINFOD_URLS=https://debuginfod.ubuntu.com LD_LIBRARY_PATH=/home/kartik/robot_arm/install/robot_msgs/lib:${LD_LIBRARY_PATH} PYTHONPATH=/home/kartik/robot_arm/install/robot_msgs/lib/python3.12/site-packages:${PYTHONPATH} /usr/bin/cmake --build /home/kartik/robot_arm/build/robot_utils -- -j5 -l5
[0.679s] DEBUG:colcon.colcon_core.event_handler.log_command:Invoked command in '/home/kartik/robot_arm/build/robot_utils' returned '0': AMENT_PREFIX_PATH=/home/kartik/robot_arm/install/robot_msgs:${AMENT_PREFIX_PATH} CMAKE_PREFIX_PATH=/home/kartik/robot_arm/install/robot_msgs:/opt/ros/jazzy/opt/gz_sim_vendor:/opt/ros/jazzy/opt/gz_sensors_vendor:/opt/ros/jazzy/opt/gz_physics_vendor:/opt/ros/jazzy/opt/sdformat_vendor:/opt/ros/jazzy/opt/gz_gui_vendor:/opt/ros/jazzy/opt/gz_transport_vendor:/opt/ros/jazzy/opt/gz_rendering_vendor:/opt/ros/jazzy/opt/gz_plugin_vendor:/opt/ros/jazzy/opt/gz_fuel_tools_vendor:/opt/ros/jazzy/opt/gz_msgs_vendor:/opt/ros/jazzy/opt/gz_common_vendor:/opt/ros/jazzy/opt/gz_math_vendor:/opt/ros/jazzy/opt/gz_utils_vendor:/opt/ros/jazzy/opt/gz_tools_vendor:/opt/ros/jazzy/opt/gz_ogre_next_vendor:/opt/ros/jazzy/opt/gz_dartsim_vendor:/opt/ros/jazzy/opt/gz_cmake_vendor:/opt/ros/jazzy DEBUGINFOD_URLS=https://debuginfod.ubuntu.com LD_LIBRARY_PATH=/home/kartik/robot_arm/install/robot_msgs/lib:${LD_LIBRARY_PATH} PYTHONPATH=/home/kartik/robot_arm/install/robot_msgs/lib/python3.12/site-packages:${PYTHONPATH} /usr/bin/cmake --build /home/kartik/robot_arm/build/robot_utils -- -j5 -l5
[0.679s] DEBUG:colcon.colcon_core.event_handler.log_command:Invoking command in '/home/kartik/robot_arm/build/robot_utils': AMENT_PREFIX_PATH=/home/kartik/robot_arm/install/robot_msgs:${AMENT_PREFIX_PATH} CMAKE_PREFIX_PATH=/home/kartik/robot_arm/install/robot_msgs:/opt/ros/jazzy/opt/gz_sim_vendor:/opt/ros/jazzy/opt/gz_sensors_vendor:/opt/ros/jazzy/opt/gz_physics_vendor:/opt/ros/jazzy/opt/sdformat_vendor:/opt/ros/jazzy/opt/gz_gui_vendor:/opt/ros/jazzy/opt/gz_transport_vendor:/opt/ros/jazzy/opt/gz_rendering_vendor:/opt/ros/jazzy/opt/gz_plugin_vendor:/opt/ros/jazzy/opt/gz_fuel_tools_vendor:/opt/ros/jazzy/opt/gz_msgs_vendor:/opt/ros/jazzy/opt/gz_common_vendor:/opt/ros/jazzy/opt/gz_math_vendor:/opt/ros/jazzy/opt/gz_utils_vendor:/opt/ros/jazzy/opt/gz_tools_vendor:/opt/ros/jazzy/opt/gz_ogre_next_vendor:/opt/ros/jazzy/opt/gz_dartsim_vendor:/opt/ros/jazzy/opt/gz_cmake_vendor:/opt/ros/jazzy DEBUGINFOD_URLS=https://debuginfod.ubuntu.com LD_LIBRARY_PATH=/home/kartik/robot_arm/install/robot_msgs/lib:${LD_LIBRARY_PATH} PYTHONPATH=/home/kartik/robot_arm/install/robot_msgs/lib/python3.12/site-packages:${PYTHONPATH} /usr/bin/cmake --install /home/kartik/robot_arm/build/robot_utils
[0.703s] Level 1:colcon.colcon_core.environment:create_environment_scripts_only(robot_utils)
[0.703s] Level 1:colcon.colcon_core.environment:checking '/home/kartik/robot_arm/install/robot_utils' for CMake module files
[0.703s] DEBUG:colcon.colcon_core.event_handler.log_command:Invoked command in '/home/kartik/robot_arm/build/robot_utils' returned '0': AMENT_PREFIX_PATH=/home/kartik/robot_arm/install/robot_msgs:${AMENT_PREFIX_PATH} CMAKE_PREFIX_PATH=/home/kartik/robot_arm/install/robot_msgs:/opt/ros/jazzy/opt/gz_sim_vendor:/opt/ros/jazzy/opt/gz_sensors_vendor:/opt/ros/jazzy/opt/gz_physics_vendor:/opt/ros/jazzy/opt/sdformat_vendor:/opt/ros/jazzy/opt/gz_gui_vendor:/opt/ros/jazzy/opt/gz_transport_vendor:/opt/ros/jazzy/opt/gz_rendering_vendor:/opt/ros/jazzy/opt/gz_plugin_vendor:/opt/ros/jazzy/opt/gz_fuel_tools_vendor:/opt/ros/jazzy/opt/gz_msgs_vendor:/opt/ros/jazzy/opt/gz_common_vendor:/opt/ros/jazzy/opt/gz_math_vendor:/opt/ros/jazzy/opt/gz_utils_vendor:/opt/ros/jazzy/opt/gz_tools_vendor:/opt/ros/jazzy/opt/gz_ogre_next_vendor:/opt/ros/jazzy/opt/gz_dartsim_vendor:/opt/ros/jazzy/opt/gz_cmake_vendor:/opt/ros/jazzy DEBUGINFOD_URLS=https://debuginfod.ubuntu.com LD_LIBRARY_PATH=/home/kartik/robot_arm/install/robot_msgs/lib:${LD_LIBRARY_PATH} PYTHONPATH=/home/kartik/robot_arm/install/robot_msgs/lib/python3.12/site-packages:${PYTHONPATH} /usr/bin/cmake --install /home/kartik/robot_arm/build/robot_utils
[0.704s] Level 1:colcon.colcon_core.environment:checking '/home/kartik/robot_arm/install/robot_utils' for CMake config files
[0.704s] Level 1:colcon.colcon_core.shell:create_environment_hook('robot_utils', 'cmake_prefix_path')
[0.704s] INFO:colcon.colcon_core.shell:Creating environment hook '/home/kartik/robot_arm/install/robot_utils/share/robot_utils/hook/cmake_prefix_path.ps1'
[0.704s] INFO:colcon.colcon_core.shell:Creating environment descriptor '/home/kartik/robot_arm/install/robot_utils/share/robot_utils/hook/cmake_prefix_path.dsv'
[0.704s] INFO:colcon.colcon_core.shell:Creating environment hook '/home/kartik/robot_arm/install/robot_utils/share/robot_utils/hook/cmake_prefix_path.sh'
[0.704s] Level 1:colcon.colcon_core.environment:checking '/home/kartik/robot_arm/install/robot_utils/lib'
[0.704s] Level 1:colcon.colcon_core.environment:checking '/home/kartik/robot_arm/install/robot_utils/bin'
[0.704s] Level 1:colcon.colcon_core.environment:checking '/home/kartik/robot_arm/install/robot_utils/lib/pkgconfig/robot_utils.pc'
[0.705s] Level 1:colcon.colcon_core.environment:checking '/home/kartik/robot_arm/install/robot_utils/lib/python3.12/site-packages'
[0.705s] Level 1:colcon.colcon_core.shell:create_environment_hook('robot_utils', 'pythonpath')
[0.705s] INFO:colcon.colcon_core.shell:Creating environment hook '/home/kartik/robot_arm/install/robot_utils/share/robot_utils/hook/pythonpath.ps1'
[0.705s] INFO:colcon.colcon_core.shell:Creating environment descriptor '/home/kartik/robot_arm/install/robot_utils/share/robot_utils/hook/pythonpath.dsv'
[0.705s] INFO:colcon.colcon_core.shell:Creating environment hook '/home/kartik/robot_arm/install/robot_utils/share/robot_utils/hook/pythonpath.sh'
[0.705s] Level 1:colcon.colcon_core.environment:checking '/home/kartik/robot_arm/install/robot_utils/bin'
[0.705s] INFO:colcon.colcon_core.shell:Creating package script '/home/kartik/robot_arm/install/robot_utils/share/robot_utils/package.ps1'
[0.705s] INFO:colcon.colcon_core.shell:Creating package descriptor '/home/kartik/robot_arm/install/robot_utils/share/robot_utils/package.dsv'
[0.705s] INFO:colcon.colcon_core.shell:Creating package script '/home/kartik/robot_arm/install/robot_utils/share/robot_utils/package.sh'
[0.706s] INFO:colcon.colcon_core.shell:Creating package script '/home/kartik/robot_arm/install/robot_utils/share/robot_utils/package.bash'
[0.706s] INFO:colcon.colcon_core.shell:Creating package script '/home/kartik/robot_arm/install/robot_utils/share/robot_utils/package.zsh'
[0.706s] Level 1:colcon.colcon_core.environment:create_file_with_runtime_dependencies(/home/kartik/robot_arm/install/robot_utils/share/colcon-core/packages/robot_utils)
[0.706s] Level 1:colcon.colcon_core.environment:create_environment_scripts_only(robot_utils)
[0.706s] Level 1:colcon.colcon_core.environment:checking '/home/kartik/robot_arm/install/robot_utils' for CMake module files
[0.706s] Level 1:colcon.colcon_core.environment:checking '/home/kartik/robot_arm/install/robot_utils' for CMake config files
[0.706s] Level 1:colcon.colcon_core.shell:create_environment_hook('robot_utils', 'cmake_prefix_path')
[0.706s] INFO:colcon.colcon_core.shell:Creating environment hook '/home/kartik/robot_arm/install/robot_utils/share/robot_utils/hook/cmake_prefix_path.ps1'
[0.706s] INFO:colcon.colcon_core.shell:Creating environment descriptor '/home/kartik/robot_arm/install/robot_utils/share/robot_utils/hook/cmake_prefix_path.dsv'
[0.707s] INFO:colcon.colcon_core.shell:Creating environment hook '/home/kartik/robot_arm/install/robot_utils/share/robot_utils/hook/cmake_prefix_path.sh'
[0.707s] Level 1:colcon.colcon_core.environment:checking '/home/kartik/robot_arm/install/robot_utils/lib'
[0.707s] Level 1:colcon.colcon_core.environment:checking '/home/kartik/robot_arm/install/robot_utils/bin'
[0.707s] Level 1:colcon.colcon_core.environment:checking '/home/kartik/robot_arm/install/robot_utils/lib/pkgconfig/robot_utils.pc'
[0.707s] Level 1:colcon.colcon_core.environment:checking '/home/kartik/robot_arm/install/robot_utils/lib/python3.12/site-packages'
[0.707s] Level 1:colcon.colcon_core.shell:create_environment_hook('robot_utils', 'pythonpath')
[0.707s] INFO:colcon.colcon_core.shell:Creating environment hook '/home/kartik/robot_arm/install/robot_utils/share/robot_utils/hook/pythonpath.ps1'
[0.707s] INFO:colcon.colcon_core.shell:Creating environment descriptor '/home/kartik/robot_arm/install/robot_utils/share/robot_utils/hook/pythonpath.dsv'
[0.707s] INFO:colcon.colcon_core.shell:Creating environment hook '/home/kartik/robot_arm/install/robot_utils/share/robot_utils/hook/pythonpath.sh'
[0.707s] Level 1:colcon.colcon_core.environment:checking '/home/kartik/robot_arm/install/robot_utils/bin'
[0.707s] INFO:colcon.colcon_core.shell:Creating package script '/home/kartik/robot_arm/install/robot_utils/share/robot_utils/package.ps1'
[0.708s] INFO:colcon.colcon_core.shell:Creating package descriptor '/home/kartik/robot_arm/install/robot_utils/share/robot_utils/package.dsv'
[0.708s] INFO:colcon.colcon_core.shell:Creating package script '/home/kartik/robot_arm/install/robot_utils/share/robot_utils/package.sh'
[0.708s] INFO:colcon.colcon_core.shell:Creating package script '/home/kartik/robot_arm/install/robot_utils/share/robot_utils/package.bash'
[0.708s] INFO:colcon.colcon_core.shell:Creating package script '/home/kartik/robot_arm/install/robot_utils/share/robot_utils/package.zsh'
[0.708s] Level 1:colcon.colcon_core.environment:create_file_with_runtime_dependencies(/home/kartik/robot_arm/install/robot_utils/share/colcon-core/packages/robot_utils)
[0.708s] DEBUG:colcon.colcon_parallel_executor.executor.parallel:closing loop
[0.708s] DEBUG:colcon.colcon_parallel_executor.executor.parallel:loop closed
[0.708s] DEBUG:colcon.colcon_parallel_executor.executor.parallel:run_until_complete finished with '0'
[0.708s] DEBUG:colcon.colcon_core.event_reactor:joining thread
[0.712s] INFO:colcon.colcon_core.plugin_system:Skipping extension 'colcon_notification.desktop_notification.terminal_notifier': Not used on non-Darwin systems
[0.712s] INFO:colcon.colcon_core.plugin_system:Skipping extension 'colcon_notification.desktop_notification.win32': Not used on non-Windows systems
[0.712s] INFO:colcon.colcon_notification.desktop_notification:Sending desktop notification using 'notify2'
[0.725s] DEBUG:colcon.colcon_core.event_reactor:joined thread
[0.725s] INFO:colcon.colcon_core.shell:Creating prefix script '/home/kartik/robot_arm/install/local_setup.ps1'
[0.726s] INFO:colcon.colcon_core.shell:Creating prefix util module '/home/kartik/robot_arm/install/_local_setup_util_ps1.py'
[0.726s] INFO:colcon.colcon_core.shell:Creating prefix chain script '/home/kartik/robot_arm/install/setup.ps1'
[0.727s] INFO:colcon.colcon_core.shell:Creating prefix script '/home/kartik/robot_arm/install/local_setup.sh'
[0.727s] INFO:colcon.colcon_core.shell:Creating prefix util module '/home/kartik/robot_arm/install/_local_setup_util_sh.py'
[0.727s] INFO:colcon.colcon_core.shell:Creating prefix chain script '/home/kartik/robot_arm/install/setup.sh'
[0.728s] INFO:colcon.colcon_core.shell:Creating prefix script '/home/kartik/robot_arm/install/local_setup.bash'
[0.728s] INFO:colcon.colcon_core.shell:Creating prefix chain script '/home/kartik/robot_arm/install/setup.bash'
[0.729s] INFO:colcon.colcon_core.shell:Creating prefix script '/home/kartik/robot_arm/install/local_setup.zsh'
[0.729s] INFO:colcon.colcon_core.shell:Creating prefix chain script '/home/kartik/robot_arm/install/setup.zsh'
