[0.020s] Invoking command in '/home/kartik/robot_arm/build/so_arm_100_hardware': CMAKE_PREFIX_PATH=${CMAKE_PREFIX_PATH}:/opt/ros/jazzy DEBUGINFOD_URLS=https://debuginfod.ubuntu.com /usr/bin/cmake --build /home/kartik/robot_arm/build/so_arm_100_hardware -- -j8 -l8
[0.127s] [ 53%] Built target SCServo
[0.142s] [ 69%] Built target test_servo
[0.144s] [ 84%] Built target so_arm_100_hardware
[0.149s] [100%] Built target ping_test
[0.171s] Invoked command in '/home/kartik/robot_arm/build/so_arm_100_hardware' returned '0': CMAKE_PREFIX_PATH=${CMAKE_PREFIX_PATH}:/opt/ros/jazzy DEBUGINFOD_URLS=https://debuginfod.ubuntu.com /usr/bin/cmake --build /home/kartik/robot_arm/build/so_arm_100_hardware -- -j8 -l8
[0.173s] Invoking command in '/home/kartik/robot_arm/build/so_arm_100_hardware': CMAKE_PREFIX_PATH=${CMAKE_PREFIX_PATH}:/opt/ros/jazzy DEBUGINFOD_URLS=https://debuginfod.ubuntu.com /usr/bin/cmake --install /home/kartik/robot_arm/build/so_arm_100_hardware
[0.181s] -- Install configuration: ""
[0.181s] -- Up-to-date: /home/kartik/robot_arm/install/so_arm_100_hardware/share/so_arm_100_hardware/so_arm_100_hardware.xml
[0.181s] -- Up-to-date: /home/kartik/robot_arm/install/so_arm_100_hardware/share/so_arm_100_hardware/environment/library_path.sh
[0.181s] -- Up-to-date: /home/kartik/robot_arm/install/so_arm_100_hardware/share/so_arm_100_hardware/environment/library_path.dsv
[0.182s] -- Up-to-date: /home/kartik/robot_arm/install/so_arm_100_hardware/share/so_arm_100_hardware/config
[0.182s] -- Installing: /home/kartik/robot_arm/install/so_arm_100_hardware/share/so_arm_100_hardware/config/calibration.yaml
[0.182s] -- Up-to-date: /home/kartik/robot_arm/install/so_arm_100_hardware/share/so_arm_100_hardware/config/posses
[0.182s] -- Up-to-date: /home/kartik/robot_arm/install/so_arm_100_hardware/share/so_arm_100_hardware/config/posses/zero.txt
[0.182s] -- Up-to-date: /home/kartik/robot_arm/install/so_arm_100_hardware/share/so_arm_100_hardware/config/hardware_config.yaml
[0.182s] -- Up-to-date: /home/kartik/robot_arm/install/so_arm_100_hardware/share/so_arm_100_hardware/include
[0.182s] -- Up-to-date: /home/kartik/robot_arm/install/so_arm_100_hardware/share/so_arm_100_hardware/include/SCServo_Linux
[0.182s] -- Up-to-date: /home/kartik/robot_arm/install/so_arm_100_hardware/share/so_arm_100_hardware/include/SCServo_Linux/SCSerial.cpp
[0.183s] -- Up-to-date: /home/kartik/robot_arm/install/so_arm_100_hardware/share/so_arm_100_hardware/include/SCServo_Linux/SCSerial.h
[0.183s] -- Up-to-date: /home/kartik/robot_arm/install/so_arm_100_hardware/share/so_arm_100_hardware/include/SCServo_Linux/INST.h
[0.183s] -- Up-to-date: /home/kartik/robot_arm/install/so_arm_100_hardware/share/so_arm_100_hardware/include/SCServo_Linux/SMSBL.cpp
[0.183s] -- Up-to-date: /home/kartik/robot_arm/install/so_arm_100_hardware/share/so_arm_100_hardware/include/SCServo_Linux/SMSCL.h
[0.183s] -- Up-to-date: /home/kartik/robot_arm/install/so_arm_100_hardware/share/so_arm_100_hardware/include/SCServo_Linux/SMSCL.cpp
[0.183s] -- Up-to-date: /home/kartik/robot_arm/install/so_arm_100_hardware/share/so_arm_100_hardware/include/SCServo_Linux/SMSBL.h
[0.184s] -- Up-to-date: /home/kartik/robot_arm/install/so_arm_100_hardware/share/so_arm_100_hardware/include/SCServo_Linux/SMS_STS.h
[0.184s] -- Up-to-date: /home/kartik/robot_arm/install/so_arm_100_hardware/share/so_arm_100_hardware/include/SCServo_Linux/SCSCL.h
[0.184s] -- Up-to-date: /home/kartik/robot_arm/install/so_arm_100_hardware/share/so_arm_100_hardware/include/SCServo_Linux/CMakeLists.txt
[0.184s] -- Up-to-date: /home/kartik/robot_arm/install/so_arm_100_hardware/share/so_arm_100_hardware/include/SCServo_Linux/SCServo.h
[0.184s] -- Up-to-date: /home/kartik/robot_arm/install/so_arm_100_hardware/share/so_arm_100_hardware/include/SCServo_Linux/SCSCL.cpp
[0.184s] -- Up-to-date: /home/kartik/robot_arm/install/so_arm_100_hardware/share/so_arm_100_hardware/include/SCServo_Linux/SCS.h
[0.184s] -- Up-to-date: /home/kartik/robot_arm/install/so_arm_100_hardware/share/so_arm_100_hardware/include/SCServo_Linux/.gitignore
[0.184s] -- Up-to-date: /home/kartik/robot_arm/install/so_arm_100_hardware/share/so_arm_100_hardware/include/SCServo_Linux/SMS_STS.cpp
[0.185s] -- Up-to-date: /home/kartik/robot_arm/install/so_arm_100_hardware/share/so_arm_100_hardware/include/SCServo_Linux/SCS.cpp
[0.185s] -- Up-to-date: /home/kartik/robot_arm/install/so_arm_100_hardware/share/so_arm_100_hardware/include/so_arm_100_hardware
[0.185s] -- Up-to-date: /home/kartik/robot_arm/install/so_arm_100_hardware/share/so_arm_100_hardware/include/so_arm_100_hardware/so_arm_100_interface.hpp
[0.185s] -- Up-to-date: /home/kartik/robot_arm/install/so_arm_100_hardware/share/so_arm_100_hardware/posses
[0.185s] -- Up-to-date: /home/kartik/robot_arm/install/so_arm_100_hardware/share/so_arm_100_hardware/posses/zero.txt
[0.185s] -- Up-to-date: /home/kartik/robot_arm/install/so_arm_100_hardware/lib/so_arm_100_hardware/libso_arm_100_hardware.so
[0.185s] -- Up-to-date: /home/kartik/robot_arm/install/so_arm_100_hardware/lib/so_arm_100_hardware/test_servo
[0.186s] -- Up-to-date: /home/kartik/robot_arm/install/so_arm_100_hardware/lib/so_arm_100_hardware/ping_test
[0.186s] -- Up-to-date: /home/kartik/robot_arm/install/so_arm_100_hardware/lib/so_arm_100_hardware/calibrate_arm.py
[0.186s] -- Up-to-date: /home/kartik/robot_arm/install/so_arm_100_hardware/lib/so_arm_100_hardware/zero_pose.py
[0.187s] -- Up-to-date: /home/kartik/robot_arm/install/so_arm_100_hardware/lib/so_arm_100_hardware/jog_joints.py
[0.187s] -- Up-to-date: /home/kartik/robot_arm/install/so_arm_100_hardware/share/ament_index/resource_index/package_run_dependencies/so_arm_100_hardware
[0.187s] -- Up-to-date: /home/kartik/robot_arm/install/so_arm_100_hardware/share/ament_index/resource_index/parent_prefix_path/so_arm_100_hardware
[0.187s] -- Up-to-date: /home/kartik/robot_arm/install/so_arm_100_hardware/share/so_arm_100_hardware/environment/ament_prefix_path.sh
[0.188s] -- Up-to-date: /home/kartik/robot_arm/install/so_arm_100_hardware/share/so_arm_100_hardware/environment/ament_prefix_path.dsv
[0.188s] -- Up-to-date: /home/kartik/robot_arm/install/so_arm_100_hardware/share/so_arm_100_hardware/environment/path.sh
[0.188s] -- Up-to-date: /home/kartik/robot_arm/install/so_arm_100_hardware/share/so_arm_100_hardware/environment/path.dsv
[0.188s] -- Up-to-date: /home/kartik/robot_arm/install/so_arm_100_hardware/share/so_arm_100_hardware/local_setup.bash
[0.188s] -- Up-to-date: /home/kartik/robot_arm/install/so_arm_100_hardware/share/so_arm_100_hardware/local_setup.sh
[0.188s] -- Up-to-date: /home/kartik/robot_arm/install/so_arm_100_hardware/share/so_arm_100_hardware/local_setup.zsh
[0.188s] -- Up-to-date: /home/kartik/robot_arm/install/so_arm_100_hardware/share/so_arm_100_hardware/local_setup.dsv
[0.189s] -- Installing: /home/kartik/robot_arm/install/so_arm_100_hardware/share/so_arm_100_hardware/package.dsv
[0.189s] -- Up-to-date: /home/kartik/robot_arm/install/so_arm_100_hardware/share/ament_index/resource_index/packages/so_arm_100_hardware
[0.189s] -- Up-to-date: /home/kartik/robot_arm/install/so_arm_100_hardware/share/ament_index/resource_index/hardware_interface__pluginlib__plugin/so_arm_100_hardware
[0.189s] -- Up-to-date: /home/kartik/robot_arm/install/so_arm_100_hardware/share/so_arm_100_hardware/cmake/ament_cmake_export_include_directories-extras.cmake
[0.189s] -- Up-to-date: /home/kartik/robot_arm/install/so_arm_100_hardware/share/so_arm_100_hardware/cmake/ament_cmake_export_libraries-extras.cmake
[0.190s] -- Up-to-date: /home/kartik/robot_arm/install/so_arm_100_hardware/share/so_arm_100_hardware/cmake/ament_cmake_export_dependencies-extras.cmake
[0.190s] -- Up-to-date: /home/kartik/robot_arm/install/so_arm_100_hardware/share/so_arm_100_hardware/cmake/so_arm_100_hardwareConfig.cmake
[0.190s] -- Up-to-date: /home/kartik/robot_arm/install/so_arm_100_hardware/share/so_arm_100_hardware/cmake/so_arm_100_hardwareConfig-version.cmake
[0.190s] -- Up-to-date: /home/kartik/robot_arm/install/so_arm_100_hardware/share/so_arm_100_hardware/package.xml
[0.191s] Invoked command in '/home/kartik/robot_arm/build/so_arm_100_hardware' returned '0': CMAKE_PREFIX_PATH=${CMAKE_PREFIX_PATH}:/opt/ros/jazzy DEBUGINFOD_URLS=https://debuginfod.ubuntu.com /usr/bin/cmake --install /home/kartik/robot_arm/build/so_arm_100_hardware
