[0.021s] Invoking command in '/home/kartik/robot_arm/build/robot_msgs': CMAKE_PREFIX_PATH=${CMAKE_PREFIX_PATH}:/opt/ros/jazzy DEBUGINFOD_URLS=https://debuginfod.ubuntu.com /usr/bin/cmake /home/kartik/robot_arm/src/robot_msgs -DCMAKE_INSTALL_PREFIX=/home/kartik/robot_arm/install/robot_msgs
[0.182s] -- The C compiler identification is GNU 13.3.0
[0.299s] -- The CXX compiler identification is GNU 13.3.0
[0.322s] -- Detecting C compiler ABI info
[0.427s] -- Detecting C compiler ABI info - done
[0.436s] -- Check for working C compiler: /usr/bin/cc - skipped
[0.437s] -- Detecting C compile features
[0.438s] -- Detecting C compile features - done
[0.447s] -- Detecting CXX compiler ABI info
[0.549s] -- Detecting CXX compiler ABI info - done
[0.559s] -- Check for working CXX compiler: /usr/bin/c++ - skipped
[0.559s] -- Detecting CXX compile features
[0.560s] -- Detecting CXX compile features - done
[0.569s] -- Found ament_cmake: 2.5.4 (/opt/ros/jazzy/share/ament_cmake/cmake)
[0.716s] -- Found Python3: /usr/bin/python3 (found version "3.12.3") found components: Interpreter 
[0.859s] -- Found std_msgs: 5.3.6 (/opt/ros/jazzy/share/std_msgs/cmake)
[0.930s] -- Found rosidl_generator_c: 4.6.6 (/opt/ros/jazzy/share/rosidl_generator_c/cmake)
[0.952s] -- Found rosidl_generator_cpp: 4.6.6 (/opt/ros/jazzy/share/rosidl_generator_cpp/cmake)
[0.978s] -- Using all available rosidl_typesupport_c: rosidl_typesupport_fastrtps_c;rosidl_typesupport_introspection_c
[1.011s] -- Using all available rosidl_typesupport_cpp: rosidl_typesupport_fastrtps_cpp;rosidl_typesupport_introspection_cpp
[1.064s] -- Found rosidl_default_generators: 1.6.0 (/opt/ros/jazzy/share/rosidl_default_generators/cmake)
[1.091s] -- Found rosidl_adapter: 4.6.6 (/opt/ros/jazzy/share/rosidl_adapter/cmake)
[1.631s] -- Found ament_cmake_ros: 0.12.0 (/opt/ros/jazzy/share/ament_cmake_ros/cmake)
[2.237s] -- Using all available rosidl_typesupport_c: rosidl_typesupport_fastrtps_c;rosidl_typesupport_introspection_c
[2.472s] -- Using all available rosidl_typesupport_cpp: rosidl_typesupport_fastrtps_cpp;rosidl_typesupport_introspection_cpp
[2.478s] -- Found python_cmake_module: 0.11.1 (/opt/ros/jazzy/share/python_cmake_module/cmake)
[2.593s] -- Found PythonExtra: /usr/bin/python3  
[3.040s] -- Found Python3: /usr/bin/python3 (found version "3.12.3") found components: Interpreter Development NumPy Development.Module Development.Embed 
[3.074s] -- Found ament_lint_auto: 0.17.3 (/opt/ros/jazzy/share/ament_lint_auto/cmake)
[3.104s] -- Added test 'lint_cmake' to check CMake code style
[3.106s] -- Added test 'xmllint' to check XML markup files
[3.109s] -- Configuring done (3.1s)
[3.140s] -- Generating done (0.0s)
[3.150s] -- Build files have been written to: /home/kartik/robot_arm/build/robot_msgs
[3.158s] Invoked command in '/home/kartik/robot_arm/build/robot_msgs' returned '0': CMAKE_PREFIX_PATH=${CMAKE_PREFIX_PATH}:/opt/ros/jazzy DEBUGINFOD_URLS=https://debuginfod.ubuntu.com /usr/bin/cmake /home/kartik/robot_arm/src/robot_msgs -DCMAKE_INSTALL_PREFIX=/home/kartik/robot_arm/install/robot_msgs
[3.159s] Invoking command in '/home/kartik/robot_arm/build/robot_msgs': CMAKE_PREFIX_PATH=${CMAKE_PREFIX_PATH}:/opt/ros/jazzy DEBUGINFOD_URLS=https://debuginfod.ubuntu.com /usr/bin/cmake --build /home/kartik/robot_arm/build/robot_msgs -- -j8 -l8
[3.205s] [  2%] [34m[1mGenerating type hashes for ROS interfaces[0m
[3.214s] [  2%] Built target ament_cmake_python_copy_robot_msgs
[3.419s] running egg_info
[3.420s] creating robot_msgs.egg-info
[3.422s] [  2%] Built target robot_msgs__rosidl_generator_type_description
[3.432s] [  4%] [34m[1mGenerating C code for ROS interfaces[0m
[3.441s] writing robot_msgs.egg-info/PKG-INFO
[3.442s] writing dependency_links to robot_msgs.egg-info/dependency_links.txt
[3.442s] writing top-level names to robot_msgs.egg-info/top_level.txt
[3.442s] writing manifest file 'robot_msgs.egg-info/SOURCES.txt'
[3.442s] [  6%] [34m[1mGenerating C++ code for ROS interfaces[0m
[3.506s] reading manifest file 'robot_msgs.egg-info/SOURCES.txt'
[3.507s] writing manifest file 'robot_msgs.egg-info/SOURCES.txt'
[3.535s] [  6%] Built target ament_cmake_python_build_robot_msgs_egg
[3.788s] [  6%] Built target robot_msgs__cpp
[3.830s] [ 11%] [32mBuilding C object CMakeFiles/robot_msgs__rosidl_generator_c.dir/rosidl_generator_c/robot_msgs/srv/detail/euler_to_quaternion__description.c.o[0m
[3.830s] [ 11%] [32mBuilding C object CMakeFiles/robot_msgs__rosidl_generator_c.dir/rosidl_generator_c/robot_msgs/srv/detail/euler_to_quaternion__type_support.c.o[0m
[3.833s] [ 13%] [32mBuilding C object CMakeFiles/robot_msgs__rosidl_generator_c.dir/rosidl_generator_c/robot_msgs/srv/detail/euler_to_quaternion__functions.c.o[0m
[3.833s] [ 15%] [32mBuilding C object CMakeFiles/robot_msgs__rosidl_generator_c.dir/rosidl_generator_c/robot_msgs/srv/detail/quaternion_to_euler__description.c.o[0m
[3.833s] [ 18%] [32mBuilding C object CMakeFiles/robot_msgs__rosidl_generator_c.dir/rosidl_generator_c/robot_msgs/srv/detail/quaternion_to_euler__functions.c.o[0m
[3.833s] [ 20%] [32mBuilding C object CMakeFiles/robot_msgs__rosidl_generator_c.dir/rosidl_generator_c/robot_msgs/srv/detail/quaternion_to_euler__type_support.c.o[0m
[3.936s] [ 22%] [32m[1mLinking C shared library librobot_msgs__rosidl_generator_c.so[0m
[3.974s] [ 22%] Built target robot_msgs__rosidl_generator_c
[3.984s] [ 25%] [34m[1mGenerating C type support for eProsima Fast-RTPS[0m
[3.985s] [ 27%] [34m[1mGenerating C++ introspection for ROS interfaces[0m
[3.987s] [ 29%] [34m[1mGenerating C++ type support dispatch for ROS interfaces[0m
[3.987s] [ 31%] [34m[1mGenerating C++ type support for eProsima Fast-RTPS[0m
[3.988s] [ 34%] [34m[1mGenerating C introspection for ROS interfaces[0m
[3.988s] [ 36%] [34m[1mGenerating C type support dispatch for ROS interfaces[0m
[4.315s] [ 40%] [32mBuilding C object CMakeFiles/robot_msgs__rosidl_typesupport_introspection_c.dir/rosidl_typesupport_introspection_c/robot_msgs/srv/detail/euler_to_quaternion__type_support.c.o[0m
[4.316s] [ 40%] [32mBuilding C object CMakeFiles/robot_msgs__rosidl_typesupport_introspection_c.dir/rosidl_typesupport_introspection_c/robot_msgs/srv/detail/quaternion_to_euler__type_support.c.o[0m
[4.382s] [ 43%] [32m[1mLinking C shared library librobot_msgs__rosidl_typesupport_introspection_c.so[0m
[4.399s] [ 47%] [32mBuilding CXX object CMakeFiles/robot_msgs__rosidl_typesupport_fastrtps_cpp.dir/rosidl_typesupport_fastrtps_cpp/robot_msgs/srv/detail/dds_fastrtps/quaternion_to_euler__type_support.cpp.o[0m
[4.399s] [ 47%] [32mBuilding CXX object CMakeFiles/robot_msgs__rosidl_typesupport_fastrtps_cpp.dir/rosidl_typesupport_fastrtps_cpp/robot_msgs/srv/detail/dds_fastrtps/euler_to_quaternion__type_support.cpp.o[0m
[4.416s] [ 47%] Built target robot_msgs__rosidl_typesupport_introspection_c
[4.442s] [ 50%] [32mBuilding CXX object CMakeFiles/robot_msgs__rosidl_typesupport_c.dir/rosidl_typesupport_c/robot_msgs/srv/quaternion_to_euler__type_support.cpp.o[0m
[4.444s] [ 52%] [32mBuilding CXX object CMakeFiles/robot_msgs__rosidl_typesupport_c.dir/rosidl_typesupport_c/robot_msgs/srv/euler_to_quaternion__type_support.cpp.o[0m
[4.451s] [ 54%] [32mBuilding CXX object CMakeFiles/robot_msgs__rosidl_typesupport_cpp.dir/rosidl_typesupport_cpp/robot_msgs/srv/quaternion_to_euler__type_support.cpp.o[0m
[4.452s] [ 56%] [32mBuilding CXX object CMakeFiles/robot_msgs__rosidl_typesupport_cpp.dir/rosidl_typesupport_cpp/robot_msgs/srv/euler_to_quaternion__type_support.cpp.o[0m
[4.520s] [ 59%] [32m[1mLinking CXX shared library librobot_msgs__rosidl_typesupport_c.so[0m
[4.533s] [ 63%] [32mBuilding CXX object CMakeFiles/robot_msgs__rosidl_typesupport_introspection_cpp.dir/rosidl_typesupport_introspection_cpp/robot_msgs/srv/detail/quaternion_to_euler__type_support.cpp.o[0m
[4.533s] [ 63%] [32mBuilding CXX object CMakeFiles/robot_msgs__rosidl_typesupport_introspection_cpp.dir/rosidl_typesupport_introspection_cpp/robot_msgs/srv/detail/euler_to_quaternion__type_support.cpp.o[0m
[4.578s] [ 63%] Built target robot_msgs__rosidl_typesupport_c
[4.727s] [ 65%] [32mBuilding CXX object CMakeFiles/robot_msgs__rosidl_typesupport_fastrtps_c.dir/rosidl_typesupport_fastrtps_c/robot_msgs/srv/detail/quaternion_to_euler__type_support_c.cpp.o[0m
[4.728s] [ 68%] [32mBuilding CXX object CMakeFiles/robot_msgs__rosidl_typesupport_fastrtps_c.dir/rosidl_typesupport_fastrtps_c/robot_msgs/srv/detail/euler_to_quaternion__type_support_c.cpp.o[0m
[5.011s] [ 70%] [32m[1mLinking CXX shared library librobot_msgs__rosidl_typesupport_cpp.so[0m
[5.119s] [ 70%] Built target robot_msgs__rosidl_typesupport_cpp
[5.127s] [ 72%] [32m[1mLinking CXX shared library librobot_msgs__rosidl_typesupport_introspection_cpp.so[0m
[5.200s] [ 72%] Built target robot_msgs__rosidl_typesupport_introspection_cpp
[5.290s] [ 75%] [32m[1mLinking CXX shared library librobot_msgs__rosidl_typesupport_fastrtps_cpp.so[0m
[5.363s] [ 75%] Built target robot_msgs__rosidl_typesupport_fastrtps_cpp
[5.374s] [ 77%] [32m[1mLinking CXX shared library librobot_msgs__rosidl_typesupport_fastrtps_c.so[0m
[5.419s] [ 77%] Built target robot_msgs__rosidl_typesupport_fastrtps_c
[5.439s] [ 77%] Built target robot_msgs
[5.459s] [ 79%] [34m[1mGenerating Python code for ROS interfaces[0m
[5.949s] [ 79%] Built target robot_msgs__py
[5.969s] [ 84%] [32mBuilding C object CMakeFiles/robot_msgs__rosidl_generator_py.dir/rosidl_generator_py/robot_msgs/srv/_euler_to_quaternion_s.c.o[0m
[5.969s] [ 84%] [32mBuilding C object CMakeFiles/robot_msgs__rosidl_generator_py.dir/rosidl_generator_py/robot_msgs/srv/_quaternion_to_euler_s.c.o[0m
[6.136s] [ 86%] [32m[1mLinking C shared library librobot_msgs__rosidl_generator_py.so[0m
[6.175s] [ 86%] Built target robot_msgs__rosidl_generator_py
[6.195s] [ 93%] [32mBuilding C object CMakeFiles/robot_msgs_s__rosidl_typesupport_fastrtps_c.dir/rosidl_generator_py/robot_msgs/_robot_msgs_s.ep.rosidl_typesupport_fastrtps_c.c.o[0m
[6.195s] [ 93%] [32mBuilding C object CMakeFiles/robot_msgs_s__rosidl_typesupport_c.dir/rosidl_generator_py/robot_msgs/_robot_msgs_s.ep.rosidl_typesupport_c.c.o[0m
[6.195s] [ 93%] [32mBuilding C object CMakeFiles/robot_msgs_s__rosidl_typesupport_introspection_c.dir/rosidl_generator_py/robot_msgs/_robot_msgs_s.ep.rosidl_typesupport_introspection_c.c.o[0m
[6.303s] [ 97%] [32m[1mLinking C shared module rosidl_generator_py/robot_msgs/robot_msgs_s__rosidl_typesupport_c.so[0m
[6.303s] [ 97%] [32m[1mLinking C shared module rosidl_generator_py/robot_msgs/robot_msgs_s__rosidl_typesupport_introspection_c.so[0m
[6.309s] [100%] [32m[1mLinking C shared module rosidl_generator_py/robot_msgs/robot_msgs_s__rosidl_typesupport_fastrtps_c.so[0m
[6.333s] [100%] Built target robot_msgs_s__rosidl_typesupport_c
[6.333s] [100%] Built target robot_msgs_s__rosidl_typesupport_introspection_c
[6.341s] [100%] Built target robot_msgs_s__rosidl_typesupport_fastrtps_c
[6.352s] Invoked command in '/home/kartik/robot_arm/build/robot_msgs' returned '0': CMAKE_PREFIX_PATH=${CMAKE_PREFIX_PATH}:/opt/ros/jazzy DEBUGINFOD_URLS=https://debuginfod.ubuntu.com /usr/bin/cmake --build /home/kartik/robot_arm/build/robot_msgs -- -j8 -l8
[6.353s] Invoking command in '/home/kartik/robot_arm/build/robot_msgs': CMAKE_PREFIX_PATH=${CMAKE_PREFIX_PATH}:/opt/ros/jazzy DEBUGINFOD_URLS=https://debuginfod.ubuntu.com /usr/bin/cmake --install /home/kartik/robot_arm/build/robot_msgs
[6.361s] -- Install configuration: ""
[6.361s] -- Installing: /home/kartik/robot_arm/install/robot_msgs/share/ament_index/resource_index/rosidl_interfaces/robot_msgs
[6.362s] -- Installing: /home/kartik/robot_arm/install/robot_msgs/share/robot_msgs/srv/EulerToQuaternion.json
[6.362s] -- Installing: /home/kartik/robot_arm/install/robot_msgs/share/robot_msgs/srv/QuaternionToEuler.json
[6.362s] -- Installing: /home/kartik/robot_arm/install/robot_msgs/include/robot_msgs/robot_msgs
[6.362s] -- Installing: /home/kartik/robot_arm/install/robot_msgs/include/robot_msgs/robot_msgs/msg
[6.362s] -- Installing: /home/kartik/robot_arm/install/robot_msgs/include/robot_msgs/robot_msgs/msg/rosidl_generator_c__visibility_control.h
[6.362s] -- Installing: /home/kartik/robot_arm/install/robot_msgs/include/robot_msgs/robot_msgs/srv
[6.362s] -- Installing: /home/kartik/robot_arm/install/robot_msgs/include/robot_msgs/robot_msgs/srv/detail
[6.363s] -- Installing: /home/kartik/robot_arm/install/robot_msgs/include/robot_msgs/robot_msgs/srv/detail/euler_to_quaternion__functions.h
[6.363s] -- Installing: /home/kartik/robot_arm/install/robot_msgs/include/robot_msgs/robot_msgs/srv/detail/euler_to_quaternion__struct.h
[6.363s] -- Installing: /home/kartik/robot_arm/install/robot_msgs/include/robot_msgs/robot_msgs/srv/detail/euler_to_quaternion__type_support.h
[6.363s] -- Installing: /home/kartik/robot_arm/install/robot_msgs/include/robot_msgs/robot_msgs/srv/detail/euler_to_quaternion__description.c
[6.363s] -- Installing: /home/kartik/robot_arm/install/robot_msgs/include/robot_msgs/robot_msgs/srv/detail/quaternion_to_euler__struct.h
[6.363s] -- Installing: /home/kartik/robot_arm/install/robot_msgs/include/robot_msgs/robot_msgs/srv/detail/quaternion_to_euler__description.c
[6.363s] -- Installing: /home/kartik/robot_arm/install/robot_msgs/include/robot_msgs/robot_msgs/srv/detail/quaternion_to_euler__type_support.h
[6.363s] -- Installing: /home/kartik/robot_arm/install/robot_msgs/include/robot_msgs/robot_msgs/srv/detail/euler_to_quaternion__functions.c
[6.364s] -- Installing: /home/kartik/robot_arm/install/robot_msgs/include/robot_msgs/robot_msgs/srv/detail/quaternion_to_euler__functions.c
[6.364s] -- Installing: /home/kartik/robot_arm/install/robot_msgs/include/robot_msgs/robot_msgs/srv/detail/quaternion_to_euler__functions.h
[6.364s] -- Installing: /home/kartik/robot_arm/install/robot_msgs/include/robot_msgs/robot_msgs/srv/detail/quaternion_to_euler__type_support.c
[6.364s] -- Installing: /home/kartik/robot_arm/install/robot_msgs/include/robot_msgs/robot_msgs/srv/detail/euler_to_quaternion__type_support.c
[6.364s] -- Installing: /home/kartik/robot_arm/install/robot_msgs/include/robot_msgs/robot_msgs/srv/euler_to_quaternion.h
[6.364s] -- Installing: /home/kartik/robot_arm/install/robot_msgs/include/robot_msgs/robot_msgs/srv/quaternion_to_euler.h
[6.364s] -- Installing: /home/kartik/robot_arm/install/robot_msgs/share/robot_msgs/environment/library_path.sh
[6.364s] -- Installing: /home/kartik/robot_arm/install/robot_msgs/share/robot_msgs/environment/library_path.dsv
[6.365s] -- Installing: /home/kartik/robot_arm/install/robot_msgs/lib/librobot_msgs__rosidl_generator_c.so
[6.365s] -- Set non-toolchain portion of runtime path of "/home/kartik/robot_arm/install/robot_msgs/lib/librobot_msgs__rosidl_generator_c.so" to ""
[6.365s] -- Up-to-date: /home/kartik/robot_arm/install/robot_msgs/include/robot_msgs/robot_msgs
[6.365s] -- Up-to-date: /home/kartik/robot_arm/install/robot_msgs/include/robot_msgs/robot_msgs/msg
[6.365s] -- Installing: /home/kartik/robot_arm/install/robot_msgs/include/robot_msgs/robot_msgs/msg/rosidl_typesupport_fastrtps_c__visibility_control.h
[6.365s] -- Up-to-date: /home/kartik/robot_arm/install/robot_msgs/include/robot_msgs/robot_msgs/srv
[6.365s] -- Up-to-date: /home/kartik/robot_arm/install/robot_msgs/include/robot_msgs/robot_msgs/srv/detail
[6.365s] -- Installing: /home/kartik/robot_arm/install/robot_msgs/include/robot_msgs/robot_msgs/srv/detail/quaternion_to_euler__rosidl_typesupport_fastrtps_c.h
[6.365s] -- Installing: /home/kartik/robot_arm/install/robot_msgs/include/robot_msgs/robot_msgs/srv/detail/euler_to_quaternion__rosidl_typesupport_fastrtps_c.h
[6.365s] -- Installing: /home/kartik/robot_arm/install/robot_msgs/lib/librobot_msgs__rosidl_typesupport_fastrtps_c.so
[6.365s] -- Set non-toolchain portion of runtime path of "/home/kartik/robot_arm/install/robot_msgs/lib/librobot_msgs__rosidl_typesupport_fastrtps_c.so" to ""
[6.366s] -- Up-to-date: /home/kartik/robot_arm/install/robot_msgs/include/robot_msgs/robot_msgs
[6.366s] -- Up-to-date: /home/kartik/robot_arm/install/robot_msgs/include/robot_msgs/robot_msgs/msg
[6.366s] -- Installing: /home/kartik/robot_arm/install/robot_msgs/include/robot_msgs/robot_msgs/msg/rosidl_generator_cpp__visibility_control.hpp
[6.366s] -- Up-to-date: /home/kartik/robot_arm/install/robot_msgs/include/robot_msgs/robot_msgs/srv
[6.366s] -- Installing: /home/kartik/robot_arm/install/robot_msgs/include/robot_msgs/robot_msgs/srv/quaternion_to_euler.hpp
[6.366s] -- Up-to-date: /home/kartik/robot_arm/install/robot_msgs/include/robot_msgs/robot_msgs/srv/detail
[6.366s] -- Installing: /home/kartik/robot_arm/install/robot_msgs/include/robot_msgs/robot_msgs/srv/detail/quaternion_to_euler__type_support.hpp
[6.367s] -- Installing: /home/kartik/robot_arm/install/robot_msgs/include/robot_msgs/robot_msgs/srv/detail/euler_to_quaternion__builder.hpp
[6.367s] -- Installing: /home/kartik/robot_arm/install/robot_msgs/include/robot_msgs/robot_msgs/srv/detail/euler_to_quaternion__struct.hpp
[6.367s] -- Installing: /home/kartik/robot_arm/install/robot_msgs/include/robot_msgs/robot_msgs/srv/detail/quaternion_to_euler__traits.hpp
[6.367s] -- Installing: /home/kartik/robot_arm/install/robot_msgs/include/robot_msgs/robot_msgs/srv/detail/euler_to_quaternion__traits.hpp
[6.367s] -- Installing: /home/kartik/robot_arm/install/robot_msgs/include/robot_msgs/robot_msgs/srv/detail/quaternion_to_euler__builder.hpp
[6.367s] -- Installing: /home/kartik/robot_arm/install/robot_msgs/include/robot_msgs/robot_msgs/srv/detail/euler_to_quaternion__type_support.hpp
[6.367s] -- Installing: /home/kartik/robot_arm/install/robot_msgs/include/robot_msgs/robot_msgs/srv/detail/quaternion_to_euler__struct.hpp
[6.367s] -- Installing: /home/kartik/robot_arm/install/robot_msgs/include/robot_msgs/robot_msgs/srv/euler_to_quaternion.hpp
[6.368s] -- Up-to-date: /home/kartik/robot_arm/install/robot_msgs/include/robot_msgs/robot_msgs
[6.368s] -- Up-to-date: /home/kartik/robot_arm/install/robot_msgs/include/robot_msgs/robot_msgs/msg
[6.368s] -- Installing: /home/kartik/robot_arm/install/robot_msgs/include/robot_msgs/robot_msgs/msg/rosidl_typesupport_fastrtps_cpp__visibility_control.h
[6.368s] -- Up-to-date: /home/kartik/robot_arm/install/robot_msgs/include/robot_msgs/robot_msgs/srv
[6.368s] -- Up-to-date: /home/kartik/robot_arm/install/robot_msgs/include/robot_msgs/robot_msgs/srv/detail
[6.368s] -- Installing: /home/kartik/robot_arm/install/robot_msgs/include/robot_msgs/robot_msgs/srv/detail/dds_fastrtps
[6.368s] -- Installing: /home/kartik/robot_arm/install/robot_msgs/include/robot_msgs/robot_msgs/srv/detail/quaternion_to_euler__rosidl_typesupport_fastrtps_cpp.hpp
[6.368s] -- Installing: /home/kartik/robot_arm/install/robot_msgs/include/robot_msgs/robot_msgs/srv/detail/euler_to_quaternion__rosidl_typesupport_fastrtps_cpp.hpp
[6.368s] -- Installing: /home/kartik/robot_arm/install/robot_msgs/lib/librobot_msgs__rosidl_typesupport_fastrtps_cpp.so
[6.369s] -- Set non-toolchain portion of runtime path of "/home/kartik/robot_arm/install/robot_msgs/lib/librobot_msgs__rosidl_typesupport_fastrtps_cpp.so" to ""
[6.369s] -- Up-to-date: /home/kartik/robot_arm/install/robot_msgs/include/robot_msgs/robot_msgs
[6.369s] -- Up-to-date: /home/kartik/robot_arm/install/robot_msgs/include/robot_msgs/robot_msgs/msg
[6.369s] -- Installing: /home/kartik/robot_arm/install/robot_msgs/include/robot_msgs/robot_msgs/msg/rosidl_typesupport_introspection_c__visibility_control.h
[6.369s] -- Up-to-date: /home/kartik/robot_arm/install/robot_msgs/include/robot_msgs/robot_msgs/srv
[6.369s] -- Up-to-date: /home/kartik/robot_arm/install/robot_msgs/include/robot_msgs/robot_msgs/srv/detail
[6.369s] -- Installing: /home/kartik/robot_arm/install/robot_msgs/include/robot_msgs/robot_msgs/srv/detail/quaternion_to_euler__rosidl_typesupport_introspection_c.h
[6.369s] -- Installing: /home/kartik/robot_arm/install/robot_msgs/include/robot_msgs/robot_msgs/srv/detail/euler_to_quaternion__rosidl_typesupport_introspection_c.h
[6.370s] -- Installing: /home/kartik/robot_arm/install/robot_msgs/include/robot_msgs/robot_msgs/srv/detail/quaternion_to_euler__type_support.c
[6.370s] -- Installing: /home/kartik/robot_arm/install/robot_msgs/include/robot_msgs/robot_msgs/srv/detail/euler_to_quaternion__type_support.c
[6.370s] -- Installing: /home/kartik/robot_arm/install/robot_msgs/lib/librobot_msgs__rosidl_typesupport_introspection_c.so
[6.370s] -- Set non-toolchain portion of runtime path of "/home/kartik/robot_arm/install/robot_msgs/lib/librobot_msgs__rosidl_typesupport_introspection_c.so" to ""
[6.370s] -- Installing: /home/kartik/robot_arm/install/robot_msgs/lib/librobot_msgs__rosidl_typesupport_c.so
[6.370s] -- Set non-toolchain portion of runtime path of "/home/kartik/robot_arm/install/robot_msgs/lib/librobot_msgs__rosidl_typesupport_c.so" to ""
[6.370s] -- Up-to-date: /home/kartik/robot_arm/install/robot_msgs/include/robot_msgs/robot_msgs
[6.370s] -- Up-to-date: /home/kartik/robot_arm/install/robot_msgs/include/robot_msgs/robot_msgs/srv
[6.370s] -- Up-to-date: /home/kartik/robot_arm/install/robot_msgs/include/robot_msgs/robot_msgs/srv/detail
[6.370s] -- Installing: /home/kartik/robot_arm/install/robot_msgs/include/robot_msgs/robot_msgs/srv/detail/quaternion_to_euler__rosidl_typesupport_introspection_cpp.hpp
[6.371s] -- Installing: /home/kartik/robot_arm/install/robot_msgs/include/robot_msgs/robot_msgs/srv/detail/euler_to_quaternion__type_support.cpp
[6.371s] -- Installing: /home/kartik/robot_arm/install/robot_msgs/include/robot_msgs/robot_msgs/srv/detail/euler_to_quaternion__rosidl_typesupport_introspection_cpp.hpp
[6.371s] -- Installing: /home/kartik/robot_arm/install/robot_msgs/include/robot_msgs/robot_msgs/srv/detail/quaternion_to_euler__type_support.cpp
[6.371s] -- Installing: /home/kartik/robot_arm/install/robot_msgs/lib/librobot_msgs__rosidl_typesupport_introspection_cpp.so
[6.371s] -- Set non-toolchain portion of runtime path of "/home/kartik/robot_arm/install/robot_msgs/lib/librobot_msgs__rosidl_typesupport_introspection_cpp.so" to ""
[6.371s] -- Installing: /home/kartik/robot_arm/install/robot_msgs/lib/librobot_msgs__rosidl_typesupport_cpp.so
[6.371s] -- Set non-toolchain portion of runtime path of "/home/kartik/robot_arm/install/robot_msgs/lib/librobot_msgs__rosidl_typesupport_cpp.so" to ""
[6.371s] -- Installing: /home/kartik/robot_arm/install/robot_msgs/share/robot_msgs/environment/pythonpath.sh
[6.372s] -- Installing: /home/kartik/robot_arm/install/robot_msgs/share/robot_msgs/environment/pythonpath.dsv
[6.372s] -- Installing: /home/kartik/robot_arm/install/robot_msgs/lib/python3.12/site-packages/robot_msgs-0.0.0-py3.12.egg-info
[6.372s] -- Installing: /home/kartik/robot_arm/install/robot_msgs/lib/python3.12/site-packages/robot_msgs-0.0.0-py3.12.egg-info/dependency_links.txt
[6.372s] -- Installing: /home/kartik/robot_arm/install/robot_msgs/lib/python3.12/site-packages/robot_msgs-0.0.0-py3.12.egg-info/PKG-INFO
[6.372s] -- Installing: /home/kartik/robot_arm/install/robot_msgs/lib/python3.12/site-packages/robot_msgs-0.0.0-py3.12.egg-info/top_level.txt
[6.372s] -- Installing: /home/kartik/robot_arm/install/robot_msgs/lib/python3.12/site-packages/robot_msgs-0.0.0-py3.12.egg-info/SOURCES.txt
[6.372s] -- Installing: /home/kartik/robot_arm/install/robot_msgs/lib/python3.12/site-packages/robot_msgs
[6.372s] -- Installing: /home/kartik/robot_arm/install/robot_msgs/lib/python3.12/site-packages/robot_msgs/__init__.py
[6.373s] -- Installing: /home/kartik/robot_arm/install/robot_msgs/lib/python3.12/site-packages/robot_msgs/robot_msgs_s__rosidl_typesupport_introspection_c.so
[6.373s] -- Installing: /home/kartik/robot_arm/install/robot_msgs/lib/python3.12/site-packages/robot_msgs/robot_msgs_s__rosidl_typesupport_c.so
[6.373s] -- Installing: /home/kartik/robot_arm/install/robot_msgs/lib/python3.12/site-packages/robot_msgs/srv
[6.373s] -- Installing: /home/kartik/robot_arm/install/robot_msgs/lib/python3.12/site-packages/robot_msgs/srv/__init__.py
[6.373s] -- Installing: /home/kartik/robot_arm/install/robot_msgs/lib/python3.12/site-packages/robot_msgs/srv/_quaternion_to_euler.py
[6.373s] -- Installing: /home/kartik/robot_arm/install/robot_msgs/lib/python3.12/site-packages/robot_msgs/srv/_euler_to_quaternion.py
[6.373s] -- Installing: /home/kartik/robot_arm/install/robot_msgs/lib/python3.12/site-packages/robot_msgs/srv/_quaternion_to_euler_s.c
[6.373s] -- Installing: /home/kartik/robot_arm/install/robot_msgs/lib/python3.12/site-packages/robot_msgs/srv/_euler_to_quaternion_s.c
[6.373s] -- Installing: /home/kartik/robot_arm/install/robot_msgs/lib/python3.12/site-packages/robot_msgs/_robot_msgs_s.ep.rosidl_typesupport_introspection_c.c
[6.373s] -- Installing: /home/kartik/robot_arm/install/robot_msgs/lib/python3.12/site-packages/robot_msgs/_robot_msgs_s.ep.rosidl_typesupport_fastrtps_c.c
[6.374s] -- Installing: /home/kartik/robot_arm/install/robot_msgs/lib/python3.12/site-packages/robot_msgs/_robot_msgs_s.ep.rosidl_typesupport_c.c
[6.374s] -- Installing: /home/kartik/robot_arm/install/robot_msgs/lib/python3.12/site-packages/robot_msgs/robot_msgs_s__rosidl_typesupport_fastrtps_c.so
[6.411s] Listing '/home/kartik/robot_arm/install/robot_msgs/lib/python3.12/site-packages/robot_msgs'...
[6.411s] Compiling '/home/kartik/robot_arm/install/robot_msgs/lib/python3.12/site-packages/robot_msgs/__init__.py'...
[6.411s] Listing '/home/kartik/robot_arm/install/robot_msgs/lib/python3.12/site-packages/robot_msgs/srv'...
[6.411s] Compiling '/home/kartik/robot_arm/install/robot_msgs/lib/python3.12/site-packages/robot_msgs/srv/__init__.py'...
[6.411s] Compiling '/home/kartik/robot_arm/install/robot_msgs/lib/python3.12/site-packages/robot_msgs/srv/_euler_to_quaternion.py'...
[6.411s] Compiling '/home/kartik/robot_arm/install/robot_msgs/lib/python3.12/site-packages/robot_msgs/srv/_quaternion_to_euler.py'...
[6.416s] -- Installing: /home/kartik/robot_arm/install/robot_msgs/lib/python3.12/site-packages/robot_msgs/robot_msgs_s__rosidl_typesupport_fastrtps_c.so
[6.416s] -- Set non-toolchain portion of runtime path of "/home/kartik/robot_arm/install/robot_msgs/lib/python3.12/site-packages/robot_msgs/robot_msgs_s__rosidl_typesupport_fastrtps_c.so" to ""
[6.416s] -- Installing: /home/kartik/robot_arm/install/robot_msgs/lib/python3.12/site-packages/robot_msgs/robot_msgs_s__rosidl_typesupport_introspection_c.so
[6.417s] -- Set non-toolchain portion of runtime path of "/home/kartik/robot_arm/install/robot_msgs/lib/python3.12/site-packages/robot_msgs/robot_msgs_s__rosidl_typesupport_introspection_c.so" to ""
[6.417s] -- Installing: /home/kartik/robot_arm/install/robot_msgs/lib/python3.12/site-packages/robot_msgs/robot_msgs_s__rosidl_typesupport_c.so
[6.417s] -- Set non-toolchain portion of runtime path of "/home/kartik/robot_arm/install/robot_msgs/lib/python3.12/site-packages/robot_msgs/robot_msgs_s__rosidl_typesupport_c.so" to ""
[6.418s] -- Installing: /home/kartik/robot_arm/install/robot_msgs/lib/librobot_msgs__rosidl_generator_py.so
[6.418s] -- Set non-toolchain portion of runtime path of "/home/kartik/robot_arm/install/robot_msgs/lib/librobot_msgs__rosidl_generator_py.so" to ""
[6.418s] -- Installing: /home/kartik/robot_arm/install/robot_msgs/share/robot_msgs/srv/EulerToQuaternion.idl
[6.418s] -- Installing: /home/kartik/robot_arm/install/robot_msgs/share/robot_msgs/srv/QuaternionToEuler.idl
[6.418s] -- Installing: /home/kartik/robot_arm/install/robot_msgs/share/robot_msgs/srv/EulerToQuaternion.srv
[6.419s] -- Installing: /home/kartik/robot_arm/install/robot_msgs/share/robot_msgs/srv/QuaternionToEuler.srv
[6.419s] -- Installing: /home/kartik/robot_arm/install/robot_msgs/share/ament_index/resource_index/package_run_dependencies/robot_msgs
[6.419s] -- Installing: /home/kartik/robot_arm/install/robot_msgs/share/ament_index/resource_index/parent_prefix_path/robot_msgs
[6.419s] -- Installing: /home/kartik/robot_arm/install/robot_msgs/share/robot_msgs/environment/ament_prefix_path.sh
[6.419s] -- Installing: /home/kartik/robot_arm/install/robot_msgs/share/robot_msgs/environment/ament_prefix_path.dsv
[6.419s] -- Installing: /home/kartik/robot_arm/install/robot_msgs/share/robot_msgs/environment/path.sh
[6.419s] -- Installing: /home/kartik/robot_arm/install/robot_msgs/share/robot_msgs/environment/path.dsv
[6.419s] -- Installing: /home/kartik/robot_arm/install/robot_msgs/share/robot_msgs/local_setup.bash
[6.420s] -- Installing: /home/kartik/robot_arm/install/robot_msgs/share/robot_msgs/local_setup.sh
[6.420s] -- Installing: /home/kartik/robot_arm/install/robot_msgs/share/robot_msgs/local_setup.zsh
[6.420s] -- Installing: /home/kartik/robot_arm/install/robot_msgs/share/robot_msgs/local_setup.dsv
[6.420s] -- Installing: /home/kartik/robot_arm/install/robot_msgs/share/robot_msgs/package.dsv
[6.420s] -- Installing: /home/kartik/robot_arm/install/robot_msgs/share/ament_index/resource_index/packages/robot_msgs
[6.420s] -- Installing: /home/kartik/robot_arm/install/robot_msgs/share/robot_msgs/cmake/export_robot_msgs__rosidl_generator_cExport.cmake
[6.420s] -- Installing: /home/kartik/robot_arm/install/robot_msgs/share/robot_msgs/cmake/export_robot_msgs__rosidl_generator_cExport-noconfig.cmake
[6.421s] -- Installing: /home/kartik/robot_arm/install/robot_msgs/share/robot_msgs/cmake/export_robot_msgs__rosidl_typesupport_fastrtps_cExport.cmake
[6.421s] -- Installing: /home/kartik/robot_arm/install/robot_msgs/share/robot_msgs/cmake/export_robot_msgs__rosidl_typesupport_fastrtps_cExport-noconfig.cmake
[6.421s] -- Installing: /home/kartik/robot_arm/install/robot_msgs/share/robot_msgs/cmake/export_robot_msgs__rosidl_generator_cppExport.cmake
[6.421s] -- Installing: /home/kartik/robot_arm/install/robot_msgs/share/robot_msgs/cmake/export_robot_msgs__rosidl_typesupport_fastrtps_cppExport.cmake
[6.421s] -- Installing: /home/kartik/robot_arm/install/robot_msgs/share/robot_msgs/cmake/export_robot_msgs__rosidl_typesupport_fastrtps_cppExport-noconfig.cmake
[6.421s] -- Installing: /home/kartik/robot_arm/install/robot_msgs/share/robot_msgs/cmake/robot_msgs__rosidl_typesupport_introspection_cExport.cmake
[6.422s] -- Installing: /home/kartik/robot_arm/install/robot_msgs/share/robot_msgs/cmake/robot_msgs__rosidl_typesupport_introspection_cExport-noconfig.cmake
[6.422s] -- Installing: /home/kartik/robot_arm/install/robot_msgs/share/robot_msgs/cmake/robot_msgs__rosidl_typesupport_cExport.cmake
[6.422s] -- Installing: /home/kartik/robot_arm/install/robot_msgs/share/robot_msgs/cmake/robot_msgs__rosidl_typesupport_cExport-noconfig.cmake
[6.422s] -- Installing: /home/kartik/robot_arm/install/robot_msgs/share/robot_msgs/cmake/robot_msgs__rosidl_typesupport_introspection_cppExport.cmake
[6.422s] -- Installing: /home/kartik/robot_arm/install/robot_msgs/share/robot_msgs/cmake/robot_msgs__rosidl_typesupport_introspection_cppExport-noconfig.cmake
[6.422s] -- Installing: /home/kartik/robot_arm/install/robot_msgs/share/robot_msgs/cmake/robot_msgs__rosidl_typesupport_cppExport.cmake
[6.422s] -- Installing: /home/kartik/robot_arm/install/robot_msgs/share/robot_msgs/cmake/robot_msgs__rosidl_typesupport_cppExport-noconfig.cmake
[6.422s] -- Installing: /home/kartik/robot_arm/install/robot_msgs/share/robot_msgs/cmake/export_robot_msgs__rosidl_generator_pyExport.cmake
[6.423s] -- Installing: /home/kartik/robot_arm/install/robot_msgs/share/robot_msgs/cmake/export_robot_msgs__rosidl_generator_pyExport-noconfig.cmake
[6.423s] -- Installing: /home/kartik/robot_arm/install/robot_msgs/share/robot_msgs/cmake/rosidl_cmake-extras.cmake
[6.423s] -- Installing: /home/kartik/robot_arm/install/robot_msgs/share/robot_msgs/cmake/ament_cmake_export_dependencies-extras.cmake
[6.423s] -- Installing: /home/kartik/robot_arm/install/robot_msgs/share/robot_msgs/cmake/ament_cmake_export_include_directories-extras.cmake
[6.423s] -- Installing: /home/kartik/robot_arm/install/robot_msgs/share/robot_msgs/cmake/ament_cmake_export_libraries-extras.cmake
[6.423s] -- Installing: /home/kartik/robot_arm/install/robot_msgs/share/robot_msgs/cmake/ament_cmake_export_targets-extras.cmake
[6.423s] -- Installing: /home/kartik/robot_arm/install/robot_msgs/share/robot_msgs/cmake/rosidl_cmake_export_typesupport_targets-extras.cmake
[6.424s] -- Installing: /home/kartik/robot_arm/install/robot_msgs/share/robot_msgs/cmake/rosidl_cmake_export_typesupport_libraries-extras.cmake
[6.424s] -- Installing: /home/kartik/robot_arm/install/robot_msgs/share/robot_msgs/cmake/robot_msgsConfig.cmake
[6.424s] -- Installing: /home/kartik/robot_arm/install/robot_msgs/share/robot_msgs/cmake/robot_msgsConfig-version.cmake
[6.424s] -- Installing: /home/kartik/robot_arm/install/robot_msgs/share/robot_msgs/package.xml
[6.427s] Invoked command in '/home/kartik/robot_arm/build/robot_msgs' returned '0': CMAKE_PREFIX_PATH=${CMAKE_PREFIX_PATH}:/opt/ros/jazzy DEBUGINFOD_URLS=https://debuginfod.ubuntu.com /usr/bin/cmake --install /home/kartik/robot_arm/build/robot_msgs
