[0.026s] Invoking command in '/home/kartik/robot_arm/build/robot_bringup': CMAKE_PREFIX_PATH=${CMAKE_PREFIX_PATH}:/opt/ros/jazzy DEBUGINFOD_URLS=https://debuginfod.ubuntu.com /usr/bin/cmake --build /home/kartik/robot_arm/build/robot_bringup -- -j8 -l8
[0.075s] Invoked command in '/home/kartik/robot_arm/build/robot_bringup' returned '0': CMAKE_PREFIX_PATH=${CMAKE_PREFIX_PATH}:/opt/ros/jazzy DEBUGINFOD_URLS=https://debuginfod.ubuntu.com /usr/bin/cmake --build /home/kartik/robot_arm/build/robot_bringup -- -j8 -l8
[0.085s] Invoking command in '/home/kartik/robot_arm/build/robot_bringup': CMAKE_PREFIX_PATH=${CMAKE_PREFIX_PATH}:/opt/ros/jazzy DEBUGINFOD_URLS=https://debuginfod.ubuntu.com /usr/bin/cmake --install /home/kartik/robot_arm/build/robot_bringup
[0.122s] -- Install configuration: ""
[0.122s] -- Up-to-date: /home/kartik/robot_arm/install/robot_bringup/share/robot_bringup/launch
[0.122s] -- Up-to-date: /home/kartik/robot_arm/install/robot_bringup/share/robot_bringup/launch/physical_robot.launch.py
[0.122s] -- Up-to-date: /home/kartik/robot_arm/install/robot_bringup/share/robot_bringup/launch/simulated_robot.launch.py
[0.123s] -- Up-to-date: /home/kartik/robot_arm/install/robot_bringup/share/ament_index/resource_index/package_run_dependencies/robot_bringup
[0.123s] -- Up-to-date: /home/kartik/robot_arm/install/robot_bringup/share/ament_index/resource_index/parent_prefix_path/robot_bringup
[0.123s] -- Up-to-date: /home/kartik/robot_arm/install/robot_bringup/share/robot_bringup/environment/ament_prefix_path.sh
[0.123s] -- Up-to-date: /home/kartik/robot_arm/install/robot_bringup/share/robot_bringup/environment/ament_prefix_path.dsv
[0.123s] -- Up-to-date: /home/kartik/robot_arm/install/robot_bringup/share/robot_bringup/environment/path.sh
[0.124s] -- Up-to-date: /home/kartik/robot_arm/install/robot_bringup/share/robot_bringup/environment/path.dsv
[0.127s] -- Up-to-date: /home/kartik/robot_arm/install/robot_bringup/share/robot_bringup/local_setup.bash
[0.128s] -- Up-to-date: /home/kartik/robot_arm/install/robot_bringup/share/robot_bringup/local_setup.sh
[0.128s] -- Up-to-date: /home/kartik/robot_arm/install/robot_bringup/share/robot_bringup/local_setup.zsh
[0.128s] -- Up-to-date: /home/kartik/robot_arm/install/robot_bringup/share/robot_bringup/local_setup.dsv
[0.128s] -- Installing: /home/kartik/robot_arm/install/robot_bringup/share/robot_bringup/package.dsv
[0.128s] -- Up-to-date: /home/kartik/robot_arm/install/robot_bringup/share/ament_index/resource_index/packages/robot_bringup
[0.128s] -- Up-to-date: /home/kartik/robot_arm/install/robot_bringup/share/robot_bringup/cmake/robot_bringupConfig.cmake
[0.128s] -- Up-to-date: /home/kartik/robot_arm/install/robot_bringup/share/robot_bringup/cmake/robot_bringupConfig-version.cmake
[0.129s] -- Up-to-date: /home/kartik/robot_arm/install/robot_bringup/share/robot_bringup/package.xml
[0.154s] Invoked command in '/home/kartik/robot_arm/build/robot_bringup' returned '0': CMAKE_PREFIX_PATH=${CMAKE_PREFIX_PATH}:/opt/ros/jazzy DEBUGINFOD_URLS=https://debuginfod.ubuntu.com /usr/bin/cmake --install /home/kartik/robot_arm/build/robot_bringup
