[0.007s] Invoking command in '/home/kartik/robot_arm/build/robot_controller': CMAKE_PREFIX_PATH=${CMAKE_PREFIX_PATH}:/opt/ros/jazzy DEBUGINFOD_URLS=https://debuginfod.ubuntu.com /usr/bin/cmake /home/kartik/robot_arm/src/robot_controller -DCMAKE_INSTALL_PREFIX=/home/kartik/robot_arm/install/robot_controller
[0.083s] -- The C compiler identification is GNU 13.3.0
[0.148s] -- The CXX compiler identification is GNU 13.3.0
[0.156s] -- Detecting C compiler ABI info
[0.196s] -- Detecting C compiler ABI info - done
[0.201s] -- Check for working C compiler: /usr/bin/cc - skipped
[0.203s] -- Detecting C compile features
[0.203s] -- Detecting C compile features - done
[0.206s] -- Detecting CXX compiler ABI info
[0.251s] -- Detecting CXX compiler ABI info - done
[0.256s] -- Check for working CXX compiler: /usr/bin/c++ - skipped
[0.256s] -- Detecting CXX compile features
[0.256s] -- Detecting CXX compile features - done
[0.265s] -- Found ament_cmake: 2.5.3 (/opt/ros/jazzy/share/ament_cmake/cmake)
[0.334s] -- Found Python3: /usr/bin/python3 (found version "3.12.3") found components: Interpreter 
[0.390s] -- Found ament_lint_auto: 0.17.1 (/opt/ros/jazzy/share/ament_lint_auto/cmake)
[0.444s] -- Added test 'lint_cmake' to check CMake code style
[0.444s] -- Added test 'xmllint' to check XML markup files
[0.445s] -- Configuring done (0.4s)
[0.447s] -- Generating done (0.0s)
[0.447s] -- Build files have been written to: /home/kartik/robot_arm/build/robot_controller
[0.450s] Invoked command in '/home/kartik/robot_arm/build/robot_controller' returned '0': CMAKE_PREFIX_PATH=${CMAKE_PREFIX_PATH}:/opt/ros/jazzy DEBUGINFOD_URLS=https://debuginfod.ubuntu.com /usr/bin/cmake /home/kartik/robot_arm/src/robot_controller -DCMAKE_INSTALL_PREFIX=/home/kartik/robot_arm/install/robot_controller
[0.450s] Invoking command in '/home/kartik/robot_arm/build/robot_controller': CMAKE_PREFIX_PATH=${CMAKE_PREFIX_PATH}:/opt/ros/jazzy DEBUGINFOD_URLS=https://debuginfod.ubuntu.com /usr/bin/cmake --build /home/kartik/robot_arm/build/robot_controller -- -j5 -l5
[0.466s] Invoked command in '/home/kartik/robot_arm/build/robot_controller' returned '0': CMAKE_PREFIX_PATH=${CMAKE_PREFIX_PATH}:/opt/ros/jazzy DEBUGINFOD_URLS=https://debuginfod.ubuntu.com /usr/bin/cmake --build /home/kartik/robot_arm/build/robot_controller -- -j5 -l5
[0.467s] Invoking command in '/home/kartik/robot_arm/build/robot_controller': CMAKE_PREFIX_PATH=${CMAKE_PREFIX_PATH}:/opt/ros/jazzy DEBUGINFOD_URLS=https://debuginfod.ubuntu.com /usr/bin/cmake --install /home/kartik/robot_arm/build/robot_controller
[0.470s] -- Install configuration: ""
[0.470s] -- Installing: /home/kartik/robot_arm/install/robot_controller/share/ament_index/resource_index/package_run_dependencies/robot_controller
[0.470s] -- Installing: /home/kartik/robot_arm/install/robot_controller/share/ament_index/resource_index/parent_prefix_path/robot_controller
[0.470s] -- Installing: /home/kartik/robot_arm/install/robot_controller/share/robot_controller/environment/ament_prefix_path.sh
[0.470s] -- Installing: /home/kartik/robot_arm/install/robot_controller/share/robot_controller/environment/ament_prefix_path.dsv
[0.470s] -- Installing: /home/kartik/robot_arm/install/robot_controller/share/robot_controller/environment/path.sh
[0.471s] -- Installing: /home/kartik/robot_arm/install/robot_controller/share/robot_controller/environment/path.dsv
[0.471s] -- Installing: /home/kartik/robot_arm/install/robot_controller/share/robot_controller/local_setup.bash
[0.471s] -- Installing: /home/kartik/robot_arm/install/robot_controller/share/robot_controller/local_setup.sh
[0.471s] -- Installing: /home/kartik/robot_arm/install/robot_controller/share/robot_controller/local_setup.zsh
[0.471s] -- Installing: /home/kartik/robot_arm/install/robot_controller/share/robot_controller/local_setup.dsv
[0.471s] -- Installing: /home/kartik/robot_arm/install/robot_controller/share/robot_controller/package.dsv
[0.471s] -- Installing: /home/kartik/robot_arm/install/robot_controller/share/ament_index/resource_index/packages/robot_controller
[0.471s] -- Installing: /home/kartik/robot_arm/install/robot_controller/share/robot_controller/cmake/robot_controllerConfig.cmake
[0.471s] -- Installing: /home/kartik/robot_arm/install/robot_controller/share/robot_controller/cmake/robot_controllerConfig-version.cmake
[0.471s] -- Installing: /home/kartik/robot_arm/install/robot_controller/share/robot_controller/package.xml
[0.472s] Invoked command in '/home/kartik/robot_arm/build/robot_controller' returned '0': CMAKE_PREFIX_PATH=${CMAKE_PREFIX_PATH}:/opt/ros/jazzy DEBUGINFOD_URLS=https://debuginfod.ubuntu.com /usr/bin/cmake --install /home/kartik/robot_arm/build/robot_controller
