[0.017s] Invoking command in '/home/kartik/robot_arm/build/robot_moveit': CMAKE_PREFIX_PATH=${CMAKE_PREFIX_PATH}:/opt/ros/jazzy DEBUGINFOD_URLS=https://debuginfod.ubuntu.com /usr/bin/cmake /home/kartik/robot_arm/src/robot_moveit -DCMAKE_INSTALL_PREFIX=/home/kartik/robot_arm/install/robot_moveit
[0.088s] -- The C compiler identification is GNU 13.3.0
[0.150s] -- The CXX compiler identification is GNU 13.3.0
[0.168s] -- Detecting C compiler ABI info
[0.271s] -- Detecting C compiler ABI info - done
[0.290s] -- Check for working C compiler: /usr/bin/cc - skipped
[0.290s] -- Detecting C compile features
[0.291s] -- Detecting C compile features - done
[0.302s] -- Detecting CXX compiler ABI info
[0.446s] -- Detecting CXX compiler ABI info - done
[0.472s] -- Check for working CXX compiler: /usr/bin/c++ - skipped
[0.472s] -- Detecting CXX compile features
[0.473s] -- Detecting CXX compile features - done
[0.478s] -- Found ament_cmake: 2.5.4 (/opt/ros/jazzy/share/ament_cmake/cmake)
[0.674s] -- Found Python3: /usr/bin/python3 (found version "3.12.3") found components: Interpreter 
[0.849s] -- Found ament_lint_auto: 0.17.3 (/opt/ros/jazzy/share/ament_lint_auto/cmake)
[0.998s] -- Added test 'flake8' to check Python code syntax and style conventions
[0.998s] -- Configured 'flake8' exclude dirs and/or files: 
[1.000s] -- Added test 'lint_cmake' to check CMake code style
[1.001s] -- Added test 'pep257' to check Python code against some of the docstring style conventions in PEP 257
[1.004s] -- Added test 'xmllint' to check XML markup files
[1.006s] -- Configuring done (1.0s)
[1.011s] -- Generating done (0.0s)
[1.012s] -- Build files have been written to: /home/kartik/robot_arm/build/robot_moveit
[1.019s] Invoked command in '/home/kartik/robot_arm/build/robot_moveit' returned '0': CMAKE_PREFIX_PATH=${CMAKE_PREFIX_PATH}:/opt/ros/jazzy DEBUGINFOD_URLS=https://debuginfod.ubuntu.com /usr/bin/cmake /home/kartik/robot_arm/src/robot_moveit -DCMAKE_INSTALL_PREFIX=/home/kartik/robot_arm/install/robot_moveit
[1.020s] Invoking command in '/home/kartik/robot_arm/build/robot_moveit': CMAKE_PREFIX_PATH=${CMAKE_PREFIX_PATH}:/opt/ros/jazzy DEBUGINFOD_URLS=https://debuginfod.ubuntu.com /usr/bin/cmake --build /home/kartik/robot_arm/build/robot_moveit -- -j8 -l8
[1.063s] Invoked command in '/home/kartik/robot_arm/build/robot_moveit' returned '0': CMAKE_PREFIX_PATH=${CMAKE_PREFIX_PATH}:/opt/ros/jazzy DEBUGINFOD_URLS=https://debuginfod.ubuntu.com /usr/bin/cmake --build /home/kartik/robot_arm/build/robot_moveit -- -j8 -l8
[1.066s] Invoking command in '/home/kartik/robot_arm/build/robot_moveit': CMAKE_PREFIX_PATH=${CMAKE_PREFIX_PATH}:/opt/ros/jazzy DEBUGINFOD_URLS=https://debuginfod.ubuntu.com /usr/bin/cmake --install /home/kartik/robot_arm/build/robot_moveit
[1.073s] -- Install configuration: ""
[1.073s] -- Installing: /home/kartik/robot_arm/install/robot_moveit/share/robot_moveit/launch
[1.073s] -- Installing: /home/kartik/robot_arm/install/robot_moveit/share/robot_moveit/launch/ur5_moveit.launch.py
[1.074s] -- Installing: /home/kartik/robot_arm/install/robot_moveit/share/robot_moveit/launch/so101_moveit.launch.py
[1.074s] -- Installing: /home/kartik/robot_arm/install/robot_moveit/share/robot_moveit/ur5_config
[1.074s] -- Installing: /home/kartik/robot_arm/install/robot_moveit/share/robot_moveit/ur5_config/initial_positions.yaml
[1.074s] -- Installing: /home/kartik/robot_arm/install/robot_moveit/share/robot_moveit/ur5_config/pilz_cartesian_limits.yaml
[1.074s] -- Installing: /home/kartik/robot_arm/install/robot_moveit/share/robot_moveit/ur5_config/joint_limits.yaml
[1.074s] -- Installing: /home/kartik/robot_arm/install/robot_moveit/share/robot_moveit/ur5_config/ur5.srdf
[1.075s] -- Installing: /home/kartik/robot_arm/install/robot_moveit/share/robot_moveit/ur5_config/moveit_controllers.yaml
[1.075s] -- Installing: /home/kartik/robot_arm/install/robot_moveit/share/robot_moveit/ur5_config/kinematics.yaml
[1.075s] -- Installing: /home/kartik/robot_arm/install/robot_moveit/share/robot_moveit/so101_config
[1.075s] -- Installing: /home/kartik/robot_arm/install/robot_moveit/share/robot_moveit/so101_config/initial_positions.yaml
[1.075s] -- Installing: /home/kartik/robot_arm/install/robot_moveit/share/robot_moveit/so101_config/pilz_cartesian_limits.yaml
[1.075s] -- Installing: /home/kartik/robot_arm/install/robot_moveit/share/robot_moveit/so101_config/joint_limits.yaml
[1.075s] -- Installing: /home/kartik/robot_arm/install/robot_moveit/share/robot_moveit/so101_config/moveit_controllers.yaml
[1.075s] -- Installing: /home/kartik/robot_arm/install/robot_moveit/share/robot_moveit/so101_config/kinematics.yaml
[1.076s] -- Installing: /home/kartik/robot_arm/install/robot_moveit/share/robot_moveit/so101_config/so101.srdf
[1.076s] -- Installing: /home/kartik/robot_arm/install/robot_moveit/share/ament_index/resource_index/package_run_dependencies/robot_moveit
[1.076s] -- Installing: /home/kartik/robot_arm/install/robot_moveit/share/ament_index/resource_index/parent_prefix_path/robot_moveit
[1.076s] -- Installing: /home/kartik/robot_arm/install/robot_moveit/share/robot_moveit/environment/ament_prefix_path.sh
[1.076s] -- Installing: /home/kartik/robot_arm/install/robot_moveit/share/robot_moveit/environment/ament_prefix_path.dsv
[1.076s] -- Installing: /home/kartik/robot_arm/install/robot_moveit/share/robot_moveit/environment/path.sh
[1.076s] -- Installing: /home/kartik/robot_arm/install/robot_moveit/share/robot_moveit/environment/path.dsv
[1.076s] -- Installing: /home/kartik/robot_arm/install/robot_moveit/share/robot_moveit/local_setup.bash
[1.077s] -- Installing: /home/kartik/robot_arm/install/robot_moveit/share/robot_moveit/local_setup.sh
[1.077s] -- Installing: /home/kartik/robot_arm/install/robot_moveit/share/robot_moveit/local_setup.zsh
[1.077s] -- Installing: /home/kartik/robot_arm/install/robot_moveit/share/robot_moveit/local_setup.dsv
[1.077s] -- Installing: /home/kartik/robot_arm/install/robot_moveit/share/robot_moveit/package.dsv
[1.077s] -- Installing: /home/kartik/robot_arm/install/robot_moveit/share/ament_index/resource_index/packages/robot_moveit
[1.077s] -- Installing: /home/kartik/robot_arm/install/robot_moveit/share/robot_moveit/cmake/robot_moveitConfig.cmake
[1.078s] -- Installing: /home/kartik/robot_arm/install/robot_moveit/share/robot_moveit/cmake/robot_moveitConfig-version.cmake
[1.078s] -- Installing: /home/kartik/robot_arm/install/robot_moveit/share/robot_moveit/package.xml
[1.080s] Invoked command in '/home/kartik/robot_arm/build/robot_moveit' returned '0': CMAKE_PREFIX_PATH=${CMAKE_PREFIX_PATH}:/opt/ros/jazzy DEBUGINFOD_URLS=https://debuginfod.ubuntu.com /usr/bin/cmake --install /home/kartik/robot_arm/build/robot_moveit
