[0.018s] Invoking command in '/home/kartik/robot_arm/build/so101_firmware': CMAKE_PREFIX_PATH=${CMAKE_PREFIX_PATH}:/opt/ros/jazzy DEBUGINFOD_URLS=https://debuginfod.ubuntu.com /usr/bin/cmake /home/kartik/robot_arm/src/so101_firmware -DCMAKE_INSTALL_PREFIX=/home/kartik/robot_arm/install/so101_firmware
[0.104s] -- The C compiler identification is GNU 13.3.0
[0.169s] -- The CXX compiler identification is GNU 13.3.0
[0.189s] -- Detecting C compiler ABI info
[0.297s] -- Detecting C compiler ABI info - done
[0.313s] -- Check for working C compiler: /usr/bin/cc - skipped
[0.313s] -- Detecting C compile features
[0.314s] -- Detecting C compile features - done
[0.324s] -- Detecting CXX compiler ABI info
[0.416s] -- Detecting CXX compiler ABI info - done
[0.434s] -- Check for working CXX compiler: /usr/bin/c++ - skipped
[0.434s] -- Detecting CXX compile features
[0.435s] -- Detecting CXX compile features - done
[0.441s] -- Found ament_cmake: 2.5.4 (/opt/ros/jazzy/share/ament_cmake/cmake)
[0.616s] -- Found Python3: /usr/bin/python3 (found version "3.12.3") found components: Interpreter 
[0.737s] -- Found ament_lint_auto: 0.17.3 (/opt/ros/jazzy/share/ament_lint_auto/cmake)
[0.844s] -- Added test 'lint_cmake' to check CMake code style
[0.845s] -- Added test 'xmllint' to check XML markup files
[0.847s] -- Configuring done (0.8s)
[0.850s] -- Generating done (0.0s)
[0.851s] -- Build files have been written to: /home/kartik/robot_arm/build/so101_firmware
[0.856s] Invoked command in '/home/kartik/robot_arm/build/so101_firmware' returned '0': CMAKE_PREFIX_PATH=${CMAKE_PREFIX_PATH}:/opt/ros/jazzy DEBUGINFOD_URLS=https://debuginfod.ubuntu.com /usr/bin/cmake /home/kartik/robot_arm/src/so101_firmware -DCMAKE_INSTALL_PREFIX=/home/kartik/robot_arm/install/so101_firmware
[0.857s] Invoking command in '/home/kartik/robot_arm/build/so101_firmware': CMAKE_PREFIX_PATH=${CMAKE_PREFIX_PATH}:/opt/ros/jazzy DEBUGINFOD_URLS=https://debuginfod.ubuntu.com /usr/bin/cmake --build /home/kartik/robot_arm/build/so101_firmware -- -j8 -l8
[0.895s] Invoked command in '/home/kartik/robot_arm/build/so101_firmware' returned '0': CMAKE_PREFIX_PATH=${CMAKE_PREFIX_PATH}:/opt/ros/jazzy DEBUGINFOD_URLS=https://debuginfod.ubuntu.com /usr/bin/cmake --build /home/kartik/robot_arm/build/so101_firmware -- -j8 -l8
[0.896s] Invoking command in '/home/kartik/robot_arm/build/so101_firmware': CMAKE_PREFIX_PATH=${CMAKE_PREFIX_PATH}:/opt/ros/jazzy DEBUGINFOD_URLS=https://debuginfod.ubuntu.com /usr/bin/cmake --install /home/kartik/robot_arm/build/so101_firmware
[0.904s] -- Install configuration: ""
[0.904s] -- Installing: /home/kartik/robot_arm/install/so101_firmware/share/ament_index/resource_index/package_run_dependencies/so101_firmware
[0.904s] -- Installing: /home/kartik/robot_arm/install/so101_firmware/share/ament_index/resource_index/parent_prefix_path/so101_firmware
[0.904s] -- Installing: /home/kartik/robot_arm/install/so101_firmware/share/so101_firmware/environment/ament_prefix_path.sh
[0.904s] -- Installing: /home/kartik/robot_arm/install/so101_firmware/share/so101_firmware/environment/ament_prefix_path.dsv
[0.905s] -- Installing: /home/kartik/robot_arm/install/so101_firmware/share/so101_firmware/environment/path.sh
[0.905s] -- Installing: /home/kartik/robot_arm/install/so101_firmware/share/so101_firmware/environment/path.dsv
[0.905s] -- Installing: /home/kartik/robot_arm/install/so101_firmware/share/so101_firmware/local_setup.bash
[0.905s] -- Installing: /home/kartik/robot_arm/install/so101_firmware/share/so101_firmware/local_setup.sh
[0.905s] -- Installing: /home/kartik/robot_arm/install/so101_firmware/share/so101_firmware/local_setup.zsh
[0.905s] -- Installing: /home/kartik/robot_arm/install/so101_firmware/share/so101_firmware/local_setup.dsv
[0.905s] -- Installing: /home/kartik/robot_arm/install/so101_firmware/share/so101_firmware/package.dsv
[0.905s] -- Installing: /home/kartik/robot_arm/install/so101_firmware/share/ament_index/resource_index/packages/so101_firmware
[0.906s] -- Installing: /home/kartik/robot_arm/install/so101_firmware/share/so101_firmware/cmake/so101_firmwareConfig.cmake
[0.906s] -- Installing: /home/kartik/robot_arm/install/so101_firmware/share/so101_firmware/cmake/so101_firmwareConfig-version.cmake
[0.906s] -- Installing: /home/kartik/robot_arm/install/so101_firmware/share/so101_firmware/package.xml
[0.908s] Invoked command in '/home/kartik/robot_arm/build/so101_firmware' returned '0': CMAKE_PREFIX_PATH=${CMAKE_PREFIX_PATH}:/opt/ros/jazzy DEBUGINFOD_URLS=https://debuginfod.ubuntu.com /usr/bin/cmake --install /home/kartik/robot_arm/build/so101_firmware
