[0.008s] Invoking command in '/home/kartik/robot_arm/build/robot_description': CMAKE_PREFIX_PATH=${CMAKE_PREFIX_PATH}:/opt/ros/jazzy DEBUGINFOD_URLS=https://debuginfod.ubuntu.com /usr/bin/cmake --build /home/kartik/robot_arm/build/robot_description -- -j5 -l5
[0.026s] -- Found ament_cmake: 2.5.3 (/opt/ros/jazzy/share/ament_cmake/cmake)
[0.141s] -- Found xacro: 2.0.13 (/opt/ros/jazzy/share/xacro/cmake)
[0.141s] -- Found ament_lint_auto: 0.17.1 (/opt/ros/jazzy/share/ament_lint_auto/cmake)
[0.198s] -- Added test 'lint_cmake' to check CMake code style
[0.199s] -- Added test 'xmllint' to check XML markup files
[0.199s] -- Configuring done (0.2s)
[0.204s] -- Generating done (0.0s)
[0.204s] -- Build files have been written to: /home/kartik/robot_arm/build/robot_description
[0.213s] Invoked command in '/home/kartik/robot_arm/build/robot_description' returned '0': CMAKE_PREFIX_PATH=${CMAKE_PREFIX_PATH}:/opt/ros/jazzy DEBUGINFOD_URLS=https://debuginfod.ubuntu.com /usr/bin/cmake --build /home/kartik/robot_arm/build/robot_description -- -j5 -l5
[0.217s] Invoking command in '/home/kartik/robot_arm/build/robot_description': CMAKE_PREFIX_PATH=${CMAKE_PREFIX_PATH}:/opt/ros/jazzy DEBUGINFOD_URLS=https://debuginfod.ubuntu.com /usr/bin/cmake --install /home/kartik/robot_arm/build/robot_description
[0.221s] -- Install configuration: ""
[0.221s] -- Installing: /home/kartik/robot_arm/install/robot_description/share/robot_description/urdf
[0.221s] -- Installing: /home/kartik/robot_arm/install/robot_description/share/robot_description/urdf/ur5.transmission.xacro
[0.221s] -- Installing: /home/kartik/robot_arm/install/robot_description/share/robot_description/urdf/ur5.gazebo.xacro
[0.221s] -- Installing: /home/kartik/robot_arm/install/robot_description/share/robot_description/urdf/ur5.urdf.xacro
[0.221s] -- Installing: /home/kartik/robot_arm/install/robot_description/share/robot_description/meshes
[0.221s] -- Installing: /home/kartik/robot_arm/install/robot_description/share/robot_description/meshes/ur5
[0.221s] -- Installing: /home/kartik/robot_arm/install/robot_description/share/robot_description/meshes/ur5/visual
[0.221s] -- Installing: /home/kartik/robot_arm/install/robot_description/share/robot_description/meshes/ur5/visual/Base.dae
[0.221s] -- Installing: /home/kartik/robot_arm/install/robot_description/share/robot_description/meshes/ur5/visual/Wrist3.dae
[0.221s] -- Installing: /home/kartik/robot_arm/install/robot_description/share/robot_description/meshes/ur5/visual/Shoulder.dae
[0.222s] -- Installing: /home/kartik/robot_arm/install/robot_description/share/robot_description/meshes/ur5/visual/Forearm.dae
[0.223s] -- Installing: /home/kartik/robot_arm/install/robot_description/share/robot_description/meshes/ur5/visual/Wrist1.dae
[0.224s] -- Installing: /home/kartik/robot_arm/install/robot_description/share/robot_description/meshes/ur5/visual/UpperArm.dae
[0.226s] -- Installing: /home/kartik/robot_arm/install/robot_description/share/robot_description/meshes/ur5/visual/Wrist2.dae
[0.226s] -- Installing: /home/kartik/robot_arm/install/robot_description/share/robot_description/meshes/ur5/collision
[0.226s] -- Installing: /home/kartik/robot_arm/install/robot_description/share/robot_description/meshes/ur5/collision/upper_arm.stl
[0.227s] -- Installing: /home/kartik/robot_arm/install/robot_description/share/robot_description/meshes/ur5/collision/forearm.stl
[0.227s] -- Installing: /home/kartik/robot_arm/install/robot_description/share/robot_description/meshes/ur5/collision/base.stl
[0.227s] -- Installing: /home/kartik/robot_arm/install/robot_description/share/robot_description/meshes/ur5/collision/wrist_3.stl
[0.227s] -- Installing: /home/kartik/robot_arm/install/robot_description/share/robot_description/meshes/ur5/collision/shoulder.stl
[0.227s] -- Installing: /home/kartik/robot_arm/install/robot_description/share/robot_description/meshes/ur5/collision/wrist_1.stl
[0.227s] -- Installing: /home/kartik/robot_arm/install/robot_description/share/robot_description/meshes/ur5/collision/wrist_2.stl
[0.227s] -- Installing: /home/kartik/robot_arm/install/robot_description/share/ament_index/resource_index/package_run_dependencies/robot_description
[0.228s] -- Up-to-date: /home/kartik/robot_arm/install/robot_description/share/ament_index/resource_index/parent_prefix_path/robot_description
[0.228s] -- Up-to-date: /home/kartik/robot_arm/install/robot_description/share/robot_description/environment/ament_prefix_path.sh
[0.228s] -- Up-to-date: /home/kartik/robot_arm/install/robot_description/share/robot_description/environment/ament_prefix_path.dsv
[0.228s] -- Up-to-date: /home/kartik/robot_arm/install/robot_description/share/robot_description/environment/path.sh
[0.228s] -- Up-to-date: /home/kartik/robot_arm/install/robot_description/share/robot_description/environment/path.dsv
[0.228s] -- Up-to-date: /home/kartik/robot_arm/install/robot_description/share/robot_description/local_setup.bash
[0.228s] -- Up-to-date: /home/kartik/robot_arm/install/robot_description/share/robot_description/local_setup.sh
[0.228s] -- Up-to-date: /home/kartik/robot_arm/install/robot_description/share/robot_description/local_setup.zsh
[0.228s] -- Up-to-date: /home/kartik/robot_arm/install/robot_description/share/robot_description/local_setup.dsv
[0.228s] -- Up-to-date: /home/kartik/robot_arm/install/robot_description/share/robot_description/package.dsv
[0.228s] -- Up-to-date: /home/kartik/robot_arm/install/robot_description/share/ament_index/resource_index/packages/robot_description
[0.228s] -- Up-to-date: /home/kartik/robot_arm/install/robot_description/share/robot_description/cmake/robot_descriptionConfig.cmake
[0.228s] -- Up-to-date: /home/kartik/robot_arm/install/robot_description/share/robot_description/cmake/robot_descriptionConfig-version.cmake
[0.228s] -- Installing: /home/kartik/robot_arm/install/robot_description/share/robot_description/package.xml
[0.229s] Invoked command in '/home/kartik/robot_arm/build/robot_description' returned '0': CMAKE_PREFIX_PATH=${CMAKE_PREFIX_PATH}:/opt/ros/jazzy DEBUGINFOD_URLS=https://debuginfod.ubuntu.com /usr/bin/cmake --install /home/kartik/robot_arm/build/robot_description
